[2024-06-20T05:51:21.946+0000] {local_task_job_runner.py:120} INFO - ::group::Pre task execution logs
[2024-06-20T05:51:21.999+0000] {taskinstance.py:2076} INFO - Dependencies all met for dep_context=non-requeueable deps ti=<TaskInstance: dbt_dag.raw_shippers.run manual__2024-06-20T05:50:26.087571+00:00 [queued]>
[2024-06-20T05:51:22.025+0000] {taskinstance.py:2076} INFO - Dependencies all met for dep_context=requeueable deps ti=<TaskInstance: dbt_dag.raw_shippers.run manual__2024-06-20T05:50:26.087571+00:00 [queued]>
[2024-06-20T05:51:22.026+0000] {taskinstance.py:2306} INFO - Starting attempt 1 of 1
[2024-06-20T05:51:22.064+0000] {taskinstance.py:2330} INFO - Executing <Task(DbtRunLocalOperator): raw_shippers.run> on 2024-06-20 05:50:26.087571+00:00
[2024-06-20T05:51:22.078+0000] {logging_mixin.py:188} WARNING - /home/airflow/.local/lib/python3.12/site-packages/airflow/task/task_runner/standard_task_runner.py:61 DeprecationWarning: This process (pid=400) is multi-threaded, use of fork() may lead to deadlocks in the child.
[2024-06-20T05:51:22.080+0000] {standard_task_runner.py:63} INFO - Started process 446 to run task
[2024-06-20T05:51:22.076+0000] {standard_task_runner.py:90} INFO - Running: ['airflow', 'tasks', 'run', 'dbt_dag', 'raw_shippers.run', 'manual__2024-06-20T05:50:26.087571+00:00', '--job-id', '45', '--raw', '--subdir', 'DAGS_FOLDER/dbt-dag.py', '--cfg-path', '/tmp/tmpggsibcqf']
[2024-06-20T05:51:22.086+0000] {standard_task_runner.py:91} INFO - Job 45: Subtask raw_shippers.run
[2024-06-20T05:51:22.128+0000] {logging_mixin.py:188} WARNING - /home/airflow/.local/lib/python3.12/site-packages/airflow/settings.py:195 DeprecationWarning: The sql_alchemy_conn option in [core] has been moved to the sql_alchemy_conn option in [database] - the old setting has been used, but please update your config.
[2024-06-20T05:51:22.223+0000] {task_command.py:426} INFO - Running <TaskInstance: dbt_dag.raw_shippers.run manual__2024-06-20T05:50:26.087571+00:00 [running]> on host airflow-scheduler
[2024-06-20T05:51:22.452+0000] {taskinstance.py:2648} INFO - Exporting env vars: AIRFLOW_CTX_DAG_OWNER='airflow' AIRFLOW_CTX_DAG_ID='dbt_dag' AIRFLOW_CTX_TASK_ID='raw_shippers.run' AIRFLOW_CTX_EXECUTION_DATE='2024-06-20T05:50:26.087571+00:00' AIRFLOW_CTX_TRY_NUMBER='1' AIRFLOW_CTX_DAG_RUN_ID='manual__2024-06-20T05:50:26.087571+00:00'
[2024-06-20T05:51:22.456+0000] {taskinstance.py:430} INFO - ::endgroup::
[2024-06-20T05:51:22.522+0000] {local.py:174} INFO - Could not import dbtRunner. Falling back to subprocess for invoking dbt.
[2024-06-20T05:51:22.525+0000] {local.py:292} INFO - Cloning project to writable temp directory /tmp/tmp4de47k_4 from /opt/airflow/dags/dbt/dbt_project
[2024-06-20T05:51:22.538+0000] {local.py:303} INFO - Partial parse is enabled and the latest partial parse file is /tmp/cosmos/dbt_dag/target/partial_parse.msgpack
[2024-06-20T05:51:22.590+0000] {taskinstance.py:441} INFO - ::group::Post task execution logs
[2024-06-20T05:51:22.613+0000] {taskinstance.py:2905} ERROR - Task failed with exception
Traceback (most recent call last):
  File "/home/airflow/.local/lib/python3.12/site-packages/airflow/models/taskinstance.py", line 465, in _execute_task
    result = _execute_callable(context=context, **execute_callable_kwargs)
             ^^^^^^^^^^^^^^^^^^^^^^^^^^^^^^^^^^^^^^^^^^^^^^^^^^^^^^^^^^^^^
  File "/home/airflow/.local/lib/python3.12/site-packages/airflow/models/taskinstance.py", line 432, in _execute_callable
    return execute_callable(context=context, **execute_callable_kwargs)
           ^^^^^^^^^^^^^^^^^^^^^^^^^^^^^^^^^^^^^^^^^^^^^^^^^^^^^^^^^^^^
  File "/home/airflow/.local/lib/python3.12/site-packages/airflow/models/baseoperator.py", line 401, in wrapper
    return func(self, *args, **kwargs)
           ^^^^^^^^^^^^^^^^^^^^^^^^^^^
  File "/home/airflow/.local/lib/python3.12/site-packages/cosmos/operators/base.py", line 264, in execute
    self.build_and_run_cmd(context=context, cmd_flags=self.add_cmd_flags())
  File "/home/airflow/.local/lib/python3.12/site-packages/cosmos/operators/local.py", line 489, in build_and_run_cmd
    result = self.run_command(cmd=dbt_cmd, env=env, context=context)
             ^^^^^^^^^^^^^^^^^^^^^^^^^^^^^^^^^^^^^^^^^^^^^^^^^^^^^^^
  File "/home/airflow/.local/lib/python3.12/site-packages/cosmos/operators/local.py", line 307, in run_command
    with self.profile_config.ensure_profile() as profile_values:
  File "/usr/local/lib/python3.12/contextlib.py", line 137, in __enter__
    return next(self.gen)
           ^^^^^^^^^^^^^^
  File "/home/airflow/.local/lib/python3.12/site-packages/cosmos/config.py", line 270, in ensure_profile
    profile_contents = self.profile_mapping.get_profile_file_contents(
                       ^^^^^^^^^^^^^^^^^^^^^^^^^^^^^^^^^^^^^^^^^^^^^^^
  File "/home/airflow/.local/lib/python3.12/site-packages/cosmos/profiles/base.py", line 224, in get_profile_file_contents
    profile_vars = self.profile
                   ^^^^^^^^^^^^
  File "/home/airflow/.local/lib/python3.12/site-packages/cosmos/profiles/snowflake/user_pass.py", line 77, in profile
    **self.mapped_params,
      ^^^^^^^^^^^^^^^^^^
  File "/home/airflow/.local/lib/python3.12/site-packages/cosmos/profiles/base.py", line 299, in mapped_params
    mapped_params[dbt_field] = self.get_dbt_value(dbt_field)
                               ^^^^^^^^^^^^^^^^^^^^^^^^^^^^^
  File "/home/airflow/.local/lib/python3.12/site-packages/cosmos/profiles/base.py", line 276, in get_dbt_value
    value = self._get_airflow_conn_field(airflow_field)
            ^^^^^^^^^^^^^^^^^^^^^^^^^^^^^^^^^^^^^^^^^^^
  File "/home/airflow/.local/lib/python3.12/site-packages/cosmos/profiles/base.py", line 249, in _get_airflow_conn_field
    value = self.conn.extra_dejson.get(airflow_field)
            ^^^^^^^^^
  File "/home/airflow/.local/lib/python3.12/site-packages/cosmos/profiles/snowflake/user_pass.py", line 62, in conn
    conn = super().conn
           ^^^^^^^^^^^^
  File "/home/airflow/.local/lib/python3.12/site-packages/cosmos/profiles/base.py", line 127, in conn
    conn = BaseHook.get_connection(self.conn_id)
           ^^^^^^^^^^^^^^^^^^^^^^^^^^^^^^^^^^^^^
  File "/home/airflow/.local/lib/python3.12/site-packages/airflow/hooks/base.py", line 83, in get_connection
    conn = Connection.get_connection_from_secrets(conn_id)
           ^^^^^^^^^^^^^^^^^^^^^^^^^^^^^^^^^^^^^^^^^^^^^^^
  File "/home/airflow/.local/lib/python3.12/site-packages/airflow/models/connection.py", line 519, in get_connection_from_secrets
    raise AirflowNotFoundException(f"The conn_id `{conn_id}` isn't defined")
airflow.exceptions.AirflowNotFoundException: The conn_id `snow_conn` isn't defined
[2024-06-20T05:51:22.621+0000] {taskinstance.py:1206} INFO - Marking task as FAILED. dag_id=dbt_dag, task_id=raw_shippers.run, run_id=manual__2024-06-20T05:50:26.087571+00:00, execution_date=20240620T055026, start_date=20240620T055122, end_date=20240620T055122
[2024-06-20T05:51:22.639+0000] {standard_task_runner.py:110} ERROR - Failed to execute job 45 for task raw_shippers.run (The conn_id `snow_conn` isn't defined; 446)
[2024-06-20T05:51:22.659+0000] {local_task_job_runner.py:240} INFO - Task exited with return code 1
[2024-06-20T05:51:22.677+0000] {local_task_job_runner.py:222} INFO - ::endgroup::
