[2024-06-17T14:46:53.688+0000] {local_task_job_runner.py:120} INFO - ::group::Pre task execution logs
[2024-06-17T14:46:53.774+0000] {taskinstance.py:2076} INFO - Dependencies all met for dep_context=non-requeueable deps ti=<TaskInstance: ELT-PROJECT.load_process.load_territories manual__2024-06-17T14:46:35.249847+00:00 [queued]>
[2024-06-17T14:46:53.813+0000] {taskinstance.py:2076} INFO - Dependencies all met for dep_context=requeueable deps ti=<TaskInstance: ELT-PROJECT.load_process.load_territories manual__2024-06-17T14:46:35.249847+00:00 [queued]>
[2024-06-17T14:46:53.815+0000] {taskinstance.py:2306} INFO - Starting attempt 1 of 2
[2024-06-17T14:46:53.874+0000] {taskinstance.py:2330} INFO - Executing <Task(_PythonDecoratedOperator): load_process.load_territories> on 2024-06-17 14:46:35.249847+00:00
[2024-06-17T14:46:53.895+0000] {logging_mixin.py:188} WARNING - /home/airflow/.local/lib/python3.12/site-packages/airflow/task/task_runner/standard_task_runner.py:61 DeprecationWarning: This process (pid=248) is multi-threaded, use of fork() may lead to deadlocks in the child.
[2024-06-17T14:46:53.898+0000] {standard_task_runner.py:63} INFO - Started process 274 to run task
[2024-06-17T14:46:53.898+0000] {standard_task_runner.py:90} INFO - Running: ['airflow', 'tasks', 'run', 'ELT-PROJECT', 'load_process.load_territories', 'manual__2024-06-17T14:46:35.249847+00:00', '--job-id', '458', '--raw', '--subdir', 'DAGS_FOLDER/elt.py', '--cfg-path', '/tmp/tmp2z8bzh6o']
[2024-06-17T14:46:53.907+0000] {standard_task_runner.py:91} INFO - Job 458: Subtask load_process.load_territories
[2024-06-17T14:46:53.975+0000] {logging_mixin.py:188} WARNING - /home/airflow/.local/lib/python3.12/site-packages/airflow/settings.py:195 DeprecationWarning: The sql_alchemy_conn option in [core] has been moved to the sql_alchemy_conn option in [database] - the old setting has been used, but please update your config.
[2024-06-17T14:46:54.170+0000] {task_command.py:426} INFO - Running <TaskInstance: ELT-PROJECT.load_process.load_territories manual__2024-06-17T14:46:35.249847+00:00 [running]> on host airflow-scheduler
[2024-06-17T14:46:54.965+0000] {taskinstance.py:2648} INFO - Exporting env vars: AIRFLOW_CTX_DAG_OWNER='Data-Ninja' AIRFLOW_CTX_DAG_ID='ELT-PROJECT' AIRFLOW_CTX_TASK_ID='load_process.load_territories' AIRFLOW_CTX_EXECUTION_DATE='2024-06-17T14:46:35.249847+00:00' AIRFLOW_CTX_TRY_NUMBER='1' AIRFLOW_CTX_DAG_RUN_ID='manual__2024-06-17T14:46:35.249847+00:00'
[2024-06-17T14:46:54.980+0000] {taskinstance.py:430} INFO - ::endgroup::
[2024-06-17T14:46:55.000+0000] {connection.py:399} INFO - Snowflake Connector for Python Version: 3.10.1, Python Version: 3.12.4, Platform: Linux-5.15.133.1-microsoft-standard-WSL2-x86_64-with-glibc2.36
[2024-06-17T14:46:55.006+0000] {connection.py:1249} INFO - THIS CONNECTION IS IN INSECURE MODE. IT MEANS THE CERTIFICATE WILL BE VALIDATED BUT THE CERTIFICATE REVOCATION STATUS WILL NOT BE CHECKED.
[2024-06-17T14:46:55.834+0000] {ssl_wrap_socket.py:100} INFO - THIS CONNECTION IS IN INSECURE MODE. IT MEANS THE CERTIFICATE WILL BE VALIDATED BUT THE CERTIFICATE REVOCATION STATUS WILL NOT BE CHECKED.
[2024-06-17T14:46:58.930+0000] {logging_mixin.py:188} INFO - Nama kolom di DataFrame: Index(['territoryID', 'territoryDescription', 'regionID'], dtype='object')
[2024-06-17T14:46:59.355+0000] {cursor.py:1149} INFO - Number of results in first chunk: 1
[2024-06-17T14:47:00.274+0000] {ssl_wrap_socket.py:100} INFO - THIS CONNECTION IS IN INSECURE MODE. IT MEANS THE CERTIFICATE WILL BE VALIDATED BUT THE CERTIFICATE REVOCATION STATUS WILL NOT BE CHECKED.
[2024-06-17T14:47:04.436+0000] {cursor.py:1149} INFO - Number of results in first chunk: 1
[2024-06-17T14:47:05.114+0000] {cursor.py:1149} INFO - Number of results in first chunk: 3
[2024-06-17T14:47:05.482+0000] {cursor.py:1149} INFO - Number of results in first chunk: 1
[2024-06-17T14:47:06.140+0000] {cursor.py:1149} INFO - Number of results in first chunk: 1
[2024-06-17T14:47:07.613+0000] {cursor.py:1149} INFO - Number of results in first chunk: 1
[2024-06-17T14:47:07.614+0000] {logging_mixin.py:188} INFO - Done territories.
[2024-06-17T14:47:07.615+0000] {connection.py:762} INFO - closed
[2024-06-17T14:47:07.959+0000] {connection.py:768} INFO - No async queries seem to be running, deleting session
[2024-06-17T14:47:08.314+0000] {python.py:237} INFO - Done. Returned value was: None
[2024-06-17T14:47:08.319+0000] {taskinstance.py:441} INFO - ::group::Post task execution logs
[2024-06-17T14:47:08.392+0000] {taskinstance.py:1206} INFO - Marking task as SUCCESS. dag_id=ELT-PROJECT, task_id=load_process.load_territories, run_id=manual__2024-06-17T14:46:35.249847+00:00, execution_date=20240617T144635, start_date=20240617T144653, end_date=20240617T144708
[2024-06-17T14:47:08.514+0000] {local_task_job_runner.py:240} INFO - Task exited with return code 0
[2024-06-17T14:47:08.590+0000] {taskinstance.py:3503} INFO - 0 downstream tasks scheduled from follow-on schedule check
[2024-06-17T14:47:08.597+0000] {local_task_job_runner.py:222} INFO - ::endgroup::
