[2024-06-20T06:45:51.657+0000] {local_task_job_runner.py:120} INFO - ::group::Pre task execution logs
[2024-06-20T06:45:51.808+0000] {taskinstance.py:2076} INFO - Dependencies all met for dep_context=non-requeueable deps ti=<TaskInstance: ELT-PROJECT.extract.extract_regions manual__2024-06-20T06:45:39.980199+00:00 [queued]>
[2024-06-20T06:45:51.847+0000] {taskinstance.py:2076} INFO - Dependencies all met for dep_context=requeueable deps ti=<TaskInstance: ELT-PROJECT.extract.extract_regions manual__2024-06-20T06:45:39.980199+00:00 [queued]>
[2024-06-20T06:45:51.857+0000] {taskinstance.py:2306} INFO - Starting attempt 1 of 2
[2024-06-20T06:45:51.950+0000] {taskinstance.py:2330} INFO - Executing <Task(_PythonDecoratedOperator): extract.extract_regions> on 2024-06-20 06:45:39.980199+00:00
[2024-06-20T06:45:52.006+0000] {standard_task_runner.py:90} INFO - Running: ['airflow', 'tasks', 'run', 'ELT-PROJECT', 'extract.extract_regions', 'manual__2024-06-20T06:45:39.980199+00:00', '--job-id', '55', '--raw', '--subdir', 'DAGS_FOLDER/elt.py', '--cfg-path', '/tmp/tmpqn8kkkzo']
[2024-06-20T06:45:52.031+0000] {standard_task_runner.py:91} INFO - Job 55: Subtask extract.extract_regions
[2024-06-20T06:45:52.045+0000] {logging_mixin.py:188} WARNING - /home/airflow/.local/lib/python3.12/site-packages/airflow/task/task_runner/standard_task_runner.py:61 DeprecationWarning: This process (pid=1301) is multi-threaded, use of fork() may lead to deadlocks in the child.
[2024-06-20T06:45:52.050+0000] {standard_task_runner.py:63} INFO - Started process 1323 to run task
[2024-06-20T06:45:52.140+0000] {logging_mixin.py:188} WARNING - /home/airflow/.local/lib/python3.12/site-packages/airflow/settings.py:195 DeprecationWarning: The sql_alchemy_conn option in [core] has been moved to the sql_alchemy_conn option in [database] - the old setting has been used, but please update your config.
[2024-06-20T06:45:52.368+0000] {task_command.py:426} INFO - Running <TaskInstance: ELT-PROJECT.extract.extract_regions manual__2024-06-20T06:45:39.980199+00:00 [running]> on host airflow-scheduler
[2024-06-20T06:45:52.888+0000] {taskinstance.py:2648} INFO - Exporting env vars: AIRFLOW_CTX_DAG_OWNER='Data-Ninja' AIRFLOW_CTX_DAG_ID='ELT-PROJECT' AIRFLOW_CTX_TASK_ID='extract.extract_regions' AIRFLOW_CTX_EXECUTION_DATE='2024-06-20T06:45:39.980199+00:00' AIRFLOW_CTX_TRY_NUMBER='1' AIRFLOW_CTX_DAG_RUN_ID='manual__2024-06-20T06:45:39.980199+00:00'
[2024-06-20T06:45:52.893+0000] {taskinstance.py:430} INFO - ::endgroup::
[2024-06-20T06:45:53.414+0000] {python.py:237} INFO - Done. Returned value was:    regionID regionDescription
0         1           Eastern
1         2           Western
2         3          Northern
3         4          Southern
[2024-06-20T06:45:53.434+0000] {taskinstance.py:441} INFO - ::group::Post task execution logs
[2024-06-20T06:45:53.633+0000] {taskinstance.py:1206} INFO - Marking task as SUCCESS. dag_id=ELT-PROJECT, task_id=extract.extract_regions, run_id=manual__2024-06-20T06:45:39.980199+00:00, execution_date=20240620T064539, start_date=20240620T064551, end_date=20240620T064553
[2024-06-20T06:45:53.711+0000] {local_task_job_runner.py:240} INFO - Task exited with return code 0
[2024-06-20T06:45:53.766+0000] {local_task_job_runner.py:222} INFO - ::endgroup::
