[2024-06-17T12:49:55.042+0000] {local_task_job_runner.py:120} INFO - ::group::Pre task execution logs
[2024-06-17T12:49:55.239+0000] {taskinstance.py:2076} INFO - Dependencies all met for dep_context=non-requeueable deps ti=<TaskInstance: ELT-PROJECT.extract_process.extract_regions manual__2024-06-17T12:49:44.803481+00:00 [queued]>
[2024-06-17T12:49:55.325+0000] {taskinstance.py:2076} INFO - Dependencies all met for dep_context=requeueable deps ti=<TaskInstance: ELT-PROJECT.extract_process.extract_regions manual__2024-06-17T12:49:44.803481+00:00 [queued]>
[2024-06-17T12:49:55.328+0000] {taskinstance.py:2306} INFO - Starting attempt 1 of 2
[2024-06-17T12:49:55.443+0000] {taskinstance.py:2330} INFO - Executing <Task(_PythonDecoratedOperator): extract_process.extract_regions> on 2024-06-17 12:49:44.803481+00:00
[2024-06-17T12:49:55.461+0000] {logging_mixin.py:188} WARNING - /home/airflow/.local/lib/python3.12/site-packages/airflow/task/task_runner/standard_task_runner.py:61 DeprecationWarning: This process (pid=3829) is multi-threaded, use of fork() may lead to deadlocks in the child.
[2024-06-17T12:49:55.465+0000] {standard_task_runner.py:63} INFO - Started process 3857 to run task
[2024-06-17T12:49:55.469+0000] {standard_task_runner.py:90} INFO - Running: ['airflow', 'tasks', 'run', 'ELT-PROJECT', 'extract_process.extract_regions', 'manual__2024-06-17T12:49:44.803481+00:00', '--job-id', '380', '--raw', '--subdir', 'DAGS_FOLDER/elt.py', '--cfg-path', '/tmp/tmphq9r9qen']
[2024-06-17T12:49:55.533+0000] {standard_task_runner.py:91} INFO - Job 380: Subtask extract_process.extract_regions
[2024-06-17T12:49:55.685+0000] {logging_mixin.py:188} WARNING - /home/airflow/.local/lib/python3.12/site-packages/airflow/settings.py:195 DeprecationWarning: The sql_alchemy_conn option in [core] has been moved to the sql_alchemy_conn option in [database] - the old setting has been used, but please update your config.
[2024-06-17T12:49:55.987+0000] {task_command.py:426} INFO - Running <TaskInstance: ELT-PROJECT.extract_process.extract_regions manual__2024-06-17T12:49:44.803481+00:00 [running]> on host airflow-scheduler
[2024-06-17T12:49:57.049+0000] {taskinstance.py:2648} INFO - Exporting env vars: AIRFLOW_CTX_DAG_OWNER='Data-Ninja' AIRFLOW_CTX_DAG_ID='ELT-PROJECT' AIRFLOW_CTX_TASK_ID='extract_process.extract_regions' AIRFLOW_CTX_EXECUTION_DATE='2024-06-17T12:49:44.803481+00:00' AIRFLOW_CTX_TRY_NUMBER='1' AIRFLOW_CTX_DAG_RUN_ID='manual__2024-06-17T12:49:44.803481+00:00'
[2024-06-17T12:49:57.079+0000] {taskinstance.py:430} INFO - ::endgroup::
[2024-06-17T12:49:57.097+0000] {logging_mixin.py:188} INFO - Extracting from: https://raw.githubusercontent.com/graphql-compose/graphql-compose-examples/master/examples/northwind/data/csv/regions.csv
[2024-06-17T12:49:57.572+0000] {python.py:237} INFO - Done. Returned value was:    regionID regionDescription
0         1           Eastern
1         2           Western
2         3          Northern
3         4          Southern
[2024-06-17T12:49:57.638+0000] {taskinstance.py:441} INFO - ::group::Post task execution logs
[2024-06-17T12:49:57.925+0000] {taskinstance.py:1206} INFO - Marking task as SUCCESS. dag_id=ELT-PROJECT, task_id=extract_process.extract_regions, run_id=manual__2024-06-17T12:49:44.803481+00:00, execution_date=20240617T124944, start_date=20240617T124955, end_date=20240617T124957
[2024-06-17T12:49:58.012+0000] {local_task_job_runner.py:240} INFO - Task exited with return code 0
[2024-06-17T12:49:58.076+0000] {local_task_job_runner.py:222} INFO - ::endgroup::
