[2024-06-20T08:59:56.413+0000] {local_task_job_runner.py:120} INFO - ::group::Pre task execution logs
[2024-06-20T08:59:56.446+0000] {taskinstance.py:2076} INFO - Dependencies all met for dep_context=non-requeueable deps ti=<TaskInstance: ELT-PROJECT.wait_until_all_connections_closed manual__2024-06-20T08:59:25.665849+00:00 [queued]>
[2024-06-20T08:59:56.461+0000] {taskinstance.py:2076} INFO - Dependencies all met for dep_context=requeueable deps ti=<TaskInstance: ELT-PROJECT.wait_until_all_connections_closed manual__2024-06-20T08:59:25.665849+00:00 [queued]>
[2024-06-20T08:59:56.462+0000] {taskinstance.py:2306} INFO - Starting attempt 1 of 2
[2024-06-20T08:59:56.484+0000] {taskinstance.py:2330} INFO - Executing <Task(TimeDeltaSensor): wait_until_all_connections_closed> on 2024-06-20 08:59:25.665849+00:00
[2024-06-20T08:59:56.500+0000] {logging_mixin.py:188} WARNING - /home/airflow/.local/lib/python3.12/site-packages/airflow/task/task_runner/standard_task_runner.py:61 DeprecationWarning: This process (pid=4417) is multi-threaded, use of fork() may lead to deadlocks in the child.
[2024-06-20T08:59:56.502+0000] {standard_task_runner.py:63} INFO - Started process 4419 to run task
[2024-06-20T08:59:56.499+0000] {standard_task_runner.py:90} INFO - Running: ['airflow', 'tasks', 'run', 'ELT-PROJECT', 'wait_until_all_connections_closed', 'manual__2024-06-20T08:59:25.665849+00:00', '--job-id', '294', '--raw', '--subdir', 'DAGS_FOLDER/elt.py', '--cfg-path', '/tmp/tmpsq79a8vo']
[2024-06-20T08:59:56.504+0000] {standard_task_runner.py:91} INFO - Job 294: Subtask wait_until_all_connections_closed
[2024-06-20T08:59:56.529+0000] {logging_mixin.py:188} WARNING - /home/airflow/.local/lib/python3.12/site-packages/airflow/settings.py:195 DeprecationWarning: The sql_alchemy_conn option in [core] has been moved to the sql_alchemy_conn option in [database] - the old setting has been used, but please update your config.
[2024-06-20T08:59:56.653+0000] {task_command.py:426} INFO - Running <TaskInstance: ELT-PROJECT.wait_until_all_connections_closed manual__2024-06-20T08:59:25.665849+00:00 [running]> on host airflow-scheduler
[2024-06-20T08:59:57.060+0000] {taskinstance.py:2648} INFO - Exporting env vars: AIRFLOW_CTX_DAG_OWNER='Data-Ninja' AIRFLOW_CTX_DAG_ID='ELT-PROJECT' AIRFLOW_CTX_TASK_ID='wait_until_all_connections_closed' AIRFLOW_CTX_EXECUTION_DATE='2024-06-20T08:59:25.665849+00:00' AIRFLOW_CTX_TRY_NUMBER='1' AIRFLOW_CTX_DAG_RUN_ID='manual__2024-06-20T08:59:25.665849+00:00'
[2024-06-20T08:59:57.062+0000] {taskinstance.py:430} INFO - ::endgroup::
[2024-06-20T08:59:57.063+0000] {time_delta.py:51} INFO - Checking if the time (2024-06-20 08:59:35.665849+00:00) has come
[2024-06-20T08:59:57.065+0000] {base.py:294} INFO - Success criteria met. Exiting.
[2024-06-20T08:59:57.065+0000] {taskinstance.py:441} INFO - ::group::Post task execution logs
[2024-06-20T08:59:57.088+0000] {taskinstance.py:1206} INFO - Marking task as SUCCESS. dag_id=ELT-PROJECT, task_id=wait_until_all_connections_closed, run_id=manual__2024-06-20T08:59:25.665849+00:00, execution_date=20240620T085925, start_date=20240620T085956, end_date=20240620T085957
[2024-06-20T08:59:57.120+0000] {local_task_job_runner.py:240} INFO - Task exited with return code 0
[2024-06-20T08:59:57.227+0000] {taskinstance.py:3503} INFO - 11 downstream tasks scheduled from follow-on schedule check
[2024-06-20T08:59:57.231+0000] {local_task_job_runner.py:222} INFO - ::endgroup::
