[2024-06-20T08:41:19.513+0000] {local_task_job_runner.py:120} INFO - ::group::Pre task execution logs
[2024-06-20T08:41:19.753+0000] {taskinstance.py:2076} INFO - Dependencies all met for dep_context=non-requeueable deps ti=<TaskInstance: ELT-PROJECT.extract.extract_suppliers manual__2024-06-20T08:41:09.652767+00:00 [queued]>
[2024-06-20T08:41:19.868+0000] {taskinstance.py:2076} INFO - Dependencies all met for dep_context=requeueable deps ti=<TaskInstance: ELT-PROJECT.extract.extract_suppliers manual__2024-06-20T08:41:09.652767+00:00 [queued]>
[2024-06-20T08:41:19.870+0000] {taskinstance.py:2306} INFO - Starting attempt 1 of 2
[2024-06-20T08:41:20.134+0000] {taskinstance.py:2330} INFO - Executing <Task(_PythonDecoratedOperator): extract.extract_suppliers> on 2024-06-20 08:41:09.652767+00:00
[2024-06-20T08:41:20.254+0000] {logging_mixin.py:188} WARNING - /home/airflow/.local/lib/python3.12/site-packages/airflow/task/task_runner/standard_task_runner.py:61 DeprecationWarning: This process (pid=3181) is multi-threaded, use of fork() may lead to deadlocks in the child.
[2024-06-20T08:41:20.288+0000] {standard_task_runner.py:63} INFO - Started process 3200 to run task
[2024-06-20T08:41:20.299+0000] {standard_task_runner.py:90} INFO - Running: ['airflow', 'tasks', 'run', 'ELT-PROJECT', 'extract.extract_suppliers', 'manual__2024-06-20T08:41:09.652767+00:00', '--job-id', '219', '--raw', '--subdir', 'DAGS_FOLDER/elt.py', '--cfg-path', '/tmp/tmpjctorffb']
[2024-06-20T08:41:20.337+0000] {standard_task_runner.py:91} INFO - Job 219: Subtask extract.extract_suppliers
[2024-06-20T08:41:20.521+0000] {logging_mixin.py:188} WARNING - /home/airflow/.local/lib/python3.12/site-packages/airflow/settings.py:195 DeprecationWarning: The sql_alchemy_conn option in [core] has been moved to the sql_alchemy_conn option in [database] - the old setting has been used, but please update your config.
[2024-06-20T08:41:21.028+0000] {task_command.py:426} INFO - Running <TaskInstance: ELT-PROJECT.extract.extract_suppliers manual__2024-06-20T08:41:09.652767+00:00 [running]> on host airflow-scheduler
[2024-06-20T08:41:21.833+0000] {taskinstance.py:2648} INFO - Exporting env vars: AIRFLOW_CTX_DAG_OWNER='Data-Ninja' AIRFLOW_CTX_DAG_ID='ELT-PROJECT' AIRFLOW_CTX_TASK_ID='extract.extract_suppliers' AIRFLOW_CTX_EXECUTION_DATE='2024-06-20T08:41:09.652767+00:00' AIRFLOW_CTX_TRY_NUMBER='1' AIRFLOW_CTX_DAG_RUN_ID='manual__2024-06-20T08:41:09.652767+00:00'
[2024-06-20T08:41:21.844+0000] {taskinstance.py:430} INFO - ::endgroup::
[2024-06-20T08:41:22.591+0000] {python.py:237} INFO - Done. Returned value was:     supplierID  ...                                           homePage
0            1  ...                                                NaN
1            2  ...                                        #CAJUN.HTM#
2            3  ...                                                NaN
3            4  ...                                                NaN
4            5  ...                                                NaN
5            6  ...  Mayumi's (on the World Wide Web)#http://www.mi...
6            7  ...                                                NaN
7            8  ...                                                NaN
8            9  ...                                                NaN
9           10  ...                                                NaN
10          11  ...                                                NaN
11          12  ...  Plutzer (on the World Wide Web)#http://www.mic...
12          13  ...                                                NaN
13          14  ...                                     #FORMAGGI.HTM#
14          15  ...                                                NaN
15          16  ...                                                NaN
16          17  ...                                                NaN
17          18  ...                                                NaN
18          19  ...                                                NaN
19          20  ...                                                NaN
20          21  ...                                                NaN
21          22  ...                                                NaN
22          23  ...                                                NaN
23          24  ...  G'day Mate (on the World Wide Web)#http://www....
24          25  ...                                                NaN
25          26  ...                                                NaN
26          27  ...                                                NaN
27          28  ...                                                NaN
28          29  ...                                                NaN

[29 rows x 12 columns]
[2024-06-20T08:41:22.681+0000] {taskinstance.py:441} INFO - ::group::Post task execution logs
[2024-06-20T08:41:26.397+0000] {taskinstance.py:1206} INFO - Marking task as SUCCESS. dag_id=ELT-PROJECT, task_id=extract.extract_suppliers, run_id=manual__2024-06-20T08:41:09.652767+00:00, execution_date=20240620T084109, start_date=20240620T084119, end_date=20240620T084126
[2024-06-20T08:41:26.594+0000] {local_task_job_runner.py:240} INFO - Task exited with return code 0
[2024-06-20T08:41:26.850+0000] {taskinstance.py:3503} INFO - 1 downstream tasks scheduled from follow-on schedule check
[2024-06-20T08:41:26.859+0000] {local_task_job_runner.py:222} INFO - ::endgroup::
