[2024-06-17T09:52:20.849+0000] {local_task_job_runner.py:120} INFO - ::group::Pre task execution logs
[2024-06-17T09:52:21.021+0000] {taskinstance.py:2076} INFO - Dependencies all met for dep_context=non-requeueable deps ti=<TaskInstance: ELT-PROJECT.extract_process.extract_customersemployee_territories manual__2024-06-17T09:47:04.449669+00:00 [queued]>
[2024-06-17T09:52:21.047+0000] {taskinstance.py:2076} INFO - Dependencies all met for dep_context=requeueable deps ti=<TaskInstance: ELT-PROJECT.extract_process.extract_customersemployee_territories manual__2024-06-17T09:47:04.449669+00:00 [queued]>
[2024-06-17T09:52:21.049+0000] {taskinstance.py:2306} INFO - Starting attempt 2 of 2
[2024-06-17T09:52:21.128+0000] {taskinstance.py:2330} INFO - Executing <Task(_PythonDecoratedOperator): extract_process.extract_customersemployee_territories> on 2024-06-17 09:47:04.449669+00:00
[2024-06-17T09:52:21.157+0000] {logging_mixin.py:188} WARNING - /home/airflow/.local/lib/python3.12/site-packages/airflow/task/task_runner/standard_task_runner.py:61 DeprecationWarning: This process (pid=1251) is multi-threaded, use of fork() may lead to deadlocks in the child.
[2024-06-17T09:52:21.165+0000] {standard_task_runner.py:63} INFO - Started process 1267 to run task
[2024-06-17T09:52:21.153+0000] {standard_task_runner.py:90} INFO - Running: ['airflow', 'tasks', 'run', 'ELT-PROJECT', 'extract_process.extract_customersemployee_territories', 'manual__2024-06-17T09:47:04.449669+00:00', '--job-id', '22', '--raw', '--subdir', 'DAGS_FOLDER/elt.py', '--cfg-path', '/tmp/tmp3ir2ww45']
[2024-06-17T09:52:21.179+0000] {standard_task_runner.py:91} INFO - Job 22: Subtask extract_process.extract_customersemployee_territories
[2024-06-17T09:52:21.296+0000] {logging_mixin.py:188} WARNING - /home/airflow/.local/lib/python3.12/site-packages/airflow/settings.py:195 DeprecationWarning: The sql_alchemy_conn option in [core] has been moved to the sql_alchemy_conn option in [database] - the old setting has been used, but please update your config.
[2024-06-17T09:52:21.541+0000] {task_command.py:426} INFO - Running <TaskInstance: ELT-PROJECT.extract_process.extract_customersemployee_territories manual__2024-06-17T09:47:04.449669+00:00 [running]> on host airflow-scheduler
[2024-06-17T09:52:22.840+0000] {taskinstance.py:2648} INFO - Exporting env vars: AIRFLOW_CTX_DAG_OWNER='Data-Ninja' AIRFLOW_CTX_DAG_ID='ELT-PROJECT' AIRFLOW_CTX_TASK_ID='extract_process.extract_customersemployee_territories' AIRFLOW_CTX_EXECUTION_DATE='2024-06-17T09:47:04.449669+00:00' AIRFLOW_CTX_TRY_NUMBER='2' AIRFLOW_CTX_DAG_RUN_ID='manual__2024-06-17T09:47:04.449669+00:00'
[2024-06-17T09:52:22.843+0000] {taskinstance.py:430} INFO - ::endgroup::
[2024-06-17T09:52:22.847+0000] {taskinstance.py:441} INFO - ::group::Post task execution logs
[2024-06-17T09:52:22.850+0000] {taskinstance.py:2905} ERROR - Task failed with exception
Traceback (most recent call last):
  File "/home/airflow/.local/lib/python3.12/site-packages/airflow/models/taskinstance.py", line 465, in _execute_task
    result = _execute_callable(context=context, **execute_callable_kwargs)
             ^^^^^^^^^^^^^^^^^^^^^^^^^^^^^^^^^^^^^^^^^^^^^^^^^^^^^^^^^^^^^
  File "/home/airflow/.local/lib/python3.12/site-packages/airflow/models/taskinstance.py", line 432, in _execute_callable
    return execute_callable(context=context, **execute_callable_kwargs)
           ^^^^^^^^^^^^^^^^^^^^^^^^^^^^^^^^^^^^^^^^^^^^^^^^^^^^^^^^^^^^
  File "/home/airflow/.local/lib/python3.12/site-packages/airflow/models/baseoperator.py", line 401, in wrapper
    return func(self, *args, **kwargs)
           ^^^^^^^^^^^^^^^^^^^^^^^^^^^
  File "/home/airflow/.local/lib/python3.12/site-packages/airflow/decorators/base.py", line 265, in execute
    return_value = super().execute(context)
                   ^^^^^^^^^^^^^^^^^^^^^^^^
  File "/home/airflow/.local/lib/python3.12/site-packages/airflow/models/baseoperator.py", line 401, in wrapper
    return func(self, *args, **kwargs)
           ^^^^^^^^^^^^^^^^^^^^^^^^^^^
  File "/home/airflow/.local/lib/python3.12/site-packages/airflow/operators/python.py", line 235, in execute
    return_value = self.execute_callable()
                   ^^^^^^^^^^^^^^^^^^^^^^^
  File "/home/airflow/.local/lib/python3.12/site-packages/airflow/operators/python.py", line 252, in execute_callable
    return self.python_callable(*self.op_args, **self.op_kwargs)
           ^^^^^^^^^^^^^^^^^^^^^^^^^^^^^^^^^^^^^^^^^^^^^^^^^^^^^
  File "/opt/airflow/dags/elt.py", line 49, in extract
    dfs = extract(
          ^^^^^^^^
  File "/home/airflow/.local/lib/python3.12/site-packages/airflow/decorators/base.py", line 372, in __call__
    op = self.operator_class(
         ^^^^^^^^^^^^^^^^^^^^
  File "/home/airflow/.local/lib/python3.12/site-packages/airflow/models/baseoperator.py", line 485, in apply_defaults
    result = func(self, **kwargs, default_args=default_args)
             ^^^^^^^^^^^^^^^^^^^^^^^^^^^^^^^^^^^^^^^^^^^^^^^
  File "/home/airflow/.local/lib/python3.12/site-packages/airflow/decorators/python.py", line 52, in __init__
    super().__init__(
  File "/home/airflow/.local/lib/python3.12/site-packages/airflow/models/baseoperator.py", line 485, in apply_defaults
    result = func(self, **kwargs, default_args=default_args)
             ^^^^^^^^^^^^^^^^^^^^^^^^^^^^^^^^^^^^^^^^^^^^^^^
  File "/home/airflow/.local/lib/python3.12/site-packages/airflow/decorators/base.py", line 253, in __init__
    signature.bind(*op_args, **op_kwargs)
  File "/usr/local/lib/python3.12/inspect.py", line 3267, in bind
    return self._bind(args, kwargs)
           ^^^^^^^^^^^^^^^^^^^^^^^^
  File "/usr/local/lib/python3.12/inspect.py", line 3256, in _bind
    raise TypeError(
TypeError: got an unexpected keyword argument 'name'
[2024-06-17T09:52:22.964+0000] {taskinstance.py:222} INFO - Forcing task extract_process.extract_categories to fail due to dag's `fail_stop` setting
[2024-06-17T09:52:22.966+0000] {taskinstance.py:1774} ERROR - Recording the task instance as FAILED
[2024-06-17T09:52:23.004+0000] {taskinstance.py:222} INFO - Forcing task extract_process.extract_employees to fail due to dag's `fail_stop` setting
[2024-06-17T09:52:23.010+0000] {taskinstance.py:1774} ERROR - Recording the task instance as FAILED
[2024-06-17T09:52:23.074+0000] {taskinstance.py:222} INFO - Forcing task extract_process.extract_order_details to fail due to dag's `fail_stop` setting
[2024-06-17T09:52:23.078+0000] {taskinstance.py:1774} ERROR - Recording the task instance as FAILED
[2024-06-17T09:52:23.130+0000] {taskinstance.py:222} INFO - Forcing task extract_process.extract_shippers to fail due to dag's `fail_stop` setting
[2024-06-17T09:52:23.134+0000] {taskinstance.py:1774} ERROR - Recording the task instance as FAILED
[2024-06-17T09:52:23.173+0000] {taskinstance.py:222} INFO - Forcing task extract_process.extract_suppliers to fail due to dag's `fail_stop` setting
[2024-06-17T09:52:23.174+0000] {taskinstance.py:1774} ERROR - Recording the task instance as FAILED
[2024-06-17T09:52:23.214+0000] {taskinstance.py:222} INFO - Forcing task extract_process.extract_products to fail due to dag's `fail_stop` setting
[2024-06-17T09:52:23.218+0000] {taskinstance.py:1774} ERROR - Recording the task instance as FAILED
[2024-06-17T09:52:23.248+0000] {taskinstance.py:222} INFO - Forcing task extract_process.extract_territories to fail due to dag's `fail_stop` setting
[2024-06-17T09:52:23.250+0000] {taskinstance.py:1774} ERROR - Recording the task instance as FAILED
[2024-06-17T09:52:23.283+0000] {taskinstance.py:222} INFO - Forcing task extract_process.extract_orders to fail due to dag's `fail_stop` setting
[2024-06-17T09:52:23.288+0000] {taskinstance.py:1774} ERROR - Recording the task instance as FAILED
[2024-06-17T09:52:23.348+0000] {taskinstance.py:222} INFO - Forcing task extract_process.extract_regions to fail due to dag's `fail_stop` setting
[2024-06-17T09:52:23.350+0000] {taskinstance.py:1774} ERROR - Recording the task instance as FAILED
[2024-06-17T09:52:23.438+0000] {taskinstance.py:1206} INFO - Marking task as FAILED. dag_id=ELT-PROJECT, task_id=extract_process.extract_customersemployee_territories, run_id=manual__2024-06-17T09:47:04.449669+00:00, execution_date=20240617T094704, start_date=20240617T095221, end_date=20240617T095222
[2024-06-17T09:52:23.510+0000] {standard_task_runner.py:110} ERROR - Failed to execute job 22 for task extract_process.extract_customersemployee_territories (got an unexpected keyword argument 'name'; 1267)
[2024-06-17T09:52:23.567+0000] {local_task_job_runner.py:240} INFO - Task exited with return code 1
[2024-06-17T09:52:23.617+0000] {local_task_job_runner.py:222} INFO - ::endgroup::
