[2024-06-20T14:30:09.818+0000] {local_task_job_runner.py:120} INFO - ::group::Pre task execution logs
[2024-06-20T14:30:10.029+0000] {taskinstance.py:2076} INFO - Dependencies all met for dep_context=non-requeueable deps ti=<TaskInstance: ELT-PROJECT.load.load_employee_territories manual__2024-06-20T14:29:24.211440+00:00 [queued]>
[2024-06-20T14:30:10.164+0000] {taskinstance.py:2076} INFO - Dependencies all met for dep_context=requeueable deps ti=<TaskInstance: ELT-PROJECT.load.load_employee_territories manual__2024-06-20T14:29:24.211440+00:00 [queued]>
[2024-06-20T14:30:10.167+0000] {taskinstance.py:2306} INFO - Starting attempt 1 of 2
[2024-06-20T14:30:10.497+0000] {taskinstance.py:2330} INFO - Executing <Task(_PythonDecoratedOperator): load.load_employee_territories> on 2024-06-20 14:29:24.211440+00:00
[2024-06-20T14:30:10.535+0000] {standard_task_runner.py:90} INFO - Running: ['airflow', 'tasks', 'run', 'ELT-PROJECT', 'load.load_employee_territories', 'manual__2024-06-20T14:29:24.211440+00:00', '--job-id', '622', '--raw', '--subdir', 'DAGS_FOLDER/elt.py', '--cfg-path', '/tmp/tmp85shkdah']
[2024-06-20T14:30:10.545+0000] {logging_mixin.py:188} WARNING - /home/airflow/.local/lib/python3.12/site-packages/airflow/task/task_runner/standard_task_runner.py:61 DeprecationWarning: This process (pid=4204) is multi-threaded, use of fork() may lead to deadlocks in the child.
[2024-06-20T14:30:10.547+0000] {standard_task_runner.py:63} INFO - Started process 4230 to run task
[2024-06-20T14:30:10.546+0000] {standard_task_runner.py:91} INFO - Job 622: Subtask load.load_employee_territories
[2024-06-20T14:30:10.722+0000] {logging_mixin.py:188} WARNING - /home/airflow/.local/lib/python3.12/site-packages/airflow/settings.py:195 DeprecationWarning: The sql_alchemy_conn option in [core] has been moved to the sql_alchemy_conn option in [database] - the old setting has been used, but please update your config.
[2024-06-20T14:30:11.161+0000] {task_command.py:426} INFO - Running <TaskInstance: ELT-PROJECT.load.load_employee_territories manual__2024-06-20T14:29:24.211440+00:00 [running]> on host airflow-scheduler
[2024-06-20T14:30:12.048+0000] {taskinstance.py:2648} INFO - Exporting env vars: AIRFLOW_CTX_DAG_OWNER='Data-Ninja' AIRFLOW_CTX_DAG_ID='ELT-PROJECT' AIRFLOW_CTX_TASK_ID='load.load_employee_territories' AIRFLOW_CTX_EXECUTION_DATE='2024-06-20T14:29:24.211440+00:00' AIRFLOW_CTX_TRY_NUMBER='1' AIRFLOW_CTX_DAG_RUN_ID='manual__2024-06-20T14:29:24.211440+00:00'
[2024-06-20T14:30:12.054+0000] {taskinstance.py:430} INFO - ::endgroup::
[2024-06-20T14:30:12.057+0000] {connection.py:399} INFO - Snowflake Connector for Python Version: 3.10.1, Python Version: 3.12.4, Platform: Linux-5.15.133.1-microsoft-standard-WSL2-x86_64-with-glibc2.36
[2024-06-20T14:30:12.059+0000] {connection.py:1249} INFO - THIS CONNECTION IS IN INSECURE MODE. IT MEANS THE CERTIFICATE WILL BE VALIDATED BUT THE CERTIFICATE REVOCATION STATUS WILL NOT BE CHECKED.
[2024-06-20T14:30:13.490+0000] {ssl_wrap_socket.py:100} INFO - THIS CONNECTION IS IN INSECURE MODE. IT MEANS THE CERTIFICATE WILL BE VALIDATED BUT THE CERTIFICATE REVOCATION STATUS WILL NOT BE CHECKED.
[2024-06-20T14:30:14.033+0000] {logging_mixin.py:188} INFO - Nama kolom di DataFrame: Index(['employeeID', 'territoryID'], dtype='object')
[2024-06-20T14:30:14.462+0000] {cursor.py:1149} INFO - Number of results in first chunk: 1
[2024-06-20T14:30:15.280+0000] {ssl_wrap_socket.py:100} INFO - THIS CONNECTION IS IN INSECURE MODE. IT MEANS THE CERTIFICATE WILL BE VALIDATED BUT THE CERTIFICATE REVOCATION STATUS WILL NOT BE CHECKED.
[2024-06-20T14:30:17.947+0000] {cursor.py:1149} INFO - Number of results in first chunk: 1
[2024-06-20T14:30:18.618+0000] {cursor.py:1149} INFO - Number of results in first chunk: 2
[2024-06-20T14:30:18.973+0000] {cursor.py:1149} INFO - Number of results in first chunk: 1
[2024-06-20T14:30:19.536+0000] {cursor.py:1149} INFO - Number of results in first chunk: 1
[2024-06-20T14:30:20.905+0000] {cursor.py:1149} INFO - Number of results in first chunk: 1
[2024-06-20T14:30:20.911+0000] {logging_mixin.py:188} INFO - Done employee_territories.
[2024-06-20T14:30:20.914+0000] {connection.py:762} INFO - closed
[2024-06-20T14:30:21.272+0000] {connection.py:768} INFO - No async queries seem to be running, deleting session
[2024-06-20T14:30:21.618+0000] {python.py:237} INFO - Done. Returned value was: None
[2024-06-20T14:30:21.626+0000] {taskinstance.py:441} INFO - ::group::Post task execution logs
[2024-06-20T14:30:21.681+0000] {taskinstance.py:1206} INFO - Marking task as SUCCESS. dag_id=ELT-PROJECT, task_id=load.load_employee_territories, run_id=manual__2024-06-20T14:29:24.211440+00:00, execution_date=20240620T142924, start_date=20240620T143010, end_date=20240620T143021
[2024-06-20T14:30:21.849+0000] {local_task_job_runner.py:240} INFO - Task exited with return code 0
[2024-06-20T14:30:22.045+0000] {taskinstance.py:3503} INFO - 0 downstream tasks scheduled from follow-on schedule check
[2024-06-20T14:30:22.069+0000] {local_task_job_runner.py:222} INFO - ::endgroup::
