[2024-06-20T08:59:42.052+0000] {local_task_job_runner.py:120} INFO - ::group::Pre task execution logs
[2024-06-20T08:59:42.157+0000] {taskinstance.py:2076} INFO - Dependencies all met for dep_context=non-requeueable deps ti=<TaskInstance: ELT-PROJECT.load.load_categories manual__2024-06-20T08:59:25.665849+00:00 [queued]>
[2024-06-20T08:59:42.218+0000] {taskinstance.py:2076} INFO - Dependencies all met for dep_context=requeueable deps ti=<TaskInstance: ELT-PROJECT.load.load_categories manual__2024-06-20T08:59:25.665849+00:00 [queued]>
[2024-06-20T08:59:42.223+0000] {taskinstance.py:2306} INFO - Starting attempt 1 of 2
[2024-06-20T08:59:42.332+0000] {taskinstance.py:2330} INFO - Executing <Task(_PythonDecoratedOperator): load.load_categories> on 2024-06-20 08:59:25.665849+00:00
[2024-06-20T08:59:42.368+0000] {logging_mixin.py:188} WARNING - /home/airflow/.local/lib/python3.12/site-packages/airflow/task/task_runner/standard_task_runner.py:61 DeprecationWarning: This process (pid=4280) is multi-threaded, use of fork() may lead to deadlocks in the child.
[2024-06-20T08:59:42.379+0000] {standard_task_runner.py:63} INFO - Started process 4321 to run task
[2024-06-20T08:59:42.365+0000] {standard_task_runner.py:90} INFO - Running: ['airflow', 'tasks', 'run', 'ELT-PROJECT', 'load.load_categories', 'manual__2024-06-20T08:59:25.665849+00:00', '--job-id', '291', '--raw', '--subdir', 'DAGS_FOLDER/elt.py', '--cfg-path', '/tmp/tmp5yqsf_dy']
[2024-06-20T08:59:42.386+0000] {standard_task_runner.py:91} INFO - Job 291: Subtask load.load_categories
[2024-06-20T08:59:42.494+0000] {logging_mixin.py:188} WARNING - /home/airflow/.local/lib/python3.12/site-packages/airflow/settings.py:195 DeprecationWarning: The sql_alchemy_conn option in [core] has been moved to the sql_alchemy_conn option in [database] - the old setting has been used, but please update your config.
[2024-06-20T08:59:42.721+0000] {task_command.py:426} INFO - Running <TaskInstance: ELT-PROJECT.load.load_categories manual__2024-06-20T08:59:25.665849+00:00 [running]> on host airflow-scheduler
[2024-06-20T08:59:43.691+0000] {taskinstance.py:2648} INFO - Exporting env vars: AIRFLOW_CTX_DAG_OWNER='Data-Ninja' AIRFLOW_CTX_DAG_ID='ELT-PROJECT' AIRFLOW_CTX_TASK_ID='load.load_categories' AIRFLOW_CTX_EXECUTION_DATE='2024-06-20T08:59:25.665849+00:00' AIRFLOW_CTX_TRY_NUMBER='1' AIRFLOW_CTX_DAG_RUN_ID='manual__2024-06-20T08:59:25.665849+00:00'
[2024-06-20T08:59:43.692+0000] {taskinstance.py:430} INFO - ::endgroup::
[2024-06-20T08:59:43.694+0000] {connection.py:399} INFO - Snowflake Connector for Python Version: 3.10.1, Python Version: 3.12.4, Platform: Linux-5.15.133.1-microsoft-standard-WSL2-x86_64-with-glibc2.36
[2024-06-20T08:59:43.695+0000] {connection.py:1249} INFO - THIS CONNECTION IS IN INSECURE MODE. IT MEANS THE CERTIFICATE WILL BE VALIDATED BUT THE CERTIFICATE REVOCATION STATUS WILL NOT BE CHECKED.
[2024-06-20T08:59:43.809+0000] {ssl_wrap_socket.py:100} INFO - THIS CONNECTION IS IN INSECURE MODE. IT MEANS THE CERTIFICATE WILL BE VALIDATED BUT THE CERTIFICATE REVOCATION STATUS WILL NOT BE CHECKED.
[2024-06-20T08:59:44.204+0000] {logging_mixin.py:188} INFO - Nama kolom di DataFrame: Index(['categoryID', 'categoryName', 'description', 'picture'], dtype='object')
[2024-06-20T08:59:44.602+0000] {cursor.py:1149} INFO - Number of results in first chunk: 1
[2024-06-20T08:59:45.214+0000] {ssl_wrap_socket.py:100} INFO - THIS CONNECTION IS IN INSECURE MODE. IT MEANS THE CERTIFICATE WILL BE VALIDATED BUT THE CERTIFICATE REVOCATION STATUS WILL NOT BE CHECKED.
[2024-06-20T08:59:47.886+0000] {cursor.py:1149} INFO - Number of results in first chunk: 1
[2024-06-20T08:59:49.530+0000] {cursor.py:1149} INFO - Number of results in first chunk: 4
[2024-06-20T08:59:49.878+0000] {cursor.py:1149} INFO - Number of results in first chunk: 1
[2024-06-20T08:59:50.549+0000] {cursor.py:1149} INFO - Number of results in first chunk: 1
[2024-06-20T08:59:52.398+0000] {cursor.py:1149} INFO - Number of results in first chunk: 1
[2024-06-20T08:59:52.399+0000] {logging_mixin.py:188} INFO - Done categories.
[2024-06-20T08:59:52.400+0000] {connection.py:762} INFO - closed
[2024-06-20T08:59:52.749+0000] {connection.py:768} INFO - No async queries seem to be running, deleting session
[2024-06-20T08:59:53.100+0000] {python.py:237} INFO - Done. Returned value was: None
[2024-06-20T08:59:53.101+0000] {taskinstance.py:441} INFO - ::group::Post task execution logs
[2024-06-20T08:59:53.117+0000] {taskinstance.py:1206} INFO - Marking task as SUCCESS. dag_id=ELT-PROJECT, task_id=load.load_categories, run_id=manual__2024-06-20T08:59:25.665849+00:00, execution_date=20240620T085925, start_date=20240620T085942, end_date=20240620T085953
[2024-06-20T08:59:53.148+0000] {local_task_job_runner.py:240} INFO - Task exited with return code 0
[2024-06-20T08:59:53.217+0000] {taskinstance.py:3503} INFO - 0 downstream tasks scheduled from follow-on schedule check
[2024-06-20T08:59:53.221+0000] {local_task_job_runner.py:222} INFO - ::endgroup::
