[2024-06-20T08:41:32.651+0000] {local_task_job_runner.py:120} INFO - ::group::Pre task execution logs
[2024-06-20T08:41:32.837+0000] {taskinstance.py:2076} INFO - Dependencies all met for dep_context=non-requeueable deps ti=<TaskInstance: ELT-PROJECT.load.load_orders manual__2024-06-20T08:41:09.652767+00:00 [queued]>
[2024-06-20T08:41:32.919+0000] {taskinstance.py:2076} INFO - Dependencies all met for dep_context=requeueable deps ti=<TaskInstance: ELT-PROJECT.load.load_orders manual__2024-06-20T08:41:09.652767+00:00 [queued]>
[2024-06-20T08:41:32.920+0000] {taskinstance.py:2306} INFO - Starting attempt 1 of 2
[2024-06-20T08:41:33.022+0000] {taskinstance.py:2330} INFO - Executing <Task(_PythonDecoratedOperator): load.load_orders> on 2024-06-20 08:41:09.652767+00:00
[2024-06-20T08:41:33.056+0000] {standard_task_runner.py:90} INFO - Running: ['airflow', 'tasks', 'run', 'ELT-PROJECT', 'load.load_orders', 'manual__2024-06-20T08:41:09.652767+00:00', '--job-id', '229', '--raw', '--subdir', 'DAGS_FOLDER/elt.py', '--cfg-path', '/tmp/tmpise5iz2a']
[2024-06-20T08:41:33.071+0000] {standard_task_runner.py:91} INFO - Job 229: Subtask load.load_orders
[2024-06-20T08:41:33.071+0000] {logging_mixin.py:188} WARNING - /home/airflow/.local/lib/python3.12/site-packages/airflow/task/task_runner/standard_task_runner.py:61 DeprecationWarning: This process (pid=3212) is multi-threaded, use of fork() may lead to deadlocks in the child.
[2024-06-20T08:41:33.077+0000] {standard_task_runner.py:63} INFO - Started process 3232 to run task
[2024-06-20T08:41:33.154+0000] {logging_mixin.py:188} WARNING - /home/airflow/.local/lib/python3.12/site-packages/airflow/settings.py:195 DeprecationWarning: The sql_alchemy_conn option in [core] has been moved to the sql_alchemy_conn option in [database] - the old setting has been used, but please update your config.
[2024-06-20T08:41:33.362+0000] {task_command.py:426} INFO - Running <TaskInstance: ELT-PROJECT.load.load_orders manual__2024-06-20T08:41:09.652767+00:00 [running]> on host airflow-scheduler
[2024-06-20T08:41:35.023+0000] {taskinstance.py:2648} INFO - Exporting env vars: AIRFLOW_CTX_DAG_OWNER='Data-Ninja' AIRFLOW_CTX_DAG_ID='ELT-PROJECT' AIRFLOW_CTX_TASK_ID='load.load_orders' AIRFLOW_CTX_EXECUTION_DATE='2024-06-20T08:41:09.652767+00:00' AIRFLOW_CTX_TRY_NUMBER='1' AIRFLOW_CTX_DAG_RUN_ID='manual__2024-06-20T08:41:09.652767+00:00'
[2024-06-20T08:41:35.028+0000] {taskinstance.py:430} INFO - ::endgroup::
[2024-06-20T08:41:35.032+0000] {connection.py:399} INFO - Snowflake Connector for Python Version: 3.10.1, Python Version: 3.12.4, Platform: Linux-5.15.133.1-microsoft-standard-WSL2-x86_64-with-glibc2.36
[2024-06-20T08:41:35.038+0000] {connection.py:1249} INFO - THIS CONNECTION IS IN INSECURE MODE. IT MEANS THE CERTIFICATE WILL BE VALIDATED BUT THE CERTIFICATE REVOCATION STATUS WILL NOT BE CHECKED.
[2024-06-20T08:41:35.323+0000] {ssl_wrap_socket.py:100} INFO - THIS CONNECTION IS IN INSECURE MODE. IT MEANS THE CERTIFICATE WILL BE VALIDATED BUT THE CERTIFICATE REVOCATION STATUS WILL NOT BE CHECKED.
[2024-06-20T08:41:35.885+0000] {logging_mixin.py:188} INFO - Nama kolom di DataFrame: Index(['orderID', 'customerID', 'employeeID', 'orderDate', 'requiredDate',
       'shippedDate', 'shipVia', 'freight', 'shipName', 'shipAddress',
       'shipCity', 'shipRegion', 'shipPostalCode', 'shipCountry'],
      dtype='object')
[2024-06-20T08:41:36.291+0000] {cursor.py:1149} INFO - Number of results in first chunk: 1
[2024-06-20T08:41:37.129+0000] {ssl_wrap_socket.py:100} INFO - THIS CONNECTION IS IN INSECURE MODE. IT MEANS THE CERTIFICATE WILL BE VALIDATED BUT THE CERTIFICATE REVOCATION STATUS WILL NOT BE CHECKED.
[2024-06-20T08:41:40.110+0000] {cursor.py:1149} INFO - Number of results in first chunk: 1
[2024-06-20T08:41:40.774+0000] {cursor.py:1149} INFO - Number of results in first chunk: 14
[2024-06-20T08:41:41.124+0000] {cursor.py:1149} INFO - Number of results in first chunk: 1
[2024-06-20T08:41:41.745+0000] {cursor.py:1149} INFO - Number of results in first chunk: 1
[2024-06-20T08:41:43.207+0000] {cursor.py:1149} INFO - Number of results in first chunk: 1
[2024-06-20T08:41:43.208+0000] {logging_mixin.py:188} INFO - Done orders.
[2024-06-20T08:41:43.208+0000] {connection.py:762} INFO - closed
[2024-06-20T08:41:43.540+0000] {connection.py:768} INFO - No async queries seem to be running, deleting session
[2024-06-20T08:41:43.884+0000] {python.py:237} INFO - Done. Returned value was: None
[2024-06-20T08:41:43.885+0000] {taskinstance.py:441} INFO - ::group::Post task execution logs
[2024-06-20T08:41:43.907+0000] {taskinstance.py:1206} INFO - Marking task as SUCCESS. dag_id=ELT-PROJECT, task_id=load.load_orders, run_id=manual__2024-06-20T08:41:09.652767+00:00, execution_date=20240620T084109, start_date=20240620T084132, end_date=20240620T084143
[2024-06-20T08:41:43.976+0000] {local_task_job_runner.py:240} INFO - Task exited with return code 0
[2024-06-20T08:41:44.012+0000] {local_task_job_runner.py:222} INFO - ::endgroup::
