[2024-06-20T07:40:11.053+0000] {local_task_job_runner.py:120} INFO - ::group::Pre task execution logs
[2024-06-20T07:40:11.161+0000] {taskinstance.py:2076} INFO - Dependencies all met for dep_context=non-requeueable deps ti=<TaskInstance: ELT-PROJECT.load.load_shippers manual__2024-06-20T07:39:50.213563+00:00 [queued]>
[2024-06-20T07:40:11.193+0000] {taskinstance.py:2076} INFO - Dependencies all met for dep_context=requeueable deps ti=<TaskInstance: ELT-PROJECT.load.load_shippers manual__2024-06-20T07:39:50.213563+00:00 [queued]>
[2024-06-20T07:40:11.199+0000] {taskinstance.py:2306} INFO - Starting attempt 1 of 2
[2024-06-20T07:40:11.405+0000] {taskinstance.py:2330} INFO - Executing <Task(_PythonDecoratedOperator): load.load_shippers> on 2024-06-20 07:39:50.213563+00:00
[2024-06-20T07:40:11.436+0000] {logging_mixin.py:188} WARNING - /home/airflow/.local/lib/python3.12/site-packages/airflow/task/task_runner/standard_task_runner.py:61 DeprecationWarning: This process (pid=1160) is multi-threaded, use of fork() may lead to deadlocks in the child.
[2024-06-20T07:40:11.445+0000] {standard_task_runner.py:63} INFO - Started process 1232 to run task
[2024-06-20T07:40:11.460+0000] {standard_task_runner.py:90} INFO - Running: ['airflow', 'tasks', 'run', 'ELT-PROJECT', 'load.load_shippers', 'manual__2024-06-20T07:39:50.213563+00:00', '--job-id', '181', '--raw', '--subdir', 'DAGS_FOLDER/elt.py', '--cfg-path', '/tmp/tmple6bsmp8']
[2024-06-20T07:40:11.498+0000] {standard_task_runner.py:91} INFO - Job 181: Subtask load.load_shippers
[2024-06-20T07:40:11.595+0000] {logging_mixin.py:188} WARNING - /home/airflow/.local/lib/python3.12/site-packages/airflow/settings.py:195 DeprecationWarning: The sql_alchemy_conn option in [core] has been moved to the sql_alchemy_conn option in [database] - the old setting has been used, but please update your config.
[2024-06-20T07:40:11.785+0000] {task_command.py:426} INFO - Running <TaskInstance: ELT-PROJECT.load.load_shippers manual__2024-06-20T07:39:50.213563+00:00 [running]> on host airflow-scheduler
[2024-06-20T07:40:13.050+0000] {taskinstance.py:2648} INFO - Exporting env vars: AIRFLOW_CTX_DAG_OWNER='Data-Ninja' AIRFLOW_CTX_DAG_ID='ELT-PROJECT' AIRFLOW_CTX_TASK_ID='load.load_shippers' AIRFLOW_CTX_EXECUTION_DATE='2024-06-20T07:39:50.213563+00:00' AIRFLOW_CTX_TRY_NUMBER='1' AIRFLOW_CTX_DAG_RUN_ID='manual__2024-06-20T07:39:50.213563+00:00'
[2024-06-20T07:40:13.052+0000] {taskinstance.py:430} INFO - ::endgroup::
[2024-06-20T07:40:13.054+0000] {connection.py:399} INFO - Snowflake Connector for Python Version: 3.10.1, Python Version: 3.12.4, Platform: Linux-5.15.133.1-microsoft-standard-WSL2-x86_64-with-glibc2.36
[2024-06-20T07:40:13.055+0000] {connection.py:1249} INFO - THIS CONNECTION IS IN INSECURE MODE. IT MEANS THE CERTIFICATE WILL BE VALIDATED BUT THE CERTIFICATE REVOCATION STATUS WILL NOT BE CHECKED.
[2024-06-20T07:40:13.163+0000] {ssl_wrap_socket.py:100} INFO - THIS CONNECTION IS IN INSECURE MODE. IT MEANS THE CERTIFICATE WILL BE VALIDATED BUT THE CERTIFICATE REVOCATION STATUS WILL NOT BE CHECKED.
[2024-06-20T07:40:13.529+0000] {logging_mixin.py:188} INFO - Nama kolom di DataFrame: Index(['shipperID', 'companyName', 'phone'], dtype='object')
[2024-06-20T07:40:13.930+0000] {cursor.py:1149} INFO - Number of results in first chunk: 1
[2024-06-20T07:40:14.550+0000] {ssl_wrap_socket.py:100} INFO - THIS CONNECTION IS IN INSECURE MODE. IT MEANS THE CERTIFICATE WILL BE VALIDATED BUT THE CERTIFICATE REVOCATION STATUS WILL NOT BE CHECKED.
[2024-06-20T07:40:17.176+0000] {cursor.py:1149} INFO - Number of results in first chunk: 1
[2024-06-20T07:40:18.595+0000] {cursor.py:1149} INFO - Number of results in first chunk: 3
[2024-06-20T07:40:18.954+0000] {cursor.py:1149} INFO - Number of results in first chunk: 1
[2024-06-20T07:40:19.717+0000] {cursor.py:1149} INFO - Number of results in first chunk: 1
[2024-06-20T07:40:21.216+0000] {cursor.py:1149} INFO - Number of results in first chunk: 1
[2024-06-20T07:40:21.218+0000] {logging_mixin.py:188} INFO - Done shippers.
[2024-06-20T07:40:21.220+0000] {connection.py:762} INFO - closed
[2024-06-20T07:40:21.575+0000] {connection.py:768} INFO - No async queries seem to be running, deleting session
[2024-06-20T07:40:21.921+0000] {python.py:237} INFO - Done. Returned value was: None
[2024-06-20T07:40:21.925+0000] {taskinstance.py:441} INFO - ::group::Post task execution logs
[2024-06-20T07:40:21.974+0000] {taskinstance.py:1206} INFO - Marking task as SUCCESS. dag_id=ELT-PROJECT, task_id=load.load_shippers, run_id=manual__2024-06-20T07:39:50.213563+00:00, execution_date=20240620T073950, start_date=20240620T074011, end_date=20240620T074021
[2024-06-20T07:40:22.068+0000] {local_task_job_runner.py:240} INFO - Task exited with return code 0
[2024-06-20T07:40:22.120+0000] {local_task_job_runner.py:222} INFO - ::endgroup::
