[2024-06-20T09:32:47.284+0000] {local_task_job_runner.py:120} INFO - ::group::Pre task execution logs
[2024-06-20T09:32:47.404+0000] {taskinstance.py:2076} INFO - Dependencies all met for dep_context=non-requeueable deps ti=<TaskInstance: ELT-PROJECT.extract.extract_regions manual__2024-06-20T09:32:39.273282+00:00 [queued]>
[2024-06-20T09:32:47.443+0000] {taskinstance.py:2076} INFO - Dependencies all met for dep_context=requeueable deps ti=<TaskInstance: ELT-PROJECT.extract.extract_regions manual__2024-06-20T09:32:39.273282+00:00 [queued]>
[2024-06-20T09:32:47.446+0000] {taskinstance.py:2306} INFO - Starting attempt 1 of 2
[2024-06-20T09:32:47.574+0000] {taskinstance.py:2330} INFO - Executing <Task(_PythonDecoratedOperator): extract.extract_regions> on 2024-06-20 09:32:39.273282+00:00
[2024-06-20T09:32:47.615+0000] {logging_mixin.py:188} WARNING - /home/airflow/.local/lib/python3.12/site-packages/airflow/task/task_runner/standard_task_runner.py:61 DeprecationWarning: This process (pid=6480) is multi-threaded, use of fork() may lead to deadlocks in the child.
[2024-06-20T09:32:47.618+0000] {standard_task_runner.py:63} INFO - Started process 6502 to run task
[2024-06-20T09:32:47.632+0000] {standard_task_runner.py:90} INFO - Running: ['airflow', 'tasks', 'run', 'ELT-PROJECT', 'extract.extract_regions', 'manual__2024-06-20T09:32:39.273282+00:00', '--job-id', '390', '--raw', '--subdir', 'DAGS_FOLDER/elt.py', '--cfg-path', '/tmp/tmp7pa28fzk']
[2024-06-20T09:32:47.639+0000] {standard_task_runner.py:91} INFO - Job 390: Subtask extract.extract_regions
[2024-06-20T09:32:47.720+0000] {logging_mixin.py:188} WARNING - /home/airflow/.local/lib/python3.12/site-packages/airflow/settings.py:195 DeprecationWarning: The sql_alchemy_conn option in [core] has been moved to the sql_alchemy_conn option in [database] - the old setting has been used, but please update your config.
[2024-06-20T09:32:47.995+0000] {task_command.py:426} INFO - Running <TaskInstance: ELT-PROJECT.extract.extract_regions manual__2024-06-20T09:32:39.273282+00:00 [running]> on host airflow-scheduler
[2024-06-20T09:32:48.622+0000] {taskinstance.py:2648} INFO - Exporting env vars: AIRFLOW_CTX_DAG_OWNER='Data-Ninja' AIRFLOW_CTX_DAG_ID='ELT-PROJECT' AIRFLOW_CTX_TASK_ID='extract.extract_regions' AIRFLOW_CTX_EXECUTION_DATE='2024-06-20T09:32:39.273282+00:00' AIRFLOW_CTX_TRY_NUMBER='1' AIRFLOW_CTX_DAG_RUN_ID='manual__2024-06-20T09:32:39.273282+00:00'
[2024-06-20T09:32:48.633+0000] {taskinstance.py:430} INFO - ::endgroup::
[2024-06-20T09:32:49.216+0000] {python.py:237} INFO - Done. Returned value was:    regionID regionDescription
0         1           Eastern
1         2           Western
2         3          Northern
3         4          Southern
[2024-06-20T09:32:49.236+0000] {taskinstance.py:441} INFO - ::group::Post task execution logs
[2024-06-20T09:32:50.257+0000] {taskinstance.py:1206} INFO - Marking task as SUCCESS. dag_id=ELT-PROJECT, task_id=extract.extract_regions, run_id=manual__2024-06-20T09:32:39.273282+00:00, execution_date=20240620T093239, start_date=20240620T093247, end_date=20240620T093250
[2024-06-20T09:32:50.430+0000] {local_task_job_runner.py:240} INFO - Task exited with return code 0
[2024-06-20T09:32:50.551+0000] {local_task_job_runner.py:222} INFO - ::endgroup::
