[2024-06-20T07:29:17.666+0000] {local_task_job_runner.py:120} INFO - ::group::Pre task execution logs
[2024-06-20T07:29:17.758+0000] {taskinstance.py:2076} INFO - Dependencies all met for dep_context=non-requeueable deps ti=<TaskInstance: ELT-PROJECT.load.load_employee_territories manual__2024-06-20T07:09:38.899967+00:00 [queued]>
[2024-06-20T07:29:17.807+0000] {taskinstance.py:2076} INFO - Dependencies all met for dep_context=requeueable deps ti=<TaskInstance: ELT-PROJECT.load.load_employee_territories manual__2024-06-20T07:09:38.899967+00:00 [queued]>
[2024-06-20T07:29:17.813+0000] {taskinstance.py:2306} INFO - Starting attempt 1 of 2
[2024-06-20T07:29:17.881+0000] {taskinstance.py:2330} INFO - Executing <Task(_PythonDecoratedOperator): load.load_employee_territories> on 2024-06-20 07:09:38.899967+00:00
[2024-06-20T07:29:17.917+0000] {logging_mixin.py:188} WARNING - /home/airflow/.local/lib/python3.12/site-packages/airflow/task/task_runner/standard_task_runner.py:61 DeprecationWarning: This process (pid=336) is multi-threaded, use of fork() may lead to deadlocks in the child.
[2024-06-20T07:29:17.920+0000] {standard_task_runner.py:63} INFO - Started process 374 to run task
[2024-06-20T07:29:17.921+0000] {standard_task_runner.py:90} INFO - Running: ['airflow', 'tasks', 'run', 'ELT-PROJECT', 'load.load_employee_territories', 'manual__2024-06-20T07:09:38.899967+00:00', '--job-id', '90', '--raw', '--subdir', 'DAGS_FOLDER/elt.py', '--cfg-path', '/tmp/tmps_8xpans']
[2024-06-20T07:29:17.941+0000] {standard_task_runner.py:91} INFO - Job 90: Subtask load.load_employee_territories
[2024-06-20T07:29:18.002+0000] {logging_mixin.py:188} WARNING - /home/airflow/.local/lib/python3.12/site-packages/airflow/settings.py:195 DeprecationWarning: The sql_alchemy_conn option in [core] has been moved to the sql_alchemy_conn option in [database] - the old setting has been used, but please update your config.
[2024-06-20T07:29:18.147+0000] {task_command.py:426} INFO - Running <TaskInstance: ELT-PROJECT.load.load_employee_territories manual__2024-06-20T07:09:38.899967+00:00 [running]> on host airflow-scheduler
[2024-06-20T07:29:19.524+0000] {taskinstance.py:2648} INFO - Exporting env vars: AIRFLOW_CTX_DAG_OWNER='Data-Ninja' AIRFLOW_CTX_DAG_ID='ELT-PROJECT' AIRFLOW_CTX_TASK_ID='load.load_employee_territories' AIRFLOW_CTX_EXECUTION_DATE='2024-06-20T07:09:38.899967+00:00' AIRFLOW_CTX_TRY_NUMBER='1' AIRFLOW_CTX_DAG_RUN_ID='manual__2024-06-20T07:09:38.899967+00:00'
[2024-06-20T07:29:19.527+0000] {taskinstance.py:430} INFO - ::endgroup::
[2024-06-20T07:29:19.531+0000] {connection.py:399} INFO - Snowflake Connector for Python Version: 3.10.1, Python Version: 3.12.4, Platform: Linux-5.15.133.1-microsoft-standard-WSL2-x86_64-with-glibc2.36
[2024-06-20T07:29:19.533+0000] {connection.py:1249} INFO - THIS CONNECTION IS IN INSECURE MODE. IT MEANS THE CERTIFICATE WILL BE VALIDATED BUT THE CERTIFICATE REVOCATION STATUS WILL NOT BE CHECKED.
[2024-06-20T07:29:19.847+0000] {ssl_wrap_socket.py:100} INFO - THIS CONNECTION IS IN INSECURE MODE. IT MEANS THE CERTIFICATE WILL BE VALIDATED BUT THE CERTIFICATE REVOCATION STATUS WILL NOT BE CHECKED.
[2024-06-20T07:29:20.262+0000] {logging_mixin.py:188} INFO - Nama kolom di DataFrame: Index(['employeeID', 'territoryID'], dtype='object')
[2024-06-20T07:29:20.938+0000] {cursor.py:1149} INFO - Number of results in first chunk: 1
[2024-06-20T07:29:21.741+0000] {ssl_wrap_socket.py:100} INFO - THIS CONNECTION IS IN INSECURE MODE. IT MEANS THE CERTIFICATE WILL BE VALIDATED BUT THE CERTIFICATE REVOCATION STATUS WILL NOT BE CHECKED.
[2024-06-20T07:29:24.456+0000] {cursor.py:1149} INFO - Number of results in first chunk: 1
[2024-06-20T07:29:25.099+0000] {cursor.py:1149} INFO - Number of results in first chunk: 2
[2024-06-20T07:29:25.501+0000] {cursor.py:1149} INFO - Number of results in first chunk: 1
[2024-06-20T07:29:26.399+0000] {cursor.py:1149} INFO - Number of results in first chunk: 1
[2024-06-20T07:29:28.042+0000] {cursor.py:1149} INFO - Number of results in first chunk: 1
[2024-06-20T07:29:28.043+0000] {logging_mixin.py:188} INFO - Done employee_territories.
[2024-06-20T07:29:28.044+0000] {connection.py:762} INFO - closed
[2024-06-20T07:29:28.374+0000] {connection.py:768} INFO - No async queries seem to be running, deleting session
[2024-06-20T07:29:28.756+0000] {python.py:237} INFO - Done. Returned value was: None
[2024-06-20T07:29:28.758+0000] {taskinstance.py:441} INFO - ::group::Post task execution logs
[2024-06-20T07:29:28.787+0000] {taskinstance.py:1206} INFO - Marking task as SUCCESS. dag_id=ELT-PROJECT, task_id=load.load_employee_territories, run_id=manual__2024-06-20T07:09:38.899967+00:00, execution_date=20240620T070938, start_date=20240620T072917, end_date=20240620T072928
[2024-06-20T07:29:28.863+0000] {local_task_job_runner.py:240} INFO - Task exited with return code 0
[2024-06-20T07:29:29.023+0000] {taskinstance.py:3503} INFO - 0 downstream tasks scheduled from follow-on schedule check
[2024-06-20T07:29:29.027+0000] {local_task_job_runner.py:222} INFO - ::endgroup::
