[2024-06-17T12:26:04.216+0000] {local_task_job_runner.py:120} INFO - ::group::Pre task execution logs
[2024-06-17T12:26:04.367+0000] {taskinstance.py:2076} INFO - Dependencies all met for dep_context=non-requeueable deps ti=<TaskInstance: ELT-PROJECT.load_process.load_suppliers manual__2024-06-17T12:20:28.303593+00:00 [queued]>
[2024-06-17T12:26:04.420+0000] {taskinstance.py:2076} INFO - Dependencies all met for dep_context=requeueable deps ti=<TaskInstance: ELT-PROJECT.load_process.load_suppliers manual__2024-06-17T12:20:28.303593+00:00 [queued]>
[2024-06-17T12:26:04.426+0000] {taskinstance.py:2306} INFO - Starting attempt 2 of 2
[2024-06-17T12:26:04.501+0000] {taskinstance.py:2330} INFO - Executing <Task(_PythonDecoratedOperator): load_process.load_suppliers> on 2024-06-17 12:20:28.303593+00:00
[2024-06-17T12:26:04.576+0000] {logging_mixin.py:188} WARNING - /home/airflow/.local/lib/python3.12/site-packages/airflow/task/task_runner/standard_task_runner.py:61 DeprecationWarning: This process (pid=3050) is multi-threaded, use of fork() may lead to deadlocks in the child.
[2024-06-17T12:26:04.591+0000] {standard_task_runner.py:63} INFO - Started process 3078 to run task
[2024-06-17T12:26:04.563+0000] {standard_task_runner.py:90} INFO - Running: ['airflow', 'tasks', 'run', 'ELT-PROJECT', 'load_process.load_suppliers', 'manual__2024-06-17T12:20:28.303593+00:00', '--job-id', '297', '--raw', '--subdir', 'DAGS_FOLDER/elt.py', '--cfg-path', '/tmp/tmpb6ee3p0o']
[2024-06-17T12:26:04.617+0000] {standard_task_runner.py:91} INFO - Job 297: Subtask load_process.load_suppliers
[2024-06-17T12:26:04.730+0000] {logging_mixin.py:188} WARNING - /home/airflow/.local/lib/python3.12/site-packages/airflow/settings.py:195 DeprecationWarning: The sql_alchemy_conn option in [core] has been moved to the sql_alchemy_conn option in [database] - the old setting has been used, but please update your config.
[2024-06-17T12:26:04.913+0000] {task_command.py:426} INFO - Running <TaskInstance: ELT-PROJECT.load_process.load_suppliers manual__2024-06-17T12:20:28.303593+00:00 [running]> on host airflow-scheduler
[2024-06-17T12:26:06.333+0000] {taskinstance.py:2648} INFO - Exporting env vars: AIRFLOW_CTX_DAG_OWNER='Data-Ninja' AIRFLOW_CTX_DAG_ID='ELT-PROJECT' AIRFLOW_CTX_TASK_ID='load_process.load_suppliers' AIRFLOW_CTX_EXECUTION_DATE='2024-06-17T12:20:28.303593+00:00' AIRFLOW_CTX_TRY_NUMBER='2' AIRFLOW_CTX_DAG_RUN_ID='manual__2024-06-17T12:20:28.303593+00:00'
[2024-06-17T12:26:06.337+0000] {taskinstance.py:430} INFO - ::endgroup::
[2024-06-17T12:26:06.352+0000] {connection.py:399} INFO - Snowflake Connector for Python Version: 3.10.1, Python Version: 3.12.4, Platform: Linux-5.15.133.1-microsoft-standard-WSL2-x86_64-with-glibc2.36
[2024-06-17T12:26:06.378+0000] {connection.py:1249} INFO - THIS CONNECTION IS IN INSECURE MODE. IT MEANS THE CERTIFICATE WILL BE VALIDATED BUT THE CERTIFICATE REVOCATION STATUS WILL NOT BE CHECKED.
[2024-06-17T12:26:06.816+0000] {ssl_wrap_socket.py:100} INFO - THIS CONNECTION IS IN INSECURE MODE. IT MEANS THE CERTIFICATE WILL BE VALIDATED BUT THE CERTIFICATE REVOCATION STATUS WILL NOT BE CHECKED.
[2024-06-17T12:26:07.398+0000] {logging_mixin.py:188} INFO - Nama kolom di DataFrame: Index(['territoryID', 'territoryDescription', 'regionID'], dtype='object')
[2024-06-17T12:26:07.892+0000] {cursor.py:1149} INFO - Number of results in first chunk: 1
[2024-06-17T12:26:08.532+0000] {ssl_wrap_socket.py:100} INFO - THIS CONNECTION IS IN INSECURE MODE. IT MEANS THE CERTIFICATE WILL BE VALIDATED BUT THE CERTIFICATE REVOCATION STATUS WILL NOT BE CHECKED.
[2024-06-17T12:26:11.289+0000] {cursor.py:1149} INFO - Number of results in first chunk: 1
[2024-06-17T12:26:12.183+0000] {cursor.py:1149} INFO - Number of results in first chunk: 3
[2024-06-17T12:26:12.549+0000] {cursor.py:1149} INFO - Number of results in first chunk: 1
[2024-06-17T12:26:12.949+0000] {cursor.py:1149} INFO - Number of results in first chunk: 1
[2024-06-17T12:26:13.456+0000] {taskinstance.py:441} INFO - ::group::Post task execution logs
[2024-06-17T12:26:13.461+0000] {taskinstance.py:2905} ERROR - Task failed with exception
Traceback (most recent call last):
  File "/home/airflow/.local/lib/python3.12/site-packages/airflow/models/taskinstance.py", line 465, in _execute_task
    result = _execute_callable(context=context, **execute_callable_kwargs)
             ^^^^^^^^^^^^^^^^^^^^^^^^^^^^^^^^^^^^^^^^^^^^^^^^^^^^^^^^^^^^^
  File "/home/airflow/.local/lib/python3.12/site-packages/airflow/models/taskinstance.py", line 432, in _execute_callable
    return execute_callable(context=context, **execute_callable_kwargs)
           ^^^^^^^^^^^^^^^^^^^^^^^^^^^^^^^^^^^^^^^^^^^^^^^^^^^^^^^^^^^^
  File "/home/airflow/.local/lib/python3.12/site-packages/airflow/models/baseoperator.py", line 401, in wrapper
    return func(self, *args, **kwargs)
           ^^^^^^^^^^^^^^^^^^^^^^^^^^^
  File "/home/airflow/.local/lib/python3.12/site-packages/airflow/decorators/base.py", line 265, in execute
    return_value = super().execute(context)
                   ^^^^^^^^^^^^^^^^^^^^^^^^
  File "/home/airflow/.local/lib/python3.12/site-packages/airflow/models/baseoperator.py", line 401, in wrapper
    return func(self, *args, **kwargs)
           ^^^^^^^^^^^^^^^^^^^^^^^^^^^
  File "/home/airflow/.local/lib/python3.12/site-packages/airflow/operators/python.py", line 235, in execute
    return_value = self.execute_callable()
                   ^^^^^^^^^^^^^^^^^^^^^^^
  File "/home/airflow/.local/lib/python3.12/site-packages/airflow/operators/python.py", line 252, in execute_callable
    return self.python_callable(*self.op_args, **self.op_kwargs)
           ^^^^^^^^^^^^^^^^^^^^^^^^^^^^^^^^^^^^^^^^^^^^^^^^^^^^^
  File "/opt/airflow/dags/elt.py", line 67, in load
    load_func(df=df, filename=table_name)
  File "/local_module/loaders.py", line 34, in load_func
    write_pandas(
  File "/home/airflow/.local/lib/python3.12/site-packages/snowflake/connector/pandas_tools.py", line 438, in write_pandas
    copy_results = cursor.execute(copy_into_sql, _is_internal=True).fetchall()
                   ^^^^^^^^^^^^^^^^^^^^^^^^^^^^^^^^^^^^^^^^^^^^^^^^
  File "/home/airflow/.local/lib/python3.12/site-packages/snowflake/connector/cursor.py", line 1080, in execute
    Error.errorhandler_wrapper(self.connection, self, error_class, errvalue)
  File "/home/airflow/.local/lib/python3.12/site-packages/snowflake/connector/errors.py", line 290, in errorhandler_wrapper
    handed_over = Error.hand_to_other_handler(
                  ^^^^^^^^^^^^^^^^^^^^^^^^^^^^
  File "/home/airflow/.local/lib/python3.12/site-packages/snowflake/connector/errors.py", line 345, in hand_to_other_handler
    cursor.errorhandler(connection, cursor, error_class, error_value)
  File "/home/airflow/.local/lib/python3.12/site-packages/snowflake/connector/errors.py", line 221, in default_errorhandler
    raise error_class(
snowflake.connector.errors.ProgrammingError: 000904 (42000): 01b511ca-0000-8bcc-0000-ec9500046bde: SQL compilation error: error line 1 at position 82
invalid identifier 'TERRITORYID'
[2024-06-17T12:26:13.612+0000] {taskinstance.py:222} INFO - Forcing task load_process.load_territories to fail due to dag's `fail_stop` setting
[2024-06-17T12:26:13.615+0000] {taskinstance.py:1774} ERROR - Recording the task instance as FAILED
[2024-06-17T12:26:13.663+0000] {taskinstance.py:222} INFO - Forcing task load_process.load_categories to fail due to dag's `fail_stop` setting
[2024-06-17T12:26:13.665+0000] {taskinstance.py:1774} ERROR - Recording the task instance as FAILED
[2024-06-17T12:26:13.707+0000] {taskinstance.py:222} INFO - Forcing task load_process.load_customers to fail due to dag's `fail_stop` setting
[2024-06-17T12:26:13.708+0000] {taskinstance.py:1774} ERROR - Recording the task instance as FAILED
[2024-06-17T12:26:13.735+0000] {taskinstance.py:222} INFO - Forcing task load_process.load_products to fail due to dag's `fail_stop` setting
[2024-06-17T12:26:13.736+0000] {taskinstance.py:1774} ERROR - Recording the task instance as FAILED
[2024-06-17T12:26:13.759+0000] {taskinstance.py:222} INFO - Forcing task load_process.load_orders to fail due to dag's `fail_stop` setting
[2024-06-17T12:26:13.760+0000] {taskinstance.py:1774} ERROR - Recording the task instance as FAILED
[2024-06-17T12:26:13.780+0000] {taskinstance.py:222} INFO - Forcing task load_process.load_order_details to fail due to dag's `fail_stop` setting
[2024-06-17T12:26:13.781+0000] {taskinstance.py:1774} ERROR - Recording the task instance as FAILED
[2024-06-17T12:26:13.803+0000] {taskinstance.py:222} INFO - Forcing task load_process.load_employees to fail due to dag's `fail_stop` setting
[2024-06-17T12:26:13.804+0000] {taskinstance.py:1774} ERROR - Recording the task instance as FAILED
[2024-06-17T12:26:13.835+0000] {taskinstance.py:222} INFO - Forcing task load_process.load_employee_territories to fail due to dag's `fail_stop` setting
[2024-06-17T12:26:13.837+0000] {taskinstance.py:1774} ERROR - Recording the task instance as FAILED
[2024-06-17T12:26:13.875+0000] {taskinstance.py:222} INFO - Forcing task load_process.load_shippers to fail due to dag's `fail_stop` setting
[2024-06-17T12:26:13.877+0000] {taskinstance.py:1774} ERROR - Recording the task instance as FAILED
[2024-06-17T12:26:13.902+0000] {taskinstance.py:222} INFO - Forcing task load_process.load_regions to fail due to dag's `fail_stop` setting
[2024-06-17T12:26:13.903+0000] {taskinstance.py:1774} ERROR - Recording the task instance as FAILED
[2024-06-17T12:26:13.924+0000] {taskinstance.py:1206} INFO - Marking task as FAILED. dag_id=ELT-PROJECT, task_id=load_process.load_suppliers, run_id=manual__2024-06-17T12:20:28.303593+00:00, execution_date=20240617T122028, start_date=20240617T122604, end_date=20240617T122613
[2024-06-17T12:26:13.965+0000] {standard_task_runner.py:110} ERROR - Failed to execute job 297 for task load_process.load_suppliers (000904 (42000): 01b511ca-0000-8bcc-0000-ec9500046bde: SQL compilation error: error line 1 at position 82
invalid identifier 'TERRITORYID'; 3078)
[2024-06-17T12:26:13.985+0000] {local_task_job_runner.py:240} INFO - Task exited with return code 1
[2024-06-17T12:26:14.021+0000] {taskinstance.py:3503} INFO - 0 downstream tasks scheduled from follow-on schedule check
[2024-06-17T12:26:14.024+0000] {local_task_job_runner.py:222} INFO - ::endgroup::
