[2024-06-20T04:14:27.708+0000] {local_task_job_runner.py:120} INFO - ::group::Pre task execution logs
[2024-06-20T04:14:27.817+0000] {taskinstance.py:2076} INFO - Dependencies all met for dep_context=non-requeueable deps ti=<TaskInstance: ELT-PROJECT.load.load_suppliers manual__2024-06-20T04:14:16.977847+00:00 [queued]>
[2024-06-20T04:14:27.858+0000] {taskinstance.py:2076} INFO - Dependencies all met for dep_context=requeueable deps ti=<TaskInstance: ELT-PROJECT.load.load_suppliers manual__2024-06-20T04:14:16.977847+00:00 [queued]>
[2024-06-20T04:14:27.859+0000] {taskinstance.py:2306} INFO - Starting attempt 1 of 2
[2024-06-20T04:14:27.899+0000] {taskinstance.py:2330} INFO - Executing <Task(_PythonDecoratedOperator): load.load_suppliers> on 2024-06-20 04:14:16.977847+00:00
[2024-06-20T04:14:27.924+0000] {logging_mixin.py:188} WARNING - /home/airflow/.local/lib/python3.12/site-packages/airflow/task/task_runner/standard_task_runner.py:61 DeprecationWarning: This process (pid=991) is multi-threaded, use of fork() may lead to deadlocks in the child.
[2024-06-20T04:14:27.941+0000] {standard_task_runner.py:63} INFO - Started process 1011 to run task
[2024-06-20T04:14:27.943+0000] {standard_task_runner.py:90} INFO - Running: ['airflow', 'tasks', 'run', 'ELT-PROJECT', 'load.load_suppliers', 'manual__2024-06-20T04:14:16.977847+00:00', '--job-id', '27', '--raw', '--subdir', 'DAGS_FOLDER/elt.py', '--cfg-path', '/tmp/tmpnbw_6pr1']
[2024-06-20T04:14:27.949+0000] {standard_task_runner.py:91} INFO - Job 27: Subtask load.load_suppliers
[2024-06-20T04:14:28.031+0000] {logging_mixin.py:188} WARNING - /home/airflow/.local/lib/python3.12/site-packages/airflow/settings.py:195 DeprecationWarning: The sql_alchemy_conn option in [core] has been moved to the sql_alchemy_conn option in [database] - the old setting has been used, but please update your config.
[2024-06-20T04:14:28.227+0000] {task_command.py:426} INFO - Running <TaskInstance: ELT-PROJECT.load.load_suppliers manual__2024-06-20T04:14:16.977847+00:00 [running]> on host airflow-scheduler
[2024-06-20T04:14:28.924+0000] {taskinstance.py:2648} INFO - Exporting env vars: AIRFLOW_CTX_DAG_OWNER='Data-Ninja' AIRFLOW_CTX_DAG_ID='ELT-PROJECT' AIRFLOW_CTX_TASK_ID='load.load_suppliers' AIRFLOW_CTX_EXECUTION_DATE='2024-06-20T04:14:16.977847+00:00' AIRFLOW_CTX_TRY_NUMBER='1' AIRFLOW_CTX_DAG_RUN_ID='manual__2024-06-20T04:14:16.977847+00:00'
[2024-06-20T04:14:28.928+0000] {taskinstance.py:430} INFO - ::endgroup::
[2024-06-20T04:14:28.930+0000] {connection.py:399} INFO - Snowflake Connector for Python Version: 3.10.1, Python Version: 3.12.4, Platform: Linux-5.15.133.1-microsoft-standard-WSL2-x86_64-with-glibc2.36
[2024-06-20T04:14:28.932+0000] {connection.py:1249} INFO - THIS CONNECTION IS IN INSECURE MODE. IT MEANS THE CERTIFICATE WILL BE VALIDATED BUT THE CERTIFICATE REVOCATION STATUS WILL NOT BE CHECKED.
[2024-06-20T04:14:29.339+0000] {ssl_wrap_socket.py:100} INFO - THIS CONNECTION IS IN INSECURE MODE. IT MEANS THE CERTIFICATE WILL BE VALIDATED BUT THE CERTIFICATE REVOCATION STATUS WILL NOT BE CHECKED.
[2024-06-20T04:14:30.135+0000] {logging_mixin.py:188} INFO - Nama kolom di DataFrame: Index(['supplierID', 'companyName', 'contactName', 'contactTitle', 'address',
       'city', 'region', 'postalCode', 'country', 'phone', 'fax', 'homePage'],
      dtype='object')
[2024-06-20T04:14:31.003+0000] {cursor.py:1149} INFO - Number of results in first chunk: 1
[2024-06-20T04:14:31.647+0000] {ssl_wrap_socket.py:100} INFO - THIS CONNECTION IS IN INSECURE MODE. IT MEANS THE CERTIFICATE WILL BE VALIDATED BUT THE CERTIFICATE REVOCATION STATUS WILL NOT BE CHECKED.
[2024-06-20T04:14:34.351+0000] {cursor.py:1149} INFO - Number of results in first chunk: 1
[2024-06-20T04:14:35.087+0000] {cursor.py:1149} INFO - Number of results in first chunk: 12
[2024-06-20T04:14:35.434+0000] {cursor.py:1149} INFO - Number of results in first chunk: 1
[2024-06-20T04:14:36.237+0000] {cursor.py:1149} INFO - Number of results in first chunk: 1
[2024-06-20T04:14:37.623+0000] {cursor.py:1149} INFO - Number of results in first chunk: 1
[2024-06-20T04:14:37.625+0000] {logging_mixin.py:188} INFO - Done suppliers.
[2024-06-20T04:14:37.626+0000] {connection.py:762} INFO - closed
[2024-06-20T04:14:37.967+0000] {connection.py:768} INFO - No async queries seem to be running, deleting session
[2024-06-20T04:14:38.819+0000] {python.py:237} INFO - Done. Returned value was: None
[2024-06-20T04:14:38.820+0000] {taskinstance.py:441} INFO - ::group::Post task execution logs
[2024-06-20T04:14:38.836+0000] {taskinstance.py:1206} INFO - Marking task as SUCCESS. dag_id=ELT-PROJECT, task_id=load.load_suppliers, run_id=manual__2024-06-20T04:14:16.977847+00:00, execution_date=20240620T041416, start_date=20240620T041427, end_date=20240620T041438
[2024-06-20T04:14:38.898+0000] {local_task_job_runner.py:240} INFO - Task exited with return code 0
[2024-06-20T04:14:38.920+0000] {taskinstance.py:3503} INFO - 0 downstream tasks scheduled from follow-on schedule check
[2024-06-20T04:14:38.923+0000] {local_task_job_runner.py:222} INFO - ::endgroup::
