[2024-06-20T07:40:10.858+0000] {local_task_job_runner.py:120} INFO - ::group::Pre task execution logs
[2024-06-20T07:40:10.935+0000] {taskinstance.py:2076} INFO - Dependencies all met for dep_context=non-requeueable deps ti=<TaskInstance: ELT-PROJECT.load.load_employee_territories manual__2024-06-20T07:39:50.213563+00:00 [queued]>
[2024-06-20T07:40:10.977+0000] {taskinstance.py:2076} INFO - Dependencies all met for dep_context=requeueable deps ti=<TaskInstance: ELT-PROJECT.load.load_employee_territories manual__2024-06-20T07:39:50.213563+00:00 [queued]>
[2024-06-20T07:40:10.978+0000] {taskinstance.py:2306} INFO - Starting attempt 1 of 2
[2024-06-20T07:40:11.085+0000] {taskinstance.py:2330} INFO - Executing <Task(_PythonDecoratedOperator): load.load_employee_territories> on 2024-06-20 07:39:50.213563+00:00
[2024-06-20T07:40:11.110+0000] {logging_mixin.py:188} WARNING - /home/airflow/.local/lib/python3.12/site-packages/airflow/task/task_runner/standard_task_runner.py:61 DeprecationWarning: This process (pid=1159) is multi-threaded, use of fork() may lead to deadlocks in the child.
[2024-06-20T07:40:11.110+0000] {standard_task_runner.py:90} INFO - Running: ['airflow', 'tasks', 'run', 'ELT-PROJECT', 'load.load_employee_territories', 'manual__2024-06-20T07:39:50.213563+00:00', '--job-id', '179', '--raw', '--subdir', 'DAGS_FOLDER/elt.py', '--cfg-path', '/tmp/tmp0kn8wcwe']
[2024-06-20T07:40:11.125+0000] {standard_task_runner.py:63} INFO - Started process 1203 to run task
[2024-06-20T07:40:11.135+0000] {standard_task_runner.py:91} INFO - Job 179: Subtask load.load_employee_territories
[2024-06-20T07:40:11.212+0000] {logging_mixin.py:188} WARNING - /home/airflow/.local/lib/python3.12/site-packages/airflow/settings.py:195 DeprecationWarning: The sql_alchemy_conn option in [core] has been moved to the sql_alchemy_conn option in [database] - the old setting has been used, but please update your config.
[2024-06-20T07:40:11.469+0000] {task_command.py:426} INFO - Running <TaskInstance: ELT-PROJECT.load.load_employee_territories manual__2024-06-20T07:39:50.213563+00:00 [running]> on host airflow-scheduler
[2024-06-20T07:40:12.950+0000] {taskinstance.py:2648} INFO - Exporting env vars: AIRFLOW_CTX_DAG_OWNER='Data-Ninja' AIRFLOW_CTX_DAG_ID='ELT-PROJECT' AIRFLOW_CTX_TASK_ID='load.load_employee_territories' AIRFLOW_CTX_EXECUTION_DATE='2024-06-20T07:39:50.213563+00:00' AIRFLOW_CTX_TRY_NUMBER='1' AIRFLOW_CTX_DAG_RUN_ID='manual__2024-06-20T07:39:50.213563+00:00'
[2024-06-20T07:40:12.952+0000] {taskinstance.py:430} INFO - ::endgroup::
[2024-06-20T07:40:12.956+0000] {connection.py:399} INFO - Snowflake Connector for Python Version: 3.10.1, Python Version: 3.12.4, Platform: Linux-5.15.133.1-microsoft-standard-WSL2-x86_64-with-glibc2.36
[2024-06-20T07:40:12.958+0000] {connection.py:1249} INFO - THIS CONNECTION IS IN INSECURE MODE. IT MEANS THE CERTIFICATE WILL BE VALIDATED BUT THE CERTIFICATE REVOCATION STATUS WILL NOT BE CHECKED.
[2024-06-20T07:40:13.078+0000] {ssl_wrap_socket.py:100} INFO - THIS CONNECTION IS IN INSECURE MODE. IT MEANS THE CERTIFICATE WILL BE VALIDATED BUT THE CERTIFICATE REVOCATION STATUS WILL NOT BE CHECKED.
[2024-06-20T07:40:13.455+0000] {logging_mixin.py:188} INFO - Nama kolom di DataFrame: Index(['employeeID', 'territoryID'], dtype='object')
[2024-06-20T07:40:13.856+0000] {cursor.py:1149} INFO - Number of results in first chunk: 1
[2024-06-20T07:40:14.519+0000] {ssl_wrap_socket.py:100} INFO - THIS CONNECTION IS IN INSECURE MODE. IT MEANS THE CERTIFICATE WILL BE VALIDATED BUT THE CERTIFICATE REVOCATION STATUS WILL NOT BE CHECKED.
[2024-06-20T07:40:17.455+0000] {cursor.py:1149} INFO - Number of results in first chunk: 1
[2024-06-20T07:40:18.619+0000] {cursor.py:1149} INFO - Number of results in first chunk: 2
[2024-06-20T07:40:18.969+0000] {cursor.py:1149} INFO - Number of results in first chunk: 1
[2024-06-20T07:40:19.715+0000] {cursor.py:1149} INFO - Number of results in first chunk: 1
[2024-06-20T07:40:21.203+0000] {cursor.py:1149} INFO - Number of results in first chunk: 1
[2024-06-20T07:40:21.207+0000] {logging_mixin.py:188} INFO - Done employee_territories.
[2024-06-20T07:40:21.210+0000] {connection.py:762} INFO - closed
[2024-06-20T07:40:21.551+0000] {connection.py:768} INFO - No async queries seem to be running, deleting session
[2024-06-20T07:40:21.899+0000] {python.py:237} INFO - Done. Returned value was: None
[2024-06-20T07:40:21.902+0000] {taskinstance.py:441} INFO - ::group::Post task execution logs
[2024-06-20T07:40:21.946+0000] {taskinstance.py:1206} INFO - Marking task as SUCCESS. dag_id=ELT-PROJECT, task_id=load.load_employee_territories, run_id=manual__2024-06-20T07:39:50.213563+00:00, execution_date=20240620T073950, start_date=20240620T074010, end_date=20240620T074021
[2024-06-20T07:40:22.031+0000] {local_task_job_runner.py:240} INFO - Task exited with return code 0
[2024-06-20T07:40:22.278+0000] {taskinstance.py:3503} INFO - 0 downstream tasks scheduled from follow-on schedule check
[2024-06-20T07:40:22.283+0000] {local_task_job_runner.py:222} INFO - ::endgroup::
