[2024-06-20T09:32:47.629+0000] {local_task_job_runner.py:120} INFO - ::group::Pre task execution logs
[2024-06-20T09:32:47.708+0000] {taskinstance.py:2076} INFO - Dependencies all met for dep_context=non-requeueable deps ti=<TaskInstance: ELT-PROJECT.extract.extract_shippers manual__2024-06-20T09:32:39.273282+00:00 [queued]>
[2024-06-20T09:32:47.749+0000] {taskinstance.py:2076} INFO - Dependencies all met for dep_context=requeueable deps ti=<TaskInstance: ELT-PROJECT.extract.extract_shippers manual__2024-06-20T09:32:39.273282+00:00 [queued]>
[2024-06-20T09:32:47.752+0000] {taskinstance.py:2306} INFO - Starting attempt 1 of 2
[2024-06-20T09:32:47.810+0000] {taskinstance.py:2330} INFO - Executing <Task(_PythonDecoratedOperator): extract.extract_shippers> on 2024-06-20 09:32:39.273282+00:00
[2024-06-20T09:32:47.859+0000] {logging_mixin.py:188} WARNING - /home/airflow/.local/lib/python3.12/site-packages/airflow/task/task_runner/standard_task_runner.py:61 DeprecationWarning: This process (pid=6485) is multi-threaded, use of fork() may lead to deadlocks in the child.
[2024-06-20T09:32:47.861+0000] {standard_task_runner.py:90} INFO - Running: ['airflow', 'tasks', 'run', 'ELT-PROJECT', 'extract.extract_shippers', 'manual__2024-06-20T09:32:39.273282+00:00', '--job-id', '395', '--raw', '--subdir', 'DAGS_FOLDER/elt.py', '--cfg-path', '/tmp/tmpgagzbkc5']
[2024-06-20T09:32:47.869+0000] {standard_task_runner.py:63} INFO - Started process 6506 to run task
[2024-06-20T09:32:47.872+0000] {standard_task_runner.py:91} INFO - Job 395: Subtask extract.extract_shippers
[2024-06-20T09:32:47.952+0000] {logging_mixin.py:188} WARNING - /home/airflow/.local/lib/python3.12/site-packages/airflow/settings.py:195 DeprecationWarning: The sql_alchemy_conn option in [core] has been moved to the sql_alchemy_conn option in [database] - the old setting has been used, but please update your config.
[2024-06-20T09:32:48.227+0000] {task_command.py:426} INFO - Running <TaskInstance: ELT-PROJECT.extract.extract_shippers manual__2024-06-20T09:32:39.273282+00:00 [running]> on host airflow-scheduler
[2024-06-20T09:32:48.736+0000] {taskinstance.py:2648} INFO - Exporting env vars: AIRFLOW_CTX_DAG_OWNER='Data-Ninja' AIRFLOW_CTX_DAG_ID='ELT-PROJECT' AIRFLOW_CTX_TASK_ID='extract.extract_shippers' AIRFLOW_CTX_EXECUTION_DATE='2024-06-20T09:32:39.273282+00:00' AIRFLOW_CTX_TRY_NUMBER='1' AIRFLOW_CTX_DAG_RUN_ID='manual__2024-06-20T09:32:39.273282+00:00'
[2024-06-20T09:32:48.741+0000] {taskinstance.py:430} INFO - ::endgroup::
[2024-06-20T09:32:49.281+0000] {python.py:237} INFO - Done. Returned value was:    shipperID       companyName           phone
0          1    Speedy Express  (503) 555-9831
1          2    United Package  (503) 555-3199
2          3  Federal Shipping  (503) 555-9931
[2024-06-20T09:32:49.343+0000] {taskinstance.py:441} INFO - ::group::Post task execution logs
[2024-06-20T09:32:50.278+0000] {taskinstance.py:1206} INFO - Marking task as SUCCESS. dag_id=ELT-PROJECT, task_id=extract.extract_shippers, run_id=manual__2024-06-20T09:32:39.273282+00:00, execution_date=20240620T093239, start_date=20240620T093247, end_date=20240620T093250
[2024-06-20T09:32:50.482+0000] {local_task_job_runner.py:240} INFO - Task exited with return code 0
[2024-06-20T09:32:50.557+0000] {local_task_job_runner.py:222} INFO - ::endgroup::
