[2024-06-17T12:48:42.216+0000] {local_task_job_runner.py:120} INFO - ::group::Pre task execution logs
[2024-06-17T12:48:42.356+0000] {taskinstance.py:2076} INFO - Dependencies all met for dep_context=non-requeueable deps ti=<TaskInstance: ELT-PROJECT.extract_process.extract_customers manual__2024-06-17T12:48:31.919232+00:00 [queued]>
[2024-06-17T12:48:42.391+0000] {taskinstance.py:2076} INFO - Dependencies all met for dep_context=requeueable deps ti=<TaskInstance: ELT-PROJECT.extract_process.extract_customers manual__2024-06-17T12:48:31.919232+00:00 [queued]>
[2024-06-17T12:48:42.392+0000] {taskinstance.py:2306} INFO - Starting attempt 1 of 2
[2024-06-17T12:48:42.451+0000] {taskinstance.py:2330} INFO - Executing <Task(_PythonDecoratedOperator): extract_process.extract_customers> on 2024-06-17 12:48:31.919232+00:00
[2024-06-17T12:48:42.494+0000] {logging_mixin.py:188} WARNING - /home/airflow/.local/lib/python3.12/site-packages/airflow/task/task_runner/standard_task_runner.py:61 DeprecationWarning: This process (pid=3746) is multi-threaded, use of fork() may lead to deadlocks in the child.
[2024-06-17T12:48:42.503+0000] {standard_task_runner.py:63} INFO - Started process 3787 to run task
[2024-06-17T12:48:42.501+0000] {standard_task_runner.py:90} INFO - Running: ['airflow', 'tasks', 'run', 'ELT-PROJECT', 'extract_process.extract_customers', 'manual__2024-06-17T12:48:31.919232+00:00', '--job-id', '378', '--raw', '--subdir', 'DAGS_FOLDER/elt.py', '--cfg-path', '/tmp/tmpqz737db9']
[2024-06-17T12:48:42.512+0000] {standard_task_runner.py:91} INFO - Job 378: Subtask extract_process.extract_customers
[2024-06-17T12:48:42.611+0000] {logging_mixin.py:188} WARNING - /home/airflow/.local/lib/python3.12/site-packages/airflow/settings.py:195 DeprecationWarning: The sql_alchemy_conn option in [core] has been moved to the sql_alchemy_conn option in [database] - the old setting has been used, but please update your config.
[2024-06-17T12:48:42.808+0000] {task_command.py:426} INFO - Running <TaskInstance: ELT-PROJECT.extract_process.extract_customers manual__2024-06-17T12:48:31.919232+00:00 [running]> on host airflow-scheduler
[2024-06-17T12:48:43.262+0000] {taskinstance.py:2648} INFO - Exporting env vars: AIRFLOW_CTX_DAG_OWNER='Data-Ninja' AIRFLOW_CTX_DAG_ID='ELT-PROJECT' AIRFLOW_CTX_TASK_ID='extract_process.extract_customers' AIRFLOW_CTX_EXECUTION_DATE='2024-06-17T12:48:31.919232+00:00' AIRFLOW_CTX_TRY_NUMBER='1' AIRFLOW_CTX_DAG_RUN_ID='manual__2024-06-17T12:48:31.919232+00:00'
[2024-06-17T12:48:43.266+0000] {taskinstance.py:430} INFO - ::endgroup::
[2024-06-17T12:48:43.268+0000] {logging_mixin.py:188} INFO - Extracting from: https://raw.githubusercontent.com/graphql-compose/graphql-compose-examples/master/examples/northwind/data/csv/customers.csv
[2024-06-17T12:48:43.869+0000] {python.py:237} INFO - Done. Returned value was:    customerID  ...             fax
0       ALFKI  ...     030-0076545
1       ANATR  ...    (5) 555-3745
2       ANTON  ...             NaN
3       AROUT  ...  (171) 555-6750
4       BERGS  ...   0921-12 34 67
..        ...  ...             ...
86      WARTH  ...      981-443655
87      WELLI  ...             NaN
88      WHITC  ...  (206) 555-4115
89      WILMK  ...     90-224 8858
90      WOLZA  ...   (26) 642-7012

[91 rows x 11 columns]
[2024-06-17T12:48:43.943+0000] {taskinstance.py:441} INFO - ::group::Post task execution logs
[2024-06-17T12:48:44.087+0000] {taskinstance.py:1206} INFO - Marking task as SUCCESS. dag_id=ELT-PROJECT, task_id=extract_process.extract_customers, run_id=manual__2024-06-17T12:48:31.919232+00:00, execution_date=20240617T124831, start_date=20240617T124842, end_date=20240617T124844
[2024-06-17T12:48:44.162+0000] {local_task_job_runner.py:240} INFO - Task exited with return code 0
[2024-06-17T12:48:44.201+0000] {taskinstance.py:3503} INFO - 0 downstream tasks scheduled from follow-on schedule check
[2024-06-17T12:48:44.205+0000] {local_task_job_runner.py:222} INFO - ::endgroup::
