[2024-06-20T07:29:51.589+0000] {local_task_job_runner.py:120} INFO - ::group::Pre task execution logs
[2024-06-20T07:29:51.721+0000] {taskinstance.py:2076} INFO - Dependencies all met for dep_context=non-requeueable deps ti=<TaskInstance: ELT-PROJECT.load.load_suppliers manual__2024-06-20T07:29:25.850609+00:00 [queued]>
[2024-06-20T07:29:51.812+0000] {taskinstance.py:2076} INFO - Dependencies all met for dep_context=requeueable deps ti=<TaskInstance: ELT-PROJECT.load.load_suppliers manual__2024-06-20T07:29:25.850609+00:00 [queued]>
[2024-06-20T07:29:51.814+0000] {taskinstance.py:2306} INFO - Starting attempt 1 of 2
[2024-06-20T07:29:52.058+0000] {taskinstance.py:2330} INFO - Executing <Task(_PythonDecoratedOperator): load.load_suppliers> on 2024-06-20 07:29:25.850609+00:00
[2024-06-20T07:29:52.150+0000] {logging_mixin.py:188} WARNING - /home/airflow/.local/lib/python3.12/site-packages/airflow/task/task_runner/standard_task_runner.py:61 DeprecationWarning: This process (pid=534) is multi-threaded, use of fork() may lead to deadlocks in the child.
[2024-06-20T07:29:52.177+0000] {standard_task_runner.py:63} INFO - Started process 603 to run task
[2024-06-20T07:29:52.175+0000] {standard_task_runner.py:90} INFO - Running: ['airflow', 'tasks', 'run', 'ELT-PROJECT', 'load.load_suppliers', 'manual__2024-06-20T07:29:25.850609+00:00', '--job-id', '122', '--raw', '--subdir', 'DAGS_FOLDER/elt.py', '--cfg-path', '/tmp/tmp6v015kkp']
[2024-06-20T07:29:52.181+0000] {standard_task_runner.py:91} INFO - Job 122: Subtask load.load_suppliers
[2024-06-20T07:29:52.254+0000] {logging_mixin.py:188} WARNING - /home/airflow/.local/lib/python3.12/site-packages/airflow/settings.py:195 DeprecationWarning: The sql_alchemy_conn option in [core] has been moved to the sql_alchemy_conn option in [database] - the old setting has been used, but please update your config.
[2024-06-20T07:29:52.560+0000] {task_command.py:426} INFO - Running <TaskInstance: ELT-PROJECT.load.load_suppliers manual__2024-06-20T07:29:25.850609+00:00 [running]> on host airflow-scheduler
[2024-06-20T07:29:58.960+0000] {taskinstance.py:2648} INFO - Exporting env vars: AIRFLOW_CTX_DAG_OWNER='Data-Ninja' AIRFLOW_CTX_DAG_ID='ELT-PROJECT' AIRFLOW_CTX_TASK_ID='load.load_suppliers' AIRFLOW_CTX_EXECUTION_DATE='2024-06-20T07:29:25.850609+00:00' AIRFLOW_CTX_TRY_NUMBER='1' AIRFLOW_CTX_DAG_RUN_ID='manual__2024-06-20T07:29:25.850609+00:00'
[2024-06-20T07:29:58.962+0000] {taskinstance.py:430} INFO - ::endgroup::
[2024-06-20T07:29:58.965+0000] {connection.py:399} INFO - Snowflake Connector for Python Version: 3.10.1, Python Version: 3.12.4, Platform: Linux-5.15.133.1-microsoft-standard-WSL2-x86_64-with-glibc2.36
[2024-06-20T07:29:58.966+0000] {connection.py:1249} INFO - THIS CONNECTION IS IN INSECURE MODE. IT MEANS THE CERTIFICATE WILL BE VALIDATED BUT THE CERTIFICATE REVOCATION STATUS WILL NOT BE CHECKED.
[2024-06-20T07:29:59.351+0000] {ssl_wrap_socket.py:100} INFO - THIS CONNECTION IS IN INSECURE MODE. IT MEANS THE CERTIFICATE WILL BE VALIDATED BUT THE CERTIFICATE REVOCATION STATUS WILL NOT BE CHECKED.
[2024-06-20T07:29:59.769+0000] {logging_mixin.py:188} INFO - Nama kolom di DataFrame: Index(['supplierID', 'companyName', 'contactName', 'contactTitle', 'address',
       'city', 'region', 'postalCode', 'country', 'phone', 'fax', 'homePage'],
      dtype='object')
[2024-06-20T07:30:00.190+0000] {cursor.py:1149} INFO - Number of results in first chunk: 1
[2024-06-20T07:30:01.311+0000] {ssl_wrap_socket.py:100} INFO - THIS CONNECTION IS IN INSECURE MODE. IT MEANS THE CERTIFICATE WILL BE VALIDATED BUT THE CERTIFICATE REVOCATION STATUS WILL NOT BE CHECKED.
[2024-06-20T07:30:04.102+0000] {cursor.py:1149} INFO - Number of results in first chunk: 1
[2024-06-20T07:30:04.732+0000] {cursor.py:1149} INFO - Number of results in first chunk: 12
[2024-06-20T07:30:05.137+0000] {cursor.py:1149} INFO - Number of results in first chunk: 1
[2024-06-20T07:30:05.829+0000] {cursor.py:1149} INFO - Number of results in first chunk: 1
[2024-06-20T07:30:07.634+0000] {cursor.py:1149} INFO - Number of results in first chunk: 1
[2024-06-20T07:30:07.636+0000] {logging_mixin.py:188} INFO - Done suppliers.
[2024-06-20T07:30:07.637+0000] {connection.py:762} INFO - closed
[2024-06-20T07:30:07.990+0000] {connection.py:768} INFO - No async queries seem to be running, deleting session
[2024-06-20T07:30:08.401+0000] {python.py:237} INFO - Done. Returned value was: None
[2024-06-20T07:30:08.404+0000] {taskinstance.py:441} INFO - ::group::Post task execution logs
[2024-06-20T07:30:08.486+0000] {taskinstance.py:1206} INFO - Marking task as SUCCESS. dag_id=ELT-PROJECT, task_id=load.load_suppliers, run_id=manual__2024-06-20T07:29:25.850609+00:00, execution_date=20240620T072925, start_date=20240620T072951, end_date=20240620T073008
[2024-06-20T07:30:08.671+0000] {local_task_job_runner.py:240} INFO - Task exited with return code 0
[2024-06-20T07:30:08.711+0000] {local_task_job_runner.py:222} INFO - ::endgroup::
