[2024-06-17T12:51:48.951+0000] {local_task_job_runner.py:120} INFO - ::group::Pre task execution logs
[2024-06-17T12:51:49.159+0000] {taskinstance.py:2076} INFO - Dependencies all met for dep_context=non-requeueable deps ti=<TaskInstance: ELT-PROJECT.extract_process.extract_shippers manual__2024-06-17T12:51:38.712440+00:00 [queued]>
[2024-06-17T12:51:49.246+0000] {taskinstance.py:2076} INFO - Dependencies all met for dep_context=requeueable deps ti=<TaskInstance: ELT-PROJECT.extract_process.extract_shippers manual__2024-06-17T12:51:38.712440+00:00 [queued]>
[2024-06-17T12:51:49.252+0000] {taskinstance.py:2306} INFO - Starting attempt 1 of 2
[2024-06-17T12:51:49.352+0000] {taskinstance.py:2330} INFO - Executing <Task(_PythonDecoratedOperator): extract_process.extract_shippers> on 2024-06-17 12:51:38.712440+00:00
[2024-06-17T12:51:49.394+0000] {logging_mixin.py:188} WARNING - /home/airflow/.local/lib/python3.12/site-packages/airflow/task/task_runner/standard_task_runner.py:61 DeprecationWarning: This process (pid=3902) is multi-threaded, use of fork() may lead to deadlocks in the child.
[2024-06-17T12:51:49.402+0000] {standard_task_runner.py:90} INFO - Running: ['airflow', 'tasks', 'run', 'ELT-PROJECT', 'extract_process.extract_shippers', 'manual__2024-06-17T12:51:38.712440+00:00', '--job-id', '392', '--raw', '--subdir', 'DAGS_FOLDER/elt.py', '--cfg-path', '/tmp/tmpzaq1m3j6']
[2024-06-17T12:51:49.415+0000] {standard_task_runner.py:63} INFO - Started process 3934 to run task
[2024-06-17T12:51:49.418+0000] {standard_task_runner.py:91} INFO - Job 392: Subtask extract_process.extract_shippers
[2024-06-17T12:51:49.501+0000] {logging_mixin.py:188} WARNING - /home/airflow/.local/lib/python3.12/site-packages/airflow/settings.py:195 DeprecationWarning: The sql_alchemy_conn option in [core] has been moved to the sql_alchemy_conn option in [database] - the old setting has been used, but please update your config.
[2024-06-17T12:51:49.668+0000] {task_command.py:426} INFO - Running <TaskInstance: ELT-PROJECT.extract_process.extract_shippers manual__2024-06-17T12:51:38.712440+00:00 [running]> on host airflow-scheduler
[2024-06-17T12:51:50.108+0000] {taskinstance.py:2648} INFO - Exporting env vars: AIRFLOW_CTX_DAG_OWNER='Data-Ninja' AIRFLOW_CTX_DAG_ID='ELT-PROJECT' AIRFLOW_CTX_TASK_ID='extract_process.extract_shippers' AIRFLOW_CTX_EXECUTION_DATE='2024-06-17T12:51:38.712440+00:00' AIRFLOW_CTX_TRY_NUMBER='1' AIRFLOW_CTX_DAG_RUN_ID='manual__2024-06-17T12:51:38.712440+00:00'
[2024-06-17T12:51:50.127+0000] {taskinstance.py:430} INFO - ::endgroup::
[2024-06-17T12:51:50.144+0000] {logging_mixin.py:188} INFO - Extracting from: https://raw.githubusercontent.com/graphql-compose/graphql-compose-examples/master/examples/northwind/data/csv/shippers.csv
[2024-06-17T12:51:50.438+0000] {python.py:237} INFO - Done. Returned value was:    shipperID       companyName           phone
0          1    Speedy Express  (503) 555-9831
1          2    United Package  (503) 555-3199
2          3  Federal Shipping  (503) 555-9931
[2024-06-17T12:51:50.501+0000] {taskinstance.py:441} INFO - ::group::Post task execution logs
[2024-06-17T12:51:50.680+0000] {taskinstance.py:1206} INFO - Marking task as SUCCESS. dag_id=ELT-PROJECT, task_id=extract_process.extract_shippers, run_id=manual__2024-06-17T12:51:38.712440+00:00, execution_date=20240617T125138, start_date=20240617T125149, end_date=20240617T125150
[2024-06-17T12:51:50.796+0000] {local_task_job_runner.py:240} INFO - Task exited with return code 0
[2024-06-17T12:51:50.895+0000] {taskinstance.py:3503} INFO - 1 downstream tasks scheduled from follow-on schedule check
[2024-06-17T12:51:50.905+0000] {local_task_job_runner.py:222} INFO - ::endgroup::
