[2024-06-20T04:09:08.255+0000] {local_task_job_runner.py:120} INFO - ::group::Pre task execution logs
[2024-06-20T04:09:08.307+0000] {taskinstance.py:2076} INFO - Dependencies all met for dep_context=non-requeueable deps ti=<TaskInstance: ELT-PROJECT.load.load_customers manual__2024-06-20T04:02:16.082766+00:00 [queued]>
[2024-06-20T04:09:08.331+0000] {taskinstance.py:2076} INFO - Dependencies all met for dep_context=requeueable deps ti=<TaskInstance: ELT-PROJECT.load.load_customers manual__2024-06-20T04:02:16.082766+00:00 [queued]>
[2024-06-20T04:09:08.332+0000] {taskinstance.py:2306} INFO - Starting attempt 1 of 2
[2024-06-20T04:09:08.365+0000] {taskinstance.py:2330} INFO - Executing <Task(_PythonDecoratedOperator): load.load_customers> on 2024-06-20 04:02:16.082766+00:00
[2024-06-20T04:09:08.379+0000] {logging_mixin.py:188} WARNING - /home/airflow/.local/lib/python3.12/site-packages/airflow/task/task_runner/standard_task_runner.py:61 DeprecationWarning: This process (pid=692) is multi-threaded, use of fork() may lead to deadlocks in the child.
[2024-06-20T04:09:08.381+0000] {standard_task_runner.py:63} INFO - Started process 740 to run task
[2024-06-20T04:09:08.379+0000] {standard_task_runner.py:90} INFO - Running: ['airflow', 'tasks', 'run', 'ELT-PROJECT', 'load.load_customers', 'manual__2024-06-20T04:02:16.082766+00:00', '--job-id', '11', '--raw', '--subdir', 'DAGS_FOLDER/elt.py', '--cfg-path', '/tmp/tmpnnphtyep']
[2024-06-20T04:09:08.384+0000] {standard_task_runner.py:91} INFO - Job 11: Subtask load.load_customers
[2024-06-20T04:09:08.422+0000] {logging_mixin.py:188} WARNING - /home/airflow/.local/lib/python3.12/site-packages/airflow/settings.py:195 DeprecationWarning: The sql_alchemy_conn option in [core] has been moved to the sql_alchemy_conn option in [database] - the old setting has been used, but please update your config.
[2024-06-20T04:09:08.503+0000] {task_command.py:426} INFO - Running <TaskInstance: ELT-PROJECT.load.load_customers manual__2024-06-20T04:02:16.082766+00:00 [running]> on host airflow-scheduler
[2024-06-20T04:09:09.197+0000] {taskinstance.py:2648} INFO - Exporting env vars: AIRFLOW_CTX_DAG_OWNER='Data-Ninja' AIRFLOW_CTX_DAG_ID='ELT-PROJECT' AIRFLOW_CTX_TASK_ID='load.load_customers' AIRFLOW_CTX_EXECUTION_DATE='2024-06-20T04:02:16.082766+00:00' AIRFLOW_CTX_TRY_NUMBER='1' AIRFLOW_CTX_DAG_RUN_ID='manual__2024-06-20T04:02:16.082766+00:00'
[2024-06-20T04:09:09.199+0000] {taskinstance.py:430} INFO - ::endgroup::
[2024-06-20T04:09:09.201+0000] {connection.py:399} INFO - Snowflake Connector for Python Version: 3.10.1, Python Version: 3.12.4, Platform: Linux-5.15.133.1-microsoft-standard-WSL2-x86_64-with-glibc2.36
[2024-06-20T04:09:09.202+0000] {connection.py:1249} INFO - THIS CONNECTION IS IN INSECURE MODE. IT MEANS THE CERTIFICATE WILL BE VALIDATED BUT THE CERTIFICATE REVOCATION STATUS WILL NOT BE CHECKED.
[2024-06-20T04:09:09.585+0000] {ssl_wrap_socket.py:100} INFO - THIS CONNECTION IS IN INSECURE MODE. IT MEANS THE CERTIFICATE WILL BE VALIDATED BUT THE CERTIFICATE REVOCATION STATUS WILL NOT BE CHECKED.
[2024-06-20T04:09:10.289+0000] {logging_mixin.py:188} INFO - Nama kolom di DataFrame: Index(['customerID', 'companyName', 'contactName', 'contactTitle', 'address',
       'city', 'region', 'postalCode', 'country', 'phone', 'fax'],
      dtype='object')
[2024-06-20T04:09:10.711+0000] {cursor.py:1149} INFO - Number of results in first chunk: 1
[2024-06-20T04:09:11.391+0000] {ssl_wrap_socket.py:100} INFO - THIS CONNECTION IS IN INSECURE MODE. IT MEANS THE CERTIFICATE WILL BE VALIDATED BUT THE CERTIFICATE REVOCATION STATUS WILL NOT BE CHECKED.
[2024-06-20T04:09:14.319+0000] {cursor.py:1149} INFO - Number of results in first chunk: 1
[2024-06-20T04:09:15.354+0000] {cursor.py:1149} INFO - Number of results in first chunk: 11
[2024-06-20T04:09:15.763+0000] {cursor.py:1149} INFO - Number of results in first chunk: 1
[2024-06-20T04:09:16.568+0000] {cursor.py:1149} INFO - Number of results in first chunk: 1
[2024-06-20T04:09:17.998+0000] {cursor.py:1149} INFO - Number of results in first chunk: 1
[2024-06-20T04:09:18.001+0000] {logging_mixin.py:188} INFO - Done customers.
[2024-06-20T04:09:18.004+0000] {connection.py:762} INFO - closed
[2024-06-20T04:09:18.337+0000] {connection.py:768} INFO - No async queries seem to be running, deleting session
[2024-06-20T04:09:18.678+0000] {python.py:237} INFO - Done. Returned value was: None
[2024-06-20T04:09:18.681+0000] {taskinstance.py:441} INFO - ::group::Post task execution logs
[2024-06-20T04:09:18.705+0000] {taskinstance.py:1206} INFO - Marking task as SUCCESS. dag_id=ELT-PROJECT, task_id=load.load_customers, run_id=manual__2024-06-20T04:02:16.082766+00:00, execution_date=20240620T040216, start_date=20240620T040908, end_date=20240620T040918
[2024-06-20T04:09:18.771+0000] {local_task_job_runner.py:240} INFO - Task exited with return code 0
[2024-06-20T04:09:18.787+0000] {local_task_job_runner.py:222} INFO - ::endgroup::
