[2024-06-20T23:43:02.419+0000] {local_task_job_runner.py:120} INFO - ::group::Pre task execution logs
[2024-06-20T23:43:02.493+0000] {taskinstance.py:2076} INFO - Dependencies all met for dep_context=non-requeueable deps ti=<TaskInstance: ELT-PROJECT.load.load_products manual__2024-06-20T23:42:44.258095+00:00 [queued]>
[2024-06-20T23:43:02.531+0000] {taskinstance.py:2076} INFO - Dependencies all met for dep_context=requeueable deps ti=<TaskInstance: ELT-PROJECT.load.load_products manual__2024-06-20T23:42:44.258095+00:00 [queued]>
[2024-06-20T23:43:02.533+0000] {taskinstance.py:2306} INFO - Starting attempt 1 of 2
[2024-06-20T23:43:02.595+0000] {taskinstance.py:2330} INFO - Executing <Task(_PythonDecoratedOperator): load.load_products> on 2024-06-20 23:42:44.258095+00:00
[2024-06-20T23:43:02.653+0000] {logging_mixin.py:188} WARNING - /home/airflow/.local/lib/python3.12/site-packages/airflow/task/task_runner/standard_task_runner.py:61 DeprecationWarning: This process (pid=257) is multi-threaded, use of fork() may lead to deadlocks in the child.
[2024-06-20T23:43:02.657+0000] {standard_task_runner.py:63} INFO - Started process 285 to run task
[2024-06-20T23:43:02.661+0000] {standard_task_runner.py:90} INFO - Running: ['airflow', 'tasks', 'run', 'ELT-PROJECT', 'load.load_products', 'manual__2024-06-20T23:42:44.258095+00:00', '--job-id', '23', '--raw', '--subdir', 'DAGS_FOLDER/elt.py', '--cfg-path', '/tmp/tmplgh4ik16']
[2024-06-20T23:43:02.704+0000] {standard_task_runner.py:91} INFO - Job 23: Subtask load.load_products
[2024-06-20T23:43:02.834+0000] {logging_mixin.py:188} WARNING - /home/airflow/.local/lib/python3.12/site-packages/airflow/settings.py:195 DeprecationWarning: The sql_alchemy_conn option in [core] has been moved to the sql_alchemy_conn option in [database] - the old setting has been used, but please update your config.
[2024-06-20T23:43:02.998+0000] {task_command.py:426} INFO - Running <TaskInstance: ELT-PROJECT.load.load_products manual__2024-06-20T23:42:44.258095+00:00 [running]> on host airflow-scheduler
[2024-06-20T23:43:03.705+0000] {taskinstance.py:2648} INFO - Exporting env vars: AIRFLOW_CTX_DAG_OWNER='Data-Ninja' AIRFLOW_CTX_DAG_ID='ELT-PROJECT' AIRFLOW_CTX_TASK_ID='load.load_products' AIRFLOW_CTX_EXECUTION_DATE='2024-06-20T23:42:44.258095+00:00' AIRFLOW_CTX_TRY_NUMBER='1' AIRFLOW_CTX_DAG_RUN_ID='manual__2024-06-20T23:42:44.258095+00:00'
[2024-06-20T23:43:03.711+0000] {taskinstance.py:430} INFO - ::endgroup::
[2024-06-20T23:43:03.716+0000] {connection.py:399} INFO - Snowflake Connector for Python Version: 3.10.1, Python Version: 3.12.4, Platform: Linux-5.15.133.1-microsoft-standard-WSL2-x86_64-with-glibc2.36
[2024-06-20T23:43:03.722+0000] {connection.py:1249} INFO - THIS CONNECTION IS IN INSECURE MODE. IT MEANS THE CERTIFICATE WILL BE VALIDATED BUT THE CERTIFICATE REVOCATION STATUS WILL NOT BE CHECKED.
[2024-06-20T23:43:04.932+0000] {ssl_wrap_socket.py:100} INFO - THIS CONNECTION IS IN INSECURE MODE. IT MEANS THE CERTIFICATE WILL BE VALIDATED BUT THE CERTIFICATE REVOCATION STATUS WILL NOT BE CHECKED.
[2024-06-20T23:43:05.327+0000] {logging_mixin.py:188} INFO - Nama kolom di DataFrame: Index(['productID', 'productName', 'supplierID', 'categoryID',
       'quantityPerUnit', 'unitPrice', 'unitsInStock', 'unitsOnOrder',
       'reorderLevel', 'discontinued'],
      dtype='object')
[2024-06-20T23:43:05.754+0000] {cursor.py:1149} INFO - Number of results in first chunk: 1
[2024-06-20T23:43:06.660+0000] {ssl_wrap_socket.py:100} INFO - THIS CONNECTION IS IN INSECURE MODE. IT MEANS THE CERTIFICATE WILL BE VALIDATED BUT THE CERTIFICATE REVOCATION STATUS WILL NOT BE CHECKED.
[2024-06-20T23:43:09.462+0000] {cursor.py:1149} INFO - Number of results in first chunk: 1
[2024-06-20T23:43:10.605+0000] {cursor.py:1149} INFO - Number of results in first chunk: 10
[2024-06-20T23:43:10.989+0000] {cursor.py:1149} INFO - Number of results in first chunk: 1
[2024-06-20T23:43:11.712+0000] {cursor.py:1149} INFO - Number of results in first chunk: 1
[2024-06-20T23:43:13.095+0000] {cursor.py:1149} INFO - Number of results in first chunk: 1
[2024-06-20T23:43:13.099+0000] {logging_mixin.py:188} INFO - Done products.
[2024-06-20T23:43:13.101+0000] {connection.py:762} INFO - closed
[2024-06-20T23:43:13.460+0000] {connection.py:768} INFO - No async queries seem to be running, deleting session
[2024-06-20T23:43:13.818+0000] {python.py:237} INFO - Done. Returned value was: None
[2024-06-20T23:43:13.823+0000] {taskinstance.py:441} INFO - ::group::Post task execution logs
[2024-06-20T23:43:13.884+0000] {taskinstance.py:1206} INFO - Marking task as SUCCESS. dag_id=ELT-PROJECT, task_id=load.load_products, run_id=manual__2024-06-20T23:42:44.258095+00:00, execution_date=20240620T234244, start_date=20240620T234302, end_date=20240620T234313
[2024-06-20T23:43:14.075+0000] {local_task_job_runner.py:240} INFO - Task exited with return code 0
[2024-06-20T23:43:14.113+0000] {local_task_job_runner.py:222} INFO - ::endgroup::
