[2024-06-20T09:52:47.391+0000] {local_task_job_runner.py:120} INFO - ::group::Pre task execution logs
[2024-06-20T09:52:47.625+0000] {taskinstance.py:2076} INFO - Dependencies all met for dep_context=non-requeueable deps ti=<TaskInstance: ELT-PROJECT.load.load_orders manual__2024-06-20T09:52:24.201945+00:00 [queued]>
[2024-06-20T09:52:47.703+0000] {taskinstance.py:2076} INFO - Dependencies all met for dep_context=requeueable deps ti=<TaskInstance: ELT-PROJECT.load.load_orders manual__2024-06-20T09:52:24.201945+00:00 [queued]>
[2024-06-20T09:52:47.704+0000] {taskinstance.py:2306} INFO - Starting attempt 1 of 2
[2024-06-20T09:52:47.787+0000] {taskinstance.py:2330} INFO - Executing <Task(_PythonDecoratedOperator): load.load_orders> on 2024-06-20 09:52:24.201945+00:00
[2024-06-20T09:52:47.855+0000] {standard_task_runner.py:90} INFO - Running: ['airflow', 'tasks', 'run', 'ELT-PROJECT', 'load.load_orders', 'manual__2024-06-20T09:52:24.201945+00:00', '--job-id', '520', '--raw', '--subdir', 'DAGS_FOLDER/elt.py', '--cfg-path', '/tmp/tmpn8jeixvb']
[2024-06-20T09:52:47.873+0000] {standard_task_runner.py:91} INFO - Job 520: Subtask load.load_orders
[2024-06-20T09:52:47.870+0000] {logging_mixin.py:188} WARNING - /home/airflow/.local/lib/python3.12/site-packages/airflow/task/task_runner/standard_task_runner.py:61 DeprecationWarning: This process (pid=8314) is multi-threaded, use of fork() may lead to deadlocks in the child.
[2024-06-20T09:52:47.878+0000] {standard_task_runner.py:63} INFO - Started process 8365 to run task
[2024-06-20T09:52:48.021+0000] {logging_mixin.py:188} WARNING - /home/airflow/.local/lib/python3.12/site-packages/airflow/settings.py:195 DeprecationWarning: The sql_alchemy_conn option in [core] has been moved to the sql_alchemy_conn option in [database] - the old setting has been used, but please update your config.
[2024-06-20T09:52:48.422+0000] {task_command.py:426} INFO - Running <TaskInstance: ELT-PROJECT.load.load_orders manual__2024-06-20T09:52:24.201945+00:00 [running]> on host airflow-scheduler
[2024-06-20T09:52:50.281+0000] {taskinstance.py:2648} INFO - Exporting env vars: AIRFLOW_CTX_DAG_OWNER='Data-Ninja' AIRFLOW_CTX_DAG_ID='ELT-PROJECT' AIRFLOW_CTX_TASK_ID='load.load_orders' AIRFLOW_CTX_EXECUTION_DATE='2024-06-20T09:52:24.201945+00:00' AIRFLOW_CTX_TRY_NUMBER='1' AIRFLOW_CTX_DAG_RUN_ID='manual__2024-06-20T09:52:24.201945+00:00'
[2024-06-20T09:52:50.284+0000] {taskinstance.py:430} INFO - ::endgroup::
[2024-06-20T09:52:50.288+0000] {connection.py:399} INFO - Snowflake Connector for Python Version: 3.10.1, Python Version: 3.12.4, Platform: Linux-5.15.133.1-microsoft-standard-WSL2-x86_64-with-glibc2.36
[2024-06-20T09:52:50.290+0000] {connection.py:1249} INFO - THIS CONNECTION IS IN INSECURE MODE. IT MEANS THE CERTIFICATE WILL BE VALIDATED BUT THE CERTIFICATE REVOCATION STATUS WILL NOT BE CHECKED.
[2024-06-20T09:52:50.420+0000] {ssl_wrap_socket.py:100} INFO - THIS CONNECTION IS IN INSECURE MODE. IT MEANS THE CERTIFICATE WILL BE VALIDATED BUT THE CERTIFICATE REVOCATION STATUS WILL NOT BE CHECKED.
[2024-06-20T09:52:50.823+0000] {logging_mixin.py:188} INFO - Nama kolom di DataFrame: Index(['orderID', 'customerID', 'employeeID', 'orderDate', 'requiredDate',
       'shippedDate', 'shipVia', 'freight', 'shipName', 'shipAddress',
       'shipCity', 'shipRegion', 'shipPostalCode', 'shipCountry'],
      dtype='object')
[2024-06-20T09:52:51.234+0000] {cursor.py:1149} INFO - Number of results in first chunk: 1
[2024-06-20T09:52:51.886+0000] {ssl_wrap_socket.py:100} INFO - THIS CONNECTION IS IN INSECURE MODE. IT MEANS THE CERTIFICATE WILL BE VALIDATED BUT THE CERTIFICATE REVOCATION STATUS WILL NOT BE CHECKED.
[2024-06-20T09:52:54.974+0000] {cursor.py:1149} INFO - Number of results in first chunk: 1
[2024-06-20T09:52:55.825+0000] {cursor.py:1149} INFO - Number of results in first chunk: 14
[2024-06-20T09:52:56.187+0000] {cursor.py:1149} INFO - Number of results in first chunk: 1
[2024-06-20T09:52:56.792+0000] {cursor.py:1149} INFO - Number of results in first chunk: 1
[2024-06-20T09:52:58.214+0000] {cursor.py:1149} INFO - Number of results in first chunk: 1
[2024-06-20T09:52:58.216+0000] {logging_mixin.py:188} INFO - Done orders.
[2024-06-20T09:52:58.218+0000] {connection.py:762} INFO - closed
[2024-06-20T09:52:58.557+0000] {connection.py:768} INFO - No async queries seem to be running, deleting session
[2024-06-20T09:52:58.908+0000] {python.py:237} INFO - Done. Returned value was: None
[2024-06-20T09:52:58.911+0000] {taskinstance.py:441} INFO - ::group::Post task execution logs
[2024-06-20T09:52:58.947+0000] {taskinstance.py:1206} INFO - Marking task as SUCCESS. dag_id=ELT-PROJECT, task_id=load.load_orders, run_id=manual__2024-06-20T09:52:24.201945+00:00, execution_date=20240620T095224, start_date=20240620T095247, end_date=20240620T095258
[2024-06-20T09:52:59.035+0000] {local_task_job_runner.py:240} INFO - Task exited with return code 0
[2024-06-20T09:52:59.162+0000] {taskinstance.py:3503} INFO - 0 downstream tasks scheduled from follow-on schedule check
[2024-06-20T09:52:59.167+0000] {local_task_job_runner.py:222} INFO - ::endgroup::
