[2024-06-20T23:43:02.542+0000] {local_task_job_runner.py:120} INFO - ::group::Pre task execution logs
[2024-06-20T23:43:02.616+0000] {taskinstance.py:2076} INFO - Dependencies all met for dep_context=non-requeueable deps ti=<TaskInstance: ELT-PROJECT.load.load_customers manual__2024-06-20T23:42:44.258095+00:00 [queued]>
[2024-06-20T23:43:02.659+0000] {taskinstance.py:2076} INFO - Dependencies all met for dep_context=requeueable deps ti=<TaskInstance: ELT-PROJECT.load.load_customers manual__2024-06-20T23:42:44.258095+00:00 [queued]>
[2024-06-20T23:43:02.664+0000] {taskinstance.py:2306} INFO - Starting attempt 1 of 2
[2024-06-20T23:43:02.751+0000] {taskinstance.py:2330} INFO - Executing <Task(_PythonDecoratedOperator): load.load_customers> on 2024-06-20 23:42:44.258095+00:00
[2024-06-20T23:43:02.800+0000] {logging_mixin.py:188} WARNING - /home/airflow/.local/lib/python3.12/site-packages/airflow/task/task_runner/standard_task_runner.py:61 DeprecationWarning: This process (pid=266) is multi-threaded, use of fork() may lead to deadlocks in the child.
[2024-06-20T23:43:02.808+0000] {standard_task_runner.py:63} INFO - Started process 287 to run task
[2024-06-20T23:43:02.801+0000] {standard_task_runner.py:90} INFO - Running: ['airflow', 'tasks', 'run', 'ELT-PROJECT', 'load.load_customers', 'manual__2024-06-20T23:42:44.258095+00:00', '--job-id', '24', '--raw', '--subdir', 'DAGS_FOLDER/elt.py', '--cfg-path', '/tmp/tmpsdh7jewh']
[2024-06-20T23:43:02.817+0000] {standard_task_runner.py:91} INFO - Job 24: Subtask load.load_customers
[2024-06-20T23:43:02.883+0000] {logging_mixin.py:188} WARNING - /home/airflow/.local/lib/python3.12/site-packages/airflow/settings.py:195 DeprecationWarning: The sql_alchemy_conn option in [core] has been moved to the sql_alchemy_conn option in [database] - the old setting has been used, but please update your config.
[2024-06-20T23:43:03.153+0000] {task_command.py:426} INFO - Running <TaskInstance: ELT-PROJECT.load.load_customers manual__2024-06-20T23:42:44.258095+00:00 [running]> on host airflow-scheduler
[2024-06-20T23:43:03.984+0000] {taskinstance.py:2648} INFO - Exporting env vars: AIRFLOW_CTX_DAG_OWNER='Data-Ninja' AIRFLOW_CTX_DAG_ID='ELT-PROJECT' AIRFLOW_CTX_TASK_ID='load.load_customers' AIRFLOW_CTX_EXECUTION_DATE='2024-06-20T23:42:44.258095+00:00' AIRFLOW_CTX_TRY_NUMBER='1' AIRFLOW_CTX_DAG_RUN_ID='manual__2024-06-20T23:42:44.258095+00:00'
[2024-06-20T23:43:04.007+0000] {taskinstance.py:430} INFO - ::endgroup::
[2024-06-20T23:43:04.009+0000] {connection.py:399} INFO - Snowflake Connector for Python Version: 3.10.1, Python Version: 3.12.4, Platform: Linux-5.15.133.1-microsoft-standard-WSL2-x86_64-with-glibc2.36
[2024-06-20T23:43:04.011+0000] {connection.py:1249} INFO - THIS CONNECTION IS IN INSECURE MODE. IT MEANS THE CERTIFICATE WILL BE VALIDATED BUT THE CERTIFICATE REVOCATION STATUS WILL NOT BE CHECKED.
[2024-06-20T23:43:05.246+0000] {ssl_wrap_socket.py:100} INFO - THIS CONNECTION IS IN INSECURE MODE. IT MEANS THE CERTIFICATE WILL BE VALIDATED BUT THE CERTIFICATE REVOCATION STATUS WILL NOT BE CHECKED.
[2024-06-20T23:43:05.609+0000] {logging_mixin.py:188} INFO - Nama kolom di DataFrame: Index(['customerID', 'companyName', 'contactName', 'contactTitle', 'address',
       'city', 'region', 'postalCode', 'country', 'phone', 'fax'],
      dtype='object')
[2024-06-20T23:43:05.987+0000] {cursor.py:1149} INFO - Number of results in first chunk: 1
[2024-06-20T23:43:06.668+0000] {ssl_wrap_socket.py:100} INFO - THIS CONNECTION IS IN INSECURE MODE. IT MEANS THE CERTIFICATE WILL BE VALIDATED BUT THE CERTIFICATE REVOCATION STATUS WILL NOT BE CHECKED.
[2024-06-20T23:43:09.761+0000] {cursor.py:1149} INFO - Number of results in first chunk: 1
[2024-06-20T23:43:10.586+0000] {cursor.py:1149} INFO - Number of results in first chunk: 11
[2024-06-20T23:43:11.017+0000] {cursor.py:1149} INFO - Number of results in first chunk: 1
[2024-06-20T23:43:11.715+0000] {cursor.py:1149} INFO - Number of results in first chunk: 1
[2024-06-20T23:43:13.089+0000] {cursor.py:1149} INFO - Number of results in first chunk: 1
[2024-06-20T23:43:13.094+0000] {logging_mixin.py:188} INFO - Done customers.
[2024-06-20T23:43:13.097+0000] {connection.py:762} INFO - closed
[2024-06-20T23:43:13.459+0000] {connection.py:768} INFO - No async queries seem to be running, deleting session
[2024-06-20T23:43:13.794+0000] {python.py:237} INFO - Done. Returned value was: None
[2024-06-20T23:43:13.798+0000] {taskinstance.py:441} INFO - ::group::Post task execution logs
[2024-06-20T23:43:13.870+0000] {taskinstance.py:1206} INFO - Marking task as SUCCESS. dag_id=ELT-PROJECT, task_id=load.load_customers, run_id=manual__2024-06-20T23:42:44.258095+00:00, execution_date=20240620T234244, start_date=20240620T234302, end_date=20240620T234313
[2024-06-20T23:43:14.081+0000] {local_task_job_runner.py:240} INFO - Task exited with return code 0
[2024-06-20T23:43:14.125+0000] {local_task_job_runner.py:222} INFO - ::endgroup::
