[2024-06-20T14:30:09.626+0000] {local_task_job_runner.py:120} INFO - ::group::Pre task execution logs
[2024-06-20T14:30:09.906+0000] {taskinstance.py:2076} INFO - Dependencies all met for dep_context=non-requeueable deps ti=<TaskInstance: ELT-PROJECT.load.load_customers manual__2024-06-20T14:29:24.211440+00:00 [queued]>
[2024-06-20T14:30:09.981+0000] {taskinstance.py:2076} INFO - Dependencies all met for dep_context=requeueable deps ti=<TaskInstance: ELT-PROJECT.load.load_customers manual__2024-06-20T14:29:24.211440+00:00 [queued]>
[2024-06-20T14:30:09.982+0000] {taskinstance.py:2306} INFO - Starting attempt 1 of 2
[2024-06-20T14:30:10.482+0000] {taskinstance.py:2330} INFO - Executing <Task(_PythonDecoratedOperator): load.load_customers> on 2024-06-20 14:29:24.211440+00:00
[2024-06-20T14:30:10.554+0000] {standard_task_runner.py:90} INFO - Running: ['airflow', 'tasks', 'run', 'ELT-PROJECT', 'load.load_customers', 'manual__2024-06-20T14:29:24.211440+00:00', '--job-id', '619', '--raw', '--subdir', 'DAGS_FOLDER/elt.py', '--cfg-path', '/tmp/tmpy9803yts']
[2024-06-20T14:30:10.563+0000] {standard_task_runner.py:91} INFO - Job 619: Subtask load.load_customers
[2024-06-20T14:30:10.560+0000] {logging_mixin.py:188} WARNING - /home/airflow/.local/lib/python3.12/site-packages/airflow/task/task_runner/standard_task_runner.py:61 DeprecationWarning: This process (pid=4202) is multi-threaded, use of fork() may lead to deadlocks in the child.
[2024-06-20T14:30:10.570+0000] {standard_task_runner.py:63} INFO - Started process 4231 to run task
[2024-06-20T14:30:10.633+0000] {logging_mixin.py:188} WARNING - /home/airflow/.local/lib/python3.12/site-packages/airflow/settings.py:195 DeprecationWarning: The sql_alchemy_conn option in [core] has been moved to the sql_alchemy_conn option in [database] - the old setting has been used, but please update your config.
[2024-06-20T14:30:10.979+0000] {task_command.py:426} INFO - Running <TaskInstance: ELT-PROJECT.load.load_customers manual__2024-06-20T14:29:24.211440+00:00 [running]> on host airflow-scheduler
[2024-06-20T14:30:13.138+0000] {taskinstance.py:2648} INFO - Exporting env vars: AIRFLOW_CTX_DAG_OWNER='Data-Ninja' AIRFLOW_CTX_DAG_ID='ELT-PROJECT' AIRFLOW_CTX_TASK_ID='load.load_customers' AIRFLOW_CTX_EXECUTION_DATE='2024-06-20T14:29:24.211440+00:00' AIRFLOW_CTX_TRY_NUMBER='1' AIRFLOW_CTX_DAG_RUN_ID='manual__2024-06-20T14:29:24.211440+00:00'
[2024-06-20T14:30:13.140+0000] {taskinstance.py:430} INFO - ::endgroup::
[2024-06-20T14:30:13.142+0000] {connection.py:399} INFO - Snowflake Connector for Python Version: 3.10.1, Python Version: 3.12.4, Platform: Linux-5.15.133.1-microsoft-standard-WSL2-x86_64-with-glibc2.36
[2024-06-20T14:30:13.143+0000] {connection.py:1249} INFO - THIS CONNECTION IS IN INSECURE MODE. IT MEANS THE CERTIFICATE WILL BE VALIDATED BUT THE CERTIFICATE REVOCATION STATUS WILL NOT BE CHECKED.
[2024-06-20T14:30:13.475+0000] {ssl_wrap_socket.py:100} INFO - THIS CONNECTION IS IN INSECURE MODE. IT MEANS THE CERTIFICATE WILL BE VALIDATED BUT THE CERTIFICATE REVOCATION STATUS WILL NOT BE CHECKED.
[2024-06-20T14:30:14.057+0000] {logging_mixin.py:188} INFO - Nama kolom di DataFrame: Index(['customerID', 'companyName', 'contactName', 'contactTitle', 'address',
       'city', 'region', 'postalCode', 'country', 'phone', 'fax'],
      dtype='object')
[2024-06-20T14:30:14.506+0000] {cursor.py:1149} INFO - Number of results in first chunk: 1
[2024-06-20T14:30:15.542+0000] {ssl_wrap_socket.py:100} INFO - THIS CONNECTION IS IN INSECURE MODE. IT MEANS THE CERTIFICATE WILL BE VALIDATED BUT THE CERTIFICATE REVOCATION STATUS WILL NOT BE CHECKED.
[2024-06-20T14:30:18.455+0000] {cursor.py:1149} INFO - Number of results in first chunk: 1
[2024-06-20T14:30:19.131+0000] {cursor.py:1149} INFO - Number of results in first chunk: 11
[2024-06-20T14:30:19.534+0000] {cursor.py:1149} INFO - Number of results in first chunk: 1
[2024-06-20T14:30:20.362+0000] {cursor.py:1149} INFO - Number of results in first chunk: 1
[2024-06-20T14:30:21.744+0000] {cursor.py:1149} INFO - Number of results in first chunk: 1
[2024-06-20T14:30:21.752+0000] {logging_mixin.py:188} INFO - Done customers.
[2024-06-20T14:30:21.753+0000] {connection.py:762} INFO - closed
[2024-06-20T14:30:22.131+0000] {connection.py:768} INFO - No async queries seem to be running, deleting session
[2024-06-20T14:30:22.485+0000] {python.py:237} INFO - Done. Returned value was: None
[2024-06-20T14:30:22.496+0000] {taskinstance.py:441} INFO - ::group::Post task execution logs
[2024-06-20T14:30:22.531+0000] {taskinstance.py:1206} INFO - Marking task as SUCCESS. dag_id=ELT-PROJECT, task_id=load.load_customers, run_id=manual__2024-06-20T14:29:24.211440+00:00, execution_date=20240620T142924, start_date=20240620T143009, end_date=20240620T143022
[2024-06-20T14:30:22.681+0000] {local_task_job_runner.py:240} INFO - Task exited with return code 0
[2024-06-20T14:30:22.718+0000] {local_task_job_runner.py:222} INFO - ::endgroup::
