[2024-06-17T12:49:55.069+0000] {local_task_job_runner.py:120} INFO - ::group::Pre task execution logs
[2024-06-17T12:49:55.281+0000] {taskinstance.py:2076} INFO - Dependencies all met for dep_context=non-requeueable deps ti=<TaskInstance: ELT-PROJECT.extract_process.extract_employees manual__2024-06-17T12:49:44.803481+00:00 [queued]>
[2024-06-17T12:49:55.352+0000] {taskinstance.py:2076} INFO - Dependencies all met for dep_context=requeueable deps ti=<TaskInstance: ELT-PROJECT.extract_process.extract_employees manual__2024-06-17T12:49:44.803481+00:00 [queued]>
[2024-06-17T12:49:55.358+0000] {taskinstance.py:2306} INFO - Starting attempt 1 of 2
[2024-06-17T12:49:55.419+0000] {taskinstance.py:2330} INFO - Executing <Task(_PythonDecoratedOperator): extract_process.extract_employees> on 2024-06-17 12:49:44.803481+00:00
[2024-06-17T12:49:55.441+0000] {logging_mixin.py:188} WARNING - /home/airflow/.local/lib/python3.12/site-packages/airflow/task/task_runner/standard_task_runner.py:61 DeprecationWarning: This process (pid=3827) is multi-threaded, use of fork() may lead to deadlocks in the child.
[2024-06-17T12:49:55.448+0000] {standard_task_runner.py:63} INFO - Started process 3856 to run task
[2024-06-17T12:49:55.453+0000] {standard_task_runner.py:90} INFO - Running: ['airflow', 'tasks', 'run', 'ELT-PROJECT', 'extract_process.extract_employees', 'manual__2024-06-17T12:49:44.803481+00:00', '--job-id', '382', '--raw', '--subdir', 'DAGS_FOLDER/elt.py', '--cfg-path', '/tmp/tmp4rtrxgfw']
[2024-06-17T12:49:55.464+0000] {standard_task_runner.py:91} INFO - Job 382: Subtask extract_process.extract_employees
[2024-06-17T12:49:55.568+0000] {logging_mixin.py:188} WARNING - /home/airflow/.local/lib/python3.12/site-packages/airflow/settings.py:195 DeprecationWarning: The sql_alchemy_conn option in [core] has been moved to the sql_alchemy_conn option in [database] - the old setting has been used, but please update your config.
[2024-06-17T12:49:55.832+0000] {task_command.py:426} INFO - Running <TaskInstance: ELT-PROJECT.extract_process.extract_employees manual__2024-06-17T12:49:44.803481+00:00 [running]> on host airflow-scheduler
[2024-06-17T12:49:56.825+0000] {taskinstance.py:2648} INFO - Exporting env vars: AIRFLOW_CTX_DAG_OWNER='Data-Ninja' AIRFLOW_CTX_DAG_ID='ELT-PROJECT' AIRFLOW_CTX_TASK_ID='extract_process.extract_employees' AIRFLOW_CTX_EXECUTION_DATE='2024-06-17T12:49:44.803481+00:00' AIRFLOW_CTX_TRY_NUMBER='1' AIRFLOW_CTX_DAG_RUN_ID='manual__2024-06-17T12:49:44.803481+00:00'
[2024-06-17T12:49:56.833+0000] {taskinstance.py:430} INFO - ::endgroup::
[2024-06-17T12:49:56.844+0000] {logging_mixin.py:188} INFO - Extracting from: https://raw.githubusercontent.com/graphql-compose/graphql-compose-examples/master/examples/northwind/data/csv/employees.csv
[2024-06-17T12:49:57.400+0000] {python.py:237} INFO - Done. Returned value was:    employeeID   lastName  ... reportsTo                               photoPath
0           1    Davolio  ...       2.0    http://accweb/emmployees/davolio.bmp
1           2     Fuller  ...       NaN     http://accweb/emmployees/fuller.bmp
2           3  Leverling  ...       2.0  http://accweb/emmployees/leverling.bmp
3           4    Peacock  ...       2.0    http://accweb/emmployees/peacock.bmp
4           5   Buchanan  ...       2.0   http://accweb/emmployees/buchanan.bmp
5           6     Suyama  ...       5.0    http://accweb/emmployees/davolio.bmp
6           7       King  ...       5.0    http://accweb/emmployees/davolio.bmp
7           8   Callahan  ...       2.0    http://accweb/emmployees/davolio.bmp
8           9  Dodsworth  ...       5.0    http://accweb/emmployees/davolio.bmp

[9 rows x 18 columns]
[2024-06-17T12:49:57.637+0000] {taskinstance.py:441} INFO - ::group::Post task execution logs
[2024-06-17T12:49:57.860+0000] {taskinstance.py:1206} INFO - Marking task as SUCCESS. dag_id=ELT-PROJECT, task_id=extract_process.extract_employees, run_id=manual__2024-06-17T12:49:44.803481+00:00, execution_date=20240617T124944, start_date=20240617T124955, end_date=20240617T124957
[2024-06-17T12:49:57.974+0000] {local_task_job_runner.py:240} INFO - Task exited with return code 0
[2024-06-17T12:49:58.079+0000] {taskinstance.py:3503} INFO - 0 downstream tasks scheduled from follow-on schedule check
[2024-06-17T12:49:58.100+0000] {local_task_job_runner.py:222} INFO - ::endgroup::
