[2024-06-20T07:29:51.004+0000] {local_task_job_runner.py:120} INFO - ::group::Pre task execution logs
[2024-06-20T07:29:51.104+0000] {taskinstance.py:2076} INFO - Dependencies all met for dep_context=non-requeueable deps ti=<TaskInstance: ELT-PROJECT.load.load_employee_territories manual__2024-06-20T07:29:25.850609+00:00 [queued]>
[2024-06-20T07:29:51.212+0000] {taskinstance.py:2076} INFO - Dependencies all met for dep_context=requeueable deps ti=<TaskInstance: ELT-PROJECT.load.load_employee_territories manual__2024-06-20T07:29:25.850609+00:00 [queued]>
[2024-06-20T07:29:51.214+0000] {taskinstance.py:2306} INFO - Starting attempt 1 of 2
[2024-06-20T07:29:51.482+0000] {taskinstance.py:2330} INFO - Executing <Task(_PythonDecoratedOperator): load.load_employee_territories> on 2024-06-20 07:29:25.850609+00:00
[2024-06-20T07:29:51.569+0000] {logging_mixin.py:188} WARNING - /home/airflow/.local/lib/python3.12/site-packages/airflow/task/task_runner/standard_task_runner.py:61 DeprecationWarning: This process (pid=537) is multi-threaded, use of fork() may lead to deadlocks in the child.
[2024-06-20T07:29:51.584+0000] {standard_task_runner.py:63} INFO - Started process 592 to run task
[2024-06-20T07:29:51.579+0000] {standard_task_runner.py:90} INFO - Running: ['airflow', 'tasks', 'run', 'ELT-PROJECT', 'load.load_employee_territories', 'manual__2024-06-20T07:29:25.850609+00:00', '--job-id', '121', '--raw', '--subdir', 'DAGS_FOLDER/elt.py', '--cfg-path', '/tmp/tmpg75hbgi7']
[2024-06-20T07:29:51.592+0000] {standard_task_runner.py:91} INFO - Job 121: Subtask load.load_employee_territories
[2024-06-20T07:29:51.668+0000] {logging_mixin.py:188} WARNING - /home/airflow/.local/lib/python3.12/site-packages/airflow/settings.py:195 DeprecationWarning: The sql_alchemy_conn option in [core] has been moved to the sql_alchemy_conn option in [database] - the old setting has been used, but please update your config.
[2024-06-20T07:29:51.900+0000] {task_command.py:426} INFO - Running <TaskInstance: ELT-PROJECT.load.load_employee_territories manual__2024-06-20T07:29:25.850609+00:00 [running]> on host airflow-scheduler
[2024-06-20T07:29:55.207+0000] {taskinstance.py:2648} INFO - Exporting env vars: AIRFLOW_CTX_DAG_OWNER='Data-Ninja' AIRFLOW_CTX_DAG_ID='ELT-PROJECT' AIRFLOW_CTX_TASK_ID='load.load_employee_territories' AIRFLOW_CTX_EXECUTION_DATE='2024-06-20T07:29:25.850609+00:00' AIRFLOW_CTX_TRY_NUMBER='1' AIRFLOW_CTX_DAG_RUN_ID='manual__2024-06-20T07:29:25.850609+00:00'
[2024-06-20T07:29:55.210+0000] {taskinstance.py:430} INFO - ::endgroup::
[2024-06-20T07:29:55.212+0000] {connection.py:399} INFO - Snowflake Connector for Python Version: 3.10.1, Python Version: 3.12.4, Platform: Linux-5.15.133.1-microsoft-standard-WSL2-x86_64-with-glibc2.36
[2024-06-20T07:29:55.214+0000] {connection.py:1249} INFO - THIS CONNECTION IS IN INSECURE MODE. IT MEANS THE CERTIFICATE WILL BE VALIDATED BUT THE CERTIFICATE REVOCATION STATUS WILL NOT BE CHECKED.
[2024-06-20T07:29:55.597+0000] {ssl_wrap_socket.py:100} INFO - THIS CONNECTION IS IN INSECURE MODE. IT MEANS THE CERTIFICATE WILL BE VALIDATED BUT THE CERTIFICATE REVOCATION STATUS WILL NOT BE CHECKED.
[2024-06-20T07:29:56.304+0000] {logging_mixin.py:188} INFO - Nama kolom di DataFrame: Index(['employeeID', 'territoryID'], dtype='object')
[2024-06-20T07:29:56.813+0000] {cursor.py:1149} INFO - Number of results in first chunk: 1
[2024-06-20T07:29:57.813+0000] {ssl_wrap_socket.py:100} INFO - THIS CONNECTION IS IN INSECURE MODE. IT MEANS THE CERTIFICATE WILL BE VALIDATED BUT THE CERTIFICATE REVOCATION STATUS WILL NOT BE CHECKED.
[2024-06-20T07:30:01.930+0000] {cursor.py:1149} INFO - Number of results in first chunk: 1
[2024-06-20T07:30:02.613+0000] {cursor.py:1149} INFO - Number of results in first chunk: 2
[2024-06-20T07:30:03.045+0000] {cursor.py:1149} INFO - Number of results in first chunk: 1
[2024-06-20T07:30:03.883+0000] {cursor.py:1149} INFO - Number of results in first chunk: 1
[2024-06-20T07:30:05.591+0000] {cursor.py:1149} INFO - Number of results in first chunk: 1
[2024-06-20T07:30:05.593+0000] {logging_mixin.py:188} INFO - Done employee_territories.
[2024-06-20T07:30:05.594+0000] {connection.py:762} INFO - closed
[2024-06-20T07:30:05.940+0000] {connection.py:768} INFO - No async queries seem to be running, deleting session
[2024-06-20T07:30:06.370+0000] {python.py:237} INFO - Done. Returned value was: None
[2024-06-20T07:30:06.387+0000] {taskinstance.py:441} INFO - ::group::Post task execution logs
[2024-06-20T07:30:06.436+0000] {taskinstance.py:1206} INFO - Marking task as SUCCESS. dag_id=ELT-PROJECT, task_id=load.load_employee_territories, run_id=manual__2024-06-20T07:29:25.850609+00:00, execution_date=20240620T072925, start_date=20240620T072951, end_date=20240620T073006
[2024-06-20T07:30:06.625+0000] {local_task_job_runner.py:240} INFO - Task exited with return code 0
[2024-06-20T07:30:06.681+0000] {local_task_job_runner.py:222} INFO - ::endgroup::
