[2024-06-17T14:46:53.606+0000] {local_task_job_runner.py:120} INFO - ::group::Pre task execution logs
[2024-06-17T14:46:53.668+0000] {taskinstance.py:2076} INFO - Dependencies all met for dep_context=non-requeueable deps ti=<TaskInstance: ELT-PROJECT.load_process.load_customers manual__2024-06-17T14:46:35.249847+00:00 [queued]>
[2024-06-17T14:46:53.694+0000] {taskinstance.py:2076} INFO - Dependencies all met for dep_context=requeueable deps ti=<TaskInstance: ELT-PROJECT.load_process.load_customers manual__2024-06-17T14:46:35.249847+00:00 [queued]>
[2024-06-17T14:46:53.706+0000] {taskinstance.py:2306} INFO - Starting attempt 1 of 2
[2024-06-17T14:46:53.827+0000] {taskinstance.py:2330} INFO - Executing <Task(_PythonDecoratedOperator): load_process.load_customers> on 2024-06-17 14:46:35.249847+00:00
[2024-06-17T14:46:53.857+0000] {logging_mixin.py:188} WARNING - /home/airflow/.local/lib/python3.12/site-packages/airflow/task/task_runner/standard_task_runner.py:61 DeprecationWarning: This process (pid=247) is multi-threaded, use of fork() may lead to deadlocks in the child.
[2024-06-17T14:46:53.867+0000] {standard_task_runner.py:63} INFO - Started process 273 to run task
[2024-06-17T14:46:53.875+0000] {standard_task_runner.py:90} INFO - Running: ['airflow', 'tasks', 'run', 'ELT-PROJECT', 'load_process.load_customers', 'manual__2024-06-17T14:46:35.249847+00:00', '--job-id', '454', '--raw', '--subdir', 'DAGS_FOLDER/elt.py', '--cfg-path', '/tmp/tmpldv8u811']
[2024-06-17T14:46:53.881+0000] {standard_task_runner.py:91} INFO - Job 454: Subtask load_process.load_customers
[2024-06-17T14:46:53.966+0000] {logging_mixin.py:188} WARNING - /home/airflow/.local/lib/python3.12/site-packages/airflow/settings.py:195 DeprecationWarning: The sql_alchemy_conn option in [core] has been moved to the sql_alchemy_conn option in [database] - the old setting has been used, but please update your config.
[2024-06-17T14:46:54.136+0000] {task_command.py:426} INFO - Running <TaskInstance: ELT-PROJECT.load_process.load_customers manual__2024-06-17T14:46:35.249847+00:00 [running]> on host airflow-scheduler
[2024-06-17T14:46:55.082+0000] {taskinstance.py:2648} INFO - Exporting env vars: AIRFLOW_CTX_DAG_OWNER='Data-Ninja' AIRFLOW_CTX_DAG_ID='ELT-PROJECT' AIRFLOW_CTX_TASK_ID='load_process.load_customers' AIRFLOW_CTX_EXECUTION_DATE='2024-06-17T14:46:35.249847+00:00' AIRFLOW_CTX_TRY_NUMBER='1' AIRFLOW_CTX_DAG_RUN_ID='manual__2024-06-17T14:46:35.249847+00:00'
[2024-06-17T14:46:55.087+0000] {taskinstance.py:430} INFO - ::endgroup::
[2024-06-17T14:46:55.091+0000] {connection.py:399} INFO - Snowflake Connector for Python Version: 3.10.1, Python Version: 3.12.4, Platform: Linux-5.15.133.1-microsoft-standard-WSL2-x86_64-with-glibc2.36
[2024-06-17T14:46:55.111+0000] {connection.py:1249} INFO - THIS CONNECTION IS IN INSECURE MODE. IT MEANS THE CERTIFICATE WILL BE VALIDATED BUT THE CERTIFICATE REVOCATION STATUS WILL NOT BE CHECKED.
[2024-06-17T14:46:58.092+0000] {ssl_wrap_socket.py:100} INFO - THIS CONNECTION IS IN INSECURE MODE. IT MEANS THE CERTIFICATE WILL BE VALIDATED BUT THE CERTIFICATE REVOCATION STATUS WILL NOT BE CHECKED.
[2024-06-17T14:46:58.917+0000] {logging_mixin.py:188} INFO - Nama kolom di DataFrame: Index(['customerID', 'companyName', 'contactName', 'contactTitle', 'address',
       'city', 'region', 'postalCode', 'country', 'phone', 'fax'],
      dtype='object')
[2024-06-17T14:46:59.357+0000] {cursor.py:1149} INFO - Number of results in first chunk: 1
[2024-06-17T14:47:00.279+0000] {ssl_wrap_socket.py:100} INFO - THIS CONNECTION IS IN INSECURE MODE. IT MEANS THE CERTIFICATE WILL BE VALIDATED BUT THE CERTIFICATE REVOCATION STATUS WILL NOT BE CHECKED.
[2024-06-17T14:47:04.473+0000] {cursor.py:1149} INFO - Number of results in first chunk: 1
[2024-06-17T14:47:05.172+0000] {cursor.py:1149} INFO - Number of results in first chunk: 11
[2024-06-17T14:47:05.581+0000] {cursor.py:1149} INFO - Number of results in first chunk: 1
[2024-06-17T14:47:06.176+0000] {cursor.py:1149} INFO - Number of results in first chunk: 1
[2024-06-17T14:47:07.610+0000] {cursor.py:1149} INFO - Number of results in first chunk: 1
[2024-06-17T14:47:07.611+0000] {logging_mixin.py:188} INFO - Done customers.
[2024-06-17T14:47:07.612+0000] {connection.py:762} INFO - closed
[2024-06-17T14:47:07.989+0000] {connection.py:768} INFO - No async queries seem to be running, deleting session
[2024-06-17T14:47:08.416+0000] {python.py:237} INFO - Done. Returned value was: None
[2024-06-17T14:47:08.420+0000] {taskinstance.py:441} INFO - ::group::Post task execution logs
[2024-06-17T14:47:08.483+0000] {taskinstance.py:1206} INFO - Marking task as SUCCESS. dag_id=ELT-PROJECT, task_id=load_process.load_customers, run_id=manual__2024-06-17T14:46:35.249847+00:00, execution_date=20240617T144635, start_date=20240617T144653, end_date=20240617T144708
[2024-06-17T14:47:08.581+0000] {local_task_job_runner.py:240} INFO - Task exited with return code 0
[2024-06-17T14:47:08.669+0000] {taskinstance.py:3503} INFO - 0 downstream tasks scheduled from follow-on schedule check
[2024-06-17T14:47:08.675+0000] {local_task_job_runner.py:222} INFO - ::endgroup::
