[2024-06-20T09:32:56.272+0000] {local_task_job_runner.py:120} INFO - ::group::Pre task execution logs
[2024-06-20T09:32:56.326+0000] {taskinstance.py:2076} INFO - Dependencies all met for dep_context=non-requeueable deps ti=<TaskInstance: ELT-PROJECT.load.load_territories manual__2024-06-20T09:32:39.273282+00:00 [queued]>
[2024-06-20T09:32:56.362+0000] {taskinstance.py:2076} INFO - Dependencies all met for dep_context=requeueable deps ti=<TaskInstance: ELT-PROJECT.load.load_territories manual__2024-06-20T09:32:39.273282+00:00 [queued]>
[2024-06-20T09:32:56.364+0000] {taskinstance.py:2306} INFO - Starting attempt 1 of 2
[2024-06-20T09:32:56.397+0000] {taskinstance.py:2330} INFO - Executing <Task(_PythonDecoratedOperator): load.load_territories> on 2024-06-20 09:32:39.273282+00:00
[2024-06-20T09:32:56.433+0000] {logging_mixin.py:188} WARNING - /home/airflow/.local/lib/python3.12/site-packages/airflow/task/task_runner/standard_task_runner.py:61 DeprecationWarning: This process (pid=6523) is multi-threaded, use of fork() may lead to deadlocks in the child.
[2024-06-20T09:32:56.436+0000] {standard_task_runner.py:63} INFO - Started process 6561 to run task
[2024-06-20T09:32:56.433+0000] {standard_task_runner.py:90} INFO - Running: ['airflow', 'tasks', 'run', 'ELT-PROJECT', 'load.load_territories', 'manual__2024-06-20T09:32:39.273282+00:00', '--job-id', '402', '--raw', '--subdir', 'DAGS_FOLDER/elt.py', '--cfg-path', '/tmp/tmp5b7ih_mq']
[2024-06-20T09:32:56.440+0000] {standard_task_runner.py:91} INFO - Job 402: Subtask load.load_territories
[2024-06-20T09:32:56.496+0000] {logging_mixin.py:188} WARNING - /home/airflow/.local/lib/python3.12/site-packages/airflow/settings.py:195 DeprecationWarning: The sql_alchemy_conn option in [core] has been moved to the sql_alchemy_conn option in [database] - the old setting has been used, but please update your config.
[2024-06-20T09:32:56.617+0000] {task_command.py:426} INFO - Running <TaskInstance: ELT-PROJECT.load.load_territories manual__2024-06-20T09:32:39.273282+00:00 [running]> on host airflow-scheduler
[2024-06-20T09:32:57.501+0000] {taskinstance.py:2648} INFO - Exporting env vars: AIRFLOW_CTX_DAG_OWNER='Data-Ninja' AIRFLOW_CTX_DAG_ID='ELT-PROJECT' AIRFLOW_CTX_TASK_ID='load.load_territories' AIRFLOW_CTX_EXECUTION_DATE='2024-06-20T09:32:39.273282+00:00' AIRFLOW_CTX_TRY_NUMBER='1' AIRFLOW_CTX_DAG_RUN_ID='manual__2024-06-20T09:32:39.273282+00:00'
[2024-06-20T09:32:57.505+0000] {taskinstance.py:430} INFO - ::endgroup::
[2024-06-20T09:32:57.508+0000] {connection.py:399} INFO - Snowflake Connector for Python Version: 3.10.1, Python Version: 3.12.4, Platform: Linux-5.15.133.1-microsoft-standard-WSL2-x86_64-with-glibc2.36
[2024-06-20T09:32:57.510+0000] {connection.py:1249} INFO - THIS CONNECTION IS IN INSECURE MODE. IT MEANS THE CERTIFICATE WILL BE VALIDATED BUT THE CERTIFICATE REVOCATION STATUS WILL NOT BE CHECKED.
[2024-06-20T09:32:57.735+0000] {ssl_wrap_socket.py:100} INFO - THIS CONNECTION IS IN INSECURE MODE. IT MEANS THE CERTIFICATE WILL BE VALIDATED BUT THE CERTIFICATE REVOCATION STATUS WILL NOT BE CHECKED.
[2024-06-20T09:32:58.134+0000] {logging_mixin.py:188} INFO - Nama kolom di DataFrame: Index(['territoryID', 'territoryDescription', 'regionID'], dtype='object')
[2024-06-20T09:32:58.537+0000] {cursor.py:1149} INFO - Number of results in first chunk: 1
[2024-06-20T09:32:59.202+0000] {ssl_wrap_socket.py:100} INFO - THIS CONNECTION IS IN INSECURE MODE. IT MEANS THE CERTIFICATE WILL BE VALIDATED BUT THE CERTIFICATE REVOCATION STATUS WILL NOT BE CHECKED.
[2024-06-20T09:33:02.069+0000] {cursor.py:1149} INFO - Number of results in first chunk: 1
[2024-06-20T09:33:02.823+0000] {cursor.py:1149} INFO - Number of results in first chunk: 3
[2024-06-20T09:33:03.188+0000] {cursor.py:1149} INFO - Number of results in first chunk: 1
[2024-06-20T09:33:03.723+0000] {cursor.py:1149} INFO - Number of results in first chunk: 1
[2024-06-20T09:33:06.209+0000] {cursor.py:1149} INFO - Number of results in first chunk: 1
[2024-06-20T09:33:06.210+0000] {logging_mixin.py:188} INFO - Done territories.
[2024-06-20T09:33:06.211+0000] {connection.py:762} INFO - closed
[2024-06-20T09:33:06.547+0000] {connection.py:768} INFO - No async queries seem to be running, deleting session
[2024-06-20T09:33:07.234+0000] {python.py:237} INFO - Done. Returned value was: None
[2024-06-20T09:33:07.236+0000] {taskinstance.py:441} INFO - ::group::Post task execution logs
[2024-06-20T09:33:07.253+0000] {taskinstance.py:1206} INFO - Marking task as SUCCESS. dag_id=ELT-PROJECT, task_id=load.load_territories, run_id=manual__2024-06-20T09:32:39.273282+00:00, execution_date=20240620T093239, start_date=20240620T093256, end_date=20240620T093307
[2024-06-20T09:33:07.296+0000] {local_task_job_runner.py:240} INFO - Task exited with return code 0
[2024-06-20T09:33:07.374+0000] {taskinstance.py:3503} INFO - 0 downstream tasks scheduled from follow-on schedule check
[2024-06-20T09:33:07.382+0000] {local_task_job_runner.py:222} INFO - ::endgroup::
