[2024-06-20T06:45:57.674+0000] {local_task_job_runner.py:120} INFO - ::group::Pre task execution logs
[2024-06-20T06:45:57.785+0000] {taskinstance.py:2076} INFO - Dependencies all met for dep_context=non-requeueable deps ti=<TaskInstance: ELT-PROJECT.load.load_categories manual__2024-06-20T06:45:39.980199+00:00 [queued]>
[2024-06-20T06:45:57.816+0000] {taskinstance.py:2076} INFO - Dependencies all met for dep_context=requeueable deps ti=<TaskInstance: ELT-PROJECT.load.load_categories manual__2024-06-20T06:45:39.980199+00:00 [queued]>
[2024-06-20T06:45:57.818+0000] {taskinstance.py:2306} INFO - Starting attempt 1 of 2
[2024-06-20T06:45:57.868+0000] {taskinstance.py:2330} INFO - Executing <Task(_PythonDecoratedOperator): load.load_categories> on 2024-06-20 06:45:39.980199+00:00
[2024-06-20T06:45:57.892+0000] {logging_mixin.py:188} WARNING - /home/airflow/.local/lib/python3.12/site-packages/airflow/task/task_runner/standard_task_runner.py:61 DeprecationWarning: This process (pid=1329) is multi-threaded, use of fork() may lead to deadlocks in the child.
[2024-06-20T06:45:57.896+0000] {standard_task_runner.py:63} INFO - Started process 1354 to run task
[2024-06-20T06:45:57.924+0000] {standard_task_runner.py:90} INFO - Running: ['airflow', 'tasks', 'run', 'ELT-PROJECT', 'load.load_categories', 'manual__2024-06-20T06:45:39.980199+00:00', '--job-id', '59', '--raw', '--subdir', 'DAGS_FOLDER/elt.py', '--cfg-path', '/tmp/tmpbprdtna2']
[2024-06-20T06:45:57.963+0000] {standard_task_runner.py:91} INFO - Job 59: Subtask load.load_categories
[2024-06-20T06:45:58.083+0000] {logging_mixin.py:188} WARNING - /home/airflow/.local/lib/python3.12/site-packages/airflow/settings.py:195 DeprecationWarning: The sql_alchemy_conn option in [core] has been moved to the sql_alchemy_conn option in [database] - the old setting has been used, but please update your config.
[2024-06-20T06:45:58.298+0000] {task_command.py:426} INFO - Running <TaskInstance: ELT-PROJECT.load.load_categories manual__2024-06-20T06:45:39.980199+00:00 [running]> on host airflow-scheduler
[2024-06-20T06:45:59.368+0000] {taskinstance.py:2648} INFO - Exporting env vars: AIRFLOW_CTX_DAG_OWNER='Data-Ninja' AIRFLOW_CTX_DAG_ID='ELT-PROJECT' AIRFLOW_CTX_TASK_ID='load.load_categories' AIRFLOW_CTX_EXECUTION_DATE='2024-06-20T06:45:39.980199+00:00' AIRFLOW_CTX_TRY_NUMBER='1' AIRFLOW_CTX_DAG_RUN_ID='manual__2024-06-20T06:45:39.980199+00:00'
[2024-06-20T06:45:59.377+0000] {taskinstance.py:430} INFO - ::endgroup::
[2024-06-20T06:45:59.381+0000] {connection.py:399} INFO - Snowflake Connector for Python Version: 3.10.1, Python Version: 3.12.4, Platform: Linux-5.15.133.1-microsoft-standard-WSL2-x86_64-with-glibc2.36
[2024-06-20T06:45:59.387+0000] {connection.py:1249} INFO - THIS CONNECTION IS IN INSECURE MODE. IT MEANS THE CERTIFICATE WILL BE VALIDATED BUT THE CERTIFICATE REVOCATION STATUS WILL NOT BE CHECKED.
[2024-06-20T06:46:00.024+0000] {ssl_wrap_socket.py:100} INFO - THIS CONNECTION IS IN INSECURE MODE. IT MEANS THE CERTIFICATE WILL BE VALIDATED BUT THE CERTIFICATE REVOCATION STATUS WILL NOT BE CHECKED.
[2024-06-20T06:46:00.586+0000] {logging_mixin.py:188} INFO - Nama kolom di DataFrame: Index(['categoryID', 'categoryName', 'description', 'picture'], dtype='object')
[2024-06-20T06:46:01.022+0000] {cursor.py:1149} INFO - Number of results in first chunk: 1
[2024-06-20T06:46:04.757+0000] {ssl_wrap_socket.py:100} INFO - THIS CONNECTION IS IN INSECURE MODE. IT MEANS THE CERTIFICATE WILL BE VALIDATED BUT THE CERTIFICATE REVOCATION STATUS WILL NOT BE CHECKED.
[2024-06-20T06:46:07.467+0000] {cursor.py:1149} INFO - Number of results in first chunk: 1
[2024-06-20T06:46:08.424+0000] {cursor.py:1149} INFO - Number of results in first chunk: 4
[2024-06-20T06:46:08.812+0000] {cursor.py:1149} INFO - Number of results in first chunk: 1
[2024-06-20T06:46:09.476+0000] {cursor.py:1149} INFO - Number of results in first chunk: 1
[2024-06-20T06:46:11.468+0000] {cursor.py:1149} INFO - Number of results in first chunk: 1
[2024-06-20T06:46:11.470+0000] {logging_mixin.py:188} INFO - Done categories.
[2024-06-20T06:46:11.471+0000] {connection.py:762} INFO - closed
[2024-06-20T06:46:11.876+0000] {connection.py:768} INFO - No async queries seem to be running, deleting session
[2024-06-20T06:46:12.223+0000] {python.py:237} INFO - Done. Returned value was: None
[2024-06-20T06:46:12.228+0000] {taskinstance.py:441} INFO - ::group::Post task execution logs
[2024-06-20T06:46:12.324+0000] {taskinstance.py:1206} INFO - Marking task as SUCCESS. dag_id=ELT-PROJECT, task_id=load.load_categories, run_id=manual__2024-06-20T06:45:39.980199+00:00, execution_date=20240620T064539, start_date=20240620T064557, end_date=20240620T064612
[2024-06-20T06:46:12.463+0000] {local_task_job_runner.py:240} INFO - Task exited with return code 0
[2024-06-20T06:46:12.569+0000] {taskinstance.py:3503} INFO - 0 downstream tasks scheduled from follow-on schedule check
[2024-06-20T06:46:12.573+0000] {local_task_job_runner.py:222} INFO - ::endgroup::
