[2024-06-20T08:59:32.922+0000] {local_task_job_runner.py:120} INFO - ::group::Pre task execution logs
[2024-06-20T08:59:32.998+0000] {taskinstance.py:2076} INFO - Dependencies all met for dep_context=non-requeueable deps ti=<TaskInstance: ELT-PROJECT.extract.extract_categories manual__2024-06-20T08:59:25.665849+00:00 [queued]>
[2024-06-20T08:59:33.029+0000] {taskinstance.py:2076} INFO - Dependencies all met for dep_context=requeueable deps ti=<TaskInstance: ELT-PROJECT.extract.extract_categories manual__2024-06-20T08:59:25.665849+00:00 [queued]>
[2024-06-20T08:59:33.032+0000] {taskinstance.py:2306} INFO - Starting attempt 1 of 2
[2024-06-20T08:59:33.134+0000] {taskinstance.py:2330} INFO - Executing <Task(_PythonDecoratedOperator): extract.extract_categories> on 2024-06-20 08:59:25.665849+00:00
[2024-06-20T08:59:33.195+0000] {standard_task_runner.py:90} INFO - Running: ['airflow', 'tasks', 'run', 'ELT-PROJECT', 'extract.extract_categories', 'manual__2024-06-20T08:59:25.665849+00:00', '--job-id', '276', '--raw', '--subdir', 'DAGS_FOLDER/elt.py', '--cfg-path', '/tmp/tmphgdj869t']
[2024-06-20T08:59:33.210+0000] {logging_mixin.py:188} WARNING - /home/airflow/.local/lib/python3.12/site-packages/airflow/task/task_runner/standard_task_runner.py:61 DeprecationWarning: This process (pid=4236) is multi-threaded, use of fork() may lead to deadlocks in the child.
[2024-06-20T08:59:33.216+0000] {standard_task_runner.py:91} INFO - Job 276: Subtask extract.extract_categories
[2024-06-20T08:59:33.233+0000] {standard_task_runner.py:63} INFO - Started process 4263 to run task
[2024-06-20T08:59:33.304+0000] {logging_mixin.py:188} WARNING - /home/airflow/.local/lib/python3.12/site-packages/airflow/settings.py:195 DeprecationWarning: The sql_alchemy_conn option in [core] has been moved to the sql_alchemy_conn option in [database] - the old setting has been used, but please update your config.
[2024-06-20T08:59:33.602+0000] {task_command.py:426} INFO - Running <TaskInstance: ELT-PROJECT.extract.extract_categories manual__2024-06-20T08:59:25.665849+00:00 [running]> on host airflow-scheduler
[2024-06-20T08:59:34.202+0000] {taskinstance.py:2648} INFO - Exporting env vars: AIRFLOW_CTX_DAG_OWNER='Data-Ninja' AIRFLOW_CTX_DAG_ID='ELT-PROJECT' AIRFLOW_CTX_TASK_ID='extract.extract_categories' AIRFLOW_CTX_EXECUTION_DATE='2024-06-20T08:59:25.665849+00:00' AIRFLOW_CTX_TRY_NUMBER='1' AIRFLOW_CTX_DAG_RUN_ID='manual__2024-06-20T08:59:25.665849+00:00'
[2024-06-20T08:59:34.209+0000] {taskinstance.py:430} INFO - ::endgroup::
[2024-06-20T08:59:34.791+0000] {python.py:237} INFO - Done. Returned value was:    categoryID  ...                                            picture
0           1  ...  0x151C2F00020000000D000E0014002100FFFFFFFF4269...
1           2  ...  0x151C2F00020000000D000E0014002100FFFFFFFF4269...
2           3  ...  0x151C2F00020000000D000E0014002100FFFFFFFF4269...
3           4  ...  0x151C2F00020000000D000E0014002100FFFFFFFF4269...
4           5  ...  0x151C2F00020000000D000E0014002100FFFFFFFF4269...
5           6  ...  0x151C2F00020000000D000E0014002100FFFFFFFF4269...
6           7  ...  0x151C2F00020000000D000E0014002100FFFFFFFF4269...
7           8  ...  0x151C2F00020000000D000E0014002100FFFFFFFF4269...

[8 rows x 4 columns]
[2024-06-20T08:59:34.871+0000] {taskinstance.py:441} INFO - ::group::Post task execution logs
[2024-06-20T08:59:35.725+0000] {taskinstance.py:1206} INFO - Marking task as SUCCESS. dag_id=ELT-PROJECT, task_id=extract.extract_categories, run_id=manual__2024-06-20T08:59:25.665849+00:00, execution_date=20240620T085925, start_date=20240620T085933, end_date=20240620T085935
[2024-06-20T08:59:35.932+0000] {local_task_job_runner.py:240} INFO - Task exited with return code 0
[2024-06-20T08:59:35.994+0000] {local_task_job_runner.py:222} INFO - ::endgroup::
