[2024-06-20T04:14:27.646+0000] {local_task_job_runner.py:120} INFO - ::group::Pre task execution logs
[2024-06-20T04:14:27.707+0000] {taskinstance.py:2076} INFO - Dependencies all met for dep_context=non-requeueable deps ti=<TaskInstance: ELT-PROJECT.load.load_categories manual__2024-06-20T04:14:16.977847+00:00 [queued]>
[2024-06-20T04:14:27.735+0000] {taskinstance.py:2076} INFO - Dependencies all met for dep_context=requeueable deps ti=<TaskInstance: ELT-PROJECT.load.load_categories manual__2024-06-20T04:14:16.977847+00:00 [queued]>
[2024-06-20T04:14:27.738+0000] {taskinstance.py:2306} INFO - Starting attempt 1 of 2
[2024-06-20T04:14:27.786+0000] {taskinstance.py:2330} INFO - Executing <Task(_PythonDecoratedOperator): load.load_categories> on 2024-06-20 04:14:16.977847+00:00
[2024-06-20T04:14:27.808+0000] {logging_mixin.py:188} WARNING - /home/airflow/.local/lib/python3.12/site-packages/airflow/task/task_runner/standard_task_runner.py:61 DeprecationWarning: This process (pid=990) is multi-threaded, use of fork() may lead to deadlocks in the child.
[2024-06-20T04:14:27.813+0000] {standard_task_runner.py:63} INFO - Started process 1008 to run task
[2024-06-20T04:14:27.821+0000] {standard_task_runner.py:90} INFO - Running: ['airflow', 'tasks', 'run', 'ELT-PROJECT', 'load.load_categories', 'manual__2024-06-20T04:14:16.977847+00:00', '--job-id', '26', '--raw', '--subdir', 'DAGS_FOLDER/elt.py', '--cfg-path', '/tmp/tmp845uqmoc']
[2024-06-20T04:14:27.826+0000] {standard_task_runner.py:91} INFO - Job 26: Subtask load.load_categories
[2024-06-20T04:14:27.891+0000] {logging_mixin.py:188} WARNING - /home/airflow/.local/lib/python3.12/site-packages/airflow/settings.py:195 DeprecationWarning: The sql_alchemy_conn option in [core] has been moved to the sql_alchemy_conn option in [database] - the old setting has been used, but please update your config.
[2024-06-20T04:14:28.059+0000] {task_command.py:426} INFO - Running <TaskInstance: ELT-PROJECT.load.load_categories manual__2024-06-20T04:14:16.977847+00:00 [running]> on host airflow-scheduler
[2024-06-20T04:14:28.708+0000] {taskinstance.py:2648} INFO - Exporting env vars: AIRFLOW_CTX_DAG_OWNER='Data-Ninja' AIRFLOW_CTX_DAG_ID='ELT-PROJECT' AIRFLOW_CTX_TASK_ID='load.load_categories' AIRFLOW_CTX_EXECUTION_DATE='2024-06-20T04:14:16.977847+00:00' AIRFLOW_CTX_TRY_NUMBER='1' AIRFLOW_CTX_DAG_RUN_ID='manual__2024-06-20T04:14:16.977847+00:00'
[2024-06-20T04:14:28.711+0000] {taskinstance.py:430} INFO - ::endgroup::
[2024-06-20T04:14:28.714+0000] {connection.py:399} INFO - Snowflake Connector for Python Version: 3.10.1, Python Version: 3.12.4, Platform: Linux-5.15.133.1-microsoft-standard-WSL2-x86_64-with-glibc2.36
[2024-06-20T04:14:28.716+0000] {connection.py:1249} INFO - THIS CONNECTION IS IN INSECURE MODE. IT MEANS THE CERTIFICATE WILL BE VALIDATED BUT THE CERTIFICATE REVOCATION STATUS WILL NOT BE CHECKED.
[2024-06-20T04:14:29.333+0000] {ssl_wrap_socket.py:100} INFO - THIS CONNECTION IS IN INSECURE MODE. IT MEANS THE CERTIFICATE WILL BE VALIDATED BUT THE CERTIFICATE REVOCATION STATUS WILL NOT BE CHECKED.
[2024-06-20T04:14:30.070+0000] {logging_mixin.py:188} INFO - Nama kolom di DataFrame: Index(['categoryID', 'categoryName', 'description', 'picture'], dtype='object')
[2024-06-20T04:14:30.497+0000] {cursor.py:1149} INFO - Number of results in first chunk: 1
[2024-06-20T04:14:32.410+0000] {ssl_wrap_socket.py:100} INFO - THIS CONNECTION IS IN INSECURE MODE. IT MEANS THE CERTIFICATE WILL BE VALIDATED BUT THE CERTIFICATE REVOCATION STATUS WILL NOT BE CHECKED.
[2024-06-20T04:14:35.092+0000] {cursor.py:1149} INFO - Number of results in first chunk: 1
[2024-06-20T04:14:35.774+0000] {cursor.py:1149} INFO - Number of results in first chunk: 4
[2024-06-20T04:14:36.109+0000] {cursor.py:1149} INFO - Number of results in first chunk: 1
[2024-06-20T04:14:36.633+0000] {cursor.py:1149} INFO - Number of results in first chunk: 1
[2024-06-20T04:14:37.983+0000] {cursor.py:1149} INFO - Number of results in first chunk: 1
[2024-06-20T04:14:37.984+0000] {logging_mixin.py:188} INFO - Done categories.
[2024-06-20T04:14:37.985+0000] {connection.py:762} INFO - closed
[2024-06-20T04:14:38.302+0000] {connection.py:768} INFO - No async queries seem to be running, deleting session
[2024-06-20T04:14:38.633+0000] {python.py:237} INFO - Done. Returned value was: None
[2024-06-20T04:14:38.636+0000] {taskinstance.py:441} INFO - ::group::Post task execution logs
[2024-06-20T04:14:38.662+0000] {taskinstance.py:1206} INFO - Marking task as SUCCESS. dag_id=ELT-PROJECT, task_id=load.load_categories, run_id=manual__2024-06-20T04:14:16.977847+00:00, execution_date=20240620T041416, start_date=20240620T041427, end_date=20240620T041438
[2024-06-20T04:14:38.695+0000] {local_task_job_runner.py:240} INFO - Task exited with return code 0
[2024-06-20T04:14:38.709+0000] {local_task_job_runner.py:222} INFO - ::endgroup::
