[2024-06-20T06:46:22.342+0000] {local_task_job_runner.py:120} INFO - ::group::Pre task execution logs
[2024-06-20T06:46:22.470+0000] {taskinstance.py:2076} INFO - Dependencies all met for dep_context=non-requeueable deps ti=<TaskInstance: ELT-PROJECT.wait_until_all_connections_closed manual__2024-06-20T06:45:39.980199+00:00 [queued]>
[2024-06-20T06:46:22.522+0000] {taskinstance.py:2076} INFO - Dependencies all met for dep_context=requeueable deps ti=<TaskInstance: ELT-PROJECT.wait_until_all_connections_closed manual__2024-06-20T06:45:39.980199+00:00 [queued]>
[2024-06-20T06:46:22.525+0000] {taskinstance.py:2306} INFO - Starting attempt 1 of 2
[2024-06-20T06:46:22.599+0000] {taskinstance.py:2330} INFO - Executing <Task(TimeDeltaSensor): wait_until_all_connections_closed> on 2024-06-20 06:45:39.980199+00:00
[2024-06-20T06:46:22.640+0000] {logging_mixin.py:188} WARNING - /home/airflow/.local/lib/python3.12/site-packages/airflow/task/task_runner/standard_task_runner.py:61 DeprecationWarning: This process (pid=1475) is multi-threaded, use of fork() may lead to deadlocks in the child.
[2024-06-20T06:46:22.633+0000] {standard_task_runner.py:90} INFO - Running: ['airflow', 'tasks', 'run', 'ELT-PROJECT', 'wait_until_all_connections_closed', 'manual__2024-06-20T06:45:39.980199+00:00', '--job-id', '70', '--raw', '--subdir', 'DAGS_FOLDER/elt.py', '--cfg-path', '/tmp/tmpl0jgpxz8']
[2024-06-20T06:46:22.645+0000] {standard_task_runner.py:91} INFO - Job 70: Subtask wait_until_all_connections_closed
[2024-06-20T06:46:22.645+0000] {standard_task_runner.py:63} INFO - Started process 1478 to run task
[2024-06-20T06:46:22.738+0000] {logging_mixin.py:188} WARNING - /home/airflow/.local/lib/python3.12/site-packages/airflow/settings.py:195 DeprecationWarning: The sql_alchemy_conn option in [core] has been moved to the sql_alchemy_conn option in [database] - the old setting has been used, but please update your config.
[2024-06-20T06:46:22.910+0000] {task_command.py:426} INFO - Running <TaskInstance: ELT-PROJECT.wait_until_all_connections_closed manual__2024-06-20T06:45:39.980199+00:00 [running]> on host airflow-scheduler
[2024-06-20T06:46:23.376+0000] {taskinstance.py:2648} INFO - Exporting env vars: AIRFLOW_CTX_DAG_OWNER='Data-Ninja' AIRFLOW_CTX_DAG_ID='ELT-PROJECT' AIRFLOW_CTX_TASK_ID='wait_until_all_connections_closed' AIRFLOW_CTX_EXECUTION_DATE='2024-06-20T06:45:39.980199+00:00' AIRFLOW_CTX_TRY_NUMBER='1' AIRFLOW_CTX_DAG_RUN_ID='manual__2024-06-20T06:45:39.980199+00:00'
[2024-06-20T06:46:23.383+0000] {taskinstance.py:430} INFO - ::endgroup::
[2024-06-20T06:46:23.387+0000] {time_delta.py:51} INFO - Checking if the time (2024-06-20 06:45:49.980199+00:00) has come
[2024-06-20T06:46:23.390+0000] {base.py:294} INFO - Success criteria met. Exiting.
[2024-06-20T06:46:23.392+0000] {taskinstance.py:441} INFO - ::group::Post task execution logs
[2024-06-20T06:46:23.451+0000] {taskinstance.py:1206} INFO - Marking task as SUCCESS. dag_id=ELT-PROJECT, task_id=wait_until_all_connections_closed, run_id=manual__2024-06-20T06:45:39.980199+00:00, execution_date=20240620T064539, start_date=20240620T064622, end_date=20240620T064623
[2024-06-20T06:46:23.517+0000] {local_task_job_runner.py:240} INFO - Task exited with return code 0
[2024-06-20T06:46:23.594+0000] {taskinstance.py:3503} INFO - 0 downstream tasks scheduled from follow-on schedule check
[2024-06-20T06:46:23.600+0000] {local_task_job_runner.py:222} INFO - ::endgroup::
