[2024-06-20T08:41:20.498+0000] {local_task_job_runner.py:120} INFO - ::group::Pre task execution logs
[2024-06-20T08:41:20.652+0000] {taskinstance.py:2076} INFO - Dependencies all met for dep_context=non-requeueable deps ti=<TaskInstance: ELT-PROJECT.extract.extract_shippers manual__2024-06-20T08:41:09.652767+00:00 [queued]>
[2024-06-20T08:41:20.733+0000] {taskinstance.py:2076} INFO - Dependencies all met for dep_context=requeueable deps ti=<TaskInstance: ELT-PROJECT.extract.extract_shippers manual__2024-06-20T08:41:09.652767+00:00 [queued]>
[2024-06-20T08:41:20.734+0000] {taskinstance.py:2306} INFO - Starting attempt 1 of 2
[2024-06-20T08:41:20.827+0000] {taskinstance.py:2330} INFO - Executing <Task(_PythonDecoratedOperator): extract.extract_shippers> on 2024-06-20 08:41:09.652767+00:00
[2024-06-20T08:41:20.862+0000] {logging_mixin.py:188} WARNING - /home/airflow/.local/lib/python3.12/site-packages/airflow/task/task_runner/standard_task_runner.py:61 DeprecationWarning: This process (pid=3179) is multi-threaded, use of fork() may lead to deadlocks in the child.
[2024-06-20T08:41:20.865+0000] {standard_task_runner.py:63} INFO - Started process 3204 to run task
[2024-06-20T08:41:20.879+0000] {standard_task_runner.py:90} INFO - Running: ['airflow', 'tasks', 'run', 'ELT-PROJECT', 'extract.extract_shippers', 'manual__2024-06-20T08:41:09.652767+00:00', '--job-id', '226', '--raw', '--subdir', 'DAGS_FOLDER/elt.py', '--cfg-path', '/tmp/tmpe_qkh3d7']
[2024-06-20T08:41:20.901+0000] {standard_task_runner.py:91} INFO - Job 226: Subtask extract.extract_shippers
[2024-06-20T08:41:21.122+0000] {logging_mixin.py:188} WARNING - /home/airflow/.local/lib/python3.12/site-packages/airflow/settings.py:195 DeprecationWarning: The sql_alchemy_conn option in [core] has been moved to the sql_alchemy_conn option in [database] - the old setting has been used, but please update your config.
[2024-06-20T08:41:21.490+0000] {task_command.py:426} INFO - Running <TaskInstance: ELT-PROJECT.extract.extract_shippers manual__2024-06-20T08:41:09.652767+00:00 [running]> on host airflow-scheduler
[2024-06-20T08:41:22.234+0000] {taskinstance.py:2648} INFO - Exporting env vars: AIRFLOW_CTX_DAG_OWNER='Data-Ninja' AIRFLOW_CTX_DAG_ID='ELT-PROJECT' AIRFLOW_CTX_TASK_ID='extract.extract_shippers' AIRFLOW_CTX_EXECUTION_DATE='2024-06-20T08:41:09.652767+00:00' AIRFLOW_CTX_TRY_NUMBER='1' AIRFLOW_CTX_DAG_RUN_ID='manual__2024-06-20T08:41:09.652767+00:00'
[2024-06-20T08:41:22.248+0000] {taskinstance.py:430} INFO - ::endgroup::
[2024-06-20T08:41:22.946+0000] {python.py:237} INFO - Done. Returned value was:    shipperID       companyName           phone
0          1    Speedy Express  (503) 555-9831
1          2    United Package  (503) 555-3199
2          3  Federal Shipping  (503) 555-9931
[2024-06-20T08:41:23.103+0000] {taskinstance.py:441} INFO - ::group::Post task execution logs
[2024-06-20T08:41:26.630+0000] {taskinstance.py:1206} INFO - Marking task as SUCCESS. dag_id=ELT-PROJECT, task_id=extract.extract_shippers, run_id=manual__2024-06-20T08:41:09.652767+00:00, execution_date=20240620T084109, start_date=20240620T084120, end_date=20240620T084126
[2024-06-20T08:41:26.753+0000] {local_task_job_runner.py:240} INFO - Task exited with return code 0
[2024-06-20T08:41:26.810+0000] {local_task_job_runner.py:222} INFO - ::endgroup::
