[2024-06-17T10:03:40.248+0000] {local_task_job_runner.py:120} INFO - ::group::Pre task execution logs
[2024-06-17T10:03:40.333+0000] {taskinstance.py:2076} INFO - Dependencies all met for dep_context=non-requeueable deps ti=<TaskInstance: ELT-PROJECT.resource manual__2024-06-17T10:03:38.174680+00:00 [queued]>
[2024-06-17T10:03:40.357+0000] {taskinstance.py:2076} INFO - Dependencies all met for dep_context=requeueable deps ti=<TaskInstance: ELT-PROJECT.resource manual__2024-06-17T10:03:38.174680+00:00 [queued]>
[2024-06-17T10:03:40.359+0000] {taskinstance.py:2306} INFO - Starting attempt 1 of 2
[2024-06-17T10:03:40.388+0000] {taskinstance.py:2330} INFO - Executing <Task(_PythonDecoratedOperator): resource> on 2024-06-17 10:03:38.174680+00:00
[2024-06-17T10:03:40.404+0000] {logging_mixin.py:188} WARNING - /home/airflow/.local/lib/python3.12/site-packages/airflow/task/task_runner/standard_task_runner.py:61 DeprecationWarning: This process (pid=1465) is multi-threaded, use of fork() may lead to deadlocks in the child.
[2024-06-17T10:03:40.402+0000] {standard_task_runner.py:90} INFO - Running: ['airflow', 'tasks', 'run', 'ELT-PROJECT', 'resource', 'manual__2024-06-17T10:03:38.174680+00:00', '--job-id', '40', '--raw', '--subdir', 'DAGS_FOLDER/elt.py', '--cfg-path', '/tmp/tmpilv2hwuz']
[2024-06-17T10:03:40.406+0000] {standard_task_runner.py:63} INFO - Started process 1467 to run task
[2024-06-17T10:03:40.407+0000] {standard_task_runner.py:91} INFO - Job 40: Subtask resource
[2024-06-17T10:03:40.449+0000] {logging_mixin.py:188} WARNING - /home/airflow/.local/lib/python3.12/site-packages/airflow/settings.py:195 DeprecationWarning: The sql_alchemy_conn option in [core] has been moved to the sql_alchemy_conn option in [database] - the old setting has been used, but please update your config.
[2024-06-17T10:03:40.544+0000] {task_command.py:426} INFO - Running <TaskInstance: ELT-PROJECT.resource manual__2024-06-17T10:03:38.174680+00:00 [running]> on host airflow-scheduler
[2024-06-17T10:03:41.173+0000] {taskinstance.py:2648} INFO - Exporting env vars: AIRFLOW_CTX_DAG_OWNER='Data-Ninja' AIRFLOW_CTX_DAG_ID='ELT-PROJECT' AIRFLOW_CTX_TASK_ID='resource' AIRFLOW_CTX_EXECUTION_DATE='2024-06-17T10:03:38.174680+00:00' AIRFLOW_CTX_TRY_NUMBER='1' AIRFLOW_CTX_DAG_RUN_ID='manual__2024-06-17T10:03:38.174680+00:00'
[2024-06-17T10:03:41.175+0000] {taskinstance.py:430} INFO - ::endgroup::
[2024-06-17T10:03:41.177+0000] {python.py:237} INFO - Done. Returned value was: https://raw.githubusercontent.com/graphql-compose/graphql-compose-examples/master/examples/northwind/data/csv/{names}.csv
[2024-06-17T10:03:41.178+0000] {taskinstance.py:441} INFO - ::group::Post task execution logs
[2024-06-17T10:03:41.256+0000] {taskinstance.py:1206} INFO - Marking task as SUCCESS. dag_id=ELT-PROJECT, task_id=resource, run_id=manual__2024-06-17T10:03:38.174680+00:00, execution_date=20240617T100338, start_date=20240617T100340, end_date=20240617T100341
[2024-06-17T10:03:41.308+0000] {local_task_job_runner.py:240} INFO - Task exited with return code 0
[2024-06-17T10:03:41.360+0000] {dagrun.py:940} ERROR - Failed to get task for ti <TaskInstance: ELT-PROJECT.extract_process.extract_customersemployee_territories manual__2024-06-17T10:03:38.174680+00:00 [None]>. Marking it as removed.
[2024-06-17T10:03:41.381+0000] {taskinstance.py:3503} INFO - 9 downstream tasks scheduled from follow-on schedule check
[2024-06-17T10:03:41.388+0000] {local_task_job_runner.py:222} INFO - ::endgroup::
