[2024-06-20T09:52:45.664+0000] {local_task_job_runner.py:120} INFO - ::group::Pre task execution logs
[2024-06-20T09:52:45.934+0000] {taskinstance.py:2076} INFO - Dependencies all met for dep_context=non-requeueable deps ti=<TaskInstance: ELT-PROJECT.load.load_suppliers manual__2024-06-20T09:52:24.201945+00:00 [queued]>
[2024-06-20T09:52:46.067+0000] {taskinstance.py:2076} INFO - Dependencies all met for dep_context=requeueable deps ti=<TaskInstance: ELT-PROJECT.load.load_suppliers manual__2024-06-20T09:52:24.201945+00:00 [queued]>
[2024-06-20T09:52:46.069+0000] {taskinstance.py:2306} INFO - Starting attempt 1 of 2
[2024-06-20T09:52:46.227+0000] {taskinstance.py:2330} INFO - Executing <Task(_PythonDecoratedOperator): load.load_suppliers> on 2024-06-20 09:52:24.201945+00:00
[2024-06-20T09:52:46.327+0000] {logging_mixin.py:188} WARNING - /home/airflow/.local/lib/python3.12/site-packages/airflow/task/task_runner/standard_task_runner.py:61 DeprecationWarning: This process (pid=8315) is multi-threaded, use of fork() may lead to deadlocks in the child.
[2024-06-20T09:52:46.356+0000] {standard_task_runner.py:63} INFO - Started process 8341 to run task
[2024-06-20T09:52:46.350+0000] {standard_task_runner.py:90} INFO - Running: ['airflow', 'tasks', 'run', 'ELT-PROJECT', 'load.load_suppliers', 'manual__2024-06-20T09:52:24.201945+00:00', '--job-id', '515', '--raw', '--subdir', 'DAGS_FOLDER/elt.py', '--cfg-path', '/tmp/tmpwd1yxulg']
[2024-06-20T09:52:46.365+0000] {standard_task_runner.py:91} INFO - Job 515: Subtask load.load_suppliers
[2024-06-20T09:52:46.473+0000] {logging_mixin.py:188} WARNING - /home/airflow/.local/lib/python3.12/site-packages/airflow/settings.py:195 DeprecationWarning: The sql_alchemy_conn option in [core] has been moved to the sql_alchemy_conn option in [database] - the old setting has been used, but please update your config.
[2024-06-20T09:52:47.004+0000] {task_command.py:426} INFO - Running <TaskInstance: ELT-PROJECT.load.load_suppliers manual__2024-06-20T09:52:24.201945+00:00 [running]> on host airflow-scheduler
[2024-06-20T09:52:49.567+0000] {taskinstance.py:2648} INFO - Exporting env vars: AIRFLOW_CTX_DAG_OWNER='Data-Ninja' AIRFLOW_CTX_DAG_ID='ELT-PROJECT' AIRFLOW_CTX_TASK_ID='load.load_suppliers' AIRFLOW_CTX_EXECUTION_DATE='2024-06-20T09:52:24.201945+00:00' AIRFLOW_CTX_TRY_NUMBER='1' AIRFLOW_CTX_DAG_RUN_ID='manual__2024-06-20T09:52:24.201945+00:00'
[2024-06-20T09:52:49.569+0000] {taskinstance.py:430} INFO - ::endgroup::
[2024-06-20T09:52:49.571+0000] {connection.py:399} INFO - Snowflake Connector for Python Version: 3.10.1, Python Version: 3.12.4, Platform: Linux-5.15.133.1-microsoft-standard-WSL2-x86_64-with-glibc2.36
[2024-06-20T09:52:49.573+0000] {connection.py:1249} INFO - THIS CONNECTION IS IN INSECURE MODE. IT MEANS THE CERTIFICATE WILL BE VALIDATED BUT THE CERTIFICATE REVOCATION STATUS WILL NOT BE CHECKED.
[2024-06-20T09:52:49.824+0000] {ssl_wrap_socket.py:100} INFO - THIS CONNECTION IS IN INSECURE MODE. IT MEANS THE CERTIFICATE WILL BE VALIDATED BUT THE CERTIFICATE REVOCATION STATUS WILL NOT BE CHECKED.
[2024-06-20T09:52:50.250+0000] {logging_mixin.py:188} INFO - Nama kolom di DataFrame: Index(['supplierID', 'companyName', 'contactName', 'contactTitle', 'address',
       'city', 'region', 'postalCode', 'country', 'phone', 'fax', 'homePage'],
      dtype='object')
[2024-06-20T09:52:50.651+0000] {cursor.py:1149} INFO - Number of results in first chunk: 1
[2024-06-20T09:52:51.382+0000] {ssl_wrap_socket.py:100} INFO - THIS CONNECTION IS IN INSECURE MODE. IT MEANS THE CERTIFICATE WILL BE VALIDATED BUT THE CERTIFICATE REVOCATION STATUS WILL NOT BE CHECKED.
[2024-06-20T09:52:55.588+0000] {cursor.py:1149} INFO - Number of results in first chunk: 1
[2024-06-20T09:52:56.242+0000] {cursor.py:1149} INFO - Number of results in first chunk: 12
[2024-06-20T09:52:56.598+0000] {cursor.py:1149} INFO - Number of results in first chunk: 1
[2024-06-20T09:52:57.159+0000] {cursor.py:1149} INFO - Number of results in first chunk: 1
[2024-06-20T09:52:58.439+0000] {cursor.py:1149} INFO - Number of results in first chunk: 1
[2024-06-20T09:52:58.442+0000] {logging_mixin.py:188} INFO - Done suppliers.
[2024-06-20T09:52:58.444+0000] {connection.py:762} INFO - closed
[2024-06-20T09:52:58.803+0000] {connection.py:768} INFO - No async queries seem to be running, deleting session
[2024-06-20T09:52:59.211+0000] {python.py:237} INFO - Done. Returned value was: None
[2024-06-20T09:52:59.213+0000] {taskinstance.py:441} INFO - ::group::Post task execution logs
[2024-06-20T09:52:59.254+0000] {taskinstance.py:1206} INFO - Marking task as SUCCESS. dag_id=ELT-PROJECT, task_id=load.load_suppliers, run_id=manual__2024-06-20T09:52:24.201945+00:00, execution_date=20240620T095224, start_date=20240620T095245, end_date=20240620T095259
[2024-06-20T09:52:59.371+0000] {local_task_job_runner.py:240} INFO - Task exited with return code 0
[2024-06-20T09:52:59.413+0000] {local_task_job_runner.py:222} INFO - ::endgroup::
