[2024-06-20T23:50:02.822+0000] {local_task_job_runner.py:120} INFO - ::group::Pre task execution logs
[2024-06-20T23:50:02.892+0000] {taskinstance.py:2076} INFO - Dependencies all met for dep_context=non-requeueable deps ti=<TaskInstance: ELT-PROJECT.wait_until_all_connections_closed manual__2024-06-20T23:49:26.989447+00:00 [queued]>
[2024-06-20T23:50:02.937+0000] {taskinstance.py:2076} INFO - Dependencies all met for dep_context=requeueable deps ti=<TaskInstance: ELT-PROJECT.wait_until_all_connections_closed manual__2024-06-20T23:49:26.989447+00:00 [queued]>
[2024-06-20T23:50:02.939+0000] {taskinstance.py:2306} INFO - Starting attempt 1 of 2
[2024-06-20T23:50:03.001+0000] {taskinstance.py:2330} INFO - Executing <Task(TimeDeltaSensor): wait_until_all_connections_closed> on 2024-06-20 23:49:26.989447+00:00
[2024-06-20T23:50:03.034+0000] {logging_mixin.py:188} WARNING - /home/airflow/.local/lib/python3.12/site-packages/airflow/task/task_runner/standard_task_runner.py:61 DeprecationWarning: This process (pid=813) is multi-threaded, use of fork() may lead to deadlocks in the child.
[2024-06-20T23:50:03.038+0000] {standard_task_runner.py:63} INFO - Started process 819 to run task
[2024-06-20T23:50:03.034+0000] {standard_task_runner.py:90} INFO - Running: ['airflow', 'tasks', 'run', 'ELT-PROJECT', 'wait_until_all_connections_closed', 'manual__2024-06-20T23:49:26.989447+00:00', '--job-id', '61', '--raw', '--subdir', 'DAGS_FOLDER/elt.py', '--cfg-path', '/tmp/tmpk8z4jv5v']
[2024-06-20T23:50:03.041+0000] {standard_task_runner.py:91} INFO - Job 61: Subtask wait_until_all_connections_closed
[2024-06-20T23:50:03.102+0000] {logging_mixin.py:188} WARNING - /home/airflow/.local/lib/python3.12/site-packages/airflow/settings.py:195 DeprecationWarning: The sql_alchemy_conn option in [core] has been moved to the sql_alchemy_conn option in [database] - the old setting has been used, but please update your config.
[2024-06-20T23:50:03.248+0000] {task_command.py:426} INFO - Running <TaskInstance: ELT-PROJECT.wait_until_all_connections_closed manual__2024-06-20T23:49:26.989447+00:00 [running]> on host airflow-scheduler
[2024-06-20T23:50:03.498+0000] {taskinstance.py:2648} INFO - Exporting env vars: AIRFLOW_CTX_DAG_OWNER='Data-Ninja' AIRFLOW_CTX_DAG_ID='ELT-PROJECT' AIRFLOW_CTX_TASK_ID='wait_until_all_connections_closed' AIRFLOW_CTX_EXECUTION_DATE='2024-06-20T23:49:26.989447+00:00' AIRFLOW_CTX_TRY_NUMBER='1' AIRFLOW_CTX_DAG_RUN_ID='manual__2024-06-20T23:49:26.989447+00:00'
[2024-06-20T23:50:03.502+0000] {taskinstance.py:430} INFO - ::endgroup::
[2024-06-20T23:50:03.504+0000] {time_delta.py:51} INFO - Checking if the time (2024-06-20 23:49:36.989447+00:00) has come
[2024-06-20T23:50:03.506+0000] {base.py:294} INFO - Success criteria met. Exiting.
[2024-06-20T23:50:03.507+0000] {taskinstance.py:441} INFO - ::group::Post task execution logs
[2024-06-20T23:50:03.534+0000] {taskinstance.py:1206} INFO - Marking task as SUCCESS. dag_id=ELT-PROJECT, task_id=wait_until_all_connections_closed, run_id=manual__2024-06-20T23:49:26.989447+00:00, execution_date=20240620T234926, start_date=20240620T235002, end_date=20240620T235003
[2024-06-20T23:50:03.581+0000] {local_task_job_runner.py:240} INFO - Task exited with return code 0
[2024-06-20T23:50:03.898+0000] {taskinstance.py:3503} INFO - 11 downstream tasks scheduled from follow-on schedule check
[2024-06-20T23:50:03.905+0000] {local_task_job_runner.py:222} INFO - ::endgroup::
