[2024-06-17T12:53:15.890+0000] {local_task_job_runner.py:120} INFO - ::group::Pre task execution logs
[2024-06-17T12:53:16.051+0000] {taskinstance.py:2076} INFO - Dependencies all met for dep_context=non-requeueable deps ti=<TaskInstance: ELT-PROJECT.load_process.load_territories manual__2024-06-17T12:52:56.928025+00:00 [queued]>
[2024-06-17T12:53:16.111+0000] {taskinstance.py:2076} INFO - Dependencies all met for dep_context=requeueable deps ti=<TaskInstance: ELT-PROJECT.load_process.load_territories manual__2024-06-17T12:52:56.928025+00:00 [queued]>
[2024-06-17T12:53:16.113+0000] {taskinstance.py:2306} INFO - Starting attempt 1 of 2
[2024-06-17T12:53:16.197+0000] {taskinstance.py:2330} INFO - Executing <Task(_PythonDecoratedOperator): load_process.load_territories> on 2024-06-17 12:52:56.928025+00:00
[2024-06-17T12:53:16.230+0000] {logging_mixin.py:188} WARNING - /home/airflow/.local/lib/python3.12/site-packages/airflow/task/task_runner/standard_task_runner.py:61 DeprecationWarning: This process (pid=4169) is multi-threaded, use of fork() may lead to deadlocks in the child.
[2024-06-17T12:53:16.255+0000] {standard_task_runner.py:63} INFO - Started process 4202 to run task
[2024-06-17T12:53:16.253+0000] {standard_task_runner.py:90} INFO - Running: ['airflow', 'tasks', 'run', 'ELT-PROJECT', 'load_process.load_territories', 'manual__2024-06-17T12:52:56.928025+00:00', '--job-id', '433', '--raw', '--subdir', 'DAGS_FOLDER/elt.py', '--cfg-path', '/tmp/tmp4arf1gif']
[2024-06-17T12:53:16.312+0000] {standard_task_runner.py:91} INFO - Job 433: Subtask load_process.load_territories
[2024-06-17T12:53:16.454+0000] {logging_mixin.py:188} WARNING - /home/airflow/.local/lib/python3.12/site-packages/airflow/settings.py:195 DeprecationWarning: The sql_alchemy_conn option in [core] has been moved to the sql_alchemy_conn option in [database] - the old setting has been used, but please update your config.
[2024-06-17T12:53:16.674+0000] {task_command.py:426} INFO - Running <TaskInstance: ELT-PROJECT.load_process.load_territories manual__2024-06-17T12:52:56.928025+00:00 [running]> on host airflow-scheduler
[2024-06-17T12:53:17.325+0000] {taskinstance.py:2648} INFO - Exporting env vars: AIRFLOW_CTX_DAG_OWNER='Data-Ninja' AIRFLOW_CTX_DAG_ID='ELT-PROJECT' AIRFLOW_CTX_TASK_ID='load_process.load_territories' AIRFLOW_CTX_EXECUTION_DATE='2024-06-17T12:52:56.928025+00:00' AIRFLOW_CTX_TRY_NUMBER='1' AIRFLOW_CTX_DAG_RUN_ID='manual__2024-06-17T12:52:56.928025+00:00'
[2024-06-17T12:53:17.327+0000] {taskinstance.py:430} INFO - ::endgroup::
[2024-06-17T12:53:17.330+0000] {connection.py:399} INFO - Snowflake Connector for Python Version: 3.10.1, Python Version: 3.12.4, Platform: Linux-5.15.133.1-microsoft-standard-WSL2-x86_64-with-glibc2.36
[2024-06-17T12:53:17.332+0000] {connection.py:1249} INFO - THIS CONNECTION IS IN INSECURE MODE. IT MEANS THE CERTIFICATE WILL BE VALIDATED BUT THE CERTIFICATE REVOCATION STATUS WILL NOT BE CHECKED.
[2024-06-17T12:53:17.438+0000] {ssl_wrap_socket.py:100} INFO - THIS CONNECTION IS IN INSECURE MODE. IT MEANS THE CERTIFICATE WILL BE VALIDATED BUT THE CERTIFICATE REVOCATION STATUS WILL NOT BE CHECKED.
[2024-06-17T12:53:17.899+0000] {logging_mixin.py:188} INFO - Nama kolom di DataFrame: Index(['territoryID', 'territoryDescription', 'regionID'], dtype='object')
[2024-06-17T12:53:18.290+0000] {cursor.py:1149} INFO - Number of results in first chunk: 1
[2024-06-17T12:53:18.866+0000] {ssl_wrap_socket.py:100} INFO - THIS CONNECTION IS IN INSECURE MODE. IT MEANS THE CERTIFICATE WILL BE VALIDATED BUT THE CERTIFICATE REVOCATION STATUS WILL NOT BE CHECKED.
[2024-06-17T12:53:21.518+0000] {cursor.py:1149} INFO - Number of results in first chunk: 1
[2024-06-17T12:53:22.184+0000] {cursor.py:1149} INFO - Number of results in first chunk: 3
[2024-06-17T12:53:22.534+0000] {cursor.py:1149} INFO - Number of results in first chunk: 1
[2024-06-17T12:53:23.079+0000] {cursor.py:1149} INFO - Number of results in first chunk: 1
[2024-06-17T12:53:24.532+0000] {cursor.py:1149} INFO - Number of results in first chunk: 1
[2024-06-17T12:53:24.534+0000] {logging_mixin.py:188} INFO - Done territories.
[2024-06-17T12:53:24.536+0000] {connection.py:762} INFO - closed
[2024-06-17T12:53:24.875+0000] {connection.py:768} INFO - No async queries seem to be running, deleting session
[2024-06-17T12:53:25.227+0000] {python.py:237} INFO - Done. Returned value was: None
[2024-06-17T12:53:25.229+0000] {taskinstance.py:441} INFO - ::group::Post task execution logs
[2024-06-17T12:53:25.270+0000] {taskinstance.py:1206} INFO - Marking task as SUCCESS. dag_id=ELT-PROJECT, task_id=load_process.load_territories, run_id=manual__2024-06-17T12:52:56.928025+00:00, execution_date=20240617T125256, start_date=20240617T125316, end_date=20240617T125325
[2024-06-17T12:53:25.334+0000] {local_task_job_runner.py:240} INFO - Task exited with return code 0
[2024-06-17T12:53:25.367+0000] {local_task_job_runner.py:222} INFO - ::endgroup::
