[2024-06-20T11:45:52.544+0000] {processor.py:161} INFO - Started process (PID=541) to work on /opt/airflow/dags/dbt/dbt_config.py
[2024-06-20T11:45:52.547+0000] {processor.py:830} INFO - Processing file /opt/airflow/dags/dbt/dbt_config.py for tasks to queue
[2024-06-20T11:45:52.553+0000] {logging_mixin.py:188} INFO - [2024-06-20T11:45:52.552+0000] {dagbag.py:545} INFO - Filling up the DagBag from /opt/airflow/dags/dbt/dbt_config.py
[2024-06-20T11:45:52.619+0000] {processor.py:842} WARNING - No viable dags retrieved from /opt/airflow/dags/dbt/dbt_config.py
[2024-06-20T11:45:52.668+0000] {processor.py:183} INFO - Processing /opt/airflow/dags/dbt/dbt_config.py took 0.142 seconds
[2024-06-20T11:46:23.353+0000] {processor.py:161} INFO - Started process (PID=565) to work on /opt/airflow/dags/dbt/dbt_config.py
[2024-06-20T11:46:23.355+0000] {processor.py:830} INFO - Processing file /opt/airflow/dags/dbt/dbt_config.py for tasks to queue
[2024-06-20T11:46:23.360+0000] {logging_mixin.py:188} INFO - [2024-06-20T11:46:23.359+0000] {dagbag.py:545} INFO - Filling up the DagBag from /opt/airflow/dags/dbt/dbt_config.py
[2024-06-20T11:46:23.398+0000] {processor.py:842} WARNING - No viable dags retrieved from /opt/airflow/dags/dbt/dbt_config.py
[2024-06-20T11:46:23.449+0000] {processor.py:183} INFO - Processing /opt/airflow/dags/dbt/dbt_config.py took 0.108 seconds
[2024-06-20T11:47:05.560+0000] {processor.py:161} INFO - Started process (PID=593) to work on /opt/airflow/dags/dbt/dbt_config.py
[2024-06-20T11:47:05.562+0000] {processor.py:830} INFO - Processing file /opt/airflow/dags/dbt/dbt_config.py for tasks to queue
[2024-06-20T11:47:05.566+0000] {logging_mixin.py:188} INFO - [2024-06-20T11:47:05.566+0000] {dagbag.py:545} INFO - Filling up the DagBag from /opt/airflow/dags/dbt/dbt_config.py
[2024-06-20T11:47:05.605+0000] {processor.py:842} WARNING - No viable dags retrieved from /opt/airflow/dags/dbt/dbt_config.py
[2024-06-20T11:47:05.641+0000] {processor.py:183} INFO - Processing /opt/airflow/dags/dbt/dbt_config.py took 0.092 seconds
[2024-06-20T11:47:36.332+0000] {processor.py:161} INFO - Started process (PID=605) to work on /opt/airflow/dags/dbt/dbt_config.py
[2024-06-20T11:47:36.334+0000] {processor.py:830} INFO - Processing file /opt/airflow/dags/dbt/dbt_config.py for tasks to queue
[2024-06-20T11:47:36.340+0000] {logging_mixin.py:188} INFO - [2024-06-20T11:47:36.339+0000] {dagbag.py:545} INFO - Filling up the DagBag from /opt/airflow/dags/dbt/dbt_config.py
[2024-06-20T11:47:36.383+0000] {processor.py:842} WARNING - No viable dags retrieved from /opt/airflow/dags/dbt/dbt_config.py
[2024-06-20T11:47:36.422+0000] {processor.py:183} INFO - Processing /opt/airflow/dags/dbt/dbt_config.py took 0.102 seconds
[2024-06-20T11:48:06.842+0000] {processor.py:161} INFO - Started process (PID=626) to work on /opt/airflow/dags/dbt/dbt_config.py
[2024-06-20T11:48:06.845+0000] {processor.py:830} INFO - Processing file /opt/airflow/dags/dbt/dbt_config.py for tasks to queue
[2024-06-20T11:48:06.851+0000] {logging_mixin.py:188} INFO - [2024-06-20T11:48:06.850+0000] {dagbag.py:545} INFO - Filling up the DagBag from /opt/airflow/dags/dbt/dbt_config.py
[2024-06-20T11:48:06.897+0000] {processor.py:842} WARNING - No viable dags retrieved from /opt/airflow/dags/dbt/dbt_config.py
[2024-06-20T11:48:06.941+0000] {processor.py:183} INFO - Processing /opt/airflow/dags/dbt/dbt_config.py took 0.115 seconds
[2024-06-20T11:48:37.170+0000] {processor.py:161} INFO - Started process (PID=638) to work on /opt/airflow/dags/dbt/dbt_config.py
[2024-06-20T11:48:37.176+0000] {processor.py:830} INFO - Processing file /opt/airflow/dags/dbt/dbt_config.py for tasks to queue
[2024-06-20T11:48:37.188+0000] {logging_mixin.py:188} INFO - [2024-06-20T11:48:37.187+0000] {dagbag.py:545} INFO - Filling up the DagBag from /opt/airflow/dags/dbt/dbt_config.py
[2024-06-20T11:48:37.244+0000] {processor.py:842} WARNING - No viable dags retrieved from /opt/airflow/dags/dbt/dbt_config.py
[2024-06-20T11:48:37.320+0000] {processor.py:183} INFO - Processing /opt/airflow/dags/dbt/dbt_config.py took 0.185 seconds
[2024-06-20T11:49:07.722+0000] {processor.py:161} INFO - Started process (PID=659) to work on /opt/airflow/dags/dbt/dbt_config.py
[2024-06-20T11:49:07.727+0000] {processor.py:830} INFO - Processing file /opt/airflow/dags/dbt/dbt_config.py for tasks to queue
[2024-06-20T11:49:07.738+0000] {logging_mixin.py:188} INFO - [2024-06-20T11:49:07.736+0000] {dagbag.py:545} INFO - Filling up the DagBag from /opt/airflow/dags/dbt/dbt_config.py
[2024-06-20T11:49:07.816+0000] {processor.py:842} WARNING - No viable dags retrieved from /opt/airflow/dags/dbt/dbt_config.py
[2024-06-20T11:49:07.885+0000] {processor.py:183} INFO - Processing /opt/airflow/dags/dbt/dbt_config.py took 0.186 seconds
[2024-06-20T11:49:44.618+0000] {processor.py:161} INFO - Started process (PID=687) to work on /opt/airflow/dags/dbt/dbt_config.py
[2024-06-20T11:49:44.621+0000] {processor.py:830} INFO - Processing file /opt/airflow/dags/dbt/dbt_config.py for tasks to queue
[2024-06-20T11:49:44.625+0000] {logging_mixin.py:188} INFO - [2024-06-20T11:49:44.624+0000] {dagbag.py:545} INFO - Filling up the DagBag from /opt/airflow/dags/dbt/dbt_config.py
[2024-06-20T11:49:44.666+0000] {processor.py:842} WARNING - No viable dags retrieved from /opt/airflow/dags/dbt/dbt_config.py
[2024-06-20T11:49:44.702+0000] {processor.py:183} INFO - Processing /opt/airflow/dags/dbt/dbt_config.py took 0.102 seconds
[2024-06-20T11:50:15.486+0000] {processor.py:161} INFO - Started process (PID=697) to work on /opt/airflow/dags/dbt/dbt_config.py
[2024-06-20T11:50:15.494+0000] {processor.py:830} INFO - Processing file /opt/airflow/dags/dbt/dbt_config.py for tasks to queue
[2024-06-20T11:50:15.500+0000] {logging_mixin.py:188} INFO - [2024-06-20T11:50:15.499+0000] {dagbag.py:545} INFO - Filling up the DagBag from /opt/airflow/dags/dbt/dbt_config.py
[2024-06-20T11:50:15.547+0000] {processor.py:842} WARNING - No viable dags retrieved from /opt/airflow/dags/dbt/dbt_config.py
[2024-06-20T11:50:15.593+0000] {processor.py:183} INFO - Processing /opt/airflow/dags/dbt/dbt_config.py took 0.146 seconds
[2024-06-20T11:50:52.692+0000] {processor.py:161} INFO - Started process (PID=722) to work on /opt/airflow/dags/dbt/dbt_config.py
[2024-06-20T11:50:52.696+0000] {processor.py:830} INFO - Processing file /opt/airflow/dags/dbt/dbt_config.py for tasks to queue
[2024-06-20T11:50:52.704+0000] {logging_mixin.py:188} INFO - [2024-06-20T11:50:52.702+0000] {dagbag.py:545} INFO - Filling up the DagBag from /opt/airflow/dags/dbt/dbt_config.py
[2024-06-20T11:50:52.784+0000] {processor.py:842} WARNING - No viable dags retrieved from /opt/airflow/dags/dbt/dbt_config.py
[2024-06-20T11:50:52.856+0000] {processor.py:183} INFO - Processing /opt/airflow/dags/dbt/dbt_config.py took 0.193 seconds
[2024-06-20T11:51:34.770+0000] {processor.py:161} INFO - Started process (PID=743) to work on /opt/airflow/dags/dbt/dbt_config.py
[2024-06-20T11:51:34.774+0000] {processor.py:830} INFO - Processing file /opt/airflow/dags/dbt/dbt_config.py for tasks to queue
[2024-06-20T11:51:34.787+0000] {logging_mixin.py:188} INFO - [2024-06-20T11:51:34.786+0000] {dagbag.py:545} INFO - Filling up the DagBag from /opt/airflow/dags/dbt/dbt_config.py
[2024-06-20T11:51:34.868+0000] {processor.py:842} WARNING - No viable dags retrieved from /opt/airflow/dags/dbt/dbt_config.py
[2024-06-20T11:51:34.955+0000] {processor.py:183} INFO - Processing /opt/airflow/dags/dbt/dbt_config.py took 0.208 seconds
[2024-06-20T11:52:05.769+0000] {processor.py:161} INFO - Started process (PID=758) to work on /opt/airflow/dags/dbt/dbt_config.py
[2024-06-20T11:52:05.772+0000] {processor.py:830} INFO - Processing file /opt/airflow/dags/dbt/dbt_config.py for tasks to queue
[2024-06-20T11:52:05.779+0000] {logging_mixin.py:188} INFO - [2024-06-20T11:52:05.777+0000] {dagbag.py:545} INFO - Filling up the DagBag from /opt/airflow/dags/dbt/dbt_config.py
[2024-06-20T11:52:05.824+0000] {processor.py:842} WARNING - No viable dags retrieved from /opt/airflow/dags/dbt/dbt_config.py
[2024-06-20T11:52:05.867+0000] {processor.py:183} INFO - Processing /opt/airflow/dags/dbt/dbt_config.py took 0.117 seconds
[2024-06-20T11:52:36.685+0000] {processor.py:161} INFO - Started process (PID=775) to work on /opt/airflow/dags/dbt/dbt_config.py
[2024-06-20T11:52:36.688+0000] {processor.py:830} INFO - Processing file /opt/airflow/dags/dbt/dbt_config.py for tasks to queue
[2024-06-20T11:52:36.706+0000] {logging_mixin.py:188} INFO - [2024-06-20T11:52:36.705+0000] {dagbag.py:545} INFO - Filling up the DagBag from /opt/airflow/dags/dbt/dbt_config.py
[2024-06-20T11:52:36.777+0000] {processor.py:842} WARNING - No viable dags retrieved from /opt/airflow/dags/dbt/dbt_config.py
[2024-06-20T11:52:36.853+0000] {processor.py:183} INFO - Processing /opt/airflow/dags/dbt/dbt_config.py took 0.204 seconds
[2024-06-20T11:53:07.505+0000] {processor.py:161} INFO - Started process (PID=792) to work on /opt/airflow/dags/dbt/dbt_config.py
[2024-06-20T11:53:07.509+0000] {processor.py:830} INFO - Processing file /opt/airflow/dags/dbt/dbt_config.py for tasks to queue
[2024-06-20T11:53:07.512+0000] {logging_mixin.py:188} INFO - [2024-06-20T11:53:07.512+0000] {dagbag.py:545} INFO - Filling up the DagBag from /opt/airflow/dags/dbt/dbt_config.py
[2024-06-20T11:53:07.546+0000] {processor.py:842} WARNING - No viable dags retrieved from /opt/airflow/dags/dbt/dbt_config.py
[2024-06-20T11:53:07.584+0000] {processor.py:183} INFO - Processing /opt/airflow/dags/dbt/dbt_config.py took 0.092 seconds
[2024-06-20T11:53:38.229+0000] {processor.py:161} INFO - Started process (PID=808) to work on /opt/airflow/dags/dbt/dbt_config.py
[2024-06-20T11:53:38.234+0000] {processor.py:830} INFO - Processing file /opt/airflow/dags/dbt/dbt_config.py for tasks to queue
[2024-06-20T11:53:38.248+0000] {logging_mixin.py:188} INFO - [2024-06-20T11:53:38.245+0000] {dagbag.py:545} INFO - Filling up the DagBag from /opt/airflow/dags/dbt/dbt_config.py
[2024-06-20T11:53:38.324+0000] {processor.py:842} WARNING - No viable dags retrieved from /opt/airflow/dags/dbt/dbt_config.py
[2024-06-20T11:53:38.414+0000] {processor.py:183} INFO - Processing /opt/airflow/dags/dbt/dbt_config.py took 0.213 seconds
[2024-06-20T11:54:09.023+0000] {processor.py:161} INFO - Started process (PID=824) to work on /opt/airflow/dags/dbt/dbt_config.py
[2024-06-20T11:54:09.025+0000] {processor.py:830} INFO - Processing file /opt/airflow/dags/dbt/dbt_config.py for tasks to queue
[2024-06-20T11:54:09.028+0000] {logging_mixin.py:188} INFO - [2024-06-20T11:54:09.028+0000] {dagbag.py:545} INFO - Filling up the DagBag from /opt/airflow/dags/dbt/dbt_config.py
[2024-06-20T11:54:09.062+0000] {processor.py:842} WARNING - No viable dags retrieved from /opt/airflow/dags/dbt/dbt_config.py
[2024-06-20T11:54:09.097+0000] {processor.py:183} INFO - Processing /opt/airflow/dags/dbt/dbt_config.py took 0.085 seconds
[2024-06-20T11:54:55.556+0000] {processor.py:161} INFO - Started process (PID=168) to work on /opt/airflow/dags/dbt/dbt_config.py
[2024-06-20T11:54:55.558+0000] {processor.py:830} INFO - Processing file /opt/airflow/dags/dbt/dbt_config.py for tasks to queue
[2024-06-20T11:54:55.563+0000] {logging_mixin.py:188} INFO - [2024-06-20T11:54:55.561+0000] {dagbag.py:545} INFO - Filling up the DagBag from /opt/airflow/dags/dbt/dbt_config.py
[2024-06-20T11:54:55.600+0000] {processor.py:842} WARNING - No viable dags retrieved from /opt/airflow/dags/dbt/dbt_config.py
[2024-06-20T11:54:55.649+0000] {processor.py:183} INFO - Processing /opt/airflow/dags/dbt/dbt_config.py took 0.105 seconds
[2024-06-20T11:55:26.346+0000] {processor.py:161} INFO - Started process (PID=193) to work on /opt/airflow/dags/dbt/dbt_config.py
[2024-06-20T11:55:26.350+0000] {processor.py:830} INFO - Processing file /opt/airflow/dags/dbt/dbt_config.py for tasks to queue
[2024-06-20T11:55:26.358+0000] {logging_mixin.py:188} INFO - [2024-06-20T11:55:26.356+0000] {dagbag.py:545} INFO - Filling up the DagBag from /opt/airflow/dags/dbt/dbt_config.py
[2024-06-20T11:55:26.436+0000] {processor.py:842} WARNING - No viable dags retrieved from /opt/airflow/dags/dbt/dbt_config.py
[2024-06-20T11:55:26.531+0000] {processor.py:183} INFO - Processing /opt/airflow/dags/dbt/dbt_config.py took 0.211 seconds
[2024-06-20T11:56:10.575+0000] {processor.py:161} INFO - Started process (PID=215) to work on /opt/airflow/dags/dbt/dbt_config.py
[2024-06-20T11:56:10.577+0000] {processor.py:830} INFO - Processing file /opt/airflow/dags/dbt/dbt_config.py for tasks to queue
[2024-06-20T11:56:10.581+0000] {logging_mixin.py:188} INFO - [2024-06-20T11:56:10.580+0000] {dagbag.py:545} INFO - Filling up the DagBag from /opt/airflow/dags/dbt/dbt_config.py
[2024-06-20T11:56:10.617+0000] {processor.py:842} WARNING - No viable dags retrieved from /opt/airflow/dags/dbt/dbt_config.py
[2024-06-20T11:56:10.654+0000] {processor.py:183} INFO - Processing /opt/airflow/dags/dbt/dbt_config.py took 0.094 seconds
[2024-06-20T11:56:41.399+0000] {processor.py:161} INFO - Started process (PID=225) to work on /opt/airflow/dags/dbt/dbt_config.py
[2024-06-20T11:56:41.403+0000] {processor.py:830} INFO - Processing file /opt/airflow/dags/dbt/dbt_config.py for tasks to queue
[2024-06-20T11:56:41.412+0000] {logging_mixin.py:188} INFO - [2024-06-20T11:56:41.411+0000] {dagbag.py:545} INFO - Filling up the DagBag from /opt/airflow/dags/dbt/dbt_config.py
[2024-06-20T11:56:41.470+0000] {processor.py:842} WARNING - No viable dags retrieved from /opt/airflow/dags/dbt/dbt_config.py
[2024-06-20T11:56:41.511+0000] {processor.py:183} INFO - Processing /opt/airflow/dags/dbt/dbt_config.py took 0.136 seconds
[2024-06-20T11:57:12.208+0000] {processor.py:161} INFO - Started process (PID=247) to work on /opt/airflow/dags/dbt/dbt_config.py
[2024-06-20T11:57:12.211+0000] {processor.py:830} INFO - Processing file /opt/airflow/dags/dbt/dbt_config.py for tasks to queue
[2024-06-20T11:57:12.219+0000] {logging_mixin.py:188} INFO - [2024-06-20T11:57:12.218+0000] {dagbag.py:545} INFO - Filling up the DagBag from /opt/airflow/dags/dbt/dbt_config.py
[2024-06-20T11:57:12.265+0000] {processor.py:842} WARNING - No viable dags retrieved from /opt/airflow/dags/dbt/dbt_config.py
[2024-06-20T11:57:12.318+0000] {processor.py:183} INFO - Processing /opt/airflow/dags/dbt/dbt_config.py took 0.131 seconds
[2024-06-20T11:57:42.594+0000] {processor.py:161} INFO - Started process (PID=260) to work on /opt/airflow/dags/dbt/dbt_config.py
[2024-06-20T11:57:42.597+0000] {processor.py:830} INFO - Processing file /opt/airflow/dags/dbt/dbt_config.py for tasks to queue
[2024-06-20T11:57:42.601+0000] {logging_mixin.py:188} INFO - [2024-06-20T11:57:42.600+0000] {dagbag.py:545} INFO - Filling up the DagBag from /opt/airflow/dags/dbt/dbt_config.py
[2024-06-20T11:57:42.650+0000] {processor.py:842} WARNING - No viable dags retrieved from /opt/airflow/dags/dbt/dbt_config.py
[2024-06-20T11:57:42.696+0000] {processor.py:183} INFO - Processing /opt/airflow/dags/dbt/dbt_config.py took 0.116 seconds
[2024-06-20T11:58:13.454+0000] {processor.py:161} INFO - Started process (PID=278) to work on /opt/airflow/dags/dbt/dbt_config.py
[2024-06-20T11:58:13.457+0000] {processor.py:830} INFO - Processing file /opt/airflow/dags/dbt/dbt_config.py for tasks to queue
[2024-06-20T11:58:13.465+0000] {logging_mixin.py:188} INFO - [2024-06-20T11:58:13.464+0000] {dagbag.py:545} INFO - Filling up the DagBag from /opt/airflow/dags/dbt/dbt_config.py
[2024-06-20T11:58:13.509+0000] {processor.py:842} WARNING - No viable dags retrieved from /opt/airflow/dags/dbt/dbt_config.py
[2024-06-20T11:58:13.553+0000] {processor.py:183} INFO - Processing /opt/airflow/dags/dbt/dbt_config.py took 0.139 seconds
[2024-06-20T11:58:44.279+0000] {processor.py:161} INFO - Started process (PID=293) to work on /opt/airflow/dags/dbt/dbt_config.py
[2024-06-20T11:58:44.282+0000] {processor.py:830} INFO - Processing file /opt/airflow/dags/dbt/dbt_config.py for tasks to queue
[2024-06-20T11:58:44.289+0000] {logging_mixin.py:188} INFO - [2024-06-20T11:58:44.288+0000] {dagbag.py:545} INFO - Filling up the DagBag from /opt/airflow/dags/dbt/dbt_config.py
[2024-06-20T11:58:44.352+0000] {processor.py:842} WARNING - No viable dags retrieved from /opt/airflow/dags/dbt/dbt_config.py
[2024-06-20T11:58:44.409+0000] {processor.py:183} INFO - Processing /opt/airflow/dags/dbt/dbt_config.py took 0.149 seconds
[2024-06-20T11:59:15.272+0000] {processor.py:161} INFO - Started process (PID=310) to work on /opt/airflow/dags/dbt/dbt_config.py
[2024-06-20T11:59:15.280+0000] {processor.py:830} INFO - Processing file /opt/airflow/dags/dbt/dbt_config.py for tasks to queue
[2024-06-20T11:59:15.287+0000] {logging_mixin.py:188} INFO - [2024-06-20T11:59:15.286+0000] {dagbag.py:545} INFO - Filling up the DagBag from /opt/airflow/dags/dbt/dbt_config.py
[2024-06-20T11:59:15.457+0000] {processor.py:842} WARNING - No viable dags retrieved from /opt/airflow/dags/dbt/dbt_config.py
[2024-06-20T11:59:15.511+0000] {processor.py:183} INFO - Processing /opt/airflow/dags/dbt/dbt_config.py took 0.257 seconds
[2024-06-20T11:59:55.639+0000] {processor.py:161} INFO - Started process (PID=328) to work on /opt/airflow/dags/dbt/dbt_config.py
[2024-06-20T11:59:55.643+0000] {processor.py:830} INFO - Processing file /opt/airflow/dags/dbt/dbt_config.py for tasks to queue
[2024-06-20T11:59:55.652+0000] {logging_mixin.py:188} INFO - [2024-06-20T11:59:55.650+0000] {dagbag.py:545} INFO - Filling up the DagBag from /opt/airflow/dags/dbt/dbt_config.py
[2024-06-20T11:59:55.737+0000] {processor.py:842} WARNING - No viable dags retrieved from /opt/airflow/dags/dbt/dbt_config.py
[2024-06-20T11:59:55.794+0000] {processor.py:183} INFO - Processing /opt/airflow/dags/dbt/dbt_config.py took 0.178 seconds
[2024-06-20T12:00:26.114+0000] {processor.py:161} INFO - Started process (PID=342) to work on /opt/airflow/dags/dbt/dbt_config.py
[2024-06-20T12:00:26.117+0000] {processor.py:830} INFO - Processing file /opt/airflow/dags/dbt/dbt_config.py for tasks to queue
[2024-06-20T12:00:26.126+0000] {logging_mixin.py:188} INFO - [2024-06-20T12:00:26.125+0000] {dagbag.py:545} INFO - Filling up the DagBag from /opt/airflow/dags/dbt/dbt_config.py
[2024-06-20T12:00:26.196+0000] {processor.py:842} WARNING - No viable dags retrieved from /opt/airflow/dags/dbt/dbt_config.py
[2024-06-20T12:00:26.242+0000] {processor.py:183} INFO - Processing /opt/airflow/dags/dbt/dbt_config.py took 0.160 seconds
[2024-06-20T12:00:56.384+0000] {processor.py:161} INFO - Started process (PID=359) to work on /opt/airflow/dags/dbt/dbt_config.py
[2024-06-20T12:00:56.389+0000] {processor.py:830} INFO - Processing file /opt/airflow/dags/dbt/dbt_config.py for tasks to queue
[2024-06-20T12:00:56.399+0000] {logging_mixin.py:188} INFO - [2024-06-20T12:00:56.398+0000] {dagbag.py:545} INFO - Filling up the DagBag from /opt/airflow/dags/dbt/dbt_config.py
[2024-06-20T12:00:56.447+0000] {processor.py:842} WARNING - No viable dags retrieved from /opt/airflow/dags/dbt/dbt_config.py
[2024-06-20T12:00:56.494+0000] {processor.py:183} INFO - Processing /opt/airflow/dags/dbt/dbt_config.py took 0.128 seconds
[2024-06-20T12:09:38.642+0000] {processor.py:161} INFO - Started process (PID=168) to work on /opt/airflow/dags/dbt/dbt_config.py
[2024-06-20T12:09:38.645+0000] {processor.py:830} INFO - Processing file /opt/airflow/dags/dbt/dbt_config.py for tasks to queue
[2024-06-20T12:09:38.652+0000] {logging_mixin.py:188} INFO - [2024-06-20T12:09:38.651+0000] {dagbag.py:545} INFO - Filling up the DagBag from /opt/airflow/dags/dbt/dbt_config.py
[2024-06-20T12:09:38.692+0000] {processor.py:842} WARNING - No viable dags retrieved from /opt/airflow/dags/dbt/dbt_config.py
[2024-06-20T12:09:38.763+0000] {processor.py:183} INFO - Processing /opt/airflow/dags/dbt/dbt_config.py took 0.145 seconds
[2024-06-20T12:10:09.479+0000] {processor.py:161} INFO - Started process (PID=193) to work on /opt/airflow/dags/dbt/dbt_config.py
[2024-06-20T12:10:09.482+0000] {processor.py:830} INFO - Processing file /opt/airflow/dags/dbt/dbt_config.py for tasks to queue
[2024-06-20T12:10:09.487+0000] {logging_mixin.py:188} INFO - [2024-06-20T12:10:09.487+0000] {dagbag.py:545} INFO - Filling up the DagBag from /opt/airflow/dags/dbt/dbt_config.py
[2024-06-20T12:10:09.541+0000] {processor.py:842} WARNING - No viable dags retrieved from /opt/airflow/dags/dbt/dbt_config.py
[2024-06-20T12:10:09.594+0000] {processor.py:183} INFO - Processing /opt/airflow/dags/dbt/dbt_config.py took 0.141 seconds
[2024-06-20T12:10:54.016+0000] {processor.py:161} INFO - Started process (PID=215) to work on /opt/airflow/dags/dbt/dbt_config.py
[2024-06-20T12:10:54.018+0000] {processor.py:830} INFO - Processing file /opt/airflow/dags/dbt/dbt_config.py for tasks to queue
[2024-06-20T12:10:54.021+0000] {logging_mixin.py:188} INFO - [2024-06-20T12:10:54.021+0000] {dagbag.py:545} INFO - Filling up the DagBag from /opt/airflow/dags/dbt/dbt_config.py
[2024-06-20T12:10:54.060+0000] {processor.py:842} WARNING - No viable dags retrieved from /opt/airflow/dags/dbt/dbt_config.py
[2024-06-20T12:10:54.099+0000] {processor.py:183} INFO - Processing /opt/airflow/dags/dbt/dbt_config.py took 0.095 seconds
[2024-06-20T12:11:24.723+0000] {processor.py:161} INFO - Started process (PID=225) to work on /opt/airflow/dags/dbt/dbt_config.py
[2024-06-20T12:11:24.726+0000] {processor.py:830} INFO - Processing file /opt/airflow/dags/dbt/dbt_config.py for tasks to queue
[2024-06-20T12:11:24.736+0000] {logging_mixin.py:188} INFO - [2024-06-20T12:11:24.734+0000] {dagbag.py:545} INFO - Filling up the DagBag from /opt/airflow/dags/dbt/dbt_config.py
[2024-06-20T12:11:24.813+0000] {processor.py:842} WARNING - No viable dags retrieved from /opt/airflow/dags/dbt/dbt_config.py
[2024-06-20T12:11:24.919+0000] {processor.py:183} INFO - Processing /opt/airflow/dags/dbt/dbt_config.py took 0.235 seconds
[2024-06-20T12:11:55.396+0000] {processor.py:161} INFO - Started process (PID=247) to work on /opt/airflow/dags/dbt/dbt_config.py
[2024-06-20T12:11:55.399+0000] {processor.py:830} INFO - Processing file /opt/airflow/dags/dbt/dbt_config.py for tasks to queue
[2024-06-20T12:11:55.404+0000] {logging_mixin.py:188} INFO - [2024-06-20T12:11:55.404+0000] {dagbag.py:545} INFO - Filling up the DagBag from /opt/airflow/dags/dbt/dbt_config.py
[2024-06-20T12:11:55.450+0000] {processor.py:842} WARNING - No viable dags retrieved from /opt/airflow/dags/dbt/dbt_config.py
[2024-06-20T12:11:55.494+0000] {processor.py:183} INFO - Processing /opt/airflow/dags/dbt/dbt_config.py took 0.111 seconds
[2024-06-20T12:12:25.773+0000] {processor.py:161} INFO - Started process (PID=261) to work on /opt/airflow/dags/dbt/dbt_config.py
[2024-06-20T12:12:25.776+0000] {processor.py:830} INFO - Processing file /opt/airflow/dags/dbt/dbt_config.py for tasks to queue
[2024-06-20T12:12:25.781+0000] {logging_mixin.py:188} INFO - [2024-06-20T12:12:25.780+0000] {dagbag.py:545} INFO - Filling up the DagBag from /opt/airflow/dags/dbt/dbt_config.py
[2024-06-20T12:12:25.831+0000] {processor.py:842} WARNING - No viable dags retrieved from /opt/airflow/dags/dbt/dbt_config.py
[2024-06-20T12:12:25.884+0000] {processor.py:183} INFO - Processing /opt/airflow/dags/dbt/dbt_config.py took 0.128 seconds
[2024-06-20T12:12:56.866+0000] {processor.py:161} INFO - Started process (PID=279) to work on /opt/airflow/dags/dbt/dbt_config.py
[2024-06-20T12:12:56.868+0000] {processor.py:830} INFO - Processing file /opt/airflow/dags/dbt/dbt_config.py for tasks to queue
[2024-06-20T12:12:56.875+0000] {logging_mixin.py:188} INFO - [2024-06-20T12:12:56.874+0000] {dagbag.py:545} INFO - Filling up the DagBag from /opt/airflow/dags/dbt/dbt_config.py
[2024-06-20T12:12:56.956+0000] {processor.py:842} WARNING - No viable dags retrieved from /opt/airflow/dags/dbt/dbt_config.py
[2024-06-20T12:12:57.001+0000] {processor.py:183} INFO - Processing /opt/airflow/dags/dbt/dbt_config.py took 0.152 seconds
[2024-06-20T12:13:27.773+0000] {processor.py:161} INFO - Started process (PID=293) to work on /opt/airflow/dags/dbt/dbt_config.py
[2024-06-20T12:13:27.776+0000] {processor.py:830} INFO - Processing file /opt/airflow/dags/dbt/dbt_config.py for tasks to queue
[2024-06-20T12:13:27.788+0000] {logging_mixin.py:188} INFO - [2024-06-20T12:13:27.788+0000] {dagbag.py:545} INFO - Filling up the DagBag from /opt/airflow/dags/dbt/dbt_config.py
[2024-06-20T12:13:27.834+0000] {processor.py:842} WARNING - No viable dags retrieved from /opt/airflow/dags/dbt/dbt_config.py
[2024-06-20T12:13:27.874+0000] {processor.py:183} INFO - Processing /opt/airflow/dags/dbt/dbt_config.py took 0.113 seconds
[2024-06-20T12:13:58.506+0000] {processor.py:161} INFO - Started process (PID=311) to work on /opt/airflow/dags/dbt/dbt_config.py
[2024-06-20T12:13:58.509+0000] {processor.py:830} INFO - Processing file /opt/airflow/dags/dbt/dbt_config.py for tasks to queue
[2024-06-20T12:13:58.512+0000] {logging_mixin.py:188} INFO - [2024-06-20T12:13:58.511+0000] {dagbag.py:545} INFO - Filling up the DagBag from /opt/airflow/dags/dbt/dbt_config.py
[2024-06-20T12:13:58.561+0000] {processor.py:842} WARNING - No viable dags retrieved from /opt/airflow/dags/dbt/dbt_config.py
[2024-06-20T12:13:58.600+0000] {processor.py:183} INFO - Processing /opt/airflow/dags/dbt/dbt_config.py took 0.108 seconds
[2024-06-20T12:14:37.297+0000] {processor.py:161} INFO - Started process (PID=329) to work on /opt/airflow/dags/dbt/dbt_config.py
[2024-06-20T12:14:37.299+0000] {processor.py:830} INFO - Processing file /opt/airflow/dags/dbt/dbt_config.py for tasks to queue
[2024-06-20T12:14:37.302+0000] {logging_mixin.py:188} INFO - [2024-06-20T12:14:37.301+0000] {dagbag.py:545} INFO - Filling up the DagBag from /opt/airflow/dags/dbt/dbt_config.py
[2024-06-20T12:14:37.346+0000] {processor.py:842} WARNING - No viable dags retrieved from /opt/airflow/dags/dbt/dbt_config.py
[2024-06-20T12:14:37.390+0000] {processor.py:183} INFO - Processing /opt/airflow/dags/dbt/dbt_config.py took 0.105 seconds
[2024-06-20T12:14:50.848+0000] {processor.py:161} INFO - Started process (PID=342) to work on /opt/airflow/dags/dbt/dbt_config.py
[2024-06-20T12:14:50.851+0000] {processor.py:830} INFO - Processing file /opt/airflow/dags/dbt/dbt_config.py for tasks to queue
[2024-06-20T12:14:50.853+0000] {logging_mixin.py:188} INFO - [2024-06-20T12:14:50.852+0000] {dagbag.py:545} INFO - Filling up the DagBag from /opt/airflow/dags/dbt/dbt_config.py
[2024-06-20T12:14:50.945+0000] {processor.py:842} WARNING - No viable dags retrieved from /opt/airflow/dags/dbt/dbt_config.py
[2024-06-20T12:14:50.992+0000] {processor.py:183} INFO - Processing /opt/airflow/dags/dbt/dbt_config.py took 0.161 seconds
[2024-06-20T12:21:04.706+0000] {processor.py:161} INFO - Started process (PID=165) to work on /opt/airflow/dags/dbt/dbt_config.py
[2024-06-20T12:21:04.708+0000] {processor.py:830} INFO - Processing file /opt/airflow/dags/dbt/dbt_config.py for tasks to queue
[2024-06-20T12:21:04.713+0000] {logging_mixin.py:188} INFO - [2024-06-20T12:21:04.713+0000] {dagbag.py:545} INFO - Filling up the DagBag from /opt/airflow/dags/dbt/dbt_config.py
[2024-06-20T12:21:04.767+0000] {processor.py:842} WARNING - No viable dags retrieved from /opt/airflow/dags/dbt/dbt_config.py
[2024-06-20T12:21:04.808+0000] {processor.py:183} INFO - Processing /opt/airflow/dags/dbt/dbt_config.py took 0.117 seconds
[2024-06-20T12:21:35.255+0000] {processor.py:161} INFO - Started process (PID=192) to work on /opt/airflow/dags/dbt/dbt_config.py
[2024-06-20T12:21:35.257+0000] {processor.py:830} INFO - Processing file /opt/airflow/dags/dbt/dbt_config.py for tasks to queue
[2024-06-20T12:21:35.262+0000] {logging_mixin.py:188} INFO - [2024-06-20T12:21:35.261+0000] {dagbag.py:545} INFO - Filling up the DagBag from /opt/airflow/dags/dbt/dbt_config.py
[2024-06-20T12:21:35.316+0000] {processor.py:842} WARNING - No viable dags retrieved from /opt/airflow/dags/dbt/dbt_config.py
[2024-06-20T12:21:35.361+0000] {processor.py:183} INFO - Processing /opt/airflow/dags/dbt/dbt_config.py took 0.119 seconds
[2024-06-20T12:22:05.937+0000] {processor.py:161} INFO - Started process (PID=201) to work on /opt/airflow/dags/dbt/dbt_config.py
[2024-06-20T12:22:05.945+0000] {processor.py:830} INFO - Processing file /opt/airflow/dags/dbt/dbt_config.py for tasks to queue
[2024-06-20T12:22:05.962+0000] {logging_mixin.py:188} INFO - [2024-06-20T12:22:05.961+0000] {dagbag.py:545} INFO - Filling up the DagBag from /opt/airflow/dags/dbt/dbt_config.py
[2024-06-20T12:22:06.102+0000] {processor.py:842} WARNING - No viable dags retrieved from /opt/airflow/dags/dbt/dbt_config.py
[2024-06-20T12:22:06.148+0000] {processor.py:183} INFO - Processing /opt/airflow/dags/dbt/dbt_config.py took 0.231 seconds
[2024-06-20T12:24:15.657+0000] {processor.py:161} INFO - Started process (PID=164) to work on /opt/airflow/dags/dbt/dbt_config.py
[2024-06-20T12:24:15.659+0000] {processor.py:830} INFO - Processing file /opt/airflow/dags/dbt/dbt_config.py for tasks to queue
[2024-06-20T12:24:15.665+0000] {logging_mixin.py:188} INFO - [2024-06-20T12:24:15.664+0000] {dagbag.py:545} INFO - Filling up the DagBag from /opt/airflow/dags/dbt/dbt_config.py
[2024-06-20T12:24:15.730+0000] {processor.py:842} WARNING - No viable dags retrieved from /opt/airflow/dags/dbt/dbt_config.py
[2024-06-20T12:24:15.768+0000] {processor.py:183} INFO - Processing /opt/airflow/dags/dbt/dbt_config.py took 0.127 seconds
[2024-06-20T12:24:45.974+0000] {processor.py:161} INFO - Started process (PID=191) to work on /opt/airflow/dags/dbt/dbt_config.py
[2024-06-20T12:24:45.976+0000] {processor.py:830} INFO - Processing file /opt/airflow/dags/dbt/dbt_config.py for tasks to queue
[2024-06-20T12:24:45.982+0000] {logging_mixin.py:188} INFO - [2024-06-20T12:24:45.981+0000] {dagbag.py:545} INFO - Filling up the DagBag from /opt/airflow/dags/dbt/dbt_config.py
[2024-06-20T12:24:46.064+0000] {processor.py:842} WARNING - No viable dags retrieved from /opt/airflow/dags/dbt/dbt_config.py
[2024-06-20T12:24:46.115+0000] {processor.py:183} INFO - Processing /opt/airflow/dags/dbt/dbt_config.py took 0.155 seconds
[2024-06-20T12:25:16.488+0000] {processor.py:161} INFO - Started process (PID=200) to work on /opt/airflow/dags/dbt/dbt_config.py
[2024-06-20T12:25:16.490+0000] {processor.py:830} INFO - Processing file /opt/airflow/dags/dbt/dbt_config.py for tasks to queue
[2024-06-20T12:25:16.498+0000] {logging_mixin.py:188} INFO - [2024-06-20T12:25:16.497+0000] {dagbag.py:545} INFO - Filling up the DagBag from /opt/airflow/dags/dbt/dbt_config.py
[2024-06-20T12:25:16.552+0000] {processor.py:842} WARNING - No viable dags retrieved from /opt/airflow/dags/dbt/dbt_config.py
[2024-06-20T12:25:16.592+0000] {processor.py:183} INFO - Processing /opt/airflow/dags/dbt/dbt_config.py took 0.119 seconds
[2024-06-20T12:25:46.882+0000] {processor.py:161} INFO - Started process (PID=223) to work on /opt/airflow/dags/dbt/dbt_config.py
[2024-06-20T12:25:46.886+0000] {processor.py:830} INFO - Processing file /opt/airflow/dags/dbt/dbt_config.py for tasks to queue
[2024-06-20T12:25:46.900+0000] {logging_mixin.py:188} INFO - [2024-06-20T12:25:46.898+0000] {dagbag.py:545} INFO - Filling up the DagBag from /opt/airflow/dags/dbt/dbt_config.py
[2024-06-20T12:25:46.951+0000] {processor.py:842} WARNING - No viable dags retrieved from /opt/airflow/dags/dbt/dbt_config.py
[2024-06-20T12:25:46.994+0000] {processor.py:183} INFO - Processing /opt/airflow/dags/dbt/dbt_config.py took 0.145 seconds
[2024-06-20T12:26:17.385+0000] {processor.py:161} INFO - Started process (PID=234) to work on /opt/airflow/dags/dbt/dbt_config.py
[2024-06-20T12:26:17.387+0000] {processor.py:830} INFO - Processing file /opt/airflow/dags/dbt/dbt_config.py for tasks to queue
[2024-06-20T12:26:17.391+0000] {logging_mixin.py:188} INFO - [2024-06-20T12:26:17.390+0000] {dagbag.py:545} INFO - Filling up the DagBag from /opt/airflow/dags/dbt/dbt_config.py
[2024-06-20T12:26:17.452+0000] {processor.py:842} WARNING - No viable dags retrieved from /opt/airflow/dags/dbt/dbt_config.py
[2024-06-20T12:26:17.497+0000] {processor.py:183} INFO - Processing /opt/airflow/dags/dbt/dbt_config.py took 0.126 seconds
[2024-06-20T12:26:47.815+0000] {processor.py:161} INFO - Started process (PID=256) to work on /opt/airflow/dags/dbt/dbt_config.py
[2024-06-20T12:26:47.817+0000] {processor.py:830} INFO - Processing file /opt/airflow/dags/dbt/dbt_config.py for tasks to queue
[2024-06-20T12:26:47.822+0000] {logging_mixin.py:188} INFO - [2024-06-20T12:26:47.822+0000] {dagbag.py:545} INFO - Filling up the DagBag from /opt/airflow/dags/dbt/dbt_config.py
[2024-06-20T12:26:47.864+0000] {processor.py:842} WARNING - No viable dags retrieved from /opt/airflow/dags/dbt/dbt_config.py
[2024-06-20T12:26:47.902+0000] {processor.py:183} INFO - Processing /opt/airflow/dags/dbt/dbt_config.py took 0.102 seconds
[2024-06-20T12:27:18.601+0000] {processor.py:161} INFO - Started process (PID=277) to work on /opt/airflow/dags/dbt/dbt_config.py
[2024-06-20T12:27:18.603+0000] {processor.py:830} INFO - Processing file /opt/airflow/dags/dbt/dbt_config.py for tasks to queue
[2024-06-20T12:27:18.607+0000] {logging_mixin.py:188} INFO - [2024-06-20T12:27:18.606+0000] {dagbag.py:545} INFO - Filling up the DagBag from /opt/airflow/dags/dbt/dbt_config.py
[2024-06-20T12:27:18.667+0000] {processor.py:842} WARNING - No viable dags retrieved from /opt/airflow/dags/dbt/dbt_config.py
[2024-06-20T12:27:18.702+0000] {processor.py:183} INFO - Processing /opt/airflow/dags/dbt/dbt_config.py took 0.114 seconds
[2024-06-20T12:28:04.246+0000] {processor.py:161} INFO - Started process (PID=306) to work on /opt/airflow/dags/dbt/dbt_config.py
[2024-06-20T12:28:04.248+0000] {processor.py:830} INFO - Processing file /opt/airflow/dags/dbt/dbt_config.py for tasks to queue
[2024-06-20T12:28:04.252+0000] {logging_mixin.py:188} INFO - [2024-06-20T12:28:04.251+0000] {dagbag.py:545} INFO - Filling up the DagBag from /opt/airflow/dags/dbt/dbt_config.py
[2024-06-20T12:28:04.320+0000] {processor.py:842} WARNING - No viable dags retrieved from /opt/airflow/dags/dbt/dbt_config.py
[2024-06-20T12:28:04.380+0000] {processor.py:183} INFO - Processing /opt/airflow/dags/dbt/dbt_config.py took 0.150 seconds
[2024-06-20T12:28:34.622+0000] {processor.py:161} INFO - Started process (PID=317) to work on /opt/airflow/dags/dbt/dbt_config.py
[2024-06-20T12:28:34.624+0000] {processor.py:830} INFO - Processing file /opt/airflow/dags/dbt/dbt_config.py for tasks to queue
[2024-06-20T12:28:34.627+0000] {logging_mixin.py:188} INFO - [2024-06-20T12:28:34.626+0000] {dagbag.py:545} INFO - Filling up the DagBag from /opt/airflow/dags/dbt/dbt_config.py
[2024-06-20T12:28:34.669+0000] {processor.py:842} WARNING - No viable dags retrieved from /opt/airflow/dags/dbt/dbt_config.py
[2024-06-20T12:28:34.700+0000] {processor.py:183} INFO - Processing /opt/airflow/dags/dbt/dbt_config.py took 0.087 seconds
[2024-06-20T12:29:13.292+0000] {processor.py:161} INFO - Started process (PID=342) to work on /opt/airflow/dags/dbt/dbt_config.py
[2024-06-20T12:29:13.294+0000] {processor.py:830} INFO - Processing file /opt/airflow/dags/dbt/dbt_config.py for tasks to queue
[2024-06-20T12:29:13.297+0000] {logging_mixin.py:188} INFO - [2024-06-20T12:29:13.296+0000] {dagbag.py:545} INFO - Filling up the DagBag from /opt/airflow/dags/dbt/dbt_config.py
[2024-06-20T12:29:13.334+0000] {processor.py:842} WARNING - No viable dags retrieved from /opt/airflow/dags/dbt/dbt_config.py
[2024-06-20T12:29:13.376+0000] {processor.py:183} INFO - Processing /opt/airflow/dags/dbt/dbt_config.py took 0.092 seconds
[2024-06-20T12:29:55.760+0000] {processor.py:161} INFO - Started process (PID=367) to work on /opt/airflow/dags/dbt/dbt_config.py
[2024-06-20T12:29:55.762+0000] {processor.py:830} INFO - Processing file /opt/airflow/dags/dbt/dbt_config.py for tasks to queue
[2024-06-20T12:29:55.767+0000] {logging_mixin.py:188} INFO - [2024-06-20T12:29:55.766+0000] {dagbag.py:545} INFO - Filling up the DagBag from /opt/airflow/dags/dbt/dbt_config.py
[2024-06-20T12:29:55.807+0000] {processor.py:842} WARNING - No viable dags retrieved from /opt/airflow/dags/dbt/dbt_config.py
[2024-06-20T12:29:55.847+0000] {processor.py:183} INFO - Processing /opt/airflow/dags/dbt/dbt_config.py took 0.097 seconds
[2024-06-20T12:30:26.002+0000] {processor.py:161} INFO - Started process (PID=377) to work on /opt/airflow/dags/dbt/dbt_config.py
[2024-06-20T12:30:26.004+0000] {processor.py:830} INFO - Processing file /opt/airflow/dags/dbt/dbt_config.py for tasks to queue
[2024-06-20T12:30:26.008+0000] {logging_mixin.py:188} INFO - [2024-06-20T12:30:26.007+0000] {dagbag.py:545} INFO - Filling up the DagBag from /opt/airflow/dags/dbt/dbt_config.py
[2024-06-20T12:30:26.055+0000] {processor.py:842} WARNING - No viable dags retrieved from /opt/airflow/dags/dbt/dbt_config.py
[2024-06-20T12:30:26.093+0000] {processor.py:183} INFO - Processing /opt/airflow/dags/dbt/dbt_config.py took 0.104 seconds
[2024-06-20T12:30:56.639+0000] {processor.py:161} INFO - Started process (PID=399) to work on /opt/airflow/dags/dbt/dbt_config.py
[2024-06-20T12:30:56.641+0000] {processor.py:830} INFO - Processing file /opt/airflow/dags/dbt/dbt_config.py for tasks to queue
[2024-06-20T12:30:56.645+0000] {logging_mixin.py:188} INFO - [2024-06-20T12:30:56.644+0000] {dagbag.py:545} INFO - Filling up the DagBag from /opt/airflow/dags/dbt/dbt_config.py
[2024-06-20T12:30:56.683+0000] {processor.py:842} WARNING - No viable dags retrieved from /opt/airflow/dags/dbt/dbt_config.py
[2024-06-20T12:30:56.718+0000] {processor.py:183} INFO - Processing /opt/airflow/dags/dbt/dbt_config.py took 0.089 seconds
[2024-06-20T12:31:27.281+0000] {processor.py:161} INFO - Started process (PID=412) to work on /opt/airflow/dags/dbt/dbt_config.py
[2024-06-20T12:31:27.283+0000] {processor.py:830} INFO - Processing file /opt/airflow/dags/dbt/dbt_config.py for tasks to queue
[2024-06-20T12:31:27.288+0000] {logging_mixin.py:188} INFO - [2024-06-20T12:31:27.287+0000] {dagbag.py:545} INFO - Filling up the DagBag from /opt/airflow/dags/dbt/dbt_config.py
[2024-06-20T12:31:27.343+0000] {processor.py:842} WARNING - No viable dags retrieved from /opt/airflow/dags/dbt/dbt_config.py
[2024-06-20T12:31:27.387+0000] {processor.py:183} INFO - Processing /opt/airflow/dags/dbt/dbt_config.py took 0.121 seconds
[2024-06-20T12:31:57.878+0000] {processor.py:161} INFO - Started process (PID=433) to work on /opt/airflow/dags/dbt/dbt_config.py
[2024-06-20T12:31:57.880+0000] {processor.py:830} INFO - Processing file /opt/airflow/dags/dbt/dbt_config.py for tasks to queue
[2024-06-20T12:31:57.883+0000] {logging_mixin.py:188} INFO - [2024-06-20T12:31:57.883+0000] {dagbag.py:545} INFO - Filling up the DagBag from /opt/airflow/dags/dbt/dbt_config.py
[2024-06-20T12:31:57.921+0000] {processor.py:842} WARNING - No viable dags retrieved from /opt/airflow/dags/dbt/dbt_config.py
[2024-06-20T12:31:57.953+0000] {processor.py:183} INFO - Processing /opt/airflow/dags/dbt/dbt_config.py took 0.087 seconds
[2024-06-20T12:32:28.567+0000] {processor.py:161} INFO - Started process (PID=448) to work on /opt/airflow/dags/dbt/dbt_config.py
[2024-06-20T12:32:28.570+0000] {processor.py:830} INFO - Processing file /opt/airflow/dags/dbt/dbt_config.py for tasks to queue
[2024-06-20T12:32:28.576+0000] {logging_mixin.py:188} INFO - [2024-06-20T12:32:28.576+0000] {dagbag.py:545} INFO - Filling up the DagBag from /opt/airflow/dags/dbt/dbt_config.py
[2024-06-20T12:32:28.622+0000] {processor.py:842} WARNING - No viable dags retrieved from /opt/airflow/dags/dbt/dbt_config.py
[2024-06-20T12:32:28.667+0000] {processor.py:183} INFO - Processing /opt/airflow/dags/dbt/dbt_config.py took 0.116 seconds
[2024-06-20T12:32:59.167+0000] {processor.py:161} INFO - Started process (PID=466) to work on /opt/airflow/dags/dbt/dbt_config.py
[2024-06-20T12:32:59.169+0000] {processor.py:830} INFO - Processing file /opt/airflow/dags/dbt/dbt_config.py for tasks to queue
[2024-06-20T12:32:59.174+0000] {logging_mixin.py:188} INFO - [2024-06-20T12:32:59.173+0000] {dagbag.py:545} INFO - Filling up the DagBag from /opt/airflow/dags/dbt/dbt_config.py
[2024-06-20T12:32:59.213+0000] {processor.py:842} WARNING - No viable dags retrieved from /opt/airflow/dags/dbt/dbt_config.py
[2024-06-20T12:32:59.251+0000] {processor.py:183} INFO - Processing /opt/airflow/dags/dbt/dbt_config.py took 0.098 seconds
[2024-06-20T12:33:29.753+0000] {processor.py:161} INFO - Started process (PID=485) to work on /opt/airflow/dags/dbt/dbt_config.py
[2024-06-20T12:33:29.755+0000] {processor.py:830} INFO - Processing file /opt/airflow/dags/dbt/dbt_config.py for tasks to queue
[2024-06-20T12:33:29.758+0000] {logging_mixin.py:188} INFO - [2024-06-20T12:33:29.757+0000] {dagbag.py:545} INFO - Filling up the DagBag from /opt/airflow/dags/dbt/dbt_config.py
[2024-06-20T12:33:29.792+0000] {processor.py:842} WARNING - No viable dags retrieved from /opt/airflow/dags/dbt/dbt_config.py
[2024-06-20T12:33:29.819+0000] {processor.py:183} INFO - Processing /opt/airflow/dags/dbt/dbt_config.py took 0.074 seconds
[2024-06-20T12:34:12.978+0000] {processor.py:161} INFO - Started process (PID=511) to work on /opt/airflow/dags/dbt/dbt_config.py
[2024-06-20T12:34:12.980+0000] {processor.py:830} INFO - Processing file /opt/airflow/dags/dbt/dbt_config.py for tasks to queue
[2024-06-20T12:34:12.984+0000] {logging_mixin.py:188} INFO - [2024-06-20T12:34:12.983+0000] {dagbag.py:545} INFO - Filling up the DagBag from /opt/airflow/dags/dbt/dbt_config.py
[2024-06-20T12:34:13.029+0000] {processor.py:842} WARNING - No viable dags retrieved from /opt/airflow/dags/dbt/dbt_config.py
[2024-06-20T12:34:13.119+0000] {processor.py:183} INFO - Processing /opt/airflow/dags/dbt/dbt_config.py took 0.155 seconds
[2024-06-20T12:34:43.346+0000] {processor.py:161} INFO - Started process (PID=521) to work on /opt/airflow/dags/dbt/dbt_config.py
[2024-06-20T12:34:43.347+0000] {processor.py:830} INFO - Processing file /opt/airflow/dags/dbt/dbt_config.py for tasks to queue
[2024-06-20T12:34:43.351+0000] {logging_mixin.py:188} INFO - [2024-06-20T12:34:43.350+0000] {dagbag.py:545} INFO - Filling up the DagBag from /opt/airflow/dags/dbt/dbt_config.py
[2024-06-20T12:34:43.390+0000] {processor.py:842} WARNING - No viable dags retrieved from /opt/airflow/dags/dbt/dbt_config.py
[2024-06-20T12:34:43.437+0000] {processor.py:183} INFO - Processing /opt/airflow/dags/dbt/dbt_config.py took 0.100 seconds
[2024-06-20T12:35:14.077+0000] {processor.py:161} INFO - Started process (PID=545) to work on /opt/airflow/dags/dbt/dbt_config.py
[2024-06-20T12:35:14.080+0000] {processor.py:830} INFO - Processing file /opt/airflow/dags/dbt/dbt_config.py for tasks to queue
[2024-06-20T12:35:14.085+0000] {logging_mixin.py:188} INFO - [2024-06-20T12:35:14.083+0000] {dagbag.py:545} INFO - Filling up the DagBag from /opt/airflow/dags/dbt/dbt_config.py
[2024-06-20T12:35:14.133+0000] {processor.py:842} WARNING - No viable dags retrieved from /opt/airflow/dags/dbt/dbt_config.py
[2024-06-20T12:35:14.178+0000] {processor.py:183} INFO - Processing /opt/airflow/dags/dbt/dbt_config.py took 0.117 seconds
[2024-06-20T12:36:02.543+0000] {processor.py:161} INFO - Started process (PID=569) to work on /opt/airflow/dags/dbt/dbt_config.py
[2024-06-20T12:36:02.545+0000] {processor.py:830} INFO - Processing file /opt/airflow/dags/dbt/dbt_config.py for tasks to queue
[2024-06-20T12:36:02.549+0000] {logging_mixin.py:188} INFO - [2024-06-20T12:36:02.548+0000] {dagbag.py:545} INFO - Filling up the DagBag from /opt/airflow/dags/dbt/dbt_config.py
[2024-06-20T12:36:02.587+0000] {processor.py:842} WARNING - No viable dags retrieved from /opt/airflow/dags/dbt/dbt_config.py
[2024-06-20T12:36:02.630+0000] {processor.py:183} INFO - Processing /opt/airflow/dags/dbt/dbt_config.py took 0.098 seconds
[2024-06-20T12:36:32.937+0000] {processor.py:161} INFO - Started process (PID=579) to work on /opt/airflow/dags/dbt/dbt_config.py
[2024-06-20T12:36:32.939+0000] {processor.py:830} INFO - Processing file /opt/airflow/dags/dbt/dbt_config.py for tasks to queue
[2024-06-20T12:36:32.943+0000] {logging_mixin.py:188} INFO - [2024-06-20T12:36:32.942+0000] {dagbag.py:545} INFO - Filling up the DagBag from /opt/airflow/dags/dbt/dbt_config.py
[2024-06-20T12:36:32.990+0000] {processor.py:842} WARNING - No viable dags retrieved from /opt/airflow/dags/dbt/dbt_config.py
[2024-06-20T12:36:33.021+0000] {processor.py:183} INFO - Processing /opt/airflow/dags/dbt/dbt_config.py took 0.095 seconds
[2024-06-20T12:37:03.425+0000] {processor.py:161} INFO - Started process (PID=604) to work on /opt/airflow/dags/dbt/dbt_config.py
[2024-06-20T12:37:03.428+0000] {processor.py:830} INFO - Processing file /opt/airflow/dags/dbt/dbt_config.py for tasks to queue
[2024-06-20T12:37:03.432+0000] {logging_mixin.py:188} INFO - [2024-06-20T12:37:03.431+0000] {dagbag.py:545} INFO - Filling up the DagBag from /opt/airflow/dags/dbt/dbt_config.py
[2024-06-20T12:37:03.471+0000] {processor.py:842} WARNING - No viable dags retrieved from /opt/airflow/dags/dbt/dbt_config.py
[2024-06-20T12:37:03.503+0000] {processor.py:183} INFO - Processing /opt/airflow/dags/dbt/dbt_config.py took 0.089 seconds
[2024-06-20T12:37:33.620+0000] {processor.py:161} INFO - Started process (PID=621) to work on /opt/airflow/dags/dbt/dbt_config.py
[2024-06-20T12:37:33.622+0000] {processor.py:830} INFO - Processing file /opt/airflow/dags/dbt/dbt_config.py for tasks to queue
[2024-06-20T12:37:33.626+0000] {logging_mixin.py:188} INFO - [2024-06-20T12:37:33.625+0000] {dagbag.py:545} INFO - Filling up the DagBag from /opt/airflow/dags/dbt/dbt_config.py
[2024-06-20T12:37:33.659+0000] {processor.py:842} WARNING - No viable dags retrieved from /opt/airflow/dags/dbt/dbt_config.py
[2024-06-20T12:37:33.690+0000] {processor.py:183} INFO - Processing /opt/airflow/dags/dbt/dbt_config.py took 0.080 seconds
[2024-06-20T12:38:04.161+0000] {processor.py:161} INFO - Started process (PID=638) to work on /opt/airflow/dags/dbt/dbt_config.py
[2024-06-20T12:38:04.164+0000] {processor.py:830} INFO - Processing file /opt/airflow/dags/dbt/dbt_config.py for tasks to queue
[2024-06-20T12:38:04.167+0000] {logging_mixin.py:188} INFO - [2024-06-20T12:38:04.166+0000] {dagbag.py:545} INFO - Filling up the DagBag from /opt/airflow/dags/dbt/dbt_config.py
[2024-06-20T12:38:04.205+0000] {processor.py:842} WARNING - No viable dags retrieved from /opt/airflow/dags/dbt/dbt_config.py
[2024-06-20T12:38:04.236+0000] {processor.py:183} INFO - Processing /opt/airflow/dags/dbt/dbt_config.py took 0.086 seconds
[2024-06-20T12:38:34.707+0000] {processor.py:161} INFO - Started process (PID=659) to work on /opt/airflow/dags/dbt/dbt_config.py
[2024-06-20T12:38:34.709+0000] {processor.py:830} INFO - Processing file /opt/airflow/dags/dbt/dbt_config.py for tasks to queue
[2024-06-20T12:38:34.712+0000] {logging_mixin.py:188} INFO - [2024-06-20T12:38:34.712+0000] {dagbag.py:545} INFO - Filling up the DagBag from /opt/airflow/dags/dbt/dbt_config.py
[2024-06-20T12:38:34.750+0000] {processor.py:842} WARNING - No viable dags retrieved from /opt/airflow/dags/dbt/dbt_config.py
[2024-06-20T12:38:34.778+0000] {processor.py:183} INFO - Processing /opt/airflow/dags/dbt/dbt_config.py took 0.082 seconds
[2024-06-20T12:39:15.983+0000] {processor.py:161} INFO - Started process (PID=686) to work on /opt/airflow/dags/dbt/dbt_config.py
[2024-06-20T12:39:15.985+0000] {processor.py:830} INFO - Processing file /opt/airflow/dags/dbt/dbt_config.py for tasks to queue
[2024-06-20T12:39:15.990+0000] {logging_mixin.py:188} INFO - [2024-06-20T12:39:15.989+0000] {dagbag.py:545} INFO - Filling up the DagBag from /opt/airflow/dags/dbt/dbt_config.py
[2024-06-20T12:39:16.029+0000] {processor.py:842} WARNING - No viable dags retrieved from /opt/airflow/dags/dbt/dbt_config.py
[2024-06-20T12:39:16.061+0000] {processor.py:183} INFO - Processing /opt/airflow/dags/dbt/dbt_config.py took 0.088 seconds
[2024-06-20T12:39:46.484+0000] {processor.py:161} INFO - Started process (PID=697) to work on /opt/airflow/dags/dbt/dbt_config.py
[2024-06-20T12:39:46.486+0000] {processor.py:830} INFO - Processing file /opt/airflow/dags/dbt/dbt_config.py for tasks to queue
[2024-06-20T12:39:46.489+0000] {logging_mixin.py:188} INFO - [2024-06-20T12:39:46.489+0000] {dagbag.py:545} INFO - Filling up the DagBag from /opt/airflow/dags/dbt/dbt_config.py
[2024-06-20T12:39:46.528+0000] {processor.py:842} WARNING - No viable dags retrieved from /opt/airflow/dags/dbt/dbt_config.py
[2024-06-20T12:39:46.558+0000] {processor.py:183} INFO - Processing /opt/airflow/dags/dbt/dbt_config.py took 0.084 seconds
[2024-06-20T12:40:17.064+0000] {processor.py:161} INFO - Started process (PID=722) to work on /opt/airflow/dags/dbt/dbt_config.py
[2024-06-20T12:40:17.068+0000] {processor.py:830} INFO - Processing file /opt/airflow/dags/dbt/dbt_config.py for tasks to queue
[2024-06-20T12:40:17.077+0000] {logging_mixin.py:188} INFO - [2024-06-20T12:40:17.075+0000] {dagbag.py:545} INFO - Filling up the DagBag from /opt/airflow/dags/dbt/dbt_config.py
[2024-06-20T12:40:17.119+0000] {processor.py:842} WARNING - No viable dags retrieved from /opt/airflow/dags/dbt/dbt_config.py
[2024-06-20T12:40:17.156+0000] {processor.py:183} INFO - Processing /opt/airflow/dags/dbt/dbt_config.py took 0.109 seconds
[2024-06-20T12:41:00.362+0000] {processor.py:161} INFO - Started process (PID=744) to work on /opt/airflow/dags/dbt/dbt_config.py
[2024-06-20T12:41:00.364+0000] {processor.py:830} INFO - Processing file /opt/airflow/dags/dbt/dbt_config.py for tasks to queue
[2024-06-20T12:41:00.368+0000] {logging_mixin.py:188} INFO - [2024-06-20T12:41:00.367+0000] {dagbag.py:545} INFO - Filling up the DagBag from /opt/airflow/dags/dbt/dbt_config.py
[2024-06-20T12:41:00.403+0000] {processor.py:842} WARNING - No viable dags retrieved from /opt/airflow/dags/dbt/dbt_config.py
[2024-06-20T12:41:00.442+0000] {processor.py:183} INFO - Processing /opt/airflow/dags/dbt/dbt_config.py took 0.091 seconds
[2024-06-20T12:41:30.821+0000] {processor.py:161} INFO - Started process (PID=755) to work on /opt/airflow/dags/dbt/dbt_config.py
[2024-06-20T12:41:30.823+0000] {processor.py:830} INFO - Processing file /opt/airflow/dags/dbt/dbt_config.py for tasks to queue
[2024-06-20T12:41:30.827+0000] {logging_mixin.py:188} INFO - [2024-06-20T12:41:30.827+0000] {dagbag.py:545} INFO - Filling up the DagBag from /opt/airflow/dags/dbt/dbt_config.py
[2024-06-20T12:41:30.871+0000] {processor.py:842} WARNING - No viable dags retrieved from /opt/airflow/dags/dbt/dbt_config.py
[2024-06-20T12:41:30.904+0000] {processor.py:183} INFO - Processing /opt/airflow/dags/dbt/dbt_config.py took 0.093 seconds
[2024-06-20T12:42:01.419+0000] {processor.py:161} INFO - Started process (PID=777) to work on /opt/airflow/dags/dbt/dbt_config.py
[2024-06-20T12:42:01.421+0000] {processor.py:830} INFO - Processing file /opt/airflow/dags/dbt/dbt_config.py for tasks to queue
[2024-06-20T12:42:01.425+0000] {logging_mixin.py:188} INFO - [2024-06-20T12:42:01.424+0000] {dagbag.py:545} INFO - Filling up the DagBag from /opt/airflow/dags/dbt/dbt_config.py
[2024-06-20T12:42:01.466+0000] {processor.py:842} WARNING - No viable dags retrieved from /opt/airflow/dags/dbt/dbt_config.py
[2024-06-20T12:42:01.502+0000] {processor.py:183} INFO - Processing /opt/airflow/dags/dbt/dbt_config.py took 0.095 seconds
[2024-06-20T12:42:32.030+0000] {processor.py:161} INFO - Started process (PID=795) to work on /opt/airflow/dags/dbt/dbt_config.py
[2024-06-20T12:42:32.032+0000] {processor.py:830} INFO - Processing file /opt/airflow/dags/dbt/dbt_config.py for tasks to queue
[2024-06-20T12:42:32.036+0000] {logging_mixin.py:188} INFO - [2024-06-20T12:42:32.035+0000] {dagbag.py:545} INFO - Filling up the DagBag from /opt/airflow/dags/dbt/dbt_config.py
[2024-06-20T12:42:32.087+0000] {processor.py:842} WARNING - No viable dags retrieved from /opt/airflow/dags/dbt/dbt_config.py
[2024-06-20T12:42:32.131+0000] {processor.py:183} INFO - Processing /opt/airflow/dags/dbt/dbt_config.py took 0.115 seconds
[2024-06-20T12:43:02.425+0000] {processor.py:161} INFO - Started process (PID=813) to work on /opt/airflow/dags/dbt/dbt_config.py
[2024-06-20T12:43:02.430+0000] {processor.py:830} INFO - Processing file /opt/airflow/dags/dbt/dbt_config.py for tasks to queue
[2024-06-20T12:43:02.439+0000] {logging_mixin.py:188} INFO - [2024-06-20T12:43:02.438+0000] {dagbag.py:545} INFO - Filling up the DagBag from /opt/airflow/dags/dbt/dbt_config.py
[2024-06-20T12:43:02.476+0000] {processor.py:842} WARNING - No viable dags retrieved from /opt/airflow/dags/dbt/dbt_config.py
[2024-06-20T12:43:02.514+0000] {processor.py:183} INFO - Processing /opt/airflow/dags/dbt/dbt_config.py took 0.117 seconds
[2024-06-20T12:43:32.917+0000] {processor.py:161} INFO - Started process (PID=833) to work on /opt/airflow/dags/dbt/dbt_config.py
[2024-06-20T12:43:32.919+0000] {processor.py:830} INFO - Processing file /opt/airflow/dags/dbt/dbt_config.py for tasks to queue
[2024-06-20T12:43:32.922+0000] {logging_mixin.py:188} INFO - [2024-06-20T12:43:32.921+0000] {dagbag.py:545} INFO - Filling up the DagBag from /opt/airflow/dags/dbt/dbt_config.py
[2024-06-20T12:43:32.955+0000] {processor.py:842} WARNING - No viable dags retrieved from /opt/airflow/dags/dbt/dbt_config.py
[2024-06-20T12:43:32.991+0000] {processor.py:183} INFO - Processing /opt/airflow/dags/dbt/dbt_config.py took 0.083 seconds
[2024-06-20T12:44:18.236+0000] {processor.py:161} INFO - Started process (PID=860) to work on /opt/airflow/dags/dbt/dbt_config.py
[2024-06-20T12:44:18.238+0000] {processor.py:830} INFO - Processing file /opt/airflow/dags/dbt/dbt_config.py for tasks to queue
[2024-06-20T12:44:18.245+0000] {logging_mixin.py:188} INFO - [2024-06-20T12:44:18.244+0000] {dagbag.py:545} INFO - Filling up the DagBag from /opt/airflow/dags/dbt/dbt_config.py
[2024-06-20T12:44:18.278+0000] {processor.py:842} WARNING - No viable dags retrieved from /opt/airflow/dags/dbt/dbt_config.py
[2024-06-20T12:44:18.315+0000] {processor.py:183} INFO - Processing /opt/airflow/dags/dbt/dbt_config.py took 0.093 seconds
[2024-06-20T12:44:48.705+0000] {processor.py:161} INFO - Started process (PID=871) to work on /opt/airflow/dags/dbt/dbt_config.py
[2024-06-20T12:44:48.707+0000] {processor.py:830} INFO - Processing file /opt/airflow/dags/dbt/dbt_config.py for tasks to queue
[2024-06-20T12:44:48.710+0000] {logging_mixin.py:188} INFO - [2024-06-20T12:44:48.710+0000] {dagbag.py:545} INFO - Filling up the DagBag from /opt/airflow/dags/dbt/dbt_config.py
[2024-06-20T12:44:48.743+0000] {processor.py:842} WARNING - No viable dags retrieved from /opt/airflow/dags/dbt/dbt_config.py
[2024-06-20T12:44:48.779+0000] {processor.py:183} INFO - Processing /opt/airflow/dags/dbt/dbt_config.py took 0.083 seconds
[2024-06-20T12:45:19.198+0000] {processor.py:161} INFO - Started process (PID=896) to work on /opt/airflow/dags/dbt/dbt_config.py
[2024-06-20T12:45:19.200+0000] {processor.py:830} INFO - Processing file /opt/airflow/dags/dbt/dbt_config.py for tasks to queue
[2024-06-20T12:45:19.203+0000] {logging_mixin.py:188} INFO - [2024-06-20T12:45:19.203+0000] {dagbag.py:545} INFO - Filling up the DagBag from /opt/airflow/dags/dbt/dbt_config.py
[2024-06-20T12:45:19.234+0000] {processor.py:842} WARNING - No viable dags retrieved from /opt/airflow/dags/dbt/dbt_config.py
[2024-06-20T12:45:19.268+0000] {processor.py:183} INFO - Processing /opt/airflow/dags/dbt/dbt_config.py took 0.081 seconds
[2024-06-20T12:46:00.057+0000] {processor.py:161} INFO - Started process (PID=918) to work on /opt/airflow/dags/dbt/dbt_config.py
[2024-06-20T12:46:00.059+0000] {processor.py:830} INFO - Processing file /opt/airflow/dags/dbt/dbt_config.py for tasks to queue
[2024-06-20T12:46:00.062+0000] {logging_mixin.py:188} INFO - [2024-06-20T12:46:00.062+0000] {dagbag.py:545} INFO - Filling up the DagBag from /opt/airflow/dags/dbt/dbt_config.py
[2024-06-20T12:46:00.093+0000] {processor.py:842} WARNING - No viable dags retrieved from /opt/airflow/dags/dbt/dbt_config.py
[2024-06-20T12:46:00.125+0000] {processor.py:183} INFO - Processing /opt/airflow/dags/dbt/dbt_config.py took 0.079 seconds
[2024-06-20T12:51:00.877+0000] {processor.py:161} INFO - Started process (PID=925) to work on /opt/airflow/dags/dbt/dbt_config.py
[2024-06-20T12:51:00.879+0000] {processor.py:830} INFO - Processing file /opt/airflow/dags/dbt/dbt_config.py for tasks to queue
[2024-06-20T12:51:00.883+0000] {logging_mixin.py:188} INFO - [2024-06-20T12:51:00.882+0000] {dagbag.py:545} INFO - Filling up the DagBag from /opt/airflow/dags/dbt/dbt_config.py
[2024-06-20T12:51:00.916+0000] {processor.py:842} WARNING - No viable dags retrieved from /opt/airflow/dags/dbt/dbt_config.py
[2024-06-20T12:51:00.961+0000] {processor.py:183} INFO - Processing /opt/airflow/dags/dbt/dbt_config.py took 0.095 seconds
[2024-06-20T12:59:27.280+0000] {processor.py:161} INFO - Started process (PID=168) to work on /opt/airflow/dags/dbt/dbt_config.py
[2024-06-20T12:59:27.281+0000] {processor.py:830} INFO - Processing file /opt/airflow/dags/dbt/dbt_config.py for tasks to queue
[2024-06-20T12:59:27.283+0000] {logging_mixin.py:188} INFO - [2024-06-20T12:59:27.283+0000] {dagbag.py:545} INFO - Filling up the DagBag from /opt/airflow/dags/dbt/dbt_config.py
[2024-06-20T12:59:27.314+0000] {processor.py:842} WARNING - No viable dags retrieved from /opt/airflow/dags/dbt/dbt_config.py
[2024-06-20T12:59:27.352+0000] {processor.py:183} INFO - Processing /opt/airflow/dags/dbt/dbt_config.py took 0.083 seconds
[2024-06-20T12:59:58.116+0000] {processor.py:161} INFO - Started process (PID=195) to work on /opt/airflow/dags/dbt/dbt_config.py
[2024-06-20T12:59:58.117+0000] {processor.py:830} INFO - Processing file /opt/airflow/dags/dbt/dbt_config.py for tasks to queue
[2024-06-20T12:59:58.121+0000] {logging_mixin.py:188} INFO - [2024-06-20T12:59:58.120+0000] {dagbag.py:545} INFO - Filling up the DagBag from /opt/airflow/dags/dbt/dbt_config.py
[2024-06-20T12:59:58.152+0000] {processor.py:842} WARNING - No viable dags retrieved from /opt/airflow/dags/dbt/dbt_config.py
[2024-06-20T12:59:58.178+0000] {processor.py:183} INFO - Processing /opt/airflow/dags/dbt/dbt_config.py took 0.070 seconds
[2024-06-20T13:00:44.304+0000] {processor.py:161} INFO - Started process (PID=217) to work on /opt/airflow/dags/dbt/dbt_config.py
[2024-06-20T13:00:44.306+0000] {processor.py:830} INFO - Processing file /opt/airflow/dags/dbt/dbt_config.py for tasks to queue
[2024-06-20T13:00:44.314+0000] {logging_mixin.py:188} INFO - [2024-06-20T13:00:44.313+0000] {dagbag.py:545} INFO - Filling up the DagBag from /opt/airflow/dags/dbt/dbt_config.py
[2024-06-20T13:00:44.345+0000] {processor.py:842} WARNING - No viable dags retrieved from /opt/airflow/dags/dbt/dbt_config.py
[2024-06-20T13:00:44.383+0000] {processor.py:183} INFO - Processing /opt/airflow/dags/dbt/dbt_config.py took 0.102 seconds
[2024-06-20T13:01:14.632+0000] {processor.py:161} INFO - Started process (PID=227) to work on /opt/airflow/dags/dbt/dbt_config.py
[2024-06-20T13:01:14.634+0000] {processor.py:830} INFO - Processing file /opt/airflow/dags/dbt/dbt_config.py for tasks to queue
[2024-06-20T13:01:14.640+0000] {logging_mixin.py:188} INFO - [2024-06-20T13:01:14.639+0000] {dagbag.py:545} INFO - Filling up the DagBag from /opt/airflow/dags/dbt/dbt_config.py
[2024-06-20T13:01:14.681+0000] {processor.py:842} WARNING - No viable dags retrieved from /opt/airflow/dags/dbt/dbt_config.py
[2024-06-20T13:01:14.724+0000] {processor.py:183} INFO - Processing /opt/airflow/dags/dbt/dbt_config.py took 0.107 seconds
[2024-06-20T13:01:45.100+0000] {processor.py:161} INFO - Started process (PID=249) to work on /opt/airflow/dags/dbt/dbt_config.py
[2024-06-20T13:01:45.102+0000] {processor.py:830} INFO - Processing file /opt/airflow/dags/dbt/dbt_config.py for tasks to queue
[2024-06-20T13:01:45.104+0000] {logging_mixin.py:188} INFO - [2024-06-20T13:01:45.104+0000] {dagbag.py:545} INFO - Filling up the DagBag from /opt/airflow/dags/dbt/dbt_config.py
[2024-06-20T13:01:45.133+0000] {processor.py:842} WARNING - No viable dags retrieved from /opt/airflow/dags/dbt/dbt_config.py
[2024-06-20T13:01:45.162+0000] {processor.py:183} INFO - Processing /opt/airflow/dags/dbt/dbt_config.py took 0.069 seconds
[2024-06-20T13:02:15.418+0000] {processor.py:161} INFO - Started process (PID=268) to work on /opt/airflow/dags/dbt/dbt_config.py
[2024-06-20T13:02:15.420+0000] {processor.py:830} INFO - Processing file /opt/airflow/dags/dbt/dbt_config.py for tasks to queue
[2024-06-20T13:02:15.423+0000] {logging_mixin.py:188} INFO - [2024-06-20T13:02:15.423+0000] {dagbag.py:545} INFO - Filling up the DagBag from /opt/airflow/dags/dbt/dbt_config.py
[2024-06-20T13:02:15.462+0000] {processor.py:842} WARNING - No viable dags retrieved from /opt/airflow/dags/dbt/dbt_config.py
[2024-06-20T13:02:15.500+0000] {processor.py:183} INFO - Processing /opt/airflow/dags/dbt/dbt_config.py took 0.091 seconds
[2024-06-20T13:02:45.891+0000] {processor.py:161} INFO - Started process (PID=284) to work on /opt/airflow/dags/dbt/dbt_config.py
[2024-06-20T13:02:45.892+0000] {processor.py:830} INFO - Processing file /opt/airflow/dags/dbt/dbt_config.py for tasks to queue
[2024-06-20T13:02:45.895+0000] {logging_mixin.py:188} INFO - [2024-06-20T13:02:45.895+0000] {dagbag.py:545} INFO - Filling up the DagBag from /opt/airflow/dags/dbt/dbt_config.py
[2024-06-20T13:02:45.925+0000] {processor.py:842} WARNING - No viable dags retrieved from /opt/airflow/dags/dbt/dbt_config.py
[2024-06-20T13:02:45.956+0000] {processor.py:183} INFO - Processing /opt/airflow/dags/dbt/dbt_config.py took 0.072 seconds
[2024-06-20T13:03:17.049+0000] {processor.py:161} INFO - Started process (PID=307) to work on /opt/airflow/dags/dbt/dbt_config.py
[2024-06-20T13:03:17.051+0000] {processor.py:830} INFO - Processing file /opt/airflow/dags/dbt/dbt_config.py for tasks to queue
[2024-06-20T13:03:17.064+0000] {logging_mixin.py:188} INFO - [2024-06-20T13:03:17.064+0000] {dagbag.py:545} INFO - Filling up the DagBag from /opt/airflow/dags/dbt/dbt_config.py
[2024-06-20T13:03:17.098+0000] {processor.py:842} WARNING - No viable dags retrieved from /opt/airflow/dags/dbt/dbt_config.py
[2024-06-20T13:03:17.166+0000] {processor.py:183} INFO - Processing /opt/airflow/dags/dbt/dbt_config.py took 0.129 seconds
[2024-06-20T13:03:47.237+0000] {processor.py:161} INFO - Started process (PID=320) to work on /opt/airflow/dags/dbt/dbt_config.py
[2024-06-20T13:03:47.238+0000] {processor.py:830} INFO - Processing file /opt/airflow/dags/dbt/dbt_config.py for tasks to queue
[2024-06-20T13:03:47.241+0000] {logging_mixin.py:188} INFO - [2024-06-20T13:03:47.240+0000] {dagbag.py:545} INFO - Filling up the DagBag from /opt/airflow/dags/dbt/dbt_config.py
[2024-06-20T13:03:47.267+0000] {processor.py:842} WARNING - No viable dags retrieved from /opt/airflow/dags/dbt/dbt_config.py
[2024-06-20T13:03:47.292+0000] {processor.py:183} INFO - Processing /opt/airflow/dags/dbt/dbt_config.py took 0.063 seconds
[2024-06-20T13:04:17.648+0000] {processor.py:161} INFO - Started process (PID=348) to work on /opt/airflow/dags/dbt/dbt_config.py
[2024-06-20T13:04:17.649+0000] {processor.py:830} INFO - Processing file /opt/airflow/dags/dbt/dbt_config.py for tasks to queue
[2024-06-20T13:04:17.651+0000] {logging_mixin.py:188} INFO - [2024-06-20T13:04:17.651+0000] {dagbag.py:545} INFO - Filling up the DagBag from /opt/airflow/dags/dbt/dbt_config.py
[2024-06-20T13:04:17.677+0000] {processor.py:842} WARNING - No viable dags retrieved from /opt/airflow/dags/dbt/dbt_config.py
[2024-06-20T13:04:17.699+0000] {processor.py:183} INFO - Processing /opt/airflow/dags/dbt/dbt_config.py took 0.057 seconds
[2024-06-20T13:05:04.287+0000] {processor.py:161} INFO - Started process (PID=380) to work on /opt/airflow/dags/dbt/dbt_config.py
[2024-06-20T13:05:04.288+0000] {processor.py:830} INFO - Processing file /opt/airflow/dags/dbt/dbt_config.py for tasks to queue
[2024-06-20T13:05:04.290+0000] {logging_mixin.py:188} INFO - [2024-06-20T13:05:04.290+0000] {dagbag.py:545} INFO - Filling up the DagBag from /opt/airflow/dags/dbt/dbt_config.py
[2024-06-20T13:05:04.312+0000] {processor.py:842} WARNING - No viable dags retrieved from /opt/airflow/dags/dbt/dbt_config.py
[2024-06-20T13:05:04.330+0000] {processor.py:183} INFO - Processing /opt/airflow/dags/dbt/dbt_config.py took 0.048 seconds
[2024-06-20T13:05:34.425+0000] {processor.py:161} INFO - Started process (PID=390) to work on /opt/airflow/dags/dbt/dbt_config.py
[2024-06-20T13:05:34.427+0000] {processor.py:830} INFO - Processing file /opt/airflow/dags/dbt/dbt_config.py for tasks to queue
[2024-06-20T13:05:34.429+0000] {logging_mixin.py:188} INFO - [2024-06-20T13:05:34.428+0000] {dagbag.py:545} INFO - Filling up the DagBag from /opt/airflow/dags/dbt/dbt_config.py
[2024-06-20T13:05:34.452+0000] {processor.py:842} WARNING - No viable dags retrieved from /opt/airflow/dags/dbt/dbt_config.py
[2024-06-20T13:05:34.472+0000] {processor.py:183} INFO - Processing /opt/airflow/dags/dbt/dbt_config.py took 0.053 seconds
[2024-06-20T13:06:04.840+0000] {processor.py:161} INFO - Started process (PID=414) to work on /opt/airflow/dags/dbt/dbt_config.py
[2024-06-20T13:06:04.841+0000] {processor.py:830} INFO - Processing file /opt/airflow/dags/dbt/dbt_config.py for tasks to queue
[2024-06-20T13:06:04.843+0000] {logging_mixin.py:188} INFO - [2024-06-20T13:06:04.843+0000] {dagbag.py:545} INFO - Filling up the DagBag from /opt/airflow/dags/dbt/dbt_config.py
[2024-06-20T13:06:04.860+0000] {processor.py:842} WARNING - No viable dags retrieved from /opt/airflow/dags/dbt/dbt_config.py
[2024-06-20T13:06:04.878+0000] {processor.py:183} INFO - Processing /opt/airflow/dags/dbt/dbt_config.py took 0.042 seconds
[2024-06-20T13:06:35.314+0000] {processor.py:161} INFO - Started process (PID=444) to work on /opt/airflow/dags/dbt/dbt_config.py
[2024-06-20T13:06:35.316+0000] {processor.py:830} INFO - Processing file /opt/airflow/dags/dbt/dbt_config.py for tasks to queue
[2024-06-20T13:06:35.318+0000] {logging_mixin.py:188} INFO - [2024-06-20T13:06:35.318+0000] {dagbag.py:545} INFO - Filling up the DagBag from /opt/airflow/dags/dbt/dbt_config.py
[2024-06-20T13:06:35.345+0000] {processor.py:842} WARNING - No viable dags retrieved from /opt/airflow/dags/dbt/dbt_config.py
[2024-06-20T13:06:35.380+0000] {processor.py:183} INFO - Processing /opt/airflow/dags/dbt/dbt_config.py took 0.073 seconds
[2024-06-20T13:07:05.827+0000] {processor.py:161} INFO - Started process (PID=458) to work on /opt/airflow/dags/dbt/dbt_config.py
[2024-06-20T13:07:05.829+0000] {processor.py:830} INFO - Processing file /opt/airflow/dags/dbt/dbt_config.py for tasks to queue
[2024-06-20T13:07:05.830+0000] {logging_mixin.py:188} INFO - [2024-06-20T13:07:05.830+0000] {dagbag.py:545} INFO - Filling up the DagBag from /opt/airflow/dags/dbt/dbt_config.py
[2024-06-20T13:07:05.850+0000] {processor.py:842} WARNING - No viable dags retrieved from /opt/airflow/dags/dbt/dbt_config.py
[2024-06-20T13:07:05.871+0000] {processor.py:183} INFO - Processing /opt/airflow/dags/dbt/dbt_config.py took 0.050 seconds
[2024-06-20T13:07:36.342+0000] {processor.py:161} INFO - Started process (PID=474) to work on /opt/airflow/dags/dbt/dbt_config.py
[2024-06-20T13:07:36.343+0000] {processor.py:830} INFO - Processing file /opt/airflow/dags/dbt/dbt_config.py for tasks to queue
[2024-06-20T13:07:36.345+0000] {logging_mixin.py:188} INFO - [2024-06-20T13:07:36.345+0000] {dagbag.py:545} INFO - Filling up the DagBag from /opt/airflow/dags/dbt/dbt_config.py
[2024-06-20T13:07:36.364+0000] {processor.py:842} WARNING - No viable dags retrieved from /opt/airflow/dags/dbt/dbt_config.py
[2024-06-20T13:07:36.381+0000] {processor.py:183} INFO - Processing /opt/airflow/dags/dbt/dbt_config.py took 0.046 seconds
[2024-06-20T13:08:06.461+0000] {processor.py:161} INFO - Started process (PID=494) to work on /opt/airflow/dags/dbt/dbt_config.py
[2024-06-20T13:08:06.463+0000] {processor.py:830} INFO - Processing file /opt/airflow/dags/dbt/dbt_config.py for tasks to queue
[2024-06-20T13:08:06.467+0000] {logging_mixin.py:188} INFO - [2024-06-20T13:08:06.467+0000] {dagbag.py:545} INFO - Filling up the DagBag from /opt/airflow/dags/dbt/dbt_config.py
[2024-06-20T13:08:06.496+0000] {processor.py:842} WARNING - No viable dags retrieved from /opt/airflow/dags/dbt/dbt_config.py
[2024-06-20T13:08:06.519+0000] {processor.py:183} INFO - Processing /opt/airflow/dags/dbt/dbt_config.py took 0.070 seconds
