[2024-06-20T14:29:48.357+0000] {local_task_job_runner.py:120} INFO - ::group::Pre task execution logs
[2024-06-20T14:29:48.583+0000] {taskinstance.py:2076} INFO - Dependencies all met for dep_context=non-requeueable deps ti=<TaskInstance: ELT-PROJECT.load.load_employees manual__2024-06-20T14:29:24.211440+00:00 [queued]>
[2024-06-20T14:29:48.694+0000] {taskinstance.py:2076} INFO - Dependencies all met for dep_context=requeueable deps ti=<TaskInstance: ELT-PROJECT.load.load_employees manual__2024-06-20T14:29:24.211440+00:00 [queued]>
[2024-06-20T14:29:48.705+0000] {taskinstance.py:2306} INFO - Starting attempt 1 of 2
[2024-06-20T14:29:48.869+0000] {taskinstance.py:2330} INFO - Executing <Task(_PythonDecoratedOperator): load.load_employees> on 2024-06-20 14:29:24.211440+00:00
[2024-06-20T14:29:48.975+0000] {logging_mixin.py:188} WARNING - /home/airflow/.local/lib/python3.12/site-packages/airflow/task/task_runner/standard_task_runner.py:61 DeprecationWarning: This process (pid=4081) is multi-threaded, use of fork() may lead to deadlocks in the child.
[2024-06-20T14:29:48.986+0000] {standard_task_runner.py:63} INFO - Started process 4115 to run task
[2024-06-20T14:29:49.016+0000] {standard_task_runner.py:90} INFO - Running: ['airflow', 'tasks', 'run', 'ELT-PROJECT', 'load.load_employees', 'manual__2024-06-20T14:29:24.211440+00:00', '--job-id', '615', '--raw', '--subdir', 'DAGS_FOLDER/elt.py', '--cfg-path', '/tmp/tmp6s62hh_6']
[2024-06-20T14:29:49.025+0000] {standard_task_runner.py:91} INFO - Job 615: Subtask load.load_employees
[2024-06-20T14:29:49.183+0000] {logging_mixin.py:188} WARNING - /home/airflow/.local/lib/python3.12/site-packages/airflow/settings.py:195 DeprecationWarning: The sql_alchemy_conn option in [core] has been moved to the sql_alchemy_conn option in [database] - the old setting has been used, but please update your config.
[2024-06-20T14:29:49.432+0000] {task_command.py:426} INFO - Running <TaskInstance: ELT-PROJECT.load.load_employees manual__2024-06-20T14:29:24.211440+00:00 [running]> on host airflow-scheduler
[2024-06-20T14:29:52.106+0000] {taskinstance.py:2648} INFO - Exporting env vars: AIRFLOW_CTX_DAG_OWNER='Data-Ninja' AIRFLOW_CTX_DAG_ID='ELT-PROJECT' AIRFLOW_CTX_TASK_ID='load.load_employees' AIRFLOW_CTX_EXECUTION_DATE='2024-06-20T14:29:24.211440+00:00' AIRFLOW_CTX_TRY_NUMBER='1' AIRFLOW_CTX_DAG_RUN_ID='manual__2024-06-20T14:29:24.211440+00:00'
[2024-06-20T14:29:52.111+0000] {taskinstance.py:430} INFO - ::endgroup::
[2024-06-20T14:29:52.121+0000] {connection.py:399} INFO - Snowflake Connector for Python Version: 3.10.1, Python Version: 3.12.4, Platform: Linux-5.15.133.1-microsoft-standard-WSL2-x86_64-with-glibc2.36
[2024-06-20T14:29:52.129+0000] {connection.py:1249} INFO - THIS CONNECTION IS IN INSECURE MODE. IT MEANS THE CERTIFICATE WILL BE VALIDATED BUT THE CERTIFICATE REVOCATION STATUS WILL NOT BE CHECKED.
[2024-06-20T14:29:52.666+0000] {ssl_wrap_socket.py:100} INFO - THIS CONNECTION IS IN INSECURE MODE. IT MEANS THE CERTIFICATE WILL BE VALIDATED BUT THE CERTIFICATE REVOCATION STATUS WILL NOT BE CHECKED.
[2024-06-20T14:29:53.271+0000] {logging_mixin.py:188} INFO - Nama kolom di DataFrame: Index(['employeeID', 'lastName', 'firstName', 'title', 'titleOfCourtesy',
       'birthDate', 'hireDate', 'address', 'city', 'region', 'postalCode',
       'country', 'homePhone', 'extension', 'photo', 'notes', 'reportsTo',
       'photoPath'],
      dtype='object')
[2024-06-20T14:29:53.729+0000] {cursor.py:1149} INFO - Number of results in first chunk: 1
[2024-06-20T14:29:54.695+0000] {ssl_wrap_socket.py:100} INFO - THIS CONNECTION IS IN INSECURE MODE. IT MEANS THE CERTIFICATE WILL BE VALIDATED BUT THE CERTIFICATE REVOCATION STATUS WILL NOT BE CHECKED.
[2024-06-20T14:29:59.118+0000] {cursor.py:1149} INFO - Number of results in first chunk: 1
[2024-06-20T14:29:59.741+0000] {cursor.py:1149} INFO - Number of results in first chunk: 18
[2024-06-20T14:30:00.093+0000] {cursor.py:1149} INFO - Number of results in first chunk: 1
[2024-06-20T14:30:00.806+0000] {cursor.py:1149} INFO - Number of results in first chunk: 1
[2024-06-20T14:30:02.481+0000] {cursor.py:1149} INFO - Number of results in first chunk: 1
[2024-06-20T14:30:02.483+0000] {logging_mixin.py:188} INFO - Done employees.
[2024-06-20T14:30:02.484+0000] {connection.py:762} INFO - closed
[2024-06-20T14:30:02.948+0000] {connection.py:768} INFO - No async queries seem to be running, deleting session
[2024-06-20T14:30:03.298+0000] {python.py:237} INFO - Done. Returned value was: None
[2024-06-20T14:30:03.302+0000] {taskinstance.py:441} INFO - ::group::Post task execution logs
[2024-06-20T14:30:03.447+0000] {taskinstance.py:1206} INFO - Marking task as SUCCESS. dag_id=ELT-PROJECT, task_id=load.load_employees, run_id=manual__2024-06-20T14:29:24.211440+00:00, execution_date=20240620T142924, start_date=20240620T142948, end_date=20240620T143003
[2024-06-20T14:30:03.861+0000] {local_task_job_runner.py:240} INFO - Task exited with return code 0
[2024-06-20T14:30:04.309+0000] {taskinstance.py:3503} INFO - 0 downstream tasks scheduled from follow-on schedule check
[2024-06-20T14:30:04.351+0000] {local_task_job_runner.py:222} INFO - ::endgroup::
