[2024-06-17T14:46:45.002+0000] {local_task_job_runner.py:120} INFO - ::group::Pre task execution logs
[2024-06-17T14:46:45.115+0000] {taskinstance.py:2076} INFO - Dependencies all met for dep_context=non-requeueable deps ti=<TaskInstance: ELT-PROJECT.extract_process.extract_regions manual__2024-06-17T14:46:35.249847+00:00 [queued]>
[2024-06-17T14:46:45.173+0000] {taskinstance.py:2076} INFO - Dependencies all met for dep_context=requeueable deps ti=<TaskInstance: ELT-PROJECT.extract_process.extract_regions manual__2024-06-17T14:46:35.249847+00:00 [queued]>
[2024-06-17T14:46:45.176+0000] {taskinstance.py:2306} INFO - Starting attempt 1 of 2
[2024-06-17T14:46:45.237+0000] {taskinstance.py:2330} INFO - Executing <Task(_PythonDecoratedOperator): extract_process.extract_regions> on 2024-06-17 14:46:35.249847+00:00
[2024-06-17T14:46:45.268+0000] {logging_mixin.py:188} WARNING - /home/airflow/.local/lib/python3.12/site-packages/airflow/task/task_runner/standard_task_runner.py:61 DeprecationWarning: This process (pid=213) is multi-threaded, use of fork() may lead to deadlocks in the child.
[2024-06-17T14:46:45.275+0000] {standard_task_runner.py:63} INFO - Started process 227 to run task
[2024-06-17T14:46:45.279+0000] {standard_task_runner.py:90} INFO - Running: ['airflow', 'tasks', 'run', 'ELT-PROJECT', 'extract_process.extract_regions', 'manual__2024-06-17T14:46:35.249847+00:00', '--job-id', '442', '--raw', '--subdir', 'DAGS_FOLDER/elt.py', '--cfg-path', '/tmp/tmppmllegp0']
[2024-06-17T14:46:45.297+0000] {standard_task_runner.py:91} INFO - Job 442: Subtask extract_process.extract_regions
[2024-06-17T14:46:45.470+0000] {logging_mixin.py:188} WARNING - /home/airflow/.local/lib/python3.12/site-packages/airflow/settings.py:195 DeprecationWarning: The sql_alchemy_conn option in [core] has been moved to the sql_alchemy_conn option in [database] - the old setting has been used, but please update your config.
[2024-06-17T14:46:45.837+0000] {task_command.py:426} INFO - Running <TaskInstance: ELT-PROJECT.extract_process.extract_regions manual__2024-06-17T14:46:35.249847+00:00 [running]> on host airflow-scheduler
[2024-06-17T14:46:46.725+0000] {taskinstance.py:2648} INFO - Exporting env vars: AIRFLOW_CTX_DAG_OWNER='Data-Ninja' AIRFLOW_CTX_DAG_ID='ELT-PROJECT' AIRFLOW_CTX_TASK_ID='extract_process.extract_regions' AIRFLOW_CTX_EXECUTION_DATE='2024-06-17T14:46:35.249847+00:00' AIRFLOW_CTX_TRY_NUMBER='1' AIRFLOW_CTX_DAG_RUN_ID='manual__2024-06-17T14:46:35.249847+00:00'
[2024-06-17T14:46:46.734+0000] {taskinstance.py:430} INFO - ::endgroup::
[2024-06-17T14:46:47.651+0000] {python.py:237} INFO - Done. Returned value was:    regionID regionDescription
0         1           Eastern
1         2           Western
2         3          Northern
3         4          Southern
[2024-06-17T14:46:47.727+0000] {taskinstance.py:441} INFO - ::group::Post task execution logs
[2024-06-17T14:46:48.202+0000] {taskinstance.py:1206} INFO - Marking task as SUCCESS. dag_id=ELT-PROJECT, task_id=extract_process.extract_regions, run_id=manual__2024-06-17T14:46:35.249847+00:00, execution_date=20240617T144635, start_date=20240617T144645, end_date=20240617T144648
[2024-06-17T14:46:48.350+0000] {local_task_job_runner.py:240} INFO - Task exited with return code 0
[2024-06-17T14:46:48.398+0000] {local_task_job_runner.py:222} INFO - ::endgroup::
