[2024-06-17T10:03:44.120+0000] {local_task_job_runner.py:120} INFO - ::group::Pre task execution logs
[2024-06-17T10:03:44.342+0000] {taskinstance.py:2076} INFO - Dependencies all met for dep_context=non-requeueable deps ti=<TaskInstance: ELT-PROJECT.extract_process.extract_categories manual__2024-06-17T10:03:38.174680+00:00 [queued]>
[2024-06-17T10:03:44.368+0000] {taskinstance.py:2076} INFO - Dependencies all met for dep_context=requeueable deps ti=<TaskInstance: ELT-PROJECT.extract_process.extract_categories manual__2024-06-17T10:03:38.174680+00:00 [queued]>
[2024-06-17T10:03:44.370+0000] {taskinstance.py:2306} INFO - Starting attempt 1 of 2
[2024-06-17T10:03:44.436+0000] {taskinstance.py:2330} INFO - Executing <Task(_PythonDecoratedOperator): extract_process.extract_categories> on 2024-06-17 10:03:38.174680+00:00
[2024-06-17T10:03:44.464+0000] {logging_mixin.py:188} WARNING - /home/airflow/.local/lib/python3.12/site-packages/airflow/task/task_runner/standard_task_runner.py:61 DeprecationWarning: This process (pid=1478) is multi-threaded, use of fork() may lead to deadlocks in the child.
[2024-06-17T10:03:44.468+0000] {standard_task_runner.py:63} INFO - Started process 1504 to run task
[2024-06-17T10:03:44.478+0000] {standard_task_runner.py:90} INFO - Running: ['airflow', 'tasks', 'run', 'ELT-PROJECT', 'extract_process.extract_categories', 'manual__2024-06-17T10:03:38.174680+00:00', '--job-id', '46', '--raw', '--subdir', 'DAGS_FOLDER/elt.py', '--cfg-path', '/tmp/tmp5idxkfkn']
[2024-06-17T10:03:44.512+0000] {standard_task_runner.py:91} INFO - Job 46: Subtask extract_process.extract_categories
[2024-06-17T10:03:44.627+0000] {logging_mixin.py:188} WARNING - /home/airflow/.local/lib/python3.12/site-packages/airflow/settings.py:195 DeprecationWarning: The sql_alchemy_conn option in [core] has been moved to the sql_alchemy_conn option in [database] - the old setting has been used, but please update your config.
[2024-06-17T10:03:44.928+0000] {task_command.py:426} INFO - Running <TaskInstance: ELT-PROJECT.extract_process.extract_categories manual__2024-06-17T10:03:38.174680+00:00 [running]> on host airflow-scheduler
[2024-06-17T10:03:46.614+0000] {taskinstance.py:2648} INFO - Exporting env vars: AIRFLOW_CTX_DAG_OWNER='Data-Ninja' AIRFLOW_CTX_DAG_ID='ELT-PROJECT' AIRFLOW_CTX_TASK_ID='extract_process.extract_categories' AIRFLOW_CTX_EXECUTION_DATE='2024-06-17T10:03:38.174680+00:00' AIRFLOW_CTX_TRY_NUMBER='1' AIRFLOW_CTX_DAG_RUN_ID='manual__2024-06-17T10:03:38.174680+00:00'
[2024-06-17T10:03:46.617+0000] {taskinstance.py:430} INFO - ::endgroup::
[2024-06-17T10:03:47.085+0000] {python.py:237} INFO - Done. Returned value was:    categoryID  ...                                            picture
0           1  ...  0x151C2F00020000000D000E0014002100FFFFFFFF4269...
1           2  ...  0x151C2F00020000000D000E0014002100FFFFFFFF4269...
2           3  ...  0x151C2F00020000000D000E0014002100FFFFFFFF4269...
3           4  ...  0x151C2F00020000000D000E0014002100FFFFFFFF4269...
4           5  ...  0x151C2F00020000000D000E0014002100FFFFFFFF4269...
5           6  ...  0x151C2F00020000000D000E0014002100FFFFFFFF4269...
6           7  ...  0x151C2F00020000000D000E0014002100FFFFFFFF4269...
7           8  ...  0x151C2F00020000000D000E0014002100FFFFFFFF4269...

[8 rows x 4 columns]
[2024-06-17T10:03:47.132+0000] {taskinstance.py:441} INFO - ::group::Post task execution logs
[2024-06-17T10:03:47.360+0000] {taskinstance.py:1206} INFO - Marking task as SUCCESS. dag_id=ELT-PROJECT, task_id=extract_process.extract_categories, run_id=manual__2024-06-17T10:03:38.174680+00:00, execution_date=20240617T100338, start_date=20240617T100344, end_date=20240617T100347
[2024-06-17T10:03:47.456+0000] {local_task_job_runner.py:240} INFO - Task exited with return code 0
[2024-06-17T10:03:47.528+0000] {taskinstance.py:3503} INFO - 0 downstream tasks scheduled from follow-on schedule check
[2024-06-17T10:03:47.558+0000] {local_task_job_runner.py:222} INFO - ::endgroup::
