[2024-06-17T12:51:55.865+0000] {local_task_job_runner.py:120} INFO - ::group::Pre task execution logs
[2024-06-17T12:51:56.040+0000] {taskinstance.py:2076} INFO - Dependencies all met for dep_context=non-requeueable deps ti=<TaskInstance: ELT-PROJECT.load_process.load_employees manual__2024-06-17T12:51:38.712440+00:00 [queued]>
[2024-06-17T12:51:56.073+0000] {taskinstance.py:2076} INFO - Dependencies all met for dep_context=requeueable deps ti=<TaskInstance: ELT-PROJECT.load_process.load_employees manual__2024-06-17T12:51:38.712440+00:00 [queued]>
[2024-06-17T12:51:56.090+0000] {taskinstance.py:2306} INFO - Starting attempt 1 of 2
[2024-06-17T12:51:56.126+0000] {taskinstance.py:2330} INFO - Executing <Task(_PythonDecoratedOperator): load_process.load_employees> on 2024-06-17 12:51:38.712440+00:00
[2024-06-17T12:51:56.146+0000] {logging_mixin.py:188} WARNING - /home/airflow/.local/lib/python3.12/site-packages/airflow/task/task_runner/standard_task_runner.py:61 DeprecationWarning: This process (pid=3947) is multi-threaded, use of fork() may lead to deadlocks in the child.
[2024-06-17T12:51:56.150+0000] {standard_task_runner.py:63} INFO - Started process 3984 to run task
[2024-06-17T12:51:56.153+0000] {standard_task_runner.py:90} INFO - Running: ['airflow', 'tasks', 'run', 'ELT-PROJECT', 'load_process.load_employees', 'manual__2024-06-17T12:51:38.712440+00:00', '--job-id', '407', '--raw', '--subdir', 'DAGS_FOLDER/elt.py', '--cfg-path', '/tmp/tmp7b0_v99v']
[2024-06-17T12:51:56.159+0000] {standard_task_runner.py:91} INFO - Job 407: Subtask load_process.load_employees
[2024-06-17T12:51:56.223+0000] {logging_mixin.py:188} WARNING - /home/airflow/.local/lib/python3.12/site-packages/airflow/settings.py:195 DeprecationWarning: The sql_alchemy_conn option in [core] has been moved to the sql_alchemy_conn option in [database] - the old setting has been used, but please update your config.
[2024-06-17T12:51:56.390+0000] {task_command.py:426} INFO - Running <TaskInstance: ELT-PROJECT.load_process.load_employees manual__2024-06-17T12:51:38.712440+00:00 [running]> on host airflow-scheduler
[2024-06-17T12:51:57.357+0000] {taskinstance.py:2648} INFO - Exporting env vars: AIRFLOW_CTX_DAG_OWNER='Data-Ninja' AIRFLOW_CTX_DAG_ID='ELT-PROJECT' AIRFLOW_CTX_TASK_ID='load_process.load_employees' AIRFLOW_CTX_EXECUTION_DATE='2024-06-17T12:51:38.712440+00:00' AIRFLOW_CTX_TRY_NUMBER='1' AIRFLOW_CTX_DAG_RUN_ID='manual__2024-06-17T12:51:38.712440+00:00'
[2024-06-17T12:51:57.360+0000] {taskinstance.py:430} INFO - ::endgroup::
[2024-06-17T12:51:57.365+0000] {connection.py:399} INFO - Snowflake Connector for Python Version: 3.10.1, Python Version: 3.12.4, Platform: Linux-5.15.133.1-microsoft-standard-WSL2-x86_64-with-glibc2.36
[2024-06-17T12:51:57.368+0000] {connection.py:1249} INFO - THIS CONNECTION IS IN INSECURE MODE. IT MEANS THE CERTIFICATE WILL BE VALIDATED BUT THE CERTIFICATE REVOCATION STATUS WILL NOT BE CHECKED.
[2024-06-17T12:51:57.859+0000] {ssl_wrap_socket.py:100} INFO - THIS CONNECTION IS IN INSECURE MODE. IT MEANS THE CERTIFICATE WILL BE VALIDATED BUT THE CERTIFICATE REVOCATION STATUS WILL NOT BE CHECKED.
[2024-06-17T12:51:58.452+0000] {logging_mixin.py:188} INFO - Nama kolom di DataFrame: Index(['employeeID', 'lastName', 'firstName', 'title', 'titleOfCourtesy',
       'birthDate', 'hireDate', 'address', 'city', 'region', 'postalCode',
       'country', 'homePhone', 'extension', 'photo', 'notes', 'reportsTo',
       'photoPath'],
      dtype='object')
[2024-06-17T12:51:58.860+0000] {cursor.py:1149} INFO - Number of results in first chunk: 1
[2024-06-17T12:51:59.859+0000] {ssl_wrap_socket.py:100} INFO - THIS CONNECTION IS IN INSECURE MODE. IT MEANS THE CERTIFICATE WILL BE VALIDATED BUT THE CERTIFICATE REVOCATION STATUS WILL NOT BE CHECKED.
[2024-06-17T12:52:04.289+0000] {cursor.py:1149} INFO - Number of results in first chunk: 1
[2024-06-17T12:52:04.982+0000] {cursor.py:1149} INFO - Number of results in first chunk: 18
[2024-06-17T12:52:05.348+0000] {cursor.py:1149} INFO - Number of results in first chunk: 1
[2024-06-17T12:52:05.911+0000] {cursor.py:1149} INFO - Number of results in first chunk: 1
[2024-06-17T12:52:07.240+0000] {cursor.py:1149} INFO - Number of results in first chunk: 1
[2024-06-17T12:52:07.244+0000] {taskinstance.py:441} INFO - ::group::Post task execution logs
[2024-06-17T12:52:07.246+0000] {taskinstance.py:2905} ERROR - Task failed with exception
Traceback (most recent call last):
  File "/home/airflow/.local/lib/python3.12/site-packages/airflow/models/taskinstance.py", line 465, in _execute_task
    result = _execute_callable(context=context, **execute_callable_kwargs)
             ^^^^^^^^^^^^^^^^^^^^^^^^^^^^^^^^^^^^^^^^^^^^^^^^^^^^^^^^^^^^^
  File "/home/airflow/.local/lib/python3.12/site-packages/airflow/models/taskinstance.py", line 432, in _execute_callable
    return execute_callable(context=context, **execute_callable_kwargs)
           ^^^^^^^^^^^^^^^^^^^^^^^^^^^^^^^^^^^^^^^^^^^^^^^^^^^^^^^^^^^^
  File "/home/airflow/.local/lib/python3.12/site-packages/airflow/models/baseoperator.py", line 401, in wrapper
    return func(self, *args, **kwargs)
           ^^^^^^^^^^^^^^^^^^^^^^^^^^^
  File "/home/airflow/.local/lib/python3.12/site-packages/airflow/decorators/base.py", line 265, in execute
    return_value = super().execute(context)
                   ^^^^^^^^^^^^^^^^^^^^^^^^
  File "/home/airflow/.local/lib/python3.12/site-packages/airflow/models/baseoperator.py", line 401, in wrapper
    return func(self, *args, **kwargs)
           ^^^^^^^^^^^^^^^^^^^^^^^^^^^
  File "/home/airflow/.local/lib/python3.12/site-packages/airflow/operators/python.py", line 235, in execute
    return_value = self.execute_callable()
                   ^^^^^^^^^^^^^^^^^^^^^^^
  File "/home/airflow/.local/lib/python3.12/site-packages/airflow/operators/python.py", line 252, in execute_callable
    return self.python_callable(*self.op_args, **self.op_kwargs)
           ^^^^^^^^^^^^^^^^^^^^^^^^^^^^^^^^^^^^^^^^^^^^^^^^^^^^^
  File "/opt/airflow/dags/elt.py", line 67, in load
    load_func(df=df, filename=table_name)
  File "/local_module/loaders.py", line 42, in load_func
    print(f"Done {table}")
                  ^^^^^
NameError: name 'table' is not defined. Did you mean: 'tuple'?
[2024-06-17T12:52:07.368+0000] {taskinstance.py:1206} INFO - Marking task as UP_FOR_RETRY. dag_id=ELT-PROJECT, task_id=load_process.load_employees, run_id=manual__2024-06-17T12:51:38.712440+00:00, execution_date=20240617T125138, start_date=20240617T125156, end_date=20240617T125207
[2024-06-17T12:52:07.442+0000] {standard_task_runner.py:110} ERROR - Failed to execute job 407 for task load_process.load_employees (name 'table' is not defined; 3984)
[2024-06-17T12:52:07.509+0000] {local_task_job_runner.py:240} INFO - Task exited with return code 1
[2024-06-17T12:52:07.582+0000] {local_task_job_runner.py:222} INFO - ::endgroup::
