[2024-06-20T09:52:33.333+0000] {local_task_job_runner.py:120} INFO - ::group::Pre task execution logs
[2024-06-20T09:52:33.497+0000] {taskinstance.py:2076} INFO - Dependencies all met for dep_context=non-requeueable deps ti=<TaskInstance: ELT-PROJECT.extract.extract_products manual__2024-06-20T09:52:24.201945+00:00 [queued]>
[2024-06-20T09:52:33.527+0000] {taskinstance.py:2076} INFO - Dependencies all met for dep_context=requeueable deps ti=<TaskInstance: ELT-PROJECT.extract.extract_products manual__2024-06-20T09:52:24.201945+00:00 [queued]>
[2024-06-20T09:52:33.531+0000] {taskinstance.py:2306} INFO - Starting attempt 1 of 2
[2024-06-20T09:52:33.588+0000] {taskinstance.py:2330} INFO - Executing <Task(_PythonDecoratedOperator): extract.extract_products> on 2024-06-20 09:52:24.201945+00:00
[2024-06-20T09:52:33.606+0000] {logging_mixin.py:188} WARNING - /home/airflow/.local/lib/python3.12/site-packages/airflow/task/task_runner/standard_task_runner.py:61 DeprecationWarning: This process (pid=8268) is multi-threaded, use of fork() may lead to deadlocks in the child.
[2024-06-20T09:52:33.612+0000] {standard_task_runner.py:63} INFO - Started process 8291 to run task
[2024-06-20T09:52:33.616+0000] {standard_task_runner.py:90} INFO - Running: ['airflow', 'tasks', 'run', 'ELT-PROJECT', 'extract.extract_products', 'manual__2024-06-20T09:52:24.201945+00:00', '--job-id', '505', '--raw', '--subdir', 'DAGS_FOLDER/elt.py', '--cfg-path', '/tmp/tmp9_kyxl82']
[2024-06-20T09:52:33.621+0000] {standard_task_runner.py:91} INFO - Job 505: Subtask extract.extract_products
[2024-06-20T09:52:33.715+0000] {logging_mixin.py:188} WARNING - /home/airflow/.local/lib/python3.12/site-packages/airflow/settings.py:195 DeprecationWarning: The sql_alchemy_conn option in [core] has been moved to the sql_alchemy_conn option in [database] - the old setting has been used, but please update your config.
[2024-06-20T09:52:33.921+0000] {task_command.py:426} INFO - Running <TaskInstance: ELT-PROJECT.extract.extract_products manual__2024-06-20T09:52:24.201945+00:00 [running]> on host airflow-scheduler
[2024-06-20T09:52:34.587+0000] {taskinstance.py:2648} INFO - Exporting env vars: AIRFLOW_CTX_DAG_OWNER='Data-Ninja' AIRFLOW_CTX_DAG_ID='ELT-PROJECT' AIRFLOW_CTX_TASK_ID='extract.extract_products' AIRFLOW_CTX_EXECUTION_DATE='2024-06-20T09:52:24.201945+00:00' AIRFLOW_CTX_TRY_NUMBER='1' AIRFLOW_CTX_DAG_RUN_ID='manual__2024-06-20T09:52:24.201945+00:00'
[2024-06-20T09:52:34.597+0000] {taskinstance.py:430} INFO - ::endgroup::
[2024-06-20T09:52:35.351+0000] {python.py:237} INFO - Done. Returned value was:     productID                      productName  ...  reorderLevel  discontinued
0           1                             Chai  ...            10             0
1           2                            Chang  ...            25             0
2           3                    Aniseed Syrup  ...            25             0
3           4     Chef Anton's Cajun Seasoning  ...             0             0
4           5           Chef Anton's Gumbo Mix  ...             0             1
..        ...                              ...  ...           ...           ...
72         73                       Röd Kaviar  ...             5             0
73         74                    Longlife Tofu  ...             5             0
74         75             Rhönbräu Klosterbier  ...            25             0
75         76                     Lakkalikööri  ...            20             0
76         77  Original Frankfurter grüne Soße  ...            15             0

[77 rows x 10 columns]
[2024-06-20T09:52:35.414+0000] {taskinstance.py:441} INFO - ::group::Post task execution logs
[2024-06-20T09:52:36.412+0000] {taskinstance.py:1206} INFO - Marking task as SUCCESS. dag_id=ELT-PROJECT, task_id=extract.extract_products, run_id=manual__2024-06-20T09:52:24.201945+00:00, execution_date=20240620T095224, start_date=20240620T095233, end_date=20240620T095236
[2024-06-20T09:52:36.694+0000] {local_task_job_runner.py:240} INFO - Task exited with return code 0
[2024-06-20T09:52:37.368+0000] {taskinstance.py:3503} INFO - 0 downstream tasks scheduled from follow-on schedule check
[2024-06-20T09:52:37.378+0000] {local_task_job_runner.py:222} INFO - ::endgroup::
