[2024-06-20T06:45:58.960+0000] {local_task_job_runner.py:120} INFO - ::group::Pre task execution logs
[2024-06-20T06:45:59.035+0000] {taskinstance.py:2076} INFO - Dependencies all met for dep_context=non-requeueable deps ti=<TaskInstance: ELT-PROJECT.load.load_shippers manual__2024-06-20T06:45:39.980199+00:00 [queued]>
[2024-06-20T06:45:59.078+0000] {taskinstance.py:2076} INFO - Dependencies all met for dep_context=requeueable deps ti=<TaskInstance: ELT-PROJECT.load.load_shippers manual__2024-06-20T06:45:39.980199+00:00 [queued]>
[2024-06-20T06:45:59.082+0000] {taskinstance.py:2306} INFO - Starting attempt 1 of 2
[2024-06-20T06:45:59.133+0000] {taskinstance.py:2330} INFO - Executing <Task(_PythonDecoratedOperator): load.load_shippers> on 2024-06-20 06:45:39.980199+00:00
[2024-06-20T06:45:59.186+0000] {standard_task_runner.py:90} INFO - Running: ['airflow', 'tasks', 'run', 'ELT-PROJECT', 'load.load_shippers', 'manual__2024-06-20T06:45:39.980199+00:00', '--job-id', '68', '--raw', '--subdir', 'DAGS_FOLDER/elt.py', '--cfg-path', '/tmp/tmpmyx1mpt5']
[2024-06-20T06:45:59.187+0000] {logging_mixin.py:188} WARNING - /home/airflow/.local/lib/python3.12/site-packages/airflow/task/task_runner/standard_task_runner.py:61 DeprecationWarning: This process (pid=1337) is multi-threaded, use of fork() may lead to deadlocks in the child.
[2024-06-20T06:45:59.198+0000] {standard_task_runner.py:91} INFO - Job 68: Subtask load.load_shippers
[2024-06-20T06:45:59.205+0000] {standard_task_runner.py:63} INFO - Started process 1386 to run task
[2024-06-20T06:45:59.282+0000] {logging_mixin.py:188} WARNING - /home/airflow/.local/lib/python3.12/site-packages/airflow/settings.py:195 DeprecationWarning: The sql_alchemy_conn option in [core] has been moved to the sql_alchemy_conn option in [database] - the old setting has been used, but please update your config.
[2024-06-20T06:45:59.489+0000] {task_command.py:426} INFO - Running <TaskInstance: ELT-PROJECT.load.load_shippers manual__2024-06-20T06:45:39.980199+00:00 [running]> on host airflow-scheduler
[2024-06-20T06:46:00.178+0000] {taskinstance.py:2648} INFO - Exporting env vars: AIRFLOW_CTX_DAG_OWNER='Data-Ninja' AIRFLOW_CTX_DAG_ID='ELT-PROJECT' AIRFLOW_CTX_TASK_ID='load.load_shippers' AIRFLOW_CTX_EXECUTION_DATE='2024-06-20T06:45:39.980199+00:00' AIRFLOW_CTX_TRY_NUMBER='1' AIRFLOW_CTX_DAG_RUN_ID='manual__2024-06-20T06:45:39.980199+00:00'
[2024-06-20T06:46:00.189+0000] {taskinstance.py:430} INFO - ::endgroup::
[2024-06-20T06:46:00.193+0000] {connection.py:399} INFO - Snowflake Connector for Python Version: 3.10.1, Python Version: 3.12.4, Platform: Linux-5.15.133.1-microsoft-standard-WSL2-x86_64-with-glibc2.36
[2024-06-20T06:46:00.196+0000] {connection.py:1249} INFO - THIS CONNECTION IS IN INSECURE MODE. IT MEANS THE CERTIFICATE WILL BE VALIDATED BUT THE CERTIFICATE REVOCATION STATUS WILL NOT BE CHECKED.
[2024-06-20T06:46:00.345+0000] {ssl_wrap_socket.py:100} INFO - THIS CONNECTION IS IN INSECURE MODE. IT MEANS THE CERTIFICATE WILL BE VALIDATED BUT THE CERTIFICATE REVOCATION STATUS WILL NOT BE CHECKED.
[2024-06-20T06:46:00.733+0000] {logging_mixin.py:188} INFO - Nama kolom di DataFrame: Index(['shipperID', 'companyName', 'phone'], dtype='object')
[2024-06-20T06:46:01.132+0000] {cursor.py:1149} INFO - Number of results in first chunk: 1
[2024-06-20T06:46:04.518+0000] {ssl_wrap_socket.py:100} INFO - THIS CONNECTION IS IN INSECURE MODE. IT MEANS THE CERTIFICATE WILL BE VALIDATED BUT THE CERTIFICATE REVOCATION STATUS WILL NOT BE CHECKED.
[2024-06-20T06:46:07.235+0000] {cursor.py:1149} INFO - Number of results in first chunk: 1
[2024-06-20T06:46:09.042+0000] {cursor.py:1149} INFO - Number of results in first chunk: 3
[2024-06-20T06:46:09.413+0000] {cursor.py:1149} INFO - Number of results in first chunk: 1
[2024-06-20T06:46:10.102+0000] {cursor.py:1149} INFO - Number of results in first chunk: 1
[2024-06-20T06:46:11.672+0000] {cursor.py:1149} INFO - Number of results in first chunk: 1
[2024-06-20T06:46:11.674+0000] {logging_mixin.py:188} INFO - Done shippers.
[2024-06-20T06:46:11.676+0000] {connection.py:762} INFO - closed
[2024-06-20T06:46:12.020+0000] {connection.py:768} INFO - No async queries seem to be running, deleting session
[2024-06-20T06:46:12.365+0000] {python.py:237} INFO - Done. Returned value was: None
[2024-06-20T06:46:12.367+0000] {taskinstance.py:441} INFO - ::group::Post task execution logs
[2024-06-20T06:46:12.411+0000] {taskinstance.py:1206} INFO - Marking task as SUCCESS. dag_id=ELT-PROJECT, task_id=load.load_shippers, run_id=manual__2024-06-20T06:45:39.980199+00:00, execution_date=20240620T064539, start_date=20240620T064559, end_date=20240620T064612
[2024-06-20T06:46:12.493+0000] {local_task_job_runner.py:240} INFO - Task exited with return code 0
[2024-06-20T06:46:12.539+0000] {local_task_job_runner.py:222} INFO - ::endgroup::
