[2024-06-17T14:46:53.525+0000] {local_task_job_runner.py:120} INFO - ::group::Pre task execution logs
[2024-06-17T14:46:53.626+0000] {taskinstance.py:2076} INFO - Dependencies all met for dep_context=non-requeueable deps ti=<TaskInstance: ELT-PROJECT.load_process.load_categories manual__2024-06-17T14:46:35.249847+00:00 [queued]>
[2024-06-17T14:46:53.652+0000] {taskinstance.py:2076} INFO - Dependencies all met for dep_context=requeueable deps ti=<TaskInstance: ELT-PROJECT.load_process.load_categories manual__2024-06-17T14:46:35.249847+00:00 [queued]>
[2024-06-17T14:46:53.653+0000] {taskinstance.py:2306} INFO - Starting attempt 1 of 2
[2024-06-17T14:46:53.689+0000] {taskinstance.py:2330} INFO - Executing <Task(_PythonDecoratedOperator): load_process.load_categories> on 2024-06-17 14:46:35.249847+00:00
[2024-06-17T14:46:53.732+0000] {logging_mixin.py:188} WARNING - /home/airflow/.local/lib/python3.12/site-packages/airflow/task/task_runner/standard_task_runner.py:61 DeprecationWarning: This process (pid=245) is multi-threaded, use of fork() may lead to deadlocks in the child.
[2024-06-17T14:46:53.739+0000] {standard_task_runner.py:63} INFO - Started process 267 to run task
[2024-06-17T14:46:53.744+0000] {standard_task_runner.py:90} INFO - Running: ['airflow', 'tasks', 'run', 'ELT-PROJECT', 'load_process.load_categories', 'manual__2024-06-17T14:46:35.249847+00:00', '--job-id', '450', '--raw', '--subdir', 'DAGS_FOLDER/elt.py', '--cfg-path', '/tmp/tmp13w_yiv5']
[2024-06-17T14:46:53.750+0000] {standard_task_runner.py:91} INFO - Job 450: Subtask load_process.load_categories
[2024-06-17T14:46:53.811+0000] {logging_mixin.py:188} WARNING - /home/airflow/.local/lib/python3.12/site-packages/airflow/settings.py:195 DeprecationWarning: The sql_alchemy_conn option in [core] has been moved to the sql_alchemy_conn option in [database] - the old setting has been used, but please update your config.
[2024-06-17T14:46:53.951+0000] {task_command.py:426} INFO - Running <TaskInstance: ELT-PROJECT.load_process.load_categories manual__2024-06-17T14:46:35.249847+00:00 [running]> on host airflow-scheduler
[2024-06-17T14:46:54.925+0000] {taskinstance.py:2648} INFO - Exporting env vars: AIRFLOW_CTX_DAG_OWNER='Data-Ninja' AIRFLOW_CTX_DAG_ID='ELT-PROJECT' AIRFLOW_CTX_TASK_ID='load_process.load_categories' AIRFLOW_CTX_EXECUTION_DATE='2024-06-17T14:46:35.249847+00:00' AIRFLOW_CTX_TRY_NUMBER='1' AIRFLOW_CTX_DAG_RUN_ID='manual__2024-06-17T14:46:35.249847+00:00'
[2024-06-17T14:46:54.935+0000] {taskinstance.py:430} INFO - ::endgroup::
[2024-06-17T14:46:54.940+0000] {connection.py:399} INFO - Snowflake Connector for Python Version: 3.10.1, Python Version: 3.12.4, Platform: Linux-5.15.133.1-microsoft-standard-WSL2-x86_64-with-glibc2.36
[2024-06-17T14:46:54.946+0000] {connection.py:1249} INFO - THIS CONNECTION IS IN INSECURE MODE. IT MEANS THE CERTIFICATE WILL BE VALIDATED BUT THE CERTIFICATE REVOCATION STATUS WILL NOT BE CHECKED.
[2024-06-17T14:46:58.170+0000] {ssl_wrap_socket.py:100} INFO - THIS CONNECTION IS IN INSECURE MODE. IT MEANS THE CERTIFICATE WILL BE VALIDATED BUT THE CERTIFICATE REVOCATION STATUS WILL NOT BE CHECKED.
[2024-06-17T14:46:58.813+0000] {logging_mixin.py:188} INFO - Nama kolom di DataFrame: Index(['categoryID', 'categoryName', 'description', 'picture'], dtype='object')
[2024-06-17T14:46:59.279+0000] {cursor.py:1149} INFO - Number of results in first chunk: 1
[2024-06-17T14:47:00.296+0000] {ssl_wrap_socket.py:100} INFO - THIS CONNECTION IS IN INSECURE MODE. IT MEANS THE CERTIFICATE WILL BE VALIDATED BUT THE CERTIFICATE REVOCATION STATUS WILL NOT BE CHECKED.
[2024-06-17T14:47:04.435+0000] {cursor.py:1149} INFO - Number of results in first chunk: 1
[2024-06-17T14:47:05.115+0000] {cursor.py:1149} INFO - Number of results in first chunk: 4
[2024-06-17T14:47:05.507+0000] {cursor.py:1149} INFO - Number of results in first chunk: 1
[2024-06-17T14:47:06.271+0000] {cursor.py:1149} INFO - Number of results in first chunk: 1
[2024-06-17T14:47:07.550+0000] {cursor.py:1149} INFO - Number of results in first chunk: 1
[2024-06-17T14:47:07.554+0000] {logging_mixin.py:188} INFO - Done categories.
[2024-06-17T14:47:07.556+0000] {connection.py:762} INFO - closed
[2024-06-17T14:47:07.906+0000] {connection.py:768} INFO - No async queries seem to be running, deleting session
[2024-06-17T14:47:08.313+0000] {python.py:237} INFO - Done. Returned value was: None
[2024-06-17T14:47:08.320+0000] {taskinstance.py:441} INFO - ::group::Post task execution logs
[2024-06-17T14:47:08.392+0000] {taskinstance.py:1206} INFO - Marking task as SUCCESS. dag_id=ELT-PROJECT, task_id=load_process.load_categories, run_id=manual__2024-06-17T14:46:35.249847+00:00, execution_date=20240617T144635, start_date=20240617T144653, end_date=20240617T144708
[2024-06-17T14:47:08.528+0000] {local_task_job_runner.py:240} INFO - Task exited with return code 0
[2024-06-17T14:47:08.583+0000] {local_task_job_runner.py:222} INFO - ::endgroup::
