[2024-06-20T08:59:41.694+0000] {local_task_job_runner.py:120} INFO - ::group::Pre task execution logs
[2024-06-20T08:59:41.855+0000] {taskinstance.py:2076} INFO - Dependencies all met for dep_context=non-requeueable deps ti=<TaskInstance: ELT-PROJECT.load.load_shippers manual__2024-06-20T08:59:25.665849+00:00 [queued]>
[2024-06-20T08:59:41.956+0000] {taskinstance.py:2076} INFO - Dependencies all met for dep_context=requeueable deps ti=<TaskInstance: ELT-PROJECT.load.load_shippers manual__2024-06-20T08:59:25.665849+00:00 [queued]>
[2024-06-20T08:59:41.969+0000] {taskinstance.py:2306} INFO - Starting attempt 1 of 2
[2024-06-20T08:59:42.049+0000] {taskinstance.py:2330} INFO - Executing <Task(_PythonDecoratedOperator): load.load_shippers> on 2024-06-20 08:59:25.665849+00:00
[2024-06-20T08:59:42.107+0000] {logging_mixin.py:188} WARNING - /home/airflow/.local/lib/python3.12/site-packages/airflow/task/task_runner/standard_task_runner.py:61 DeprecationWarning: This process (pid=4284) is multi-threaded, use of fork() may lead to deadlocks in the child.
[2024-06-20T08:59:42.116+0000] {standard_task_runner.py:63} INFO - Started process 4316 to run task
[2024-06-20T08:59:42.111+0000] {standard_task_runner.py:90} INFO - Running: ['airflow', 'tasks', 'run', 'ELT-PROJECT', 'load.load_shippers', 'manual__2024-06-20T08:59:25.665849+00:00', '--job-id', '290', '--raw', '--subdir', 'DAGS_FOLDER/elt.py', '--cfg-path', '/tmp/tmpwobj9c4d']
[2024-06-20T08:59:42.128+0000] {standard_task_runner.py:91} INFO - Job 290: Subtask load.load_shippers
[2024-06-20T08:59:42.206+0000] {logging_mixin.py:188} WARNING - /home/airflow/.local/lib/python3.12/site-packages/airflow/settings.py:195 DeprecationWarning: The sql_alchemy_conn option in [core] has been moved to the sql_alchemy_conn option in [database] - the old setting has been used, but please update your config.
[2024-06-20T08:59:42.451+0000] {task_command.py:426} INFO - Running <TaskInstance: ELT-PROJECT.load.load_shippers manual__2024-06-20T08:59:25.665849+00:00 [running]> on host airflow-scheduler
[2024-06-20T08:59:43.606+0000] {taskinstance.py:2648} INFO - Exporting env vars: AIRFLOW_CTX_DAG_OWNER='Data-Ninja' AIRFLOW_CTX_DAG_ID='ELT-PROJECT' AIRFLOW_CTX_TASK_ID='load.load_shippers' AIRFLOW_CTX_EXECUTION_DATE='2024-06-20T08:59:25.665849+00:00' AIRFLOW_CTX_TRY_NUMBER='1' AIRFLOW_CTX_DAG_RUN_ID='manual__2024-06-20T08:59:25.665849+00:00'
[2024-06-20T08:59:43.608+0000] {taskinstance.py:430} INFO - ::endgroup::
[2024-06-20T08:59:43.610+0000] {connection.py:399} INFO - Snowflake Connector for Python Version: 3.10.1, Python Version: 3.12.4, Platform: Linux-5.15.133.1-microsoft-standard-WSL2-x86_64-with-glibc2.36
[2024-06-20T08:59:43.611+0000] {connection.py:1249} INFO - THIS CONNECTION IS IN INSECURE MODE. IT MEANS THE CERTIFICATE WILL BE VALIDATED BUT THE CERTIFICATE REVOCATION STATUS WILL NOT BE CHECKED.
[2024-06-20T08:59:43.730+0000] {ssl_wrap_socket.py:100} INFO - THIS CONNECTION IS IN INSECURE MODE. IT MEANS THE CERTIFICATE WILL BE VALIDATED BUT THE CERTIFICATE REVOCATION STATUS WILL NOT BE CHECKED.
[2024-06-20T08:59:44.131+0000] {logging_mixin.py:188} INFO - Nama kolom di DataFrame: Index(['shipperID', 'companyName', 'phone'], dtype='object')
[2024-06-20T08:59:44.522+0000] {cursor.py:1149} INFO - Number of results in first chunk: 1
[2024-06-20T08:59:45.138+0000] {ssl_wrap_socket.py:100} INFO - THIS CONNECTION IS IN INSECURE MODE. IT MEANS THE CERTIFICATE WILL BE VALIDATED BUT THE CERTIFICATE REVOCATION STATUS WILL NOT BE CHECKED.
[2024-06-20T08:59:47.794+0000] {cursor.py:1149} INFO - Number of results in first chunk: 1
[2024-06-20T08:59:48.540+0000] {cursor.py:1149} INFO - Number of results in first chunk: 3
[2024-06-20T08:59:48.889+0000] {cursor.py:1149} INFO - Number of results in first chunk: 1
[2024-06-20T08:59:49.429+0000] {cursor.py:1149} INFO - Number of results in first chunk: 1
[2024-06-20T08:59:50.884+0000] {cursor.py:1149} INFO - Number of results in first chunk: 1
[2024-06-20T08:59:50.885+0000] {logging_mixin.py:188} INFO - Done shippers.
[2024-06-20T08:59:50.886+0000] {connection.py:762} INFO - closed
[2024-06-20T08:59:51.227+0000] {connection.py:768} INFO - No async queries seem to be running, deleting session
[2024-06-20T08:59:51.566+0000] {python.py:237} INFO - Done. Returned value was: None
[2024-06-20T08:59:51.568+0000] {taskinstance.py:441} INFO - ::group::Post task execution logs
[2024-06-20T08:59:51.603+0000] {taskinstance.py:1206} INFO - Marking task as SUCCESS. dag_id=ELT-PROJECT, task_id=load.load_shippers, run_id=manual__2024-06-20T08:59:25.665849+00:00, execution_date=20240620T085925, start_date=20240620T085941, end_date=20240620T085951
[2024-06-20T08:59:51.672+0000] {local_task_job_runner.py:240} INFO - Task exited with return code 0
[2024-06-20T08:59:51.763+0000] {taskinstance.py:3503} INFO - 0 downstream tasks scheduled from follow-on schedule check
[2024-06-20T08:59:51.767+0000] {local_task_job_runner.py:222} INFO - ::endgroup::
