[2024-06-17T10:03:47.448+0000] {local_task_job_runner.py:120} INFO - ::group::Pre task execution logs
[2024-06-17T10:03:47.580+0000] {taskinstance.py:2076} INFO - Dependencies all met for dep_context=non-requeueable deps ti=<TaskInstance: ELT-PROJECT.extract_process.extract_customers manual__2024-06-17T10:01:37.805207+00:00 [queued]>
[2024-06-17T10:03:47.623+0000] {taskinstance.py:2076} INFO - Dependencies all met for dep_context=requeueable deps ti=<TaskInstance: ELT-PROJECT.extract_process.extract_customers manual__2024-06-17T10:01:37.805207+00:00 [queued]>
[2024-06-17T10:03:47.625+0000] {taskinstance.py:2306} INFO - Starting attempt 1 of 2
[2024-06-17T10:03:47.663+0000] {taskinstance.py:2330} INFO - Executing <Task(_PythonDecoratedOperator): extract_process.extract_customers> on 2024-06-17 10:01:37.805207+00:00
[2024-06-17T10:03:47.679+0000] {logging_mixin.py:188} WARNING - /home/airflow/.local/lib/python3.12/site-packages/airflow/task/task_runner/standard_task_runner.py:61 DeprecationWarning: This process (pid=1493) is multi-threaded, use of fork() may lead to deadlocks in the child.
[2024-06-17T10:03:47.681+0000] {standard_task_runner.py:63} INFO - Started process 1514 to run task
[2024-06-17T10:03:47.679+0000] {standard_task_runner.py:90} INFO - Running: ['airflow', 'tasks', 'run', 'ELT-PROJECT', 'extract_process.extract_customers', 'manual__2024-06-17T10:01:37.805207+00:00', '--job-id', '53', '--raw', '--subdir', 'DAGS_FOLDER/elt.py', '--cfg-path', '/tmp/tmp31x5ozxj']
[2024-06-17T10:03:47.684+0000] {standard_task_runner.py:91} INFO - Job 53: Subtask extract_process.extract_customers
[2024-06-17T10:03:47.724+0000] {logging_mixin.py:188} WARNING - /home/airflow/.local/lib/python3.12/site-packages/airflow/settings.py:195 DeprecationWarning: The sql_alchemy_conn option in [core] has been moved to the sql_alchemy_conn option in [database] - the old setting has been used, but please update your config.
[2024-06-17T10:03:47.813+0000] {task_command.py:426} INFO - Running <TaskInstance: ELT-PROJECT.extract_process.extract_customers manual__2024-06-17T10:01:37.805207+00:00 [running]> on host airflow-scheduler
[2024-06-17T10:03:49.009+0000] {taskinstance.py:2648} INFO - Exporting env vars: AIRFLOW_CTX_DAG_OWNER='Data-Ninja' AIRFLOW_CTX_DAG_ID='ELT-PROJECT' AIRFLOW_CTX_TASK_ID='extract_process.extract_customers' AIRFLOW_CTX_EXECUTION_DATE='2024-06-17T10:01:37.805207+00:00' AIRFLOW_CTX_TRY_NUMBER='1' AIRFLOW_CTX_DAG_RUN_ID='manual__2024-06-17T10:01:37.805207+00:00'
[2024-06-17T10:03:49.012+0000] {taskinstance.py:430} INFO - ::endgroup::
[2024-06-17T10:03:49.554+0000] {python.py:237} INFO - Done. Returned value was:    customerID  ...             fax
0       ALFKI  ...     030-0076545
1       ANATR  ...    (5) 555-3745
2       ANTON  ...             NaN
3       AROUT  ...  (171) 555-6750
4       BERGS  ...   0921-12 34 67
..        ...  ...             ...
86      WARTH  ...      981-443655
87      WELLI  ...             NaN
88      WHITC  ...  (206) 555-4115
89      WILMK  ...     90-224 8858
90      WOLZA  ...   (26) 642-7012

[91 rows x 11 columns]
[2024-06-17T10:03:49.641+0000] {taskinstance.py:441} INFO - ::group::Post task execution logs
[2024-06-17T10:03:49.744+0000] {taskinstance.py:1206} INFO - Marking task as SUCCESS. dag_id=ELT-PROJECT, task_id=extract_process.extract_customers, run_id=manual__2024-06-17T10:01:37.805207+00:00, execution_date=20240617T100137, start_date=20240617T100347, end_date=20240617T100349
[2024-06-17T10:03:49.791+0000] {local_task_job_runner.py:240} INFO - Task exited with return code 0
[2024-06-17T10:03:49.829+0000] {taskinstance.py:3503} INFO - 0 downstream tasks scheduled from follow-on schedule check
[2024-06-17T10:03:49.833+0000] {local_task_job_runner.py:222} INFO - ::endgroup::
