[2024-06-17T08:32:53.138+0000] {local_task_job_runner.py:120} INFO - ::group::Pre task execution logs
[2024-06-17T08:32:53.254+0000] {taskinstance.py:2076} INFO - Dependencies all met for dep_context=non-requeueable deps ti=<TaskInstance: ELT-PROJECT.extract manual__2024-06-17T08:19:39.743165+00:00 [queued]>
[2024-06-17T08:32:53.282+0000] {taskinstance.py:2076} INFO - Dependencies all met for dep_context=requeueable deps ti=<TaskInstance: ELT-PROJECT.extract manual__2024-06-17T08:19:39.743165+00:00 [queued]>
[2024-06-17T08:32:53.284+0000] {taskinstance.py:2306} INFO - Starting attempt 2 of 2
[2024-06-17T08:32:53.321+0000] {taskinstance.py:2330} INFO - Executing <Task(PythonOperator): extract> on 2024-06-17 08:19:39.743165+00:00
[2024-06-17T08:32:53.337+0000] {logging_mixin.py:188} WARNING - /home/airflow/.local/lib/python3.12/site-packages/airflow/task/task_runner/standard_task_runner.py:61 DeprecationWarning: This process (pid=366) is multi-threaded, use of fork() may lead to deadlocks in the child.
[2024-06-17T08:32:53.336+0000] {standard_task_runner.py:90} INFO - Running: ['airflow', 'tasks', 'run', 'ELT-PROJECT', 'extract', 'manual__2024-06-17T08:19:39.743165+00:00', '--job-id', '6', '--raw', '--subdir', 'DAGS_FOLDER/elt.py', '--cfg-path', '/tmp/tmpn2hzwni9']
[2024-06-17T08:32:53.341+0000] {standard_task_runner.py:63} INFO - Started process 367 to run task
[2024-06-17T08:32:53.342+0000] {standard_task_runner.py:91} INFO - Job 6: Subtask extract
[2024-06-17T08:32:53.389+0000] {logging_mixin.py:188} WARNING - /home/airflow/.local/lib/python3.12/site-packages/airflow/settings.py:195 DeprecationWarning: The sql_alchemy_conn option in [core] has been moved to the sql_alchemy_conn option in [database] - the old setting has been used, but please update your config.
[2024-06-17T08:32:53.498+0000] {task_command.py:426} INFO - Running <TaskInstance: ELT-PROJECT.extract manual__2024-06-17T08:19:39.743165+00:00 [running]> on host airflow-scheduler
[2024-06-17T08:32:53.791+0000] {taskinstance.py:2648} INFO - Exporting env vars: AIRFLOW_CTX_DAG_OWNER='Data-Ninja' AIRFLOW_CTX_DAG_ID='ELT-PROJECT' AIRFLOW_CTX_TASK_ID='extract' AIRFLOW_CTX_EXECUTION_DATE='2024-06-17T08:19:39.743165+00:00' AIRFLOW_CTX_TRY_NUMBER='2' AIRFLOW_CTX_DAG_RUN_ID='manual__2024-06-17T08:19:39.743165+00:00'
[2024-06-17T08:32:53.795+0000] {taskinstance.py:430} INFO - ::endgroup::
[2024-06-17T08:32:53.800+0000] {logging_mixin.py:188} INFO - Hello Airflow
[2024-06-17T08:32:53.803+0000] {python.py:237} INFO - Done. Returned value was: Airflow
[2024-06-17T08:32:53.805+0000] {taskinstance.py:441} INFO - ::group::Post task execution logs
[2024-06-17T08:32:53.879+0000] {taskinstance.py:1206} INFO - Marking task as SUCCESS. dag_id=ELT-PROJECT, task_id=extract, run_id=manual__2024-06-17T08:19:39.743165+00:00, execution_date=20240617T081939, start_date=20240617T083253, end_date=20240617T083253
[2024-06-17T08:32:53.924+0000] {local_task_job_runner.py:240} INFO - Task exited with return code 0
[2024-06-17T08:32:53.967+0000] {taskinstance.py:3503} INFO - 0 downstream tasks scheduled from follow-on schedule check
[2024-06-17T08:32:53.976+0000] {local_task_job_runner.py:222} INFO - ::endgroup::
