[2024-06-20T23:43:02.395+0000] {local_task_job_runner.py:120} INFO - ::group::Pre task execution logs
[2024-06-20T23:43:02.515+0000] {taskinstance.py:2076} INFO - Dependencies all met for dep_context=non-requeueable deps ti=<TaskInstance: ELT-PROJECT.load.load_territories manual__2024-06-20T23:42:44.258095+00:00 [queued]>
[2024-06-20T23:43:02.554+0000] {taskinstance.py:2076} INFO - Dependencies all met for dep_context=requeueable deps ti=<TaskInstance: ELT-PROJECT.load.load_territories manual__2024-06-20T23:42:44.258095+00:00 [queued]>
[2024-06-20T23:43:02.567+0000] {taskinstance.py:2306} INFO - Starting attempt 1 of 2
[2024-06-20T23:43:02.623+0000] {taskinstance.py:2330} INFO - Executing <Task(_PythonDecoratedOperator): load.load_territories> on 2024-06-20 23:42:44.258095+00:00
[2024-06-20T23:43:02.647+0000] {logging_mixin.py:188} WARNING - /home/airflow/.local/lib/python3.12/site-packages/airflow/task/task_runner/standard_task_runner.py:61 DeprecationWarning: This process (pid=265) is multi-threaded, use of fork() may lead to deadlocks in the child.
[2024-06-20T23:43:02.650+0000] {standard_task_runner.py:63} INFO - Started process 284 to run task
[2024-06-20T23:43:02.662+0000] {standard_task_runner.py:90} INFO - Running: ['airflow', 'tasks', 'run', 'ELT-PROJECT', 'load.load_territories', 'manual__2024-06-20T23:42:44.258095+00:00', '--job-id', '20', '--raw', '--subdir', 'DAGS_FOLDER/elt.py', '--cfg-path', '/tmp/tmp6wb8q516']
[2024-06-20T23:43:02.670+0000] {standard_task_runner.py:91} INFO - Job 20: Subtask load.load_territories
[2024-06-20T23:43:02.802+0000] {logging_mixin.py:188} WARNING - /home/airflow/.local/lib/python3.12/site-packages/airflow/settings.py:195 DeprecationWarning: The sql_alchemy_conn option in [core] has been moved to the sql_alchemy_conn option in [database] - the old setting has been used, but please update your config.
[2024-06-20T23:43:02.949+0000] {task_command.py:426} INFO - Running <TaskInstance: ELT-PROJECT.load.load_territories manual__2024-06-20T23:42:44.258095+00:00 [running]> on host airflow-scheduler
[2024-06-20T23:43:03.698+0000] {taskinstance.py:2648} INFO - Exporting env vars: AIRFLOW_CTX_DAG_OWNER='Data-Ninja' AIRFLOW_CTX_DAG_ID='ELT-PROJECT' AIRFLOW_CTX_TASK_ID='load.load_territories' AIRFLOW_CTX_EXECUTION_DATE='2024-06-20T23:42:44.258095+00:00' AIRFLOW_CTX_TRY_NUMBER='1' AIRFLOW_CTX_DAG_RUN_ID='manual__2024-06-20T23:42:44.258095+00:00'
[2024-06-20T23:43:03.705+0000] {taskinstance.py:430} INFO - ::endgroup::
[2024-06-20T23:43:03.710+0000] {connection.py:399} INFO - Snowflake Connector for Python Version: 3.10.1, Python Version: 3.12.4, Platform: Linux-5.15.133.1-microsoft-standard-WSL2-x86_64-with-glibc2.36
[2024-06-20T23:43:03.712+0000] {connection.py:1249} INFO - THIS CONNECTION IS IN INSECURE MODE. IT MEANS THE CERTIFICATE WILL BE VALIDATED BUT THE CERTIFICATE REVOCATION STATUS WILL NOT BE CHECKED.
[2024-06-20T23:43:04.132+0000] {ssl_wrap_socket.py:100} INFO - THIS CONNECTION IS IN INSECURE MODE. IT MEANS THE CERTIFICATE WILL BE VALIDATED BUT THE CERTIFICATE REVOCATION STATUS WILL NOT BE CHECKED.
[2024-06-20T23:43:04.914+0000] {logging_mixin.py:188} INFO - Nama kolom di DataFrame: Index(['territoryID', 'territoryDescription', 'regionID'], dtype='object')
[2024-06-20T23:43:05.459+0000] {cursor.py:1149} INFO - Number of results in first chunk: 1
[2024-06-20T23:43:06.672+0000] {ssl_wrap_socket.py:100} INFO - THIS CONNECTION IS IN INSECURE MODE. IT MEANS THE CERTIFICATE WILL BE VALIDATED BUT THE CERTIFICATE REVOCATION STATUS WILL NOT BE CHECKED.
[2024-06-20T23:43:09.486+0000] {cursor.py:1149} INFO - Number of results in first chunk: 1
[2024-06-20T23:43:10.598+0000] {cursor.py:1149} INFO - Number of results in first chunk: 3
[2024-06-20T23:43:10.980+0000] {cursor.py:1149} INFO - Number of results in first chunk: 1
[2024-06-20T23:43:11.712+0000] {cursor.py:1149} INFO - Number of results in first chunk: 1
[2024-06-20T23:43:13.188+0000] {cursor.py:1149} INFO - Number of results in first chunk: 1
[2024-06-20T23:43:13.192+0000] {logging_mixin.py:188} INFO - Done territories.
[2024-06-20T23:43:13.195+0000] {connection.py:762} INFO - closed
[2024-06-20T23:43:13.562+0000] {connection.py:768} INFO - No async queries seem to be running, deleting session
[2024-06-20T23:43:13.934+0000] {python.py:237} INFO - Done. Returned value was: None
[2024-06-20T23:43:13.939+0000] {taskinstance.py:441} INFO - ::group::Post task execution logs
[2024-06-20T23:43:14.015+0000] {taskinstance.py:1206} INFO - Marking task as SUCCESS. dag_id=ELT-PROJECT, task_id=load.load_territories, run_id=manual__2024-06-20T23:42:44.258095+00:00, execution_date=20240620T234244, start_date=20240620T234302, end_date=20240620T234314
[2024-06-20T23:43:14.125+0000] {local_task_job_runner.py:240} INFO - Task exited with return code 0
[2024-06-20T23:43:14.170+0000] {local_task_job_runner.py:222} INFO - ::endgroup::
