[2024-06-20T09:52:43.278+0000] {local_task_job_runner.py:120} INFO - ::group::Pre task execution logs
[2024-06-20T09:52:43.524+0000] {taskinstance.py:2076} INFO - Dependencies all met for dep_context=non-requeueable deps ti=<TaskInstance: ELT-PROJECT.load.load_customers manual__2024-06-20T09:52:24.201945+00:00 [queued]>
[2024-06-20T09:52:43.582+0000] {taskinstance.py:2076} INFO - Dependencies all met for dep_context=requeueable deps ti=<TaskInstance: ELT-PROJECT.load.load_customers manual__2024-06-20T09:52:24.201945+00:00 [queued]>
[2024-06-20T09:52:43.589+0000] {taskinstance.py:2306} INFO - Starting attempt 1 of 2
[2024-06-20T09:52:43.749+0000] {taskinstance.py:2330} INFO - Executing <Task(_PythonDecoratedOperator): load.load_customers> on 2024-06-20 09:52:24.201945+00:00
[2024-06-20T09:52:43.824+0000] {standard_task_runner.py:90} INFO - Running: ['airflow', 'tasks', 'run', 'ELT-PROJECT', 'load.load_customers', 'manual__2024-06-20T09:52:24.201945+00:00', '--job-id', '511', '--raw', '--subdir', 'DAGS_FOLDER/elt.py', '--cfg-path', '/tmp/tmppit32p8v']
[2024-06-20T09:52:43.833+0000] {logging_mixin.py:188} WARNING - /home/airflow/.local/lib/python3.12/site-packages/airflow/task/task_runner/standard_task_runner.py:61 DeprecationWarning: This process (pid=8300) is multi-threaded, use of fork() may lead to deadlocks in the child.
[2024-06-20T09:52:43.867+0000] {standard_task_runner.py:63} INFO - Started process 8328 to run task
[2024-06-20T09:52:43.855+0000] {standard_task_runner.py:91} INFO - Job 511: Subtask load.load_customers
[2024-06-20T09:52:44.042+0000] {logging_mixin.py:188} WARNING - /home/airflow/.local/lib/python3.12/site-packages/airflow/settings.py:195 DeprecationWarning: The sql_alchemy_conn option in [core] has been moved to the sql_alchemy_conn option in [database] - the old setting has been used, but please update your config.
[2024-06-20T09:52:44.548+0000] {task_command.py:426} INFO - Running <TaskInstance: ELT-PROJECT.load.load_customers manual__2024-06-20T09:52:24.201945+00:00 [running]> on host airflow-scheduler
[2024-06-20T09:52:48.229+0000] {taskinstance.py:2648} INFO - Exporting env vars: AIRFLOW_CTX_DAG_OWNER='Data-Ninja' AIRFLOW_CTX_DAG_ID='ELT-PROJECT' AIRFLOW_CTX_TASK_ID='load.load_customers' AIRFLOW_CTX_EXECUTION_DATE='2024-06-20T09:52:24.201945+00:00' AIRFLOW_CTX_TRY_NUMBER='1' AIRFLOW_CTX_DAG_RUN_ID='manual__2024-06-20T09:52:24.201945+00:00'
[2024-06-20T09:52:48.237+0000] {taskinstance.py:430} INFO - ::endgroup::
[2024-06-20T09:52:48.246+0000] {connection.py:399} INFO - Snowflake Connector for Python Version: 3.10.1, Python Version: 3.12.4, Platform: Linux-5.15.133.1-microsoft-standard-WSL2-x86_64-with-glibc2.36
[2024-06-20T09:52:48.259+0000] {connection.py:1249} INFO - THIS CONNECTION IS IN INSECURE MODE. IT MEANS THE CERTIFICATE WILL BE VALIDATED BUT THE CERTIFICATE REVOCATION STATUS WILL NOT BE CHECKED.
[2024-06-20T09:52:49.115+0000] {ssl_wrap_socket.py:100} INFO - THIS CONNECTION IS IN INSECURE MODE. IT MEANS THE CERTIFICATE WILL BE VALIDATED BUT THE CERTIFICATE REVOCATION STATUS WILL NOT BE CHECKED.
[2024-06-20T09:52:50.409+0000] {logging_mixin.py:188} INFO - Nama kolom di DataFrame: Index(['customerID', 'companyName', 'contactName', 'contactTitle', 'address',
       'city', 'region', 'postalCode', 'country', 'phone', 'fax'],
      dtype='object')
[2024-06-20T09:52:50.801+0000] {cursor.py:1149} INFO - Number of results in first chunk: 1
[2024-06-20T09:52:51.496+0000] {ssl_wrap_socket.py:100} INFO - THIS CONNECTION IS IN INSECURE MODE. IT MEANS THE CERTIFICATE WILL BE VALIDATED BUT THE CERTIFICATE REVOCATION STATUS WILL NOT BE CHECKED.
[2024-06-20T09:52:55.738+0000] {cursor.py:1149} INFO - Number of results in first chunk: 1
[2024-06-20T09:52:56.396+0000] {cursor.py:1149} INFO - Number of results in first chunk: 11
[2024-06-20T09:52:56.796+0000] {cursor.py:1149} INFO - Number of results in first chunk: 1
[2024-06-20T09:52:57.333+0000] {cursor.py:1149} INFO - Number of results in first chunk: 1
[2024-06-20T09:52:58.758+0000] {cursor.py:1149} INFO - Number of results in first chunk: 1
[2024-06-20T09:52:58.761+0000] {logging_mixin.py:188} INFO - Done customers.
[2024-06-20T09:52:58.763+0000] {connection.py:762} INFO - closed
[2024-06-20T09:52:59.200+0000] {connection.py:768} INFO - No async queries seem to be running, deleting session
[2024-06-20T09:52:59.612+0000] {python.py:237} INFO - Done. Returned value was: None
[2024-06-20T09:52:59.614+0000] {taskinstance.py:441} INFO - ::group::Post task execution logs
[2024-06-20T09:52:59.648+0000] {taskinstance.py:1206} INFO - Marking task as SUCCESS. dag_id=ELT-PROJECT, task_id=load.load_customers, run_id=manual__2024-06-20T09:52:24.201945+00:00, execution_date=20240620T095224, start_date=20240620T095243, end_date=20240620T095259
[2024-06-20T09:52:59.701+0000] {local_task_job_runner.py:240} INFO - Task exited with return code 0
[2024-06-20T09:52:59.830+0000] {taskinstance.py:3503} INFO - 1 downstream tasks scheduled from follow-on schedule check
[2024-06-20T09:52:59.836+0000] {local_task_job_runner.py:222} INFO - ::endgroup::
