[2024-06-20T04:14:23.040+0000] {local_task_job_runner.py:120} INFO - ::group::Pre task execution logs
[2024-06-20T04:14:23.109+0000] {taskinstance.py:2076} INFO - Dependencies all met for dep_context=non-requeueable deps ti=<TaskInstance: ELT-PROJECT.extract.extract_orders manual__2024-06-20T04:14:16.977847+00:00 [queued]>
[2024-06-20T04:14:23.133+0000] {taskinstance.py:2076} INFO - Dependencies all met for dep_context=requeueable deps ti=<TaskInstance: ELT-PROJECT.extract.extract_orders manual__2024-06-20T04:14:16.977847+00:00 [queued]>
[2024-06-20T04:14:23.137+0000] {taskinstance.py:2306} INFO - Starting attempt 1 of 2
[2024-06-20T04:14:23.203+0000] {taskinstance.py:2330} INFO - Executing <Task(_PythonDecoratedOperator): extract.extract_orders> on 2024-06-20 04:14:16.977847+00:00
[2024-06-20T04:14:23.222+0000] {logging_mixin.py:188} WARNING - /home/airflow/.local/lib/python3.12/site-packages/airflow/task/task_runner/standard_task_runner.py:61 DeprecationWarning: This process (pid=950) is multi-threaded, use of fork() may lead to deadlocks in the child.
[2024-06-20T04:14:23.226+0000] {standard_task_runner.py:63} INFO - Started process 979 to run task
[2024-06-20T04:14:23.228+0000] {standard_task_runner.py:90} INFO - Running: ['airflow', 'tasks', 'run', 'ELT-PROJECT', 'extract.extract_orders', 'manual__2024-06-20T04:14:16.977847+00:00', '--job-id', '21', '--raw', '--subdir', 'DAGS_FOLDER/elt.py', '--cfg-path', '/tmp/tmp321l26ss']
[2024-06-20T04:14:23.233+0000] {standard_task_runner.py:91} INFO - Job 21: Subtask extract.extract_orders
[2024-06-20T04:14:23.313+0000] {logging_mixin.py:188} WARNING - /home/airflow/.local/lib/python3.12/site-packages/airflow/settings.py:195 DeprecationWarning: The sql_alchemy_conn option in [core] has been moved to the sql_alchemy_conn option in [database] - the old setting has been used, but please update your config.
[2024-06-20T04:14:23.466+0000] {task_command.py:426} INFO - Running <TaskInstance: ELT-PROJECT.extract.extract_orders manual__2024-06-20T04:14:16.977847+00:00 [running]> on host airflow-scheduler
[2024-06-20T04:14:23.826+0000] {taskinstance.py:2648} INFO - Exporting env vars: AIRFLOW_CTX_DAG_OWNER='Data-Ninja' AIRFLOW_CTX_DAG_ID='ELT-PROJECT' AIRFLOW_CTX_TASK_ID='extract.extract_orders' AIRFLOW_CTX_EXECUTION_DATE='2024-06-20T04:14:16.977847+00:00' AIRFLOW_CTX_TRY_NUMBER='1' AIRFLOW_CTX_DAG_RUN_ID='manual__2024-06-20T04:14:16.977847+00:00'
[2024-06-20T04:14:23.832+0000] {taskinstance.py:430} INFO - ::endgroup::
[2024-06-20T04:14:24.506+0000] {python.py:237} INFO - Done. Returned value was:      orderID customerID  employeeID  ... shipRegion shipPostalCode  shipCountry
0      10248      VINET           5  ...        NaN          51100       France
1      10249      TOMSP           6  ...        NaN          44087      Germany
2      10250      HANAR           4  ...         RJ      05454-876       Brazil
3      10251      VICTE           3  ...        NaN          69004       France
4      10252      SUPRD           4  ...        NaN         B-6000      Belgium
..       ...        ...         ...  ...        ...            ...          ...
825    11073      PERIC           2  ...        NaN          05033       Mexico
826    11074      SIMOB           7  ...        NaN           1734      Denmark
827    11075      RICSU           8  ...        NaN           1204  Switzerland
828    11076      BONAP           4  ...        NaN          13008       France
829    11077      RATTC           1  ...         NM          87110          USA

[830 rows x 14 columns]
[2024-06-20T04:14:24.573+0000] {taskinstance.py:441} INFO - ::group::Post task execution logs
[2024-06-20T04:14:24.692+0000] {taskinstance.py:1206} INFO - Marking task as SUCCESS. dag_id=ELT-PROJECT, task_id=extract.extract_orders, run_id=manual__2024-06-20T04:14:16.977847+00:00, execution_date=20240620T041416, start_date=20240620T041423, end_date=20240620T041424
[2024-06-20T04:14:24.758+0000] {local_task_job_runner.py:240} INFO - Task exited with return code 0
[2024-06-20T04:14:24.820+0000] {taskinstance.py:3503} INFO - 1 downstream tasks scheduled from follow-on schedule check
[2024-06-20T04:14:24.823+0000] {local_task_job_runner.py:222} INFO - ::endgroup::
