[2024-06-17T12:49:55.357+0000] {local_task_job_runner.py:120} INFO - ::group::Pre task execution logs
[2024-06-17T12:49:55.493+0000] {taskinstance.py:2076} INFO - Dependencies all met for dep_context=non-requeueable deps ti=<TaskInstance: ELT-PROJECT.extract_process.extract_products manual__2024-06-17T12:49:44.803481+00:00 [queued]>
[2024-06-17T12:49:55.560+0000] {taskinstance.py:2076} INFO - Dependencies all met for dep_context=requeueable deps ti=<TaskInstance: ELT-PROJECT.extract_process.extract_products manual__2024-06-17T12:49:44.803481+00:00 [queued]>
[2024-06-17T12:49:55.573+0000] {taskinstance.py:2306} INFO - Starting attempt 1 of 2
[2024-06-17T12:49:55.695+0000] {taskinstance.py:2330} INFO - Executing <Task(_PythonDecoratedOperator): extract_process.extract_products> on 2024-06-17 12:49:44.803481+00:00
[2024-06-17T12:49:55.718+0000] {logging_mixin.py:188} WARNING - /home/airflow/.local/lib/python3.12/site-packages/airflow/task/task_runner/standard_task_runner.py:61 DeprecationWarning: This process (pid=3831) is multi-threaded, use of fork() may lead to deadlocks in the child.
[2024-06-17T12:49:55.722+0000] {standard_task_runner.py:63} INFO - Started process 3860 to run task
[2024-06-17T12:49:55.730+0000] {standard_task_runner.py:90} INFO - Running: ['airflow', 'tasks', 'run', 'ELT-PROJECT', 'extract_process.extract_products', 'manual__2024-06-17T12:49:44.803481+00:00', '--job-id', '384', '--raw', '--subdir', 'DAGS_FOLDER/elt.py', '--cfg-path', '/tmp/tmp5_z1dexf']
[2024-06-17T12:49:55.743+0000] {standard_task_runner.py:91} INFO - Job 384: Subtask extract_process.extract_products
[2024-06-17T12:49:55.884+0000] {logging_mixin.py:188} WARNING - /home/airflow/.local/lib/python3.12/site-packages/airflow/settings.py:195 DeprecationWarning: The sql_alchemy_conn option in [core] has been moved to the sql_alchemy_conn option in [database] - the old setting has been used, but please update your config.
[2024-06-17T12:49:56.177+0000] {task_command.py:426} INFO - Running <TaskInstance: ELT-PROJECT.extract_process.extract_products manual__2024-06-17T12:49:44.803481+00:00 [running]> on host airflow-scheduler
[2024-06-17T12:49:57.274+0000] {taskinstance.py:2648} INFO - Exporting env vars: AIRFLOW_CTX_DAG_OWNER='Data-Ninja' AIRFLOW_CTX_DAG_ID='ELT-PROJECT' AIRFLOW_CTX_TASK_ID='extract_process.extract_products' AIRFLOW_CTX_EXECUTION_DATE='2024-06-17T12:49:44.803481+00:00' AIRFLOW_CTX_TRY_NUMBER='1' AIRFLOW_CTX_DAG_RUN_ID='manual__2024-06-17T12:49:44.803481+00:00'
[2024-06-17T12:49:57.285+0000] {taskinstance.py:430} INFO - ::endgroup::
[2024-06-17T12:49:57.300+0000] {logging_mixin.py:188} INFO - Extracting from: https://raw.githubusercontent.com/graphql-compose/graphql-compose-examples/master/examples/northwind/data/csv/products.csv
[2024-06-17T12:49:57.727+0000] {python.py:237} INFO - Done. Returned value was:     productID                      productName  ...  reorderLevel  discontinued
0           1                             Chai  ...            10             0
1           2                            Chang  ...            25             0
2           3                    Aniseed Syrup  ...            25             0
3           4     Chef Anton's Cajun Seasoning  ...             0             0
4           5           Chef Anton's Gumbo Mix  ...             0             1
..        ...                              ...  ...           ...           ...
72         73                       Röd Kaviar  ...             5             0
73         74                    Longlife Tofu  ...             5             0
74         75             Rhönbräu Klosterbier  ...            25             0
75         76                     Lakkalikööri  ...            20             0
76         77  Original Frankfurter grüne Soße  ...            15             0

[77 rows x 10 columns]
[2024-06-17T12:49:57.869+0000] {taskinstance.py:441} INFO - ::group::Post task execution logs
[2024-06-17T12:49:58.083+0000] {taskinstance.py:1206} INFO - Marking task as SUCCESS. dag_id=ELT-PROJECT, task_id=extract_process.extract_products, run_id=manual__2024-06-17T12:49:44.803481+00:00, execution_date=20240617T124944, start_date=20240617T124955, end_date=20240617T124958
[2024-06-17T12:49:58.179+0000] {local_task_job_runner.py:240} INFO - Task exited with return code 0
[2024-06-17T12:49:58.239+0000] {local_task_job_runner.py:222} INFO - ::endgroup::
