[2024-06-20T07:29:50.630+0000] {local_task_job_runner.py:120} INFO - ::group::Pre task execution logs
[2024-06-20T07:29:50.785+0000] {taskinstance.py:2076} INFO - Dependencies all met for dep_context=non-requeueable deps ti=<TaskInstance: ELT-PROJECT.load.load_territories manual__2024-06-20T07:29:25.850609+00:00 [queued]>
[2024-06-20T07:29:50.897+0000] {taskinstance.py:2076} INFO - Dependencies all met for dep_context=requeueable deps ti=<TaskInstance: ELT-PROJECT.load.load_territories manual__2024-06-20T07:29:25.850609+00:00 [queued]>
[2024-06-20T07:29:50.900+0000] {taskinstance.py:2306} INFO - Starting attempt 1 of 2
[2024-06-20T07:29:51.109+0000] {taskinstance.py:2330} INFO - Executing <Task(_PythonDecoratedOperator): load.load_territories> on 2024-06-20 07:29:25.850609+00:00
[2024-06-20T07:29:51.185+0000] {standard_task_runner.py:90} INFO - Running: ['airflow', 'tasks', 'run', 'ELT-PROJECT', 'load.load_territories', 'manual__2024-06-20T07:29:25.850609+00:00', '--job-id', '119', '--raw', '--subdir', 'DAGS_FOLDER/elt.py', '--cfg-path', '/tmp/tmpia6ll5lv']
[2024-06-20T07:29:51.213+0000] {standard_task_runner.py:91} INFO - Job 119: Subtask load.load_territories
[2024-06-20T07:29:51.215+0000] {logging_mixin.py:188} WARNING - /home/airflow/.local/lib/python3.12/site-packages/airflow/task/task_runner/standard_task_runner.py:61 DeprecationWarning: This process (pid=533) is multi-threaded, use of fork() may lead to deadlocks in the child.
[2024-06-20T07:29:51.223+0000] {standard_task_runner.py:63} INFO - Started process 581 to run task
[2024-06-20T07:29:51.357+0000] {logging_mixin.py:188} WARNING - /home/airflow/.local/lib/python3.12/site-packages/airflow/settings.py:195 DeprecationWarning: The sql_alchemy_conn option in [core] has been moved to the sql_alchemy_conn option in [database] - the old setting has been used, but please update your config.
[2024-06-20T07:29:51.602+0000] {task_command.py:426} INFO - Running <TaskInstance: ELT-PROJECT.load.load_territories manual__2024-06-20T07:29:25.850609+00:00 [running]> on host airflow-scheduler
[2024-06-20T07:29:59.255+0000] {taskinstance.py:2648} INFO - Exporting env vars: AIRFLOW_CTX_DAG_OWNER='Data-Ninja' AIRFLOW_CTX_DAG_ID='ELT-PROJECT' AIRFLOW_CTX_TASK_ID='load.load_territories' AIRFLOW_CTX_EXECUTION_DATE='2024-06-20T07:29:25.850609+00:00' AIRFLOW_CTX_TRY_NUMBER='1' AIRFLOW_CTX_DAG_RUN_ID='manual__2024-06-20T07:29:25.850609+00:00'
[2024-06-20T07:29:59.261+0000] {taskinstance.py:430} INFO - ::endgroup::
[2024-06-20T07:29:59.264+0000] {connection.py:399} INFO - Snowflake Connector for Python Version: 3.10.1, Python Version: 3.12.4, Platform: Linux-5.15.133.1-microsoft-standard-WSL2-x86_64-with-glibc2.36
[2024-06-20T07:29:59.268+0000] {connection.py:1249} INFO - THIS CONNECTION IS IN INSECURE MODE. IT MEANS THE CERTIFICATE WILL BE VALIDATED BUT THE CERTIFICATE REVOCATION STATUS WILL NOT BE CHECKED.
[2024-06-20T07:29:59.534+0000] {ssl_wrap_socket.py:100} INFO - THIS CONNECTION IS IN INSECURE MODE. IT MEANS THE CERTIFICATE WILL BE VALIDATED BUT THE CERTIFICATE REVOCATION STATUS WILL NOT BE CHECKED.
[2024-06-20T07:29:59.927+0000] {logging_mixin.py:188} INFO - Nama kolom di DataFrame: Index(['territoryID', 'territoryDescription', 'regionID'], dtype='object')
[2024-06-20T07:30:00.351+0000] {cursor.py:1149} INFO - Number of results in first chunk: 1
[2024-06-20T07:30:01.257+0000] {ssl_wrap_socket.py:100} INFO - THIS CONNECTION IS IN INSECURE MODE. IT MEANS THE CERTIFICATE WILL BE VALIDATED BUT THE CERTIFICATE REVOCATION STATUS WILL NOT BE CHECKED.
[2024-06-20T07:30:03.572+0000] {cursor.py:1149} INFO - Number of results in first chunk: 1
[2024-06-20T07:30:04.268+0000] {cursor.py:1149} INFO - Number of results in first chunk: 3
[2024-06-20T07:30:04.707+0000] {cursor.py:1149} INFO - Number of results in first chunk: 1
[2024-06-20T07:30:05.536+0000] {cursor.py:1149} INFO - Number of results in first chunk: 1
[2024-06-20T07:30:07.505+0000] {cursor.py:1149} INFO - Number of results in first chunk: 1
[2024-06-20T07:30:07.507+0000] {logging_mixin.py:188} INFO - Done territories.
[2024-06-20T07:30:07.508+0000] {connection.py:762} INFO - closed
[2024-06-20T07:30:07.976+0000] {connection.py:768} INFO - No async queries seem to be running, deleting session
[2024-06-20T07:30:08.389+0000] {python.py:237} INFO - Done. Returned value was: None
[2024-06-20T07:30:08.393+0000] {taskinstance.py:441} INFO - ::group::Post task execution logs
[2024-06-20T07:30:08.487+0000] {taskinstance.py:1206} INFO - Marking task as SUCCESS. dag_id=ELT-PROJECT, task_id=load.load_territories, run_id=manual__2024-06-20T07:29:25.850609+00:00, execution_date=20240620T072925, start_date=20240620T072950, end_date=20240620T073008
[2024-06-20T07:30:08.641+0000] {local_task_job_runner.py:240} INFO - Task exited with return code 0
[2024-06-20T07:30:08.688+0000] {local_task_job_runner.py:222} INFO - ::endgroup::
