[2024-06-17T10:01:44.869+0000] {local_task_job_runner.py:120} INFO - ::group::Pre task execution logs
[2024-06-17T10:01:45.000+0000] {taskinstance.py:2076} INFO - Dependencies all met for dep_context=non-requeueable deps ti=<TaskInstance: ELT-PROJECT.extract_process.extract_regions manual__2024-06-17T10:01:37.805207+00:00 [queued]>
[2024-06-17T10:01:45.032+0000] {taskinstance.py:2076} INFO - Dependencies all met for dep_context=requeueable deps ti=<TaskInstance: ELT-PROJECT.extract_process.extract_regions manual__2024-06-17T10:01:37.805207+00:00 [queued]>
[2024-06-17T10:01:45.034+0000] {taskinstance.py:2306} INFO - Starting attempt 1 of 2
[2024-06-17T10:01:45.129+0000] {taskinstance.py:2330} INFO - Executing <Task(_PythonDecoratedOperator): extract_process.extract_regions> on 2024-06-17 10:01:37.805207+00:00
[2024-06-17T10:01:45.181+0000] {logging_mixin.py:188} WARNING - /home/airflow/.local/lib/python3.12/site-packages/airflow/task/task_runner/standard_task_runner.py:61 DeprecationWarning: This process (pid=1421) is multi-threaded, use of fork() may lead to deadlocks in the child.
[2024-06-17T10:01:45.193+0000] {standard_task_runner.py:63} INFO - Started process 1435 to run task
[2024-06-17T10:01:45.168+0000] {standard_task_runner.py:90} INFO - Running: ['airflow', 'tasks', 'run', 'ELT-PROJECT', 'extract_process.extract_regions', 'manual__2024-06-17T10:01:37.805207+00:00', '--job-id', '30', '--raw', '--subdir', 'DAGS_FOLDER/elt.py', '--cfg-path', '/tmp/tmp0vs71y8m']
[2024-06-17T10:01:45.199+0000] {standard_task_runner.py:91} INFO - Job 30: Subtask extract_process.extract_regions
[2024-06-17T10:01:45.263+0000] {logging_mixin.py:188} WARNING - /home/airflow/.local/lib/python3.12/site-packages/airflow/settings.py:195 DeprecationWarning: The sql_alchemy_conn option in [core] has been moved to the sql_alchemy_conn option in [database] - the old setting has been used, but please update your config.
[2024-06-17T10:01:45.390+0000] {task_command.py:426} INFO - Running <TaskInstance: ELT-PROJECT.extract_process.extract_regions manual__2024-06-17T10:01:37.805207+00:00 [running]> on host airflow-scheduler
[2024-06-17T10:01:46.442+0000] {taskinstance.py:2648} INFO - Exporting env vars: AIRFLOW_CTX_DAG_OWNER='Data-Ninja' AIRFLOW_CTX_DAG_ID='ELT-PROJECT' AIRFLOW_CTX_TASK_ID='extract_process.extract_regions' AIRFLOW_CTX_EXECUTION_DATE='2024-06-17T10:01:37.805207+00:00' AIRFLOW_CTX_TRY_NUMBER='1' AIRFLOW_CTX_DAG_RUN_ID='manual__2024-06-17T10:01:37.805207+00:00'
[2024-06-17T10:01:46.459+0000] {taskinstance.py:430} INFO - ::endgroup::
[2024-06-17T10:01:47.265+0000] {python.py:237} INFO - Done. Returned value was:    regionID regionDescription
0         1           Eastern
1         2           Western
2         3          Northern
3         4          Southern
[2024-06-17T10:01:47.320+0000] {taskinstance.py:441} INFO - ::group::Post task execution logs
[2024-06-17T10:01:47.791+0000] {taskinstance.py:1206} INFO - Marking task as SUCCESS. dag_id=ELT-PROJECT, task_id=extract_process.extract_regions, run_id=manual__2024-06-17T10:01:37.805207+00:00, execution_date=20240617T100137, start_date=20240617T100145, end_date=20240617T100147
[2024-06-17T10:01:47.926+0000] {local_task_job_runner.py:240} INFO - Task exited with return code 0
[2024-06-17T10:01:47.965+0000] {local_task_job_runner.py:222} INFO - ::endgroup::
