[2024-06-20T07:40:10.118+0000] {local_task_job_runner.py:120} INFO - ::group::Pre task execution logs
[2024-06-20T07:40:10.310+0000] {taskinstance.py:2076} INFO - Dependencies all met for dep_context=non-requeueable deps ti=<TaskInstance: ELT-PROJECT.load.load_order_details manual__2024-06-20T07:39:50.213563+00:00 [queued]>
[2024-06-20T07:40:10.373+0000] {taskinstance.py:2076} INFO - Dependencies all met for dep_context=requeueable deps ti=<TaskInstance: ELT-PROJECT.load.load_order_details manual__2024-06-20T07:39:50.213563+00:00 [queued]>
[2024-06-20T07:40:10.376+0000] {taskinstance.py:2306} INFO - Starting attempt 1 of 2
[2024-06-20T07:40:10.478+0000] {taskinstance.py:2330} INFO - Executing <Task(_PythonDecoratedOperator): load.load_order_details> on 2024-06-20 07:39:50.213563+00:00
[2024-06-20T07:40:10.544+0000] {logging_mixin.py:188} WARNING - /home/airflow/.local/lib/python3.12/site-packages/airflow/task/task_runner/standard_task_runner.py:61 DeprecationWarning: This process (pid=1163) is multi-threaded, use of fork() may lead to deadlocks in the child.
[2024-06-20T07:40:10.551+0000] {standard_task_runner.py:63} INFO - Started process 1181 to run task
[2024-06-20T07:40:10.552+0000] {standard_task_runner.py:90} INFO - Running: ['airflow', 'tasks', 'run', 'ELT-PROJECT', 'load.load_order_details', 'manual__2024-06-20T07:39:50.213563+00:00', '--job-id', '174', '--raw', '--subdir', 'DAGS_FOLDER/elt.py', '--cfg-path', '/tmp/tmp24tucf4i']
[2024-06-20T07:40:10.559+0000] {standard_task_runner.py:91} INFO - Job 174: Subtask load.load_order_details
[2024-06-20T07:40:10.672+0000] {logging_mixin.py:188} WARNING - /home/airflow/.local/lib/python3.12/site-packages/airflow/settings.py:195 DeprecationWarning: The sql_alchemy_conn option in [core] has been moved to the sql_alchemy_conn option in [database] - the old setting has been used, but please update your config.
[2024-06-20T07:40:10.849+0000] {task_command.py:426} INFO - Running <TaskInstance: ELT-PROJECT.load.load_order_details manual__2024-06-20T07:39:50.213563+00:00 [running]> on host airflow-scheduler
[2024-06-20T07:40:12.268+0000] {taskinstance.py:2648} INFO - Exporting env vars: AIRFLOW_CTX_DAG_OWNER='Data-Ninja' AIRFLOW_CTX_DAG_ID='ELT-PROJECT' AIRFLOW_CTX_TASK_ID='load.load_order_details' AIRFLOW_CTX_EXECUTION_DATE='2024-06-20T07:39:50.213563+00:00' AIRFLOW_CTX_TRY_NUMBER='1' AIRFLOW_CTX_DAG_RUN_ID='manual__2024-06-20T07:39:50.213563+00:00'
[2024-06-20T07:40:12.274+0000] {taskinstance.py:430} INFO - ::endgroup::
[2024-06-20T07:40:12.276+0000] {connection.py:399} INFO - Snowflake Connector for Python Version: 3.10.1, Python Version: 3.12.4, Platform: Linux-5.15.133.1-microsoft-standard-WSL2-x86_64-with-glibc2.36
[2024-06-20T07:40:12.278+0000] {connection.py:1249} INFO - THIS CONNECTION IS IN INSECURE MODE. IT MEANS THE CERTIFICATE WILL BE VALIDATED BUT THE CERTIFICATE REVOCATION STATUS WILL NOT BE CHECKED.
[2024-06-20T07:40:12.733+0000] {ssl_wrap_socket.py:100} INFO - THIS CONNECTION IS IN INSECURE MODE. IT MEANS THE CERTIFICATE WILL BE VALIDATED BUT THE CERTIFICATE REVOCATION STATUS WILL NOT BE CHECKED.
[2024-06-20T07:40:13.251+0000] {logging_mixin.py:188} INFO - Nama kolom di DataFrame: Index(['orderID', 'productID', 'unitPrice', 'quantity', 'discount'], dtype='object')
[2024-06-20T07:40:13.659+0000] {cursor.py:1149} INFO - Number of results in first chunk: 1
[2024-06-20T07:40:14.461+0000] {ssl_wrap_socket.py:100} INFO - THIS CONNECTION IS IN INSECURE MODE. IT MEANS THE CERTIFICATE WILL BE VALIDATED BUT THE CERTIFICATE REVOCATION STATUS WILL NOT BE CHECKED.
[2024-06-20T07:40:17.368+0000] {cursor.py:1149} INFO - Number of results in first chunk: 1
[2024-06-20T07:40:18.592+0000] {cursor.py:1149} INFO - Number of results in first chunk: 5
[2024-06-20T07:40:18.986+0000] {cursor.py:1149} INFO - Number of results in first chunk: 1
[2024-06-20T07:40:19.715+0000] {cursor.py:1149} INFO - Number of results in first chunk: 1
[2024-06-20T07:40:21.206+0000] {cursor.py:1149} INFO - Number of results in first chunk: 1
[2024-06-20T07:40:21.210+0000] {logging_mixin.py:188} INFO - Done order_details.
[2024-06-20T07:40:21.213+0000] {connection.py:762} INFO - closed
[2024-06-20T07:40:21.565+0000] {connection.py:768} INFO - No async queries seem to be running, deleting session
[2024-06-20T07:40:21.918+0000] {python.py:237} INFO - Done. Returned value was: None
[2024-06-20T07:40:21.921+0000] {taskinstance.py:441} INFO - ::group::Post task execution logs
[2024-06-20T07:40:21.981+0000] {taskinstance.py:1206} INFO - Marking task as SUCCESS. dag_id=ELT-PROJECT, task_id=load.load_order_details, run_id=manual__2024-06-20T07:39:50.213563+00:00, execution_date=20240620T073950, start_date=20240620T074010, end_date=20240620T074021
[2024-06-20T07:40:22.081+0000] {local_task_job_runner.py:240} INFO - Task exited with return code 0
[2024-06-20T07:40:22.127+0000] {local_task_job_runner.py:222} INFO - ::endgroup::
