[2024-06-17T12:48:41.272+0000] {local_task_job_runner.py:120} INFO - ::group::Pre task execution logs
[2024-06-17T12:48:41.410+0000] {taskinstance.py:2076} INFO - Dependencies all met for dep_context=non-requeueable deps ti=<TaskInstance: ELT-PROJECT.extract_process.extract_categories manual__2024-06-17T12:48:31.919232+00:00 [queued]>
[2024-06-17T12:48:41.484+0000] {taskinstance.py:2076} INFO - Dependencies all met for dep_context=requeueable deps ti=<TaskInstance: ELT-PROJECT.extract_process.extract_categories manual__2024-06-17T12:48:31.919232+00:00 [queued]>
[2024-06-17T12:48:41.494+0000] {taskinstance.py:2306} INFO - Starting attempt 1 of 2
[2024-06-17T12:48:41.565+0000] {taskinstance.py:2330} INFO - Executing <Task(_PythonDecoratedOperator): extract_process.extract_categories> on 2024-06-17 12:48:31.919232+00:00
[2024-06-17T12:48:41.588+0000] {logging_mixin.py:188} WARNING - /home/airflow/.local/lib/python3.12/site-packages/airflow/task/task_runner/standard_task_runner.py:61 DeprecationWarning: This process (pid=3748) is multi-threaded, use of fork() may lead to deadlocks in the child.
[2024-06-17T12:48:41.602+0000] {standard_task_runner.py:63} INFO - Started process 3779 to run task
[2024-06-17T12:48:41.600+0000] {standard_task_runner.py:90} INFO - Running: ['airflow', 'tasks', 'run', 'ELT-PROJECT', 'extract_process.extract_categories', 'manual__2024-06-17T12:48:31.919232+00:00', '--job-id', '369', '--raw', '--subdir', 'DAGS_FOLDER/elt.py', '--cfg-path', '/tmp/tmpfprunzqn']
[2024-06-17T12:48:41.624+0000] {standard_task_runner.py:91} INFO - Job 369: Subtask extract_process.extract_categories
[2024-06-17T12:48:41.683+0000] {logging_mixin.py:188} WARNING - /home/airflow/.local/lib/python3.12/site-packages/airflow/settings.py:195 DeprecationWarning: The sql_alchemy_conn option in [core] has been moved to the sql_alchemy_conn option in [database] - the old setting has been used, but please update your config.
[2024-06-17T12:48:41.870+0000] {task_command.py:426} INFO - Running <TaskInstance: ELT-PROJECT.extract_process.extract_categories manual__2024-06-17T12:48:31.919232+00:00 [running]> on host airflow-scheduler
[2024-06-17T12:48:42.365+0000] {taskinstance.py:2648} INFO - Exporting env vars: AIRFLOW_CTX_DAG_OWNER='Data-Ninja' AIRFLOW_CTX_DAG_ID='ELT-PROJECT' AIRFLOW_CTX_TASK_ID='extract_process.extract_categories' AIRFLOW_CTX_EXECUTION_DATE='2024-06-17T12:48:31.919232+00:00' AIRFLOW_CTX_TRY_NUMBER='1' AIRFLOW_CTX_DAG_RUN_ID='manual__2024-06-17T12:48:31.919232+00:00'
[2024-06-17T12:48:42.373+0000] {taskinstance.py:430} INFO - ::endgroup::
[2024-06-17T12:48:42.376+0000] {logging_mixin.py:188} INFO - Extracting from: https://raw.githubusercontent.com/graphql-compose/graphql-compose-examples/master/examples/northwind/data/csv/categories.csv
[2024-06-17T12:48:43.035+0000] {python.py:237} INFO - Done. Returned value was:    categoryID  ...                                            picture
0           1  ...  0x151C2F00020000000D000E0014002100FFFFFFFF4269...
1           2  ...  0x151C2F00020000000D000E0014002100FFFFFFFF4269...
2           3  ...  0x151C2F00020000000D000E0014002100FFFFFFFF4269...
3           4  ...  0x151C2F00020000000D000E0014002100FFFFFFFF4269...
4           5  ...  0x151C2F00020000000D000E0014002100FFFFFFFF4269...
5           6  ...  0x151C2F00020000000D000E0014002100FFFFFFFF4269...
6           7  ...  0x151C2F00020000000D000E0014002100FFFFFFFF4269...
7           8  ...  0x151C2F00020000000D000E0014002100FFFFFFFF4269...

[8 rows x 4 columns]
[2024-06-17T12:48:43.141+0000] {taskinstance.py:441} INFO - ::group::Post task execution logs
[2024-06-17T12:48:43.277+0000] {taskinstance.py:1206} INFO - Marking task as SUCCESS. dag_id=ELT-PROJECT, task_id=extract_process.extract_categories, run_id=manual__2024-06-17T12:48:31.919232+00:00, execution_date=20240617T124831, start_date=20240617T124841, end_date=20240617T124843
[2024-06-17T12:48:43.355+0000] {local_task_job_runner.py:240} INFO - Task exited with return code 0
[2024-06-17T12:48:43.436+0000] {taskinstance.py:3503} INFO - 0 downstream tasks scheduled from follow-on schedule check
[2024-06-17T12:48:43.446+0000] {local_task_job_runner.py:222} INFO - ::endgroup::
