[2024-06-20T06:45:58.755+0000] {local_task_job_runner.py:120} INFO - ::group::Pre task execution logs
[2024-06-20T06:45:58.899+0000] {taskinstance.py:2076} INFO - Dependencies all met for dep_context=non-requeueable deps ti=<TaskInstance: ELT-PROJECT.load.load_customers manual__2024-06-20T06:45:39.980199+00:00 [queued]>
[2024-06-20T06:45:58.986+0000] {taskinstance.py:2076} INFO - Dependencies all met for dep_context=requeueable deps ti=<TaskInstance: ELT-PROJECT.load.load_customers manual__2024-06-20T06:45:39.980199+00:00 [queued]>
[2024-06-20T06:45:58.991+0000] {taskinstance.py:2306} INFO - Starting attempt 1 of 2
[2024-06-20T06:45:59.053+0000] {taskinstance.py:2330} INFO - Executing <Task(_PythonDecoratedOperator): load.load_customers> on 2024-06-20 06:45:39.980199+00:00
[2024-06-20T06:45:59.081+0000] {logging_mixin.py:188} WARNING - /home/airflow/.local/lib/python3.12/site-packages/airflow/task/task_runner/standard_task_runner.py:61 DeprecationWarning: This process (pid=1332) is multi-threaded, use of fork() may lead to deadlocks in the child.
[2024-06-20T06:45:59.089+0000] {standard_task_runner.py:63} INFO - Started process 1378 to run task
[2024-06-20T06:45:59.098+0000] {standard_task_runner.py:90} INFO - Running: ['airflow', 'tasks', 'run', 'ELT-PROJECT', 'load.load_customers', 'manual__2024-06-20T06:45:39.980199+00:00', '--job-id', '67', '--raw', '--subdir', 'DAGS_FOLDER/elt.py', '--cfg-path', '/tmp/tmp7yjejz3o']
[2024-06-20T06:45:59.103+0000] {standard_task_runner.py:91} INFO - Job 67: Subtask load.load_customers
[2024-06-20T06:45:59.217+0000] {logging_mixin.py:188} WARNING - /home/airflow/.local/lib/python3.12/site-packages/airflow/settings.py:195 DeprecationWarning: The sql_alchemy_conn option in [core] has been moved to the sql_alchemy_conn option in [database] - the old setting has been used, but please update your config.
[2024-06-20T06:45:59.464+0000] {task_command.py:426} INFO - Running <TaskInstance: ELT-PROJECT.load.load_customers manual__2024-06-20T06:45:39.980199+00:00 [running]> on host airflow-scheduler
[2024-06-20T06:46:00.341+0000] {taskinstance.py:2648} INFO - Exporting env vars: AIRFLOW_CTX_DAG_OWNER='Data-Ninja' AIRFLOW_CTX_DAG_ID='ELT-PROJECT' AIRFLOW_CTX_TASK_ID='load.load_customers' AIRFLOW_CTX_EXECUTION_DATE='2024-06-20T06:45:39.980199+00:00' AIRFLOW_CTX_TRY_NUMBER='1' AIRFLOW_CTX_DAG_RUN_ID='manual__2024-06-20T06:45:39.980199+00:00'
[2024-06-20T06:46:00.346+0000] {taskinstance.py:430} INFO - ::endgroup::
[2024-06-20T06:46:00.348+0000] {connection.py:399} INFO - Snowflake Connector for Python Version: 3.10.1, Python Version: 3.12.4, Platform: Linux-5.15.133.1-microsoft-standard-WSL2-x86_64-with-glibc2.36
[2024-06-20T06:46:00.351+0000] {connection.py:1249} INFO - THIS CONNECTION IS IN INSECURE MODE. IT MEANS THE CERTIFICATE WILL BE VALIDATED BUT THE CERTIFICATE REVOCATION STATUS WILL NOT BE CHECKED.
[2024-06-20T06:46:00.457+0000] {ssl_wrap_socket.py:100} INFO - THIS CONNECTION IS IN INSECURE MODE. IT MEANS THE CERTIFICATE WILL BE VALIDATED BUT THE CERTIFICATE REVOCATION STATUS WILL NOT BE CHECKED.
[2024-06-20T06:46:00.846+0000] {logging_mixin.py:188} INFO - Nama kolom di DataFrame: Index(['customerID', 'companyName', 'contactName', 'contactTitle', 'address',
       'city', 'region', 'postalCode', 'country', 'phone', 'fax'],
      dtype='object')
[2024-06-20T06:46:01.249+0000] {cursor.py:1149} INFO - Number of results in first chunk: 1
[2024-06-20T06:46:04.760+0000] {ssl_wrap_socket.py:100} INFO - THIS CONNECTION IS IN INSECURE MODE. IT MEANS THE CERTIFICATE WILL BE VALIDATED BUT THE CERTIFICATE REVOCATION STATUS WILL NOT BE CHECKED.
[2024-06-20T06:46:07.678+0000] {cursor.py:1149} INFO - Number of results in first chunk: 1
[2024-06-20T06:46:08.827+0000] {cursor.py:1149} INFO - Number of results in first chunk: 11
[2024-06-20T06:46:09.374+0000] {cursor.py:1149} INFO - Number of results in first chunk: 1
[2024-06-20T06:46:10.043+0000] {cursor.py:1149} INFO - Number of results in first chunk: 1
[2024-06-20T06:46:11.525+0000] {cursor.py:1149} INFO - Number of results in first chunk: 1
[2024-06-20T06:46:11.526+0000] {logging_mixin.py:188} INFO - Done customers.
[2024-06-20T06:46:11.527+0000] {connection.py:762} INFO - closed
[2024-06-20T06:46:11.883+0000] {connection.py:768} INFO - No async queries seem to be running, deleting session
[2024-06-20T06:46:12.243+0000] {python.py:237} INFO - Done. Returned value was: None
[2024-06-20T06:46:12.249+0000] {taskinstance.py:441} INFO - ::group::Post task execution logs
[2024-06-20T06:46:12.347+0000] {taskinstance.py:1206} INFO - Marking task as SUCCESS. dag_id=ELT-PROJECT, task_id=load.load_customers, run_id=manual__2024-06-20T06:45:39.980199+00:00, execution_date=20240620T064539, start_date=20240620T064558, end_date=20240620T064612
[2024-06-20T06:46:12.494+0000] {local_task_job_runner.py:240} INFO - Task exited with return code 0
[2024-06-20T06:46:12.539+0000] {local_task_job_runner.py:222} INFO - ::endgroup::
