[2024-06-20T09:10:48.250+0000] {local_task_job_runner.py:120} INFO - ::group::Pre task execution logs
[2024-06-20T09:10:48.334+0000] {taskinstance.py:2076} INFO - Dependencies all met for dep_context=non-requeueable deps ti=<TaskInstance: ELT-PROJECT.load.load_employee_territories manual__2024-06-20T09:10:32.865792+00:00 [queued]>
[2024-06-20T09:10:48.377+0000] {taskinstance.py:2076} INFO - Dependencies all met for dep_context=requeueable deps ti=<TaskInstance: ELT-PROJECT.load.load_employee_territories manual__2024-06-20T09:10:32.865792+00:00 [queued]>
[2024-06-20T09:10:48.383+0000] {taskinstance.py:2306} INFO - Starting attempt 1 of 2
[2024-06-20T09:10:48.481+0000] {taskinstance.py:2330} INFO - Executing <Task(_PythonDecoratedOperator): load.load_employee_territories> on 2024-06-20 09:10:32.865792+00:00
[2024-06-20T09:10:48.518+0000] {logging_mixin.py:188} WARNING - /home/airflow/.local/lib/python3.12/site-packages/airflow/task/task_runner/standard_task_runner.py:61 DeprecationWarning: This process (pid=5234) is multi-threaded, use of fork() may lead to deadlocks in the child.
[2024-06-20T09:10:48.508+0000] {standard_task_runner.py:90} INFO - Running: ['airflow', 'tasks', 'run', 'ELT-PROJECT', 'load.load_employee_territories', 'manual__2024-06-20T09:10:32.865792+00:00', '--job-id', '341', '--raw', '--subdir', 'DAGS_FOLDER/elt.py', '--cfg-path', '/tmp/tmpa83nas2l']
[2024-06-20T09:10:48.525+0000] {standard_task_runner.py:91} INFO - Job 341: Subtask load.load_employee_territories
[2024-06-20T09:10:48.523+0000] {standard_task_runner.py:63} INFO - Started process 5262 to run task
[2024-06-20T09:10:48.644+0000] {logging_mixin.py:188} WARNING - /home/airflow/.local/lib/python3.12/site-packages/airflow/settings.py:195 DeprecationWarning: The sql_alchemy_conn option in [core] has been moved to the sql_alchemy_conn option in [database] - the old setting has been used, but please update your config.
[2024-06-20T09:10:48.860+0000] {task_command.py:426} INFO - Running <TaskInstance: ELT-PROJECT.load.load_employee_territories manual__2024-06-20T09:10:32.865792+00:00 [running]> on host airflow-scheduler
[2024-06-20T09:10:49.908+0000] {taskinstance.py:2648} INFO - Exporting env vars: AIRFLOW_CTX_DAG_OWNER='Data-Ninja' AIRFLOW_CTX_DAG_ID='ELT-PROJECT' AIRFLOW_CTX_TASK_ID='load.load_employee_territories' AIRFLOW_CTX_EXECUTION_DATE='2024-06-20T09:10:32.865792+00:00' AIRFLOW_CTX_TRY_NUMBER='1' AIRFLOW_CTX_DAG_RUN_ID='manual__2024-06-20T09:10:32.865792+00:00'
[2024-06-20T09:10:49.914+0000] {taskinstance.py:430} INFO - ::endgroup::
[2024-06-20T09:10:49.917+0000] {connection.py:399} INFO - Snowflake Connector for Python Version: 3.10.1, Python Version: 3.12.4, Platform: Linux-5.15.133.1-microsoft-standard-WSL2-x86_64-with-glibc2.36
[2024-06-20T09:10:49.919+0000] {connection.py:1249} INFO - THIS CONNECTION IS IN INSECURE MODE. IT MEANS THE CERTIFICATE WILL BE VALIDATED BUT THE CERTIFICATE REVOCATION STATUS WILL NOT BE CHECKED.
[2024-06-20T09:10:50.222+0000] {ssl_wrap_socket.py:100} INFO - THIS CONNECTION IS IN INSECURE MODE. IT MEANS THE CERTIFICATE WILL BE VALIDATED BUT THE CERTIFICATE REVOCATION STATUS WILL NOT BE CHECKED.
[2024-06-20T09:10:50.758+0000] {logging_mixin.py:188} INFO - Nama kolom di DataFrame: Index(['employeeID', 'territoryID'], dtype='object')
[2024-06-20T09:10:51.161+0000] {cursor.py:1149} INFO - Number of results in first chunk: 1
[2024-06-20T09:10:51.702+0000] {ssl_wrap_socket.py:100} INFO - THIS CONNECTION IS IN INSECURE MODE. IT MEANS THE CERTIFICATE WILL BE VALIDATED BUT THE CERTIFICATE REVOCATION STATUS WILL NOT BE CHECKED.
[2024-06-20T09:10:54.327+0000] {cursor.py:1149} INFO - Number of results in first chunk: 1
[2024-06-20T09:10:55.006+0000] {cursor.py:1149} INFO - Number of results in first chunk: 2
[2024-06-20T09:10:55.370+0000] {cursor.py:1149} INFO - Number of results in first chunk: 1
[2024-06-20T09:10:56.064+0000] {cursor.py:1149} INFO - Number of results in first chunk: 1
[2024-06-20T09:10:57.535+0000] {cursor.py:1149} INFO - Number of results in first chunk: 1
[2024-06-20T09:10:57.536+0000] {logging_mixin.py:188} INFO - Done employee_territories.
[2024-06-20T09:10:57.537+0000] {connection.py:762} INFO - closed
[2024-06-20T09:10:57.861+0000] {connection.py:768} INFO - No async queries seem to be running, deleting session
[2024-06-20T09:10:58.184+0000] {python.py:237} INFO - Done. Returned value was: None
[2024-06-20T09:10:58.185+0000] {taskinstance.py:441} INFO - ::group::Post task execution logs
[2024-06-20T09:10:58.209+0000] {taskinstance.py:1206} INFO - Marking task as SUCCESS. dag_id=ELT-PROJECT, task_id=load.load_employee_territories, run_id=manual__2024-06-20T09:10:32.865792+00:00, execution_date=20240620T091032, start_date=20240620T091048, end_date=20240620T091058
[2024-06-20T09:10:58.255+0000] {local_task_job_runner.py:240} INFO - Task exited with return code 0
[2024-06-20T09:10:58.342+0000] {taskinstance.py:3503} INFO - 0 downstream tasks scheduled from follow-on schedule check
[2024-06-20T09:10:58.348+0000] {local_task_job_runner.py:222} INFO - ::endgroup::
