[2024-06-20T07:29:39.374+0000] {local_task_job_runner.py:120} INFO - ::group::Pre task execution logs
[2024-06-20T07:29:39.618+0000] {taskinstance.py:2076} INFO - Dependencies all met for dep_context=non-requeueable deps ti=<TaskInstance: ELT-PROJECT.extract.extract_employees manual__2024-06-20T07:29:25.850609+00:00 [queued]>
[2024-06-20T07:29:39.653+0000] {taskinstance.py:2076} INFO - Dependencies all met for dep_context=requeueable deps ti=<TaskInstance: ELT-PROJECT.extract.extract_employees manual__2024-06-20T07:29:25.850609+00:00 [queued]>
[2024-06-20T07:29:39.662+0000] {taskinstance.py:2306} INFO - Starting attempt 1 of 2
[2024-06-20T07:29:39.876+0000] {taskinstance.py:2330} INFO - Executing <Task(_PythonDecoratedOperator): extract.extract_employees> on 2024-06-20 07:29:25.850609+00:00
[2024-06-20T07:29:39.907+0000] {standard_task_runner.py:90} INFO - Running: ['airflow', 'tasks', 'run', 'ELT-PROJECT', 'extract.extract_employees', 'manual__2024-06-20T07:29:25.850609+00:00', '--job-id', '102', '--raw', '--subdir', 'DAGS_FOLDER/elt.py', '--cfg-path', '/tmp/tmpy_v5cbr1']
[2024-06-20T07:29:39.935+0000] {standard_task_runner.py:91} INFO - Job 102: Subtask extract.extract_employees
[2024-06-20T07:29:39.898+0000] {logging_mixin.py:188} WARNING - /home/airflow/.local/lib/python3.12/site-packages/airflow/task/task_runner/standard_task_runner.py:61 DeprecationWarning: This process (pid=487) is multi-threaded, use of fork() may lead to deadlocks in the child.
[2024-06-20T07:29:39.947+0000] {standard_task_runner.py:63} INFO - Started process 519 to run task
[2024-06-20T07:29:40.023+0000] {logging_mixin.py:188} WARNING - /home/airflow/.local/lib/python3.12/site-packages/airflow/settings.py:195 DeprecationWarning: The sql_alchemy_conn option in [core] has been moved to the sql_alchemy_conn option in [database] - the old setting has been used, but please update your config.
[2024-06-20T07:29:40.218+0000] {task_command.py:426} INFO - Running <TaskInstance: ELT-PROJECT.extract.extract_employees manual__2024-06-20T07:29:25.850609+00:00 [running]> on host airflow-scheduler
[2024-06-20T07:29:40.816+0000] {taskinstance.py:2648} INFO - Exporting env vars: AIRFLOW_CTX_DAG_OWNER='Data-Ninja' AIRFLOW_CTX_DAG_ID='ELT-PROJECT' AIRFLOW_CTX_TASK_ID='extract.extract_employees' AIRFLOW_CTX_EXECUTION_DATE='2024-06-20T07:29:25.850609+00:00' AIRFLOW_CTX_TRY_NUMBER='1' AIRFLOW_CTX_DAG_RUN_ID='manual__2024-06-20T07:29:25.850609+00:00'
[2024-06-20T07:29:40.822+0000] {taskinstance.py:430} INFO - ::endgroup::
[2024-06-20T07:29:41.513+0000] {python.py:237} INFO - Done. Returned value was:    employeeID   lastName  ... reportsTo                               photoPath
0           1    Davolio  ...       2.0    http://accweb/emmployees/davolio.bmp
1           2     Fuller  ...       NaN     http://accweb/emmployees/fuller.bmp
2           3  Leverling  ...       2.0  http://accweb/emmployees/leverling.bmp
3           4    Peacock  ...       2.0    http://accweb/emmployees/peacock.bmp
4           5   Buchanan  ...       2.0   http://accweb/emmployees/buchanan.bmp
5           6     Suyama  ...       5.0    http://accweb/emmployees/davolio.bmp
6           7       King  ...       5.0    http://accweb/emmployees/davolio.bmp
7           8   Callahan  ...       2.0    http://accweb/emmployees/davolio.bmp
8           9  Dodsworth  ...       5.0    http://accweb/emmployees/davolio.bmp

[9 rows x 18 columns]
[2024-06-20T07:29:41.715+0000] {taskinstance.py:441} INFO - ::group::Post task execution logs
[2024-06-20T07:29:42.755+0000] {taskinstance.py:1206} INFO - Marking task as SUCCESS. dag_id=ELT-PROJECT, task_id=extract.extract_employees, run_id=manual__2024-06-20T07:29:25.850609+00:00, execution_date=20240620T072925, start_date=20240620T072939, end_date=20240620T072942
[2024-06-20T07:29:43.003+0000] {local_task_job_runner.py:240} INFO - Task exited with return code 0
[2024-06-20T07:29:43.053+0000] {local_task_job_runner.py:222} INFO - ::endgroup::
