[2024-06-17T12:53:16.796+0000] {local_task_job_runner.py:120} INFO - ::group::Pre task execution logs
[2024-06-17T12:53:16.956+0000] {taskinstance.py:2076} INFO - Dependencies all met for dep_context=non-requeueable deps ti=<TaskInstance: ELT-PROJECT.load_process.load_employee_territories manual__2024-06-17T12:52:56.928025+00:00 [queued]>
[2024-06-17T12:53:17.056+0000] {taskinstance.py:2076} INFO - Dependencies all met for dep_context=requeueable deps ti=<TaskInstance: ELT-PROJECT.load_process.load_employee_territories manual__2024-06-17T12:52:56.928025+00:00 [queued]>
[2024-06-17T12:53:17.058+0000] {taskinstance.py:2306} INFO - Starting attempt 1 of 2
[2024-06-17T12:53:17.112+0000] {taskinstance.py:2330} INFO - Executing <Task(_PythonDecoratedOperator): load_process.load_employee_territories> on 2024-06-17 12:52:56.928025+00:00
[2024-06-17T12:53:17.136+0000] {standard_task_runner.py:90} INFO - Running: ['airflow', 'tasks', 'run', 'ELT-PROJECT', 'load_process.load_employee_territories', 'manual__2024-06-17T12:52:56.928025+00:00', '--job-id', '435', '--raw', '--subdir', 'DAGS_FOLDER/elt.py', '--cfg-path', '/tmp/tmp1bu9_b46']
[2024-06-17T12:53:17.140+0000] {logging_mixin.py:188} WARNING - /home/airflow/.local/lib/python3.12/site-packages/airflow/task/task_runner/standard_task_runner.py:61 DeprecationWarning: This process (pid=4181) is multi-threaded, use of fork() may lead to deadlocks in the child.
[2024-06-17T12:53:17.144+0000] {standard_task_runner.py:91} INFO - Job 435: Subtask load_process.load_employee_territories
[2024-06-17T12:53:17.144+0000] {standard_task_runner.py:63} INFO - Started process 4253 to run task
[2024-06-17T12:53:17.190+0000] {logging_mixin.py:188} WARNING - /home/airflow/.local/lib/python3.12/site-packages/airflow/settings.py:195 DeprecationWarning: The sql_alchemy_conn option in [core] has been moved to the sql_alchemy_conn option in [database] - the old setting has been used, but please update your config.
[2024-06-17T12:53:17.284+0000] {task_command.py:426} INFO - Running <TaskInstance: ELT-PROJECT.load_process.load_employee_territories manual__2024-06-17T12:52:56.928025+00:00 [running]> on host airflow-scheduler
[2024-06-17T12:53:17.631+0000] {taskinstance.py:2648} INFO - Exporting env vars: AIRFLOW_CTX_DAG_OWNER='Data-Ninja' AIRFLOW_CTX_DAG_ID='ELT-PROJECT' AIRFLOW_CTX_TASK_ID='load_process.load_employee_territories' AIRFLOW_CTX_EXECUTION_DATE='2024-06-17T12:52:56.928025+00:00' AIRFLOW_CTX_TRY_NUMBER='1' AIRFLOW_CTX_DAG_RUN_ID='manual__2024-06-17T12:52:56.928025+00:00'
[2024-06-17T12:53:17.634+0000] {taskinstance.py:430} INFO - ::endgroup::
[2024-06-17T12:53:17.636+0000] {connection.py:399} INFO - Snowflake Connector for Python Version: 3.10.1, Python Version: 3.12.4, Platform: Linux-5.15.133.1-microsoft-standard-WSL2-x86_64-with-glibc2.36
[2024-06-17T12:53:17.639+0000] {connection.py:1249} INFO - THIS CONNECTION IS IN INSECURE MODE. IT MEANS THE CERTIFICATE WILL BE VALIDATED BUT THE CERTIFICATE REVOCATION STATUS WILL NOT BE CHECKED.
[2024-06-17T12:53:17.734+0000] {ssl_wrap_socket.py:100} INFO - THIS CONNECTION IS IN INSECURE MODE. IT MEANS THE CERTIFICATE WILL BE VALIDATED BUT THE CERTIFICATE REVOCATION STATUS WILL NOT BE CHECKED.
[2024-06-17T12:53:18.127+0000] {logging_mixin.py:188} INFO - Nama kolom di DataFrame: Index(['employeeID', 'territoryID'], dtype='object')
[2024-06-17T12:53:18.612+0000] {cursor.py:1149} INFO - Number of results in first chunk: 1
[2024-06-17T12:53:19.348+0000] {ssl_wrap_socket.py:100} INFO - THIS CONNECTION IS IN INSECURE MODE. IT MEANS THE CERTIFICATE WILL BE VALIDATED BUT THE CERTIFICATE REVOCATION STATUS WILL NOT BE CHECKED.
[2024-06-17T12:53:21.974+0000] {cursor.py:1149} INFO - Number of results in first chunk: 1
[2024-06-17T12:53:22.610+0000] {cursor.py:1149} INFO - Number of results in first chunk: 2
[2024-06-17T12:53:22.972+0000] {cursor.py:1149} INFO - Number of results in first chunk: 1
[2024-06-17T12:53:23.601+0000] {cursor.py:1149} INFO - Number of results in first chunk: 1
[2024-06-17T12:53:25.032+0000] {cursor.py:1149} INFO - Number of results in first chunk: 1
[2024-06-17T12:53:25.036+0000] {logging_mixin.py:188} INFO - Done employee_territories.
[2024-06-17T12:53:25.038+0000] {connection.py:762} INFO - closed
[2024-06-17T12:53:25.391+0000] {connection.py:768} INFO - No async queries seem to be running, deleting session
[2024-06-17T12:53:25.728+0000] {python.py:237} INFO - Done. Returned value was: None
[2024-06-17T12:53:25.731+0000] {taskinstance.py:441} INFO - ::group::Post task execution logs
[2024-06-17T12:53:25.761+0000] {taskinstance.py:1206} INFO - Marking task as SUCCESS. dag_id=ELT-PROJECT, task_id=load_process.load_employee_territories, run_id=manual__2024-06-17T12:52:56.928025+00:00, execution_date=20240617T125256, start_date=20240617T125316, end_date=20240617T125325
[2024-06-17T12:53:25.839+0000] {local_task_job_runner.py:240} INFO - Task exited with return code 0
[2024-06-17T12:53:25.880+0000] {taskinstance.py:3503} INFO - 0 downstream tasks scheduled from follow-on schedule check
[2024-06-17T12:53:25.883+0000] {local_task_job_runner.py:222} INFO - ::endgroup::
