[2024-06-20T08:59:41.425+0000] {local_task_job_runner.py:120} INFO - ::group::Pre task execution logs
[2024-06-20T08:59:41.588+0000] {taskinstance.py:2076} INFO - Dependencies all met for dep_context=non-requeueable deps ti=<TaskInstance: ELT-PROJECT.load.load_customers manual__2024-06-20T08:59:25.665849+00:00 [queued]>
[2024-06-20T08:59:41.677+0000] {taskinstance.py:2076} INFO - Dependencies all met for dep_context=requeueable deps ti=<TaskInstance: ELT-PROJECT.load.load_customers manual__2024-06-20T08:59:25.665849+00:00 [queued]>
[2024-06-20T08:59:41.688+0000] {taskinstance.py:2306} INFO - Starting attempt 1 of 2
[2024-06-20T08:59:41.756+0000] {taskinstance.py:2330} INFO - Executing <Task(_PythonDecoratedOperator): load.load_customers> on 2024-06-20 08:59:25.665849+00:00
[2024-06-20T08:59:41.783+0000] {logging_mixin.py:188} WARNING - /home/airflow/.local/lib/python3.12/site-packages/airflow/task/task_runner/standard_task_runner.py:61 DeprecationWarning: This process (pid=4281) is multi-threaded, use of fork() may lead to deadlocks in the child.
[2024-06-20T08:59:41.785+0000] {standard_task_runner.py:63} INFO - Started process 4313 to run task
[2024-06-20T08:59:41.783+0000] {standard_task_runner.py:90} INFO - Running: ['airflow', 'tasks', 'run', 'ELT-PROJECT', 'load.load_customers', 'manual__2024-06-20T08:59:25.665849+00:00', '--job-id', '289', '--raw', '--subdir', 'DAGS_FOLDER/elt.py', '--cfg-path', '/tmp/tmprf8u12r0']
[2024-06-20T08:59:41.791+0000] {standard_task_runner.py:91} INFO - Job 289: Subtask load.load_customers
[2024-06-20T08:59:41.873+0000] {logging_mixin.py:188} WARNING - /home/airflow/.local/lib/python3.12/site-packages/airflow/settings.py:195 DeprecationWarning: The sql_alchemy_conn option in [core] has been moved to the sql_alchemy_conn option in [database] - the old setting has been used, but please update your config.
[2024-06-20T08:59:42.192+0000] {task_command.py:426} INFO - Running <TaskInstance: ELT-PROJECT.load.load_customers manual__2024-06-20T08:59:25.665849+00:00 [running]> on host airflow-scheduler
[2024-06-20T08:59:43.545+0000] {taskinstance.py:2648} INFO - Exporting env vars: AIRFLOW_CTX_DAG_OWNER='Data-Ninja' AIRFLOW_CTX_DAG_ID='ELT-PROJECT' AIRFLOW_CTX_TASK_ID='load.load_customers' AIRFLOW_CTX_EXECUTION_DATE='2024-06-20T08:59:25.665849+00:00' AIRFLOW_CTX_TRY_NUMBER='1' AIRFLOW_CTX_DAG_RUN_ID='manual__2024-06-20T08:59:25.665849+00:00'
[2024-06-20T08:59:43.550+0000] {taskinstance.py:430} INFO - ::endgroup::
[2024-06-20T08:59:43.552+0000] {connection.py:399} INFO - Snowflake Connector for Python Version: 3.10.1, Python Version: 3.12.4, Platform: Linux-5.15.133.1-microsoft-standard-WSL2-x86_64-with-glibc2.36
[2024-06-20T08:59:43.554+0000] {connection.py:1249} INFO - THIS CONNECTION IS IN INSECURE MODE. IT MEANS THE CERTIFICATE WILL BE VALIDATED BUT THE CERTIFICATE REVOCATION STATUS WILL NOT BE CHECKED.
[2024-06-20T08:59:43.665+0000] {ssl_wrap_socket.py:100} INFO - THIS CONNECTION IS IN INSECURE MODE. IT MEANS THE CERTIFICATE WILL BE VALIDATED BUT THE CERTIFICATE REVOCATION STATUS WILL NOT BE CHECKED.
[2024-06-20T08:59:44.041+0000] {logging_mixin.py:188} INFO - Nama kolom di DataFrame: Index(['customerID', 'companyName', 'contactName', 'contactTitle', 'address',
       'city', 'region', 'postalCode', 'country', 'phone', 'fax'],
      dtype='object')
[2024-06-20T08:59:44.451+0000] {cursor.py:1149} INFO - Number of results in first chunk: 1
[2024-06-20T08:59:45.031+0000] {ssl_wrap_socket.py:100} INFO - THIS CONNECTION IS IN INSECURE MODE. IT MEANS THE CERTIFICATE WILL BE VALIDATED BUT THE CERTIFICATE REVOCATION STATUS WILL NOT BE CHECKED.
[2024-06-20T08:59:47.929+0000] {cursor.py:1149} INFO - Number of results in first chunk: 1
[2024-06-20T08:59:48.718+0000] {cursor.py:1149} INFO - Number of results in first chunk: 11
[2024-06-20T08:59:49.072+0000] {cursor.py:1149} INFO - Number of results in first chunk: 1
[2024-06-20T08:59:49.765+0000] {cursor.py:1149} INFO - Number of results in first chunk: 1
[2024-06-20T08:59:52.227+0000] {cursor.py:1149} INFO - Number of results in first chunk: 1
[2024-06-20T08:59:52.229+0000] {logging_mixin.py:188} INFO - Done customers.
[2024-06-20T08:59:52.230+0000] {connection.py:762} INFO - closed
[2024-06-20T08:59:52.598+0000] {connection.py:768} INFO - No async queries seem to be running, deleting session
[2024-06-20T08:59:52.937+0000] {python.py:237} INFO - Done. Returned value was: None
[2024-06-20T08:59:52.939+0000] {taskinstance.py:441} INFO - ::group::Post task execution logs
[2024-06-20T08:59:52.958+0000] {taskinstance.py:1206} INFO - Marking task as SUCCESS. dag_id=ELT-PROJECT, task_id=load.load_customers, run_id=manual__2024-06-20T08:59:25.665849+00:00, execution_date=20240620T085925, start_date=20240620T085941, end_date=20240620T085952
[2024-06-20T08:59:53.011+0000] {local_task_job_runner.py:240} INFO - Task exited with return code 0
[2024-06-20T08:59:53.029+0000] {local_task_job_runner.py:222} INFO - ::endgroup::
