[2024-06-20T04:14:22.748+0000] {local_task_job_runner.py:120} INFO - ::group::Pre task execution logs
[2024-06-20T04:14:22.824+0000] {taskinstance.py:2076} INFO - Dependencies all met for dep_context=non-requeueable deps ti=<TaskInstance: ELT-PROJECT.extract.extract_shippers manual__2024-06-20T04:14:16.977847+00:00 [queued]>
[2024-06-20T04:14:22.871+0000] {taskinstance.py:2076} INFO - Dependencies all met for dep_context=requeueable deps ti=<TaskInstance: ELT-PROJECT.extract.extract_shippers manual__2024-06-20T04:14:16.977847+00:00 [queued]>
[2024-06-20T04:14:22.877+0000] {taskinstance.py:2306} INFO - Starting attempt 1 of 2
[2024-06-20T04:14:22.939+0000] {taskinstance.py:2330} INFO - Executing <Task(_PythonDecoratedOperator): extract.extract_shippers> on 2024-06-20 04:14:16.977847+00:00
[2024-06-20T04:14:22.957+0000] {logging_mixin.py:188} WARNING - /home/airflow/.local/lib/python3.12/site-packages/airflow/task/task_runner/standard_task_runner.py:61 DeprecationWarning: This process (pid=952) is multi-threaded, use of fork() may lead to deadlocks in the child.
[2024-06-20T04:14:22.962+0000] {standard_task_runner.py:63} INFO - Started process 972 to run task
[2024-06-20T04:14:22.958+0000] {standard_task_runner.py:90} INFO - Running: ['airflow', 'tasks', 'run', 'ELT-PROJECT', 'extract.extract_shippers', 'manual__2024-06-20T04:14:16.977847+00:00', '--job-id', '14', '--raw', '--subdir', 'DAGS_FOLDER/elt.py', '--cfg-path', '/tmp/tmpmmqnwppc']
[2024-06-20T04:14:22.968+0000] {standard_task_runner.py:91} INFO - Job 14: Subtask extract.extract_shippers
[2024-06-20T04:14:23.043+0000] {logging_mixin.py:188} WARNING - /home/airflow/.local/lib/python3.12/site-packages/airflow/settings.py:195 DeprecationWarning: The sql_alchemy_conn option in [core] has been moved to the sql_alchemy_conn option in [database] - the old setting has been used, but please update your config.
[2024-06-20T04:14:23.252+0000] {task_command.py:426} INFO - Running <TaskInstance: ELT-PROJECT.extract.extract_shippers manual__2024-06-20T04:14:16.977847+00:00 [running]> on host airflow-scheduler
[2024-06-20T04:14:23.599+0000] {taskinstance.py:2648} INFO - Exporting env vars: AIRFLOW_CTX_DAG_OWNER='Data-Ninja' AIRFLOW_CTX_DAG_ID='ELT-PROJECT' AIRFLOW_CTX_TASK_ID='extract.extract_shippers' AIRFLOW_CTX_EXECUTION_DATE='2024-06-20T04:14:16.977847+00:00' AIRFLOW_CTX_TRY_NUMBER='1' AIRFLOW_CTX_DAG_RUN_ID='manual__2024-06-20T04:14:16.977847+00:00'
[2024-06-20T04:14:23.605+0000] {taskinstance.py:430} INFO - ::endgroup::
[2024-06-20T04:14:24.158+0000] {python.py:237} INFO - Done. Returned value was:    shipperID       companyName           phone
0          1    Speedy Express  (503) 555-9831
1          2    United Package  (503) 555-3199
2          3  Federal Shipping  (503) 555-9931
[2024-06-20T04:14:24.166+0000] {taskinstance.py:441} INFO - ::group::Post task execution logs
[2024-06-20T04:14:24.220+0000] {taskinstance.py:1206} INFO - Marking task as SUCCESS. dag_id=ELT-PROJECT, task_id=extract.extract_shippers, run_id=manual__2024-06-20T04:14:16.977847+00:00, execution_date=20240620T041416, start_date=20240620T041422, end_date=20240620T041424
[2024-06-20T04:14:24.252+0000] {local_task_job_runner.py:240} INFO - Task exited with return code 0
[2024-06-20T04:14:24.311+0000] {taskinstance.py:3503} INFO - 1 downstream tasks scheduled from follow-on schedule check
[2024-06-20T04:14:24.315+0000] {local_task_job_runner.py:222} INFO - ::endgroup::
