[2024-06-20T23:49:45.925+0000] {local_task_job_runner.py:120} INFO - ::group::Pre task execution logs
[2024-06-20T23:49:45.993+0000] {taskinstance.py:2076} INFO - Dependencies all met for dep_context=non-requeueable deps ti=<TaskInstance: ELT-PROJECT.load.load_shippers manual__2024-06-20T23:49:26.989447+00:00 [queued]>
[2024-06-20T23:49:46.033+0000] {taskinstance.py:2076} INFO - Dependencies all met for dep_context=requeueable deps ti=<TaskInstance: ELT-PROJECT.load.load_shippers manual__2024-06-20T23:49:26.989447+00:00 [queued]>
[2024-06-20T23:49:46.036+0000] {taskinstance.py:2306} INFO - Starting attempt 1 of 2
[2024-06-20T23:49:46.089+0000] {taskinstance.py:2330} INFO - Executing <Task(_PythonDecoratedOperator): load.load_shippers> on 2024-06-20 23:49:26.989447+00:00
[2024-06-20T23:49:46.112+0000] {standard_task_runner.py:90} INFO - Running: ['airflow', 'tasks', 'run', 'ELT-PROJECT', 'load.load_shippers', 'manual__2024-06-20T23:49:26.989447+00:00', '--job-id', '52', '--raw', '--subdir', 'DAGS_FOLDER/elt.py', '--cfg-path', '/tmp/tmpou2czn5h']
[2024-06-20T23:49:46.117+0000] {standard_task_runner.py:91} INFO - Job 52: Subtask load.load_shippers
[2024-06-20T23:49:46.130+0000] {logging_mixin.py:188} WARNING - /home/airflow/.local/lib/python3.12/site-packages/airflow/task/task_runner/standard_task_runner.py:61 DeprecationWarning: This process (pid=685) is multi-threaded, use of fork() may lead to deadlocks in the child.
[2024-06-20T23:49:46.138+0000] {standard_task_runner.py:63} INFO - Started process 703 to run task
[2024-06-20T23:49:46.191+0000] {logging_mixin.py:188} WARNING - /home/airflow/.local/lib/python3.12/site-packages/airflow/settings.py:195 DeprecationWarning: The sql_alchemy_conn option in [core] has been moved to the sql_alchemy_conn option in [database] - the old setting has been used, but please update your config.
[2024-06-20T23:49:46.331+0000] {task_command.py:426} INFO - Running <TaskInstance: ELT-PROJECT.load.load_shippers manual__2024-06-20T23:49:26.989447+00:00 [running]> on host airflow-scheduler
[2024-06-20T23:49:46.867+0000] {taskinstance.py:2648} INFO - Exporting env vars: AIRFLOW_CTX_DAG_OWNER='Data-Ninja' AIRFLOW_CTX_DAG_ID='ELT-PROJECT' AIRFLOW_CTX_TASK_ID='load.load_shippers' AIRFLOW_CTX_EXECUTION_DATE='2024-06-20T23:49:26.989447+00:00' AIRFLOW_CTX_TRY_NUMBER='1' AIRFLOW_CTX_DAG_RUN_ID='manual__2024-06-20T23:49:26.989447+00:00'
[2024-06-20T23:49:46.874+0000] {taskinstance.py:430} INFO - ::endgroup::
[2024-06-20T23:49:46.885+0000] {connection.py:399} INFO - Snowflake Connector for Python Version: 3.10.1, Python Version: 3.12.4, Platform: Linux-5.15.133.1-microsoft-standard-WSL2-x86_64-with-glibc2.36
[2024-06-20T23:49:46.888+0000] {connection.py:1249} INFO - THIS CONNECTION IS IN INSECURE MODE. IT MEANS THE CERTIFICATE WILL BE VALIDATED BUT THE CERTIFICATE REVOCATION STATUS WILL NOT BE CHECKED.
[2024-06-20T23:49:47.535+0000] {ssl_wrap_socket.py:100} INFO - THIS CONNECTION IS IN INSECURE MODE. IT MEANS THE CERTIFICATE WILL BE VALIDATED BUT THE CERTIFICATE REVOCATION STATUS WILL NOT BE CHECKED.
[2024-06-20T23:49:48.073+0000] {logging_mixin.py:188} INFO - Nama kolom di DataFrame: Index(['shipperID', 'companyName', 'phone'], dtype='object')
[2024-06-20T23:49:48.481+0000] {cursor.py:1149} INFO - Number of results in first chunk: 1
[2024-06-20T23:49:49.633+0000] {ssl_wrap_socket.py:100} INFO - THIS CONNECTION IS IN INSECURE MODE. IT MEANS THE CERTIFICATE WILL BE VALIDATED BUT THE CERTIFICATE REVOCATION STATUS WILL NOT BE CHECKED.
[2024-06-20T23:49:52.295+0000] {cursor.py:1149} INFO - Number of results in first chunk: 1
[2024-06-20T23:49:52.939+0000] {cursor.py:1149} INFO - Number of results in first chunk: 3
[2024-06-20T23:49:53.296+0000] {cursor.py:1149} INFO - Number of results in first chunk: 1
[2024-06-20T23:49:53.938+0000] {cursor.py:1149} INFO - Number of results in first chunk: 1
[2024-06-20T23:49:55.374+0000] {cursor.py:1149} INFO - Number of results in first chunk: 1
[2024-06-20T23:49:55.381+0000] {logging_mixin.py:188} INFO - Done shippers.
[2024-06-20T23:49:55.387+0000] {connection.py:762} INFO - closed
[2024-06-20T23:49:55.779+0000] {connection.py:768} INFO - No async queries seem to be running, deleting session
[2024-06-20T23:49:56.146+0000] {python.py:237} INFO - Done. Returned value was: None
[2024-06-20T23:49:56.148+0000] {taskinstance.py:441} INFO - ::group::Post task execution logs
[2024-06-20T23:49:56.191+0000] {taskinstance.py:1206} INFO - Marking task as SUCCESS. dag_id=ELT-PROJECT, task_id=load.load_shippers, run_id=manual__2024-06-20T23:49:26.989447+00:00, execution_date=20240620T234926, start_date=20240620T234945, end_date=20240620T234956
[2024-06-20T23:49:56.273+0000] {local_task_job_runner.py:240} INFO - Task exited with return code 0
[2024-06-20T23:49:56.293+0000] {local_task_job_runner.py:222} INFO - ::endgroup::
