[2024-06-20T23:43:02.420+0000] {local_task_job_runner.py:120} INFO - ::group::Pre task execution logs
[2024-06-20T23:43:02.531+0000] {taskinstance.py:2076} INFO - Dependencies all met for dep_context=non-requeueable deps ti=<TaskInstance: ELT-PROJECT.load.load_order_details manual__2024-06-20T23:42:44.258095+00:00 [queued]>
[2024-06-20T23:43:02.582+0000] {taskinstance.py:2076} INFO - Dependencies all met for dep_context=requeueable deps ti=<TaskInstance: ELT-PROJECT.load.load_order_details manual__2024-06-20T23:42:44.258095+00:00 [queued]>
[2024-06-20T23:43:02.594+0000] {taskinstance.py:2306} INFO - Starting attempt 1 of 2
[2024-06-20T23:43:02.669+0000] {taskinstance.py:2330} INFO - Executing <Task(_PythonDecoratedOperator): load.load_order_details> on 2024-06-20 23:42:44.258095+00:00
[2024-06-20T23:43:02.726+0000] {standard_task_runner.py:90} INFO - Running: ['airflow', 'tasks', 'run', 'ELT-PROJECT', 'load.load_order_details', 'manual__2024-06-20T23:42:44.258095+00:00', '--job-id', '21', '--raw', '--subdir', 'DAGS_FOLDER/elt.py', '--cfg-path', '/tmp/tmpmlz28ka8']
[2024-06-20T23:43:02.742+0000] {standard_task_runner.py:91} INFO - Job 21: Subtask load.load_order_details
[2024-06-20T23:43:02.727+0000] {logging_mixin.py:188} WARNING - /home/airflow/.local/lib/python3.12/site-packages/airflow/task/task_runner/standard_task_runner.py:61 DeprecationWarning: This process (pid=258) is multi-threaded, use of fork() may lead to deadlocks in the child.
[2024-06-20T23:43:02.759+0000] {standard_task_runner.py:63} INFO - Started process 286 to run task
[2024-06-20T23:43:02.835+0000] {logging_mixin.py:188} WARNING - /home/airflow/.local/lib/python3.12/site-packages/airflow/settings.py:195 DeprecationWarning: The sql_alchemy_conn option in [core] has been moved to the sql_alchemy_conn option in [database] - the old setting has been used, but please update your config.
[2024-06-20T23:43:02.965+0000] {task_command.py:426} INFO - Running <TaskInstance: ELT-PROJECT.load.load_order_details manual__2024-06-20T23:42:44.258095+00:00 [running]> on host airflow-scheduler
[2024-06-20T23:43:03.783+0000] {taskinstance.py:2648} INFO - Exporting env vars: AIRFLOW_CTX_DAG_OWNER='Data-Ninja' AIRFLOW_CTX_DAG_ID='ELT-PROJECT' AIRFLOW_CTX_TASK_ID='load.load_order_details' AIRFLOW_CTX_EXECUTION_DATE='2024-06-20T23:42:44.258095+00:00' AIRFLOW_CTX_TRY_NUMBER='1' AIRFLOW_CTX_DAG_RUN_ID='manual__2024-06-20T23:42:44.258095+00:00'
[2024-06-20T23:43:03.788+0000] {taskinstance.py:430} INFO - ::endgroup::
[2024-06-20T23:43:03.793+0000] {connection.py:399} INFO - Snowflake Connector for Python Version: 3.10.1, Python Version: 3.12.4, Platform: Linux-5.15.133.1-microsoft-standard-WSL2-x86_64-with-glibc2.36
[2024-06-20T23:43:03.797+0000] {connection.py:1249} INFO - THIS CONNECTION IS IN INSECURE MODE. IT MEANS THE CERTIFICATE WILL BE VALIDATED BUT THE CERTIFICATE REVOCATION STATUS WILL NOT BE CHECKED.
[2024-06-20T23:43:04.099+0000] {ssl_wrap_socket.py:100} INFO - THIS CONNECTION IS IN INSECURE MODE. IT MEANS THE CERTIFICATE WILL BE VALIDATED BUT THE CERTIFICATE REVOCATION STATUS WILL NOT BE CHECKED.
[2024-06-20T23:43:04.952+0000] {logging_mixin.py:188} INFO - Nama kolom di DataFrame: Index(['orderID', 'productID', 'unitPrice', 'quantity', 'discount'], dtype='object')
[2024-06-20T23:43:05.794+0000] {cursor.py:1149} INFO - Number of results in first chunk: 1
[2024-06-20T23:43:06.809+0000] {ssl_wrap_socket.py:100} INFO - THIS CONNECTION IS IN INSECURE MODE. IT MEANS THE CERTIFICATE WILL BE VALIDATED BUT THE CERTIFICATE REVOCATION STATUS WILL NOT BE CHECKED.
[2024-06-20T23:43:09.761+0000] {cursor.py:1149} INFO - Number of results in first chunk: 1
[2024-06-20T23:43:10.701+0000] {cursor.py:1149} INFO - Number of results in first chunk: 5
[2024-06-20T23:43:11.062+0000] {cursor.py:1149} INFO - Number of results in first chunk: 1
[2024-06-20T23:43:12.016+0000] {cursor.py:1149} INFO - Number of results in first chunk: 1
[2024-06-20T23:43:13.318+0000] {cursor.py:1149} INFO - Number of results in first chunk: 1
[2024-06-20T23:43:13.319+0000] {logging_mixin.py:188} INFO - Done order_details.
[2024-06-20T23:43:13.320+0000] {connection.py:762} INFO - closed
[2024-06-20T23:43:13.663+0000] {connection.py:768} INFO - No async queries seem to be running, deleting session
[2024-06-20T23:43:14.034+0000] {python.py:237} INFO - Done. Returned value was: None
[2024-06-20T23:43:14.037+0000] {taskinstance.py:441} INFO - ::group::Post task execution logs
[2024-06-20T23:43:14.085+0000] {taskinstance.py:1206} INFO - Marking task as SUCCESS. dag_id=ELT-PROJECT, task_id=load.load_order_details, run_id=manual__2024-06-20T23:42:44.258095+00:00, execution_date=20240620T234244, start_date=20240620T234302, end_date=20240620T234314
[2024-06-20T23:43:14.189+0000] {local_task_job_runner.py:240} INFO - Task exited with return code 0
[2024-06-20T23:43:14.232+0000] {local_task_job_runner.py:222} INFO - ::endgroup::
