[2024-06-20T07:40:29.235+0000] {local_task_job_runner.py:120} INFO - ::group::Pre task execution logs
[2024-06-20T07:40:29.283+0000] {taskinstance.py:2076} INFO - Dependencies all met for dep_context=non-requeueable deps ti=<TaskInstance: ELT-PROJECT.wait_until_all_connections_closed manual__2024-06-20T07:39:50.213563+00:00 [queued]>
[2024-06-20T07:40:29.306+0000] {taskinstance.py:2076} INFO - Dependencies all met for dep_context=requeueable deps ti=<TaskInstance: ELT-PROJECT.wait_until_all_connections_closed manual__2024-06-20T07:39:50.213563+00:00 [queued]>
[2024-06-20T07:40:29.307+0000] {taskinstance.py:2306} INFO - Starting attempt 1 of 2
[2024-06-20T07:40:29.342+0000] {taskinstance.py:2330} INFO - Executing <Task(TimeDeltaSensor): wait_until_all_connections_closed> on 2024-06-20 07:39:50.213563+00:00
[2024-06-20T07:40:29.362+0000] {standard_task_runner.py:90} INFO - Running: ['airflow', 'tasks', 'run', 'ELT-PROJECT', 'wait_until_all_connections_closed', 'manual__2024-06-20T07:39:50.213563+00:00', '--job-id', '182', '--raw', '--subdir', 'DAGS_FOLDER/elt.py', '--cfg-path', '/tmp/tmptxtq2yk0']
[2024-06-20T07:40:29.370+0000] {standard_task_runner.py:91} INFO - Job 182: Subtask wait_until_all_connections_closed
[2024-06-20T07:40:29.384+0000] {logging_mixin.py:188} WARNING - /home/airflow/.local/lib/python3.12/site-packages/airflow/task/task_runner/standard_task_runner.py:61 DeprecationWarning: This process (pid=1298) is multi-threaded, use of fork() may lead to deadlocks in the child.
[2024-06-20T07:40:29.386+0000] {standard_task_runner.py:63} INFO - Started process 1300 to run task
[2024-06-20T07:40:29.418+0000] {logging_mixin.py:188} WARNING - /home/airflow/.local/lib/python3.12/site-packages/airflow/settings.py:195 DeprecationWarning: The sql_alchemy_conn option in [core] has been moved to the sql_alchemy_conn option in [database] - the old setting has been used, but please update your config.
[2024-06-20T07:40:29.519+0000] {task_command.py:426} INFO - Running <TaskInstance: ELT-PROJECT.wait_until_all_connections_closed manual__2024-06-20T07:39:50.213563+00:00 [running]> on host airflow-scheduler
[2024-06-20T07:40:29.896+0000] {taskinstance.py:2648} INFO - Exporting env vars: AIRFLOW_CTX_DAG_OWNER='Data-Ninja' AIRFLOW_CTX_DAG_ID='ELT-PROJECT' AIRFLOW_CTX_TASK_ID='wait_until_all_connections_closed' AIRFLOW_CTX_EXECUTION_DATE='2024-06-20T07:39:50.213563+00:00' AIRFLOW_CTX_TRY_NUMBER='1' AIRFLOW_CTX_DAG_RUN_ID='manual__2024-06-20T07:39:50.213563+00:00'
[2024-06-20T07:40:29.900+0000] {taskinstance.py:430} INFO - ::endgroup::
[2024-06-20T07:40:29.902+0000] {time_delta.py:51} INFO - Checking if the time (2024-06-20 07:40:00.213563+00:00) has come
[2024-06-20T07:40:29.904+0000] {base.py:294} INFO - Success criteria met. Exiting.
[2024-06-20T07:40:29.905+0000] {taskinstance.py:441} INFO - ::group::Post task execution logs
[2024-06-20T07:40:29.932+0000] {taskinstance.py:1206} INFO - Marking task as SUCCESS. dag_id=ELT-PROJECT, task_id=wait_until_all_connections_closed, run_id=manual__2024-06-20T07:39:50.213563+00:00, execution_date=20240620T073950, start_date=20240620T074029, end_date=20240620T074029
[2024-06-20T07:40:30.005+0000] {local_task_job_runner.py:240} INFO - Task exited with return code 0
[2024-06-20T07:40:30.427+0000] {taskinstance.py:3503} INFO - 11 downstream tasks scheduled from follow-on schedule check
[2024-06-20T07:40:30.440+0000] {local_task_job_runner.py:222} INFO - ::endgroup::
